Welcome to the game! (h=help, x=exit, b=show board)
cmd: ( - ) ( - ) ( - ) ( - )   <4♣>  |Score: 0|
[[31m2[31m♥[0m[0m]
[[32mX[0m][2♣]
[[32mX[0m][[32mX[0m][Q♣]
[[32mX[0m][[32mX[0m][[32mX[0m][[31m9[31m♥[0m[0m]
[[32mX[0m][[32mX[0m][[32mX[0m][[32mX[0m][[31mJ[31m♥[0m[0m]
[[32mX[0m][[32mX[0m][[32mX[0m][[32mX[0m][[32mX[0m][[31mQ[31m♦[0m[0m]
[[32mX[0m][[32mX[0m][[32mX[0m][[32mX[0m][[32mX[0m][[32mX[0m][[31m10[31m♦[0m[0m]
cmd: cmd:  f1    f2    f3    f4      s  |moves: 1|
( - ) ( - ) ( - ) ( - )   <4♣>  |Score: 0|
p1 [[31m2[31m♥[0m[0m]
p2 [[32mX[0m][2♣]
p3 [[32mX[0m][[32mX[0m][Q♣]
p4 [[32mX[0m][[32mX[0m][[32mX[0m][[31m9[31m♥[0m[0m]
p5 [[32mX[0m][[32mX[0m][[32mX[0m][[32mX[0m][[31mJ[31m♥[0m[0m]
p6 [[32mX[0m][[32mX[0m][[32mX[0m][[32mX[0m][[32mX[0m][[31mQ[31m♦[0m[0m]
p7 [[32mX[0m][[32mX[0m][[32mX[0m][[32mX[0m][[32mX[0m][[32mX[0m][[31m10[31m♦[0m[0m]
cmd:  f1    f2    f3    f4      s  |moves: 1|
( - ) ( - ) ( - ) ( - )   <4♣>  |Score: 5|
p1 [[31m2[31m♥[0m[0m]
p2 [[32mX[0m][2♣]
p3 [[32mX[0m][[32mX[0m][Q♣,[31mJ[31m♥[0m[0m]
p4 [[32mX[0m][[32mX[0m][[32mX[0m][[31m9[31m♥[0m[0m]
p5 [[32mX[0m][[32mX[0m][[32mX[0m][8♠]
p6 [[32mX[0m][[32mX[0m][[32mX[0m][[32mX[0m][[32mX[0m][[31mQ[31m♦[0m[0m]
p7 [[32mX[0m][[32mX[0m][[32mX[0m][[32mX[0m][[32mX[0m][[32mX[0m][[31m10[31m♦[0m[0m]
cmd:  f1    f2    f3    f4      s  |moves: 1|
( - ) ( - ) ( - ) ( - )   <4♣>  |Score: 10|
p1 [[31m2[31m♥[0m[0m]
p2 [[32mX[0m][2♣]
p3 [[32mX[0m][[32mX[0m][Q♣,[31mJ[31m♥[0m[0m]
p4 [[32mX[0m][[32mX[0m][[32mX[0m][[31m9[31m♥[0m[0m,8♠]
p5 [[32mX[0m][[32mX[0m][9♠]
p6 [[32mX[0m][[32mX[0m][[32mX[0m][[32mX[0m][[32mX[0m][[31mQ[31m♦[0m[0m]
p7 [[32mX[0m][[32mX[0m][[32mX[0m][[32mX[0m][[32mX[0m][[32mX[0m][[31m10[31m♦[0m[0m]
cmd:  f1    f2    f3    f4      s  |moves: 1|
( - ) ( - ) ( - ) ( - )   <4♣>  |Score: 10|
p1 [[31m2[31m♥[0m[0m]
p2 [[32mX[0m][2♣]
p3 [[32mX[0m][[32mX[0m][Q♣,[31mJ[31m♥[0m[0m]
p4 [[32mX[0m][[32mX[0m][[32mX[0m][[31m9[31m♥[0m[0m,8♠]
p5 [[32mX[0m][[32mX[0m][9♠]
p6 [[32mX[0m][[32mX[0m][[32mX[0m][[32mX[0m][[32mX[0m][[31mQ[31m♦[0m[0m]
p7 [[32mX[0m][[32mX[0m][[32mX[0m][[32mX[0m][[32mX[0m][[32mX[0m][[31m10[31m♦[0m[0m]
cmd:  f1    f2    f3    f4      s  |moves: 0|
( - ) ( - ) ( - ) ( - )   <4♣>  |Score: 15|
p1 [[31m2[31m♥[0m[0m]
p2 [[32mX[0m][2♣]
p3 [[32mX[0m][[32mX[0m][Q♣,[31mJ[31m♥[0m[0m]
p4 [[32mX[0m][[32mX[0m][[32mX[0m][[31m9[31m♥[0m[0m,8♠]
p5 [[32mX[0m][6♠]
p6 [[32mX[0m][[32mX[0m][[32mX[0m][[32mX[0m][[32mX[0m][[31mQ[31m♦[0m[0m]
p7 [[32mX[0m][[32mX[0m][[32mX[0m][[32mX[0m][[32mX[0m][[32mX[0m][[31m10[31m♦[0m[0m,9♠]
cmd:  f1    f2    f3    f4      s  |moves: 0|
( - ) ( - ) ( - ) ( - )   <[31m3[31m♥[0m[0m>  |Score: 15|
p1 [[31m2[31m♥[0m[0m]
p2 [[32mX[0m][2♣]
p3 [[32mX[0m][[32mX[0m][Q♣,[31mJ[31m♥[0m[0m]
p4 [[32mX[0m][[32mX[0m][[32mX[0m][[31m9[31m♥[0m[0m,8♠]
p5 [[32mX[0m][6♠]
p6 [[32mX[0m][[32mX[0m][[32mX[0m][[32mX[0m][[32mX[0m][[31mQ[31m♦[0m[0m]
p7 [[32mX[0m][[32mX[0m][[32mX[0m][[32mX[0m][[32mX[0m][[32mX[0m][[31m10[31m♦[0m[0m,9♠]
cmd:  f1    f2    f3    f4      s  |moves: 0|
( - ) ( - ) ( - ) ( - )   <A♠>  |Score: 15|
p1 [[31m2[31m♥[0m[0m]
p2 [[32mX[0m][2♣]
p3 [[32mX[0m][[32mX[0m][Q♣,[31mJ[31m♥[0m[0m]
p4 [[32mX[0m][[32mX[0m][[32mX[0m][[31m9[31m♥[0m[0m,8♠]
p5 [[32mX[0m][6♠]
p6 [[32mX[0m][[32mX[0m][[32mX[0m][[32mX[0m][[32mX[0m][[31mQ[31m♦[0m[0m]
p7 [[32mX[0m][[32mX[0m][[32mX[0m][[32mX[0m][[32mX[0m][[32mX[0m][[31m10[31m♦[0m[0m,9♠]
cmd:  f1    f2    f3    f4      s  |moves: 1|
( A♠) ( - ) ( - ) ( - )   <[31m3[31m♥[0m[0m>  |Score: 25|
p1 [[31m2[31m♥[0m[0m]
p2 [[32mX[0m][2♣]
p3 [[32mX[0m][[32mX[0m][Q♣,[31mJ[31m♥[0m[0m]
p4 [[32mX[0m][[32mX[0m][[32mX[0m][[31m9[31m♥[0m[0m,8♠]
p5 [[32mX[0m][6♠]
p6 [[32mX[0m][[32mX[0m][[32mX[0m][[32mX[0m][[32mX[0m][[31mQ[31m♦[0m[0m]
p7 [[32mX[0m][[32mX[0m][[32mX[0m][[32mX[0m][[32mX[0m][[32mX[0m][[31m10[31m♦[0m[0m,9♠]
cmd:  f1    f2    f3    f4      s  |moves: 1|
( A♠) ( - ) ( - ) ( - )   <[31m7[31m♥[0m[0m>  |Score: 25|
p1 [[31m2[31m♥[0m[0m]
p2 [[32mX[0m][2♣]
p3 [[32mX[0m][[32mX[0m][Q♣,[31mJ[31m♥[0m[0m]
p4 [[32mX[0m][[32mX[0m][[32mX[0m][[31m9[31m♥[0m[0m,8♠]
p5 [[32mX[0m][6♠]
p6 [[32mX[0m][[32mX[0m][[32mX[0m][[32mX[0m][[32mX[0m][[31mQ[31m♦[0m[0m]
p7 [[32mX[0m][[32mX[0m][[32mX[0m][[32mX[0m][[32mX[0m][[32mX[0m][[31m10[31m♦[0m[0m,9♠]
cmd:  f1    f2    f3    f4      s  |moves: 2|
( A♠) ( - ) ( - ) ( - )   <[31m3[31m♥[0m[0m>  |Score: 30|
p1 [[31m2[31m♥[0m[0m]
p2 [[32mX[0m][2♣]
p3 [[32mX[0m][[32mX[0m][Q♣,[31mJ[31m♥[0m[0m]
p4 [[32mX[0m][[32mX[0m][[32mX[0m][[31m9[31m♥[0m[0m,8♠,[31m7[31m♥[0m[0m]
p5 [[32mX[0m][6♠]
p6 [[32mX[0m][[32mX[0m][[32mX[0m][[32mX[0m][[32mX[0m][[31mQ[31m♦[0m[0m]
p7 [[32mX[0m][[32mX[0m][[32mX[0m][[32mX[0m][[32mX[0m][[32mX[0m][[31m10[31m♦[0m[0m,9♠]
cmd:  f1    f2    f3    f4      s  |moves: 2|
( A♠) ( - ) ( - ) ( - )   <[31m3[31m♥[0m[0m>  |Score: 35|
p1 [[31m2[31m♥[0m[0m]
p2 [[32mX[0m][2♣]
p3 [[32mX[0m][[32mX[0m][Q♣,[31mJ[31m♥[0m[0m]
p4 [[32mX[0m][[32mX[0m][[32mX[0m][[31m9[31m♥[0m[0m,8♠,[31m7[31m♥[0m[0m,6♠]
p5 [Q♠]
p6 [[32mX[0m][[32mX[0m][[32mX[0m][[32mX[0m][[32mX[0m][[31mQ[31m♦[0m[0m]
p7 [[32mX[0m][[32mX[0m][[32mX[0m][[32mX[0m][[32mX[0m][[32mX[0m][[31m10[31m♦[0m[0m,9♠]
cmd:  f1    f2    f3    f4      s  |moves: 2|
( A♠) ( - ) ( - ) ( - )   <[31m2[31m♦[0m[0m>  |Score: 35|
p1 [[31m2[31m♥[0m[0m]
p2 [[32mX[0m][2♣]
p3 [[32mX[0m][[32mX[0m][Q♣,[31mJ[31m♥[0m[0m]
p4 [[32mX[0m][[32mX[0m][[32mX[0m][[31m9[31m♥[0m[0m,8♠,[31m7[31m♥[0m[0m,6♠]
p5 [Q♠]
p6 [[32mX[0m][[32mX[0m][[32mX[0m][[32mX[0m][[32mX[0m][[31mQ[31m♦[0m[0m]
p7 [[32mX[0m][[32mX[0m][[32mX[0m][[32mX[0m][[32mX[0m][[32mX[0m][[31m10[31m♦[0m[0m,9♠]
cmd:  f1    f2    f3    f4      s  |moves: 2|
( A♠) ( - ) ( - ) ( - )   <A♣>  |Score: 35|
p1 [[31m2[31m♥[0m[0m]
p2 [[32mX[0m][2♣]
p3 [[32mX[0m][[32mX[0m][Q♣,[31mJ[31m♥[0m[0m]
p4 [[32mX[0m][[32mX[0m][[32mX[0m][[31m9[31m♥[0m[0m,8♠,[31m7[31m♥[0m[0m,6♠]
p5 [Q♠]
p6 [[32mX[0m][[32mX[0m][[32mX[0m][[32mX[0m][[32mX[0m][[31mQ[31m♦[0m[0m]
p7 [[32mX[0m][[32mX[0m][[32mX[0m][[32mX[0m][[32mX[0m][[32mX[0m][[31m10[31m♦[0m[0m,9♠]
cmd:  f1    f2    f3    f4      s  |moves: 4|
( A♠) ( - ) ( A♣) ( - )   <[31m2[31m♦[0m[0m>  |Score: 45|
p1 [[31m2[31m♥[0m[0m]
p2 [[32mX[0m][2♣]
p3 [[32mX[0m][[32mX[0m][Q♣,[31mJ[31m♥[0m[0m]
p4 [[32mX[0m][[32mX[0m][[32mX[0m][[31m9[31m♥[0m[0m,8♠,[31m7[31m♥[0m[0m,6♠]
p5 [Q♠]
p6 [[32mX[0m][[32mX[0m][[32mX[0m][[32mX[0m][[32mX[0m][[31mQ[31m♦[0m[0m]
p7 [[32mX[0m][[32mX[0m][[32mX[0m][[32mX[0m][[32mX[0m][[32mX[0m][[31m10[31m♦[0m[0m,9♠]
cmd:  f1    f2    f3    f4      s  |moves: 4|
( A♠) ( - ) ( 2♣) ( - )   <[31m2[31m♦[0m[0m>  |Score: 60|
p1 [[31m2[31m♥[0m[0m]
p2 [[31mK[31m♦[0m[0m]
p3 [[32mX[0m][[32mX[0m][Q♣,[31mJ[31m♥[0m[0m]
p4 [[32mX[0m][[32mX[0m][[32mX[0m][[31m9[31m♥[0m[0m,8♠,[31m7[31m♥[0m[0m,6♠]
p5 [Q♠]
p6 [[32mX[0m][[32mX[0m][[32mX[0m][[32mX[0m][[32mX[0m][[31mQ[31m♦[0m[0m]
p7 [[32mX[0m][[32mX[0m][[32mX[0m][[32mX[0m][[32mX[0m][[32mX[0m][[31m10[31m♦[0m[0m,9♠]
cmd:  f1    f2    f3    f4      s  |moves: 4|
( A♠) ( - ) ( 2♣) ( - )   <[31m2[31m♦[0m[0m>  |Score: 65|
p1 [[31m2[31m♥[0m[0m]
p2 [[31mK[31m♦[0m[0m,Q♣,[31mJ[31m♥[0m[0m]
p3 [[32mX[0m][10♣]
p4 [[32mX[0m][[32mX[0m][[32mX[0m][[31m9[31m♥[0m[0m,8♠,[31m7[31m♥[0m[0m,6♠]
p5 [Q♠]
p6 [[32mX[0m][[32mX[0m][[32mX[0m][[32mX[0m][[32mX[0m][[31mQ[31m♦[0m[0m]
p7 [[32mX[0m][[32mX[0m][[32mX[0m][[32mX[0m][[32mX[0m][[32mX[0m][[31m10[31m♦[0m[0m,9♠]
cmd:  f1    f2    f3    f4      s  |moves: 3|
( A♠) ( - ) ( 2♣) ( - )   <[31m2[31m♦[0m[0m>  |Score: 70|
p1 [[31m2[31m♥[0m[0m]
p2 [[31mK[31m♦[0m[0m,Q♣,[31mJ[31m♥[0m[0m,10♣]
p3 [5♠]
p4 [[32mX[0m][[32mX[0m][[32mX[0m][[31m9[31m♥[0m[0m,8♠,[31m7[31m♥[0m[0m,6♠]
p5 [Q♠]
p6 [[32mX[0m][[32mX[0m][[32mX[0m][[32mX[0m][[32mX[0m][[31mQ[31m♦[0m[0m]
p7 [[32mX[0m][[32mX[0m][[32mX[0m][[32mX[0m][[32mX[0m][[32mX[0m][[31m10[31m♦[0m[0m,9♠]
cmd:  f1    f2    f3    f4      s  |moves: 4|
( A♠) ( - ) ( 2♣) ( - )   <[31m2[31m♦[0m[0m>  |Score: 75|
p1 [[31m2[31m♥[0m[0m]
p2 [[31mK[31m♦[0m[0m,Q♣,[31mJ[31m♥[0m[0m,10♣,[31m9[31m♥[0m[0m,8♠,[31m7[31m♥[0m[0m,6♠]
p3 [5♠]
p4 [[32mX[0m][[32mX[0m][[31mA[31m♥[0m[0m]
p5 [Q♠]
p6 [[32mX[0m][[32mX[0m][[32mX[0m][[32mX[0m][[32mX[0m][[31mQ[31m♦[0m[0m]
p7 [[32mX[0m][[32mX[0m][[32mX[0m][[32mX[0m][[32mX[0m][[32mX[0m][[31m10[31m♦[0m[0m,9♠]
cmd:  f1    f2    f3    f4      s  |moves: 3|
( A♠) ( [31mA[31m♥[0m[0m) ( 2♣) ( - )   <[31m2[31m♦[0m[0m>  |Score: 90|
p1 [[31m2[31m♥[0m[0m]
p2 [[31mK[31m♦[0m[0m,Q♣,[31mJ[31m♥[0m[0m,10♣,[31m9[31m♥[0m[0m,8♠,[31m7[31m♥[0m[0m,6♠]
p3 [5♠]
p4 [[32mX[0m][[31mQ[31m♥[0m[0m]
p5 [Q♠]
p6 [[32mX[0m][[32mX[0m][[32mX[0m][[32mX[0m][[32mX[0m][[31mQ[31m♦[0m[0m]
p7 [[32mX[0m][[32mX[0m][[32mX[0m][[32mX[0m][[32mX[0m][[32mX[0m][[31m10[31m♦[0m[0m,9♠]
cmd:  f1    f2    f3    f4      s  |moves: 1|
( A♠) ( [31m2[31m♥[0m[0m) ( 2♣) ( - )   <[31m2[31m♦[0m[0m>  |Score: 100|
p1 
p2 [[31mK[31m♦[0m[0m,Q♣,[31mJ[31m♥[0m[0m,10♣,[31m9[31m♥[0m[0m,8♠,[31m7[31m♥[0m[0m,6♠]
p3 [5♠]
p4 [[32mX[0m][[31mQ[31m♥[0m[0m]
p5 [Q♠]
p6 [[32mX[0m][[32mX[0m][[32mX[0m][[32mX[0m][[32mX[0m][[31mQ[31m♦[0m[0m]
p7 [[32mX[0m][[32mX[0m][[32mX[0m][[32mX[0m][[32mX[0m][[32mX[0m][[31m10[31m♦[0m[0m,9♠]
cmd:  f1    f2    f3    f4      s  |moves: 1|
( A♠) ( [31m2[31m♥[0m[0m) ( 2♣) ( - )   <[31m4[31m♦[0m[0m>  |Score: 100|
p1 
p2 [[31mK[31m♦[0m[0m,Q♣,[31mJ[31m♥[0m[0m,10♣,[31m9[31m♥[0m[0m,8♠,[31m7[31m♥[0m[0m,6♠]
p3 [5♠]
p4 [[32mX[0m][[31mQ[31m♥[0m[0m]
p5 [Q♠]
p6 [[32mX[0m][[32mX[0m][[32mX[0m][[32mX[0m][[32mX[0m][[31mQ[31m♦[0m[0m]
p7 [[32mX[0m][[32mX[0m][[32mX[0m][[32mX[0m][[32mX[0m][[32mX[0m][[31m10[31m♦[0m[0m,9♠]
cmd:  f1    f2    f3    f4      s  |moves: 1|
( A♠) ( [31m2[31m♥[0m[0m) ( 2♣) ( - )   <K♣>  |Score: 100|
p1 
p2 [[31mK[31m♦[0m[0m,Q♣,[31mJ[31m♥[0m[0m,10♣,[31m9[31m♥[0m[0m,8♠,[31m7[31m♥[0m[0m,6♠]
p3 [5♠]
p4 [[32mX[0m][[31mQ[31m♥[0m[0m]
p5 [Q♠]
p6 [[32mX[0m][[32mX[0m][[32mX[0m][[32mX[0m][[32mX[0m][[31mQ[31m♦[0m[0m]
p7 [[32mX[0m][[32mX[0m][[32mX[0m][[32mX[0m][[32mX[0m][[32mX[0m][[31m10[31m♦[0m[0m,9♠]
cmd:  f1    f2    f3    f4      s  |moves: 4|
( A♠) ( [31m2[31m♥[0m[0m) ( 2♣) ( - )   <[31m4[31m♦[0m[0m>  |Score: 105|
p1 [K♣]
p2 [[31mK[31m♦[0m[0m,Q♣,[31mJ[31m♥[0m[0m,10♣,[31m9[31m♥[0m[0m,8♠,[31m7[31m♥[0m[0m,6♠]
p3 [5♠]
p4 [[32mX[0m][[31mQ[31m♥[0m[0m]
p5 [Q♠]
p6 [[32mX[0m][[32mX[0m][[32mX[0m][[32mX[0m][[32mX[0m][[31mQ[31m♦[0m[0m]
p7 [[32mX[0m][[32mX[0m][[32mX[0m][[32mX[0m][[32mX[0m][[32mX[0m][[31m10[31m♦[0m[0m,9♠]
cmd:  f1    f2    f3    f4      s  |moves: 3|
( A♠) ( [31m2[31m♥[0m[0m) ( 2♣) ( - )   <[31m4[31m♦[0m[0m>  |Score: 110|
p1 [K♣,[31mQ[31m♥[0m[0m]
p2 [[31mK[31m♦[0m[0m,Q♣,[31mJ[31m♥[0m[0m,10♣,[31m9[31m♥[0m[0m,8♠,[31m7[31m♥[0m[0m,6♠]
p3 [5♠]
p4 [5♣]
p5 [Q♠]
p6 [[32mX[0m][[32mX[0m][[32mX[0m][[32mX[0m][[32mX[0m][[31mQ[31m♦[0m[0m]
p7 [[32mX[0m][[32mX[0m][[32mX[0m][[32mX[0m][[32mX[0m][[32mX[0m][[31m10[31m♦[0m[0m,9♠]
cmd:  f1    f2    f3    f4      s  |moves: 2|
( A♠) ( [31m2[31m♥[0m[0m) ( 2♣) ( - )   <[31m2[31m♦[0m[0m>  |Score: 115|
p1 [K♣,[31mQ[31m♥[0m[0m]
p2 [[31mK[31m♦[0m[0m,Q♣,[31mJ[31m♥[0m[0m,10♣,[31m9[31m♥[0m[0m,8♠,[31m7[31m♥[0m[0m,6♠]
p3 [5♠,[31m4[31m♦[0m[0m]
p4 [5♣]
p5 [Q♠]
p6 [[32mX[0m][[32mX[0m][[32mX[0m][[32mX[0m][[32mX[0m][[31mQ[31m♦[0m[0m]
p7 [[32mX[0m][[32mX[0m][[32mX[0m][[32mX[0m][[32mX[0m][[32mX[0m][[31m10[31m♦[0m[0m,9♠]
cmd:  f1    f2    f3    f4      s  |moves: 2|
( A♠) ( [31m2[31m♥[0m[0m) ( 2♣) ( - )   <[31m7[31m♦[0m[0m>  |Score: 115|
p1 [K♣,[31mQ[31m♥[0m[0m]
p2 [[31mK[31m♦[0m[0m,Q♣,[31mJ[31m♥[0m[0m,10♣,[31m9[31m♥[0m[0m,8♠,[31m7[31m♥[0m[0m,6♠]
p3 [5♠,[31m4[31m♦[0m[0m]
p4 [5♣]
p5 [Q♠]
p6 [[32mX[0m][[32mX[0m][[32mX[0m][[32mX[0m][[32mX[0m][[31mQ[31m♦[0m[0m]
p7 [[32mX[0m][[32mX[0m][[32mX[0m][[32mX[0m][[32mX[0m][[32mX[0m][[31m10[31m♦[0m[0m,9♠]
cmd:  f1    f2    f3    f4      s  |moves: 2|
( A♠) ( [31m2[31m♥[0m[0m) ( 2♣) ( - )   <4♠>  |Score: 115|
p1 [K♣,[31mQ[31m♥[0m[0m]
p2 [[31mK[31m♦[0m[0m,Q♣,[31mJ[31m♥[0m[0m,10♣,[31m9[31m♥[0m[0m,8♠,[31m7[31m♥[0m[0m,6♠]
p3 [5♠,[31m4[31m♦[0m[0m]
p4 [5♣]
p5 [Q♠]
p6 [[32mX[0m][[32mX[0m][[32mX[0m][[32mX[0m][[32mX[0m][[31mQ[31m♦[0m[0m]
p7 [[32mX[0m][[32mX[0m][[32mX[0m][[32mX[0m][[32mX[0m][[32mX[0m][[31m10[31m♦[0m[0m,9♠]
cmd:  f1    f2    f3    f4      s  |moves: 2|
( A♠) ( [31m2[31m♥[0m[0m) ( 2♣) ( - )   <3♠>  |Score: 115|
p1 [K♣,[31mQ[31m♥[0m[0m]
p2 [[31mK[31m♦[0m[0m,Q♣,[31mJ[31m♥[0m[0m,10♣,[31m9[31m♥[0m[0m,8♠,[31m7[31m♥[0m[0m,6♠]
p3 [5♠,[31m4[31m♦[0m[0m]
p4 [5♣]
p5 [Q♠]
p6 [[32mX[0m][[32mX[0m][[32mX[0m][[32mX[0m][[32mX[0m][[31mQ[31m♦[0m[0m]
p7 [[32mX[0m][[32mX[0m][[32mX[0m][[32mX[0m][[32mX[0m][[32mX[0m][[31m10[31m♦[0m[0m,9♠]
cmd:  f1    f2    f3    f4      s  |moves: 2|
( A♠) ( [31m2[31m♥[0m[0m) ( 2♣) ( - )   <[31m4[31m♥[0m[0m>  |Score: 115|
p1 [K♣,[31mQ[31m♥[0m[0m]
p2 [[31mK[31m♦[0m[0m,Q♣,[31mJ[31m♥[0m[0m,10♣,[31m9[31m♥[0m[0m,8♠,[31m7[31m♥[0m[0m,6♠]
p3 [5♠,[31m4[31m♦[0m[0m]
p4 [5♣]
p5 [Q♠]
p6 [[32mX[0m][[32mX[0m][[32mX[0m][[32mX[0m][[32mX[0m][[31mQ[31m♦[0m[0m]
p7 [[32mX[0m][[32mX[0m][[32mX[0m][[32mX[0m][[32mX[0m][[32mX[0m][[31m10[31m♦[0m[0m,9♠]
cmd:  f1    f2    f3    f4      s  |moves: 3|
( A♠) ( [31m2[31m♥[0m[0m) ( 2♣) ( - )   <3♠>  |Score: 120|
p1 [K♣,[31mQ[31m♥[0m[0m]
p2 [[31mK[31m♦[0m[0m,Q♣,[31mJ[31m♥[0m[0m,10♣,[31m9[31m♥[0m[0m,8♠,[31m7[31m♥[0m[0m,6♠]
p3 [5♠,[31m4[31m♦[0m[0m]
p4 [5♣,[31m4[31m♥[0m[0m]
p5 [Q♠]
p6 [[32mX[0m][[32mX[0m][[32mX[0m][[32mX[0m][[32mX[0m][[31mQ[31m♦[0m[0m]
p7 [[32mX[0m][[32mX[0m][[32mX[0m][[32mX[0m][[32mX[0m][[32mX[0m][[31m10[31m♦[0m[0m,9♠]
cmd:  f1    f2    f3    f4      s  |moves: 3|
( A♠) ( [31m2[31m♥[0m[0m) ( 2♣) ( - )   <4♠>  |Score: 125|
p1 [K♣,[31mQ[31m♥[0m[0m]
p2 [[31mK[31m♦[0m[0m,Q♣,[31mJ[31m♥[0m[0m,10♣,[31m9[31m♥[0m[0m,8♠,[31m7[31m♥[0m[0m,6♠]
p3 [5♠,[31m4[31m♦[0m[0m,3♠]
p4 [5♣,[31m4[31m♥[0m[0m]
p5 [Q♠]
p6 [[32mX[0m][[32mX[0m][[32mX[0m][[32mX[0m][[32mX[0m][[31mQ[31m♦[0m[0m]
p7 [[32mX[0m][[32mX[0m][[32mX[0m][[32mX[0m][[32mX[0m][[32mX[0m][[31m10[31m♦[0m[0m,9♠]
cmd:  f1    f2    f3    f4      s  |moves: 3|
( A♠) ( [31m2[31m♥[0m[0m) ( 2♣) ( - )   <[31m5[31m♦[0m[0m>  |Score: 125|
p1 [K♣,[31mQ[31m♥[0m[0m]
p2 [[31mK[31m♦[0m[0m,Q♣,[31mJ[31m♥[0m[0m,10♣,[31m9[31m♥[0m[0m,8♠,[31m7[31m♥[0m[0m,6♠]
p3 [5♠,[31m4[31m♦[0m[0m,3♠]
p4 [5♣,[31m4[31m♥[0m[0m]
p5 [Q♠]
p6 [[32mX[0m][[32mX[0m][[32mX[0m][[32mX[0m][[32mX[0m][[31mQ[31m♦[0m[0m]
p7 [[32mX[0m][[32mX[0m][[32mX[0m][[32mX[0m][[32mX[0m][[32mX[0m][[31m10[31m♦[0m[0m,9♠]
cmd:  f1    f2    f3    f4      s  |moves: 4|
( A♠) ( [31m2[31m♥[0m[0m) ( 2♣) ( - )   <4♠>  |Score: 130|
p1 [K♣,[31mQ[31m♥[0m[0m]
p2 [[31mK[31m♦[0m[0m,Q♣,[31mJ[31m♥[0m[0m,10♣,[31m9[31m♥[0m[0m,8♠,[31m7[31m♥[0m[0m,6♠,[31m5[31m♦[0m[0m]
p3 [5♠,[31m4[31m♦[0m[0m,3♠]
p4 [5♣,[31m4[31m♥[0m[0m]
p5 [Q♠]
p6 [[32mX[0m][[32mX[0m][[32mX[0m][[32mX[0m][[32mX[0m][[31mQ[31m♦[0m[0m]
p7 [[32mX[0m][[32mX[0m][[32mX[0m][[32mX[0m][[32mX[0m][[32mX[0m][[31m10[31m♦[0m[0m,9♠]
cmd:  f1    f2    f3    f4      s  |moves: 3|
( A♠) ( [31m2[31m♥[0m[0m) ( 2♣) ( - )   <[31m7[31m♦[0m[0m>  |Score: 135|
p1 [K♣,[31mQ[31m♥[0m[0m]
p2 [[31mK[31m♦[0m[0m,Q♣,[31mJ[31m♥[0m[0m,10♣,[31m9[31m♥[0m[0m,8♠,[31m7[31m♥[0m[0m,6♠,[31m5[31m♦[0m[0m,4♠]
p3 [5♠,[31m4[31m♦[0m[0m,3♠]
p4 [5♣,[31m4[31m♥[0m[0m]
p5 [Q♠]
p6 [[32mX[0m][[32mX[0m][[32mX[0m][[32mX[0m][[32mX[0m][[31mQ[31m♦[0m[0m]
p7 [[32mX[0m][[32mX[0m][[32mX[0m][[32mX[0m][[32mX[0m][[32mX[0m][[31m10[31m♦[0m[0m,9♠]
cmd:  f1    f2    f3    f4      s  |moves: 3|
( A♠) ( [31m2[31m♥[0m[0m) ( 2♣) ( - )   <[31mJ[31m♦[0m[0m>  |Score: 135|
p1 [K♣,[31mQ[31m♥[0m[0m]
p2 [[31mK[31m♦[0m[0m,Q♣,[31mJ[31m♥[0m[0m,10♣,[31m9[31m♥[0m[0m,8♠,[31m7[31m♥[0m[0m,6♠,[31m5[31m♦[0m[0m,4♠]
p3 [5♠,[31m4[31m♦[0m[0m,3♠]
p4 [5♣,[31m4[31m♥[0m[0m]
p5 [Q♠]
p6 [[32mX[0m][[32mX[0m][[32mX[0m][[32mX[0m][[32mX[0m][[31mQ[31m♦[0m[0m]
p7 [[32mX[0m][[32mX[0m][[32mX[0m][[32mX[0m][[32mX[0m][[32mX[0m][[31m10[31m♦[0m[0m,9♠]
cmd:  f1    f2    f3    f4      s  |moves: 3|
( A♠) ( [31m2[31m♥[0m[0m) ( 2♣) ( - )   <[31m7[31m♦[0m[0m>  |Score: 140|
p1 [K♣,[31mQ[31m♥[0m[0m]
p2 [[31mK[31m♦[0m[0m,Q♣,[31mJ[31m♥[0m[0m,10♣,[31m9[31m♥[0m[0m,8♠,[31m7[31m♥[0m[0m,6♠,[31m5[31m♦[0m[0m,4♠]
p3 [5♠,[31m4[31m♦[0m[0m,3♠]
p4 [5♣,[31m4[31m♥[0m[0m]
p5 [Q♠,[31mJ[31m♦[0m[0m]
p6 [[32mX[0m][[32mX[0m][[32mX[0m][[32mX[0m][[32mX[0m][[31mQ[31m♦[0m[0m]
p7 [[32mX[0m][[32mX[0m][[32mX[0m][[32mX[0m][[32mX[0m][[32mX[0m][[31m10[31m♦[0m[0m,9♠]
cmd:  f1    f2    f3    f4      s  |moves: 3|
( A♠) ( [31m2[31m♥[0m[0m) ( 2♣) ( - )   <J♣>  |Score: 140|
p1 [K♣,[31mQ[31m♥[0m[0m]
p2 [[31mK[31m♦[0m[0m,Q♣,[31mJ[31m♥[0m[0m,10♣,[31m9[31m♥[0m[0m,8♠,[31m7[31m♥[0m[0m,6♠,[31m5[31m♦[0m[0m,4♠]
p3 [5♠,[31m4[31m♦[0m[0m,3♠]
p4 [5♣,[31m4[31m♥[0m[0m]
p5 [Q♠,[31mJ[31m♦[0m[0m]
p6 [[32mX[0m][[32mX[0m][[32mX[0m][[32mX[0m][[32mX[0m][[31mQ[31m♦[0m[0m]
p7 [[32mX[0m][[32mX[0m][[32mX[0m][[32mX[0m][[32mX[0m][[32mX[0m][[31m10[31m♦[0m[0m,9♠]
cmd:  f1    f2    f3    f4      s  |moves: 5|
( A♠) ( [31m2[31m♥[0m[0m) ( 2♣) ( - )   <[31m7[31m♦[0m[0m>  |Score: 145|
p1 [K♣,[31mQ[31m♥[0m[0m,J♣]
p2 [[31mK[31m♦[0m[0m,Q♣,[31mJ[31m♥[0m[0m,10♣,[31m9[31m♥[0m[0m,8♠,[31m7[31m♥[0m[0m,6♠,[31m5[31m♦[0m[0m,4♠]
p3 [5♠,[31m4[31m♦[0m[0m,3♠]
p4 [5♣,[31m4[31m♥[0m[0m]
p5 [Q♠,[31mJ[31m♦[0m[0m]
p6 [[32mX[0m][[32mX[0m][[32mX[0m][[32mX[0m][[32mX[0m][[31mQ[31m♦[0m[0m]
p7 [[32mX[0m][[32mX[0m][[32mX[0m][[32mX[0m][[32mX[0m][[32mX[0m][[31m10[31m♦[0m[0m,9♠]
cmd:  f1    f2    f3    f4      s  |moves: 5|
( A♠) ( [31m2[31m♥[0m[0m) ( 2♣) ( - )   <[31m7[31m♦[0m[0m>  |Score: 150|
p1 [K♣,[31mQ[31m♥[0m[0m,J♣,[31m10[31m♦[0m[0m,9♠]
p2 [[31mK[31m♦[0m[0m,Q♣,[31mJ[31m♥[0m[0m,10♣,[31m9[31m♥[0m[0m,8♠,[31m7[31m♥[0m[0m,6♠,[31m5[31m♦[0m[0m,4♠]
p3 [5♠,[31m4[31m♦[0m[0m,3♠]
p4 [5♣,[31m4[31m♥[0m[0m]
p5 [Q♠,[31mJ[31m♦[0m[0m]
p6 [[32mX[0m][[32mX[0m][[32mX[0m][[32mX[0m][[32mX[0m][[31mQ[31m♦[0m[0m]
p7 [[32mX[0m][[32mX[0m][[32mX[0m][[32mX[0m][[32mX[0m][[31m9[31m♦[0m[0m]
cmd:  f1    f2    f3    f4      s  |moves: 5|
( A♠) ( [31m2[31m♥[0m[0m) ( 2♣) ( - )   <K♠>  |Score: 150|
p1 [K♣,[31mQ[31m♥[0m[0m,J♣,[31m10[31m♦[0m[0m,9♠]
p2 [[31mK[31m♦[0m[0m,Q♣,[31mJ[31m♥[0m[0m,10♣,[31m9[31m♥[0m[0m,8♠,[31m7[31m♥[0m[0m,6♠,[31m5[31m♦[0m[0m,4♠]
p3 [5♠,[31m4[31m♦[0m[0m,3♠]
p4 [5♣,[31m4[31m♥[0m[0m]
p5 [Q♠,[31mJ[31m♦[0m[0m]
p6 [[32mX[0m][[32mX[0m][[32mX[0m][[32mX[0m][[32mX[0m][[31mQ[31m♦[0m[0m]
p7 [[32mX[0m][[32mX[0m][[32mX[0m][[32mX[0m][[32mX[0m][[31m9[31m♦[0m[0m]
cmd:  f1    f2    f3    f4      s  |moves: 5|
( A♠) ( [31m2[31m♥[0m[0m) ( 2♣) ( - )   <3♣>  |Score: 150|
p1 [K♣,[31mQ[31m♥[0m[0m,J♣,[31m10[31m♦[0m[0m,9♠]
p2 [[31mK[31m♦[0m[0m,Q♣,[31mJ[31m♥[0m[0m,10♣,[31m9[31m♥[0m[0m,8♠,[31m7[31m♥[0m[0m,6♠,[31m5[31m♦[0m[0m,4♠]
p3 [5♠,[31m4[31m♦[0m[0m,3♠]
p4 [5♣,[31m4[31m♥[0m[0m]
p5 [Q♠,[31mJ[31m♦[0m[0m]
p6 [[32mX[0m][[32mX[0m][[32mX[0m][[32mX[0m][[32mX[0m][[31mQ[31m♦[0m[0m]
p7 [[32mX[0m][[32mX[0m][[32mX[0m][[32mX[0m][[32mX[0m][[31m9[31m♦[0m[0m]
cmd:  f1    f2    f3    f4      s  |moves: 6|
( A♠) ( [31m2[31m♥[0m[0m) ( 2♣) ( - )   <K♠>  |Score: 155|
p1 [K♣,[31mQ[31m♥[0m[0m,J♣,[31m10[31m♦[0m[0m,9♠]
p2 [[31mK[31m♦[0m[0m,Q♣,[31mJ[31m♥[0m[0m,10♣,[31m9[31m♥[0m[0m,8♠,[31m7[31m♥[0m[0m,6♠,[31m5[31m♦[0m[0m,4♠]
p3 [5♠,[31m4[31m♦[0m[0m,3♠]
p4 [5♣,[31m4[31m♥[0m[0m,3♣]
p5 [Q♠,[31mJ[31m♦[0m[0m]
p6 [[32mX[0m][[32mX[0m][[32mX[0m][[32mX[0m][[32mX[0m][[31mQ[31m♦[0m[0m]
p7 [[32mX[0m][[32mX[0m][[32mX[0m][[32mX[0m][[32mX[0m][[31m9[31m♦[0m[0m]
cmd:  f1    f2    f3    f4      s  |moves: 6|
( A♠) ( [31m2[31m♥[0m[0m) ( 2♣) ( - )   <8♣>  |Score: 155|
p1 [K♣,[31mQ[31m♥[0m[0m,J♣,[31m10[31m♦[0m[0m,9♠]
p2 [[31mK[31m♦[0m[0m,Q♣,[31mJ[31m♥[0m[0m,10♣,[31m9[31m♥[0m[0m,8♠,[31m7[31m♥[0m[0m,6♠,[31m5[31m♦[0m[0m,4♠]
p3 [5♠,[31m4[31m♦[0m[0m,3♠]
p4 [5♣,[31m4[31m♥[0m[0m,3♣]
p5 [Q♠,[31mJ[31m♦[0m[0m]
p6 [[32mX[0m][[32mX[0m][[32mX[0m][[32mX[0m][[32mX[0m][[31mQ[31m♦[0m[0m]
p7 [[32mX[0m][[32mX[0m][[32mX[0m][[32mX[0m][[32mX[0m][[31m9[31m♦[0m[0m]
cmd:  f1    f2    f3    f4      s  |moves: 6|
( A♠) ( [31m2[31m♥[0m[0m) ( 2♣) ( - )   <K♠>  |Score: 160|
p1 [K♣,[31mQ[31m♥[0m[0m,J♣,[31m10[31m♦[0m[0m,9♠]
p2 [[31mK[31m♦[0m[0m,Q♣,[31mJ[31m♥[0m[0m,10♣,[31m9[31m♥[0m[0m,8♠,[31m7[31m♥[0m[0m,6♠,[31m5[31m♦[0m[0m,4♠]
p3 [5♠,[31m4[31m♦[0m[0m,3♠]
p4 [5♣,[31m4[31m♥[0m[0m,3♣]
p5 [Q♠,[31mJ[31m♦[0m[0m]
p6 [[32mX[0m][[32mX[0m][[32mX[0m][[32mX[0m][[32mX[0m][[31mQ[31m♦[0m[0m]
p7 [[32mX[0m][[32mX[0m][[32mX[0m][[32mX[0m][[32mX[0m][[31m9[31m♦[0m[0m,8♣]
cmd:  f1    f2    f3    f4      s  |moves: 6|
( A♠) ( [31m2[31m♥[0m[0m) ( 2♣) ( - )   <7♣>  |Score: 160|
p1 [K♣,[31mQ[31m♥[0m[0m,J♣,[31m10[31m♦[0m[0m,9♠]
p2 [[31mK[31m♦[0m[0m,Q♣,[31mJ[31m♥[0m[0m,10♣,[31m9[31m♥[0m[0m,8♠,[31m7[31m♥[0m[0m,6♠,[31m5[31m♦[0m[0m,4♠]
p3 [5♠,[31m4[31m♦[0m[0m,3♠]
p4 [5♣,[31m4[31m♥[0m[0m,3♣]
p5 [Q♠,[31mJ[31m♦[0m[0m]
p6 [[32mX[0m][[32mX[0m][[32mX[0m][[32mX[0m][[32mX[0m][[31mQ[31m♦[0m[0m]
p7 [[32mX[0m][[32mX[0m][[32mX[0m][[32mX[0m][[32mX[0m][[31m9[31m♦[0m[0m,8♣]
cmd:  f1    f2    f3    f4      s  |moves: 6|
( A♠) ( [31m2[31m♥[0m[0m) ( 2♣) ( - )   <10♠>  |Score: 160|
p1 [K♣,[31mQ[31m♥[0m[0m,J♣,[31m10[31m♦[0m[0m,9♠]
p2 [[31mK[31m♦[0m[0m,Q♣,[31mJ[31m♥[0m[0m,10♣,[31m9[31m♥[0m[0m,8♠,[31m7[31m♥[0m[0m,6♠,[31m5[31m♦[0m[0m,4♠]
p3 [5♠,[31m4[31m♦[0m[0m,3♠]
p4 [5♣,[31m4[31m♥[0m[0m,3♣]
p5 [Q♠,[31mJ[31m♦[0m[0m]
p6 [[32mX[0m][[32mX[0m][[32mX[0m][[32mX[0m][[32mX[0m][[31mQ[31m♦[0m[0m]
p7 [[32mX[0m][[32mX[0m][[32mX[0m][[32mX[0m][[32mX[0m][[31m9[31m♦[0m[0m,8♣]
cmd:  f1    f2    f3    f4      s  |moves: 7|
( A♠) ( [31m2[31m♥[0m[0m) ( 2♣) ( - )   <7♣>  |Score: 165|
p1 [K♣,[31mQ[31m♥[0m[0m,J♣,[31m10[31m♦[0m[0m,9♠]
p2 [[31mK[31m♦[0m[0m,Q♣,[31mJ[31m♥[0m[0m,10♣,[31m9[31m♥[0m[0m,8♠,[31m7[31m♥[0m[0m,6♠,[31m5[31m♦[0m[0m,4♠]
p3 [5♠,[31m4[31m♦[0m[0m,3♠]
p4 [5♣,[31m4[31m♥[0m[0m,3♣]
p5 [Q♠,[31mJ[31m♦[0m[0m,10♠]
p6 [[32mX[0m][[32mX[0m][[32mX[0m][[32mX[0m][[32mX[0m][[31mQ[31m♦[0m[0m]
p7 [[32mX[0m][[32mX[0m][[32mX[0m][[32mX[0m][[32mX[0m][[31m9[31m♦[0m[0m,8♣]
cmd:  f1    f2    f3    f4      s  |moves: 6|
( A♠) ( [31m2[31m♥[0m[0m) ( 2♣) ( - )   <7♣>  |Score: 170|
p1 [K♣,[31mQ[31m♥[0m[0m,J♣,[31m10[31m♦[0m[0m,9♠]
p2 [[31mK[31m♦[0m[0m,Q♣,[31mJ[31m♥[0m[0m,10♣,[31m9[31m♥[0m[0m,8♠,[31m7[31m♥[0m[0m,6♠,[31m5[31m♦[0m[0m,4♠]
p3 [5♠,[31m4[31m♦[0m[0m,3♠]
p4 [5♣,[31m4[31m♥[0m[0m,3♣]
p5 [Q♠,[31mJ[31m♦[0m[0m,10♠,[31m9[31m♦[0m[0m,8♣]
p6 [[32mX[0m][[32mX[0m][[32mX[0m][[32mX[0m][[32mX[0m][[31mQ[31m♦[0m[0m]
p7 [[32mX[0m][[32mX[0m][[32mX[0m][[32mX[0m][[31mA[31m♦[0m[0m]
cmd:  f1    f2    f3    f4      s  |moves: 7|
( A♠) ( [31m2[31m♥[0m[0m) ( 2♣) ( [31mA[31m♦[0m[0m)   <7♣>  |Score: 185|
p1 [K♣,[31mQ[31m♥[0m[0m,J♣,[31m10[31m♦[0m[0m,9♠]
p2 [[31mK[31m♦[0m[0m,Q♣,[31mJ[31m♥[0m[0m,10♣,[31m9[31m♥[0m[0m,8♠,[31m7[31m♥[0m[0m,6♠,[31m5[31m♦[0m[0m,4♠]
p3 [5♠,[31m4[31m♦[0m[0m,3♠]
p4 [5♣,[31m4[31m♥[0m[0m,3♣]
p5 [Q♠,[31mJ[31m♦[0m[0m,10♠,[31m9[31m♦[0m[0m,8♣]
p6 [[32mX[0m][[32mX[0m][[32mX[0m][[32mX[0m][[32mX[0m][[31mQ[31m♦[0m[0m]
p7 [[32mX[0m][[32mX[0m][[32mX[0m][[31m6[31m♥[0m[0m]
cmd:  f1    f2    f3    f4      s  |moves: 7|
( A♠) ( [31m2[31m♥[0m[0m) ( 2♣) ( [31mA[31m♦[0m[0m)   <[31m8[31m♥[0m[0m>  |Score: 185|
p1 [K♣,[31mQ[31m♥[0m[0m,J♣,[31m10[31m♦[0m[0m,9♠]
p2 [[31mK[31m♦[0m[0m,Q♣,[31mJ[31m♥[0m[0m,10♣,[31m9[31m♥[0m[0m,8♠,[31m7[31m♥[0m[0m,6♠,[31m5[31m♦[0m[0m,4♠]
p3 [5♠,[31m4[31m♦[0m[0m,3♠]
p4 [5♣,[31m4[31m♥[0m[0m,3♣]
p5 [Q♠,[31mJ[31m♦[0m[0m,10♠,[31m9[31m♦[0m[0m,8♣]
p6 [[32mX[0m][[32mX[0m][[32mX[0m][[32mX[0m][[32mX[0m][[31mQ[31m♦[0m[0m]
p7 [[32mX[0m][[32mX[0m][[32mX[0m][[31m6[31m♥[0m[0m]
cmd:  f1    f2    f3    f4      s  |moves: 8|
( A♠) ( [31m2[31m♥[0m[0m) ( 2♣) ( [31mA[31m♦[0m[0m)   <7♣>  |Score: 190|
p1 [K♣,[31mQ[31m♥[0m[0m,J♣,[31m10[31m♦[0m[0m,9♠,[31m8[31m♥[0m[0m]
p2 [[31mK[31m♦[0m[0m,Q♣,[31mJ[31m♥[0m[0m,10♣,[31m9[31m♥[0m[0m,8♠,[31m7[31m♥[0m[0m,6♠,[31m5[31m♦[0m[0m,4♠]
p3 [5♠,[31m4[31m♦[0m[0m,3♠]
p4 [5♣,[31m4[31m♥[0m[0m,3♣]
p5 [Q♠,[31mJ[31m♦[0m[0m,10♠,[31m9[31m♦[0m[0m,8♣]
p6 [[32mX[0m][[32mX[0m][[32mX[0m][[32mX[0m][[32mX[0m][[31mQ[31m♦[0m[0m]
p7 [[32mX[0m][[32mX[0m][[32mX[0m][[31m6[31m♥[0m[0m]
cmd:  f1    f2    f3    f4      s  |moves: 8|
( A♠) ( [31m2[31m♥[0m[0m) ( 2♣) ( [31mA[31m♦[0m[0m)   <K♠>  |Score: 195|
p1 [K♣,[31mQ[31m♥[0m[0m,J♣,[31m10[31m♦[0m[0m,9♠,[31m8[31m♥[0m[0m,7♣]
p2 [[31mK[31m♦[0m[0m,Q♣,[31mJ[31m♥[0m[0m,10♣,[31m9[31m♥[0m[0m,8♠,[31m7[31m♥[0m[0m,6♠,[31m5[31m♦[0m[0m,4♠]
p3 [5♠,[31m4[31m♦[0m[0m,3♠]
p4 [5♣,[31m4[31m♥[0m[0m,3♣]
p5 [Q♠,[31mJ[31m♦[0m[0m,10♠,[31m9[31m♦[0m[0m,8♣]
p6 [[32mX[0m][[32mX[0m][[32mX[0m][[32mX[0m][[32mX[0m][[31mQ[31m♦[0m[0m]
p7 [[32mX[0m][[32mX[0m][[32mX[0m][[31m6[31m♥[0m[0m]
cmd:  f1    f2    f3    f4      s  |moves: 9|
( A♠) ( [31m2[31m♥[0m[0m) ( 2♣) ( [31mA[31m♦[0m[0m)   <K♠>  |Score: 200|
p1 [K♣,[31mQ[31m♥[0m[0m,J♣,[31m10[31m♦[0m[0m,9♠,[31m8[31m♥[0m[0m,7♣,[31m6[31m♥[0m[0m]
p2 [[31mK[31m♦[0m[0m,Q♣,[31mJ[31m♥[0m[0m,10♣,[31m9[31m♥[0m[0m,8♠,[31m7[31m♥[0m[0m,6♠,[31m5[31m♦[0m[0m,4♠]
p3 [5♠,[31m4[31m♦[0m[0m,3♠]
p4 [5♣,[31m4[31m♥[0m[0m,3♣]
p5 [Q♠,[31mJ[31m♦[0m[0m,10♠,[31m9[31m♦[0m[0m,8♣]
p6 [[32mX[0m][[32mX[0m][[32mX[0m][[32mX[0m][[32mX[0m][[31mQ[31m♦[0m[0m]
p7 [[32mX[0m][[32mX[0m][[31m6[31m♦[0m[0m]
cmd:  f1    f2    f3    f4      s  |moves: 8|
( A♠) ( [31m2[31m♥[0m[0m) ( 2♣) ( [31mA[31m♦[0m[0m)   <K♠>  |Score: 200|
p1 [K♣,[31mQ[31m♥[0m[0m,J♣,[31m10[31m♦[0m[0m,9♠,[31m8[31m♥[0m[0m,7♣,[31m6[31m♥[0m[0m,5♠,[31m4[31m♦[0m[0m,3♠]
p2 [[31mK[31m♦[0m[0m,Q♣,[31mJ[31m♥[0m[0m,10♣,[31m9[31m♥[0m[0m,8♠,[31m7[31m♥[0m[0m,6♠,[31m5[31m♦[0m[0m,4♠]
p3 
p4 [5♣,[31m4[31m♥[0m[0m,3♣]
p5 [Q♠,[31mJ[31m♦[0m[0m,10♠,[31m9[31m♦[0m[0m,8♣]
p6 [[32mX[0m][[32mX[0m][[32mX[0m][[32mX[0m][[32mX[0m][[31mQ[31m♦[0m[0m]
p7 [[32mX[0m][[32mX[0m][[31m6[31m♦[0m[0m]
cmd:  f1    f2    f3    f4      s  |moves: 10|
( A♠) ( [31m2[31m♥[0m[0m) ( 2♣) ( [31mA[31m♦[0m[0m)   <[31m7[31m♦[0m[0m>  |Score: 205|
p1 [K♣,[31mQ[31m♥[0m[0m,J♣,[31m10[31m♦[0m[0m,9♠,[31m8[31m♥[0m[0m,7♣,[31m6[31m♥[0m[0m,5♠,[31m4[31m♦[0m[0m,3♠]
p2 [[31mK[31m♦[0m[0m,Q♣,[31mJ[31m♥[0m[0m,10♣,[31m9[31m♥[0m[0m,8♠,[31m7[31m♥[0m[0m,6♠,[31m5[31m♦[0m[0m,4♠]
p3 [K♠]
p4 [5♣,[31m4[31m♥[0m[0m,3♣]
p5 [Q♠,[31mJ[31m♦[0m[0m,10♠,[31m9[31m♦[0m[0m,8♣]
p6 [[32mX[0m][[32mX[0m][[32mX[0m][[32mX[0m][[32mX[0m][[31mQ[31m♦[0m[0m]
p7 [[32mX[0m][[32mX[0m][[31m6[31m♦[0m[0m]
cmd:  f1    f2    f3    f4      s  |moves: 10|
( A♠) ( [31m2[31m♥[0m[0m) ( 2♣) ( [31mA[31m♦[0m[0m)   <[31m7[31m♦[0m[0m>  |Score: 210|
p1 [K♣,[31mQ[31m♥[0m[0m,J♣,[31m10[31m♦[0m[0m,9♠,[31m8[31m♥[0m[0m,7♣,[31m6[31m♥[0m[0m,5♠,[31m4[31m♦[0m[0m,3♠]
p2 [[31mK[31m♦[0m[0m,Q♣,[31mJ[31m♥[0m[0m,10♣,[31m9[31m♥[0m[0m,8♠,[31m7[31m♥[0m[0m,6♠,[31m5[31m♦[0m[0m,4♠]
p3 [K♠,[31mQ[31m♦[0m[0m]
p4 [5♣,[31m4[31m♥[0m[0m,3♣]
p5 [Q♠,[31mJ[31m♦[0m[0m,10♠,[31m9[31m♦[0m[0m,8♣]
p6 [[32mX[0m][[32mX[0m][[32mX[0m][[32mX[0m][[31m3[31m♦[0m[0m]
p7 [[32mX[0m][[32mX[0m][[31m6[31m♦[0m[0m]
cmd:  f1    f2    f3    f4      s  |moves: 11|
( A♠) ( [31m2[31m♥[0m[0m) ( 2♣) ( [31mA[31m♦[0m[0m)   <[31m7[31m♦[0m[0m>  |Score: 215|
p1 [K♣,[31mQ[31m♥[0m[0m,J♣,[31m10[31m♦[0m[0m,9♠,[31m8[31m♥[0m[0m,7♣,[31m6[31m♥[0m[0m,5♠,[31m4[31m♦[0m[0m,3♠]
p2 [[31mK[31m♦[0m[0m,Q♣,[31mJ[31m♥[0m[0m,10♣,[31m9[31m♥[0m[0m,8♠,[31m7[31m♥[0m[0m,6♠,[31m5[31m♦[0m[0m,4♠,[31m3[31m♦[0m[0m]
p3 [K♠,[31mQ[31m♦[0m[0m]
p4 [5♣,[31m4[31m♥[0m[0m,3♣]
p5 [Q♠,[31mJ[31m♦[0m[0m,10♠,[31m9[31m♦[0m[0m,8♣]
p6 [[32mX[0m][[32mX[0m][[32mX[0m][[31mK[31m♥[0m[0m]
p7 [[32mX[0m][[32mX[0m][[31m6[31m♦[0m[0m]
cmd:  f1    f2    f3    f4      s  |moves: 10|
( A♠) ( [31m2[31m♥[0m[0m) ( 2♣) ( [31mA[31m♦[0m[0m)   <[31m7[31m♦[0m[0m>  |Score: 215|
p1 [K♣,[31mQ[31m♥[0m[0m,J♣,[31m10[31m♦[0m[0m,9♠,[31m8[31m♥[0m[0m,7♣,[31m6[31m♥[0m[0m,5♠,[31m4[31m♦[0m[0m,3♠]
p2 [[31mK[31m♦[0m[0m,Q♣,[31mJ[31m♥[0m[0m,10♣,[31m9[31m♥[0m[0m,8♠,[31m7[31m♥[0m[0m,6♠,[31m5[31m♦[0m[0m,4♠,[31m3[31m♦[0m[0m]
p3 [K♠,[31mQ[31m♦[0m[0m]
p4 [5♣,[31m4[31m♥[0m[0m,3♣]
p5 
p6 [[32mX[0m][[32mX[0m][[32mX[0m][[31mK[31m♥[0m[0m,Q♠,[31mJ[31m♦[0m[0m,10♠,[31m9[31m♦[0m[0m,8♣]
p7 [[32mX[0m][[32mX[0m][[31m6[31m♦[0m[0m]
cmd:  f1    f2    f3    f4      s  |moves: 10|
( A♠) ( [31m2[31m♥[0m[0m) ( 2♣) ( [31mA[31m♦[0m[0m)   <[31m7[31m♦[0m[0m>  |Score: 220|
p1 [K♣,[31mQ[31m♥[0m[0m,J♣,[31m10[31m♦[0m[0m,9♠,[31m8[31m♥[0m[0m,7♣,[31m6[31m♥[0m[0m,5♠,[31m4[31m♦[0m[0m,3♠]
p2 [[31mK[31m♦[0m[0m,Q♣,[31mJ[31m♥[0m[0m,10♣,[31m9[31m♥[0m[0m,8♠,[31m7[31m♥[0m[0m,6♠,[31m5[31m♦[0m[0m,4♠,[31m3[31m♦[0m[0m]
p3 [K♠,[31mQ[31m♦[0m[0m]
p4 [5♣,[31m4[31m♥[0m[0m,3♣]
p5 [[31mK[31m♥[0m[0m,Q♠,[31mJ[31m♦[0m[0m,10♠,[31m9[31m♦[0m[0m,8♣]
p6 [[32mX[0m][[32mX[0m][6♣]
p7 [[32mX[0m][[32mX[0m][[31m6[31m♦[0m[0m]
cmd:  f1    f2    f3    f4      s  |moves: 13|
( A♠) ( [31m2[31m♥[0m[0m) ( 2♣) ( [31mA[31m♦[0m[0m)   <[31m2[31m♦[0m[0m>  |Score: 225|
p1 [K♣,[31mQ[31m♥[0m[0m,J♣,[31m10[31m♦[0m[0m,9♠,[31m8[31m♥[0m[0m,7♣,[31m6[31m♥[0m[0m,5♠,[31m4[31m♦[0m[0m,3♠]
p2 [[31mK[31m♦[0m[0m,Q♣,[31mJ[31m♥[0m[0m,10♣,[31m9[31m♥[0m[0m,8♠,[31m7[31m♥[0m[0m,6♠,[31m5[31m♦[0m[0m,4♠,[31m3[31m♦[0m[0m]
p3 [K♠,[31mQ[31m♦[0m[0m]
p4 [5♣,[31m4[31m♥[0m[0m,3♣]
p5 [[31mK[31m♥[0m[0m,Q♠,[31mJ[31m♦[0m[0m,10♠,[31m9[31m♦[0m[0m,8♣,[31m7[31m♦[0m[0m]
p6 [[32mX[0m][[32mX[0m][6♣]
p7 [[32mX[0m][[32mX[0m][[31m6[31m♦[0m[0m]
cmd:  f1    f2    f3    f4      s  |moves: 13|
( A♠) ( [31m2[31m♥[0m[0m) ( 2♣) ( [31mA[31m♦[0m[0m)   <[31m2[31m♦[0m[0m>  |Score: 230|
p1 [K♣,[31mQ[31m♥[0m[0m,J♣,[31m10[31m♦[0m[0m,9♠,[31m8[31m♥[0m[0m,7♣,[31m6[31m♥[0m[0m,5♠,[31m4[31m♦[0m[0m,3♠]
p2 [[31mK[31m♦[0m[0m,Q♣,[31mJ[31m♥[0m[0m,10♣,[31m9[31m♥[0m[0m,8♠,[31m7[31m♥[0m[0m,6♠,[31m5[31m♦[0m[0m,4♠,[31m3[31m♦[0m[0m]
p3 [K♠,[31mQ[31m♦[0m[0m]
p4 [5♣,[31m4[31m♥[0m[0m,3♣]
p5 [[31mK[31m♥[0m[0m,Q♠,[31mJ[31m♦[0m[0m,10♠,[31m9[31m♦[0m[0m,8♣,[31m7[31m♦[0m[0m,6♣]
p6 [[32mX[0m][7♠]
p7 [[32mX[0m][[32mX[0m][[31m6[31m♦[0m[0m]
cmd:  f1    f2    f3    f4      s  |moves: 13|
( A♠) ( [31m2[31m♥[0m[0m) ( 2♣) ( [31mA[31m♦[0m[0m)   <[31m2[31m♦[0m[0m>  |Score: 235|
p1 [K♣,[31mQ[31m♥[0m[0m,J♣,[31m10[31m♦[0m[0m,9♠,[31m8[31m♥[0m[0m,7♣,[31m6[31m♥[0m[0m,5♠,[31m4[31m♦[0m[0m,3♠]
p2 [[31mK[31m♦[0m[0m,Q♣,[31mJ[31m♥[0m[0m,10♣,[31m9[31m♥[0m[0m,8♠,[31m7[31m♥[0m[0m,6♠,[31m5[31m♦[0m[0m,4♠,[31m3[31m♦[0m[0m]
p3 [K♠,[31mQ[31m♦[0m[0m]
p4 [5♣,[31m4[31m♥[0m[0m,3♣]
p5 [[31mK[31m♥[0m[0m,Q♠,[31mJ[31m♦[0m[0m,10♠,[31m9[31m♦[0m[0m,8♣,[31m7[31m♦[0m[0m,6♣]
p6 [[32mX[0m][7♠,[31m6[31m♦[0m[0m]
p7 [[32mX[0m][[31m8[31m♦[0m[0m]
cmd:  f1    f2    f3    f4      s  |moves: 13|
( A♠) ( [31m2[31m♥[0m[0m) ( 2♣) ( [31mA[31m♦[0m[0m)   <[31m2[31m♦[0m[0m>  |Score: 240|
p1 [K♣,[31mQ[31m♥[0m[0m,J♣,[31m10[31m♦[0m[0m,9♠,[31m8[31m♥[0m[0m,7♣,[31m6[31m♥[0m[0m,5♠,[31m4[31m♦[0m[0m,3♠]
p2 [[31mK[31m♦[0m[0m,Q♣,[31mJ[31m♥[0m[0m,10♣,[31m9[31m♥[0m[0m,8♠,[31m7[31m♥[0m[0m,6♠,[31m5[31m♦[0m[0m,4♠,[31m3[31m♦[0m[0m]
p3 [K♠,[31mQ[31m♦[0m[0m]
p4 [5♣,[31m4[31m♥[0m[0m,3♣]
p5 [[31mK[31m♥[0m[0m,Q♠,[31mJ[31m♦[0m[0m,10♠,[31m9[31m♦[0m[0m,8♣,[31m7[31m♦[0m[0m,6♣]
p6 [9♣]
p7 [[32mX[0m][[31m8[31m♦[0m[0m,7♠,[31m6[31m♦[0m[0m]
cmd:  f1    f2    f3    f4      s  |moves: 14|
( A♠) ( [31m2[31m♥[0m[0m) ( 2♣) ( [31mA[31m♦[0m[0m)   <[31m2[31m♦[0m[0m>  |Score: 245|
p1 [K♣,[31mQ[31m♥[0m[0m,J♣,[31m10[31m♦[0m[0m,9♠,[31m8[31m♥[0m[0m,7♣,[31m6[31m♥[0m[0m,5♠,[31m4[31m♦[0m[0m,3♠]
p2 [[31mK[31m♦[0m[0m,Q♣,[31mJ[31m♥[0m[0m,10♣,[31m9[31m♥[0m[0m,8♠,[31m7[31m♥[0m[0m,6♠,[31m5[31m♦[0m[0m,4♠,[31m3[31m♦[0m[0m]
p3 [K♠,[31mQ[31m♦[0m[0m]
p4 [5♣,[31m4[31m♥[0m[0m,3♣]
p5 [[31mK[31m♥[0m[0m,Q♠,[31mJ[31m♦[0m[0m,10♠,[31m9[31m♦[0m[0m,8♣,[31m7[31m♦[0m[0m,6♣]
p6 [9♣,[31m8[31m♦[0m[0m,7♠,[31m6[31m♦[0m[0m]
p7 [2♠]
cmd:  f1    f2    f3    f4      s  |moves: 13|
( 2♠) ( [31m2[31m♥[0m[0m) ( 2♣) ( [31mA[31m♦[0m[0m)   <[31m2[31m♦[0m[0m>  |Score: 255|
p1 [K♣,[31mQ[31m♥[0m[0m,J♣,[31m10[31m♦[0m[0m,9♠,[31m8[31m♥[0m[0m,7♣,[31m6[31m♥[0m[0m,5♠,[31m4[31m♦[0m[0m,3♠]
p2 [[31mK[31m♦[0m[0m,Q♣,[31mJ[31m♥[0m[0m,10♣,[31m9[31m♥[0m[0m,8♠,[31m7[31m♥[0m[0m,6♠,[31m5[31m♦[0m[0m,4♠,[31m3[31m♦[0m[0m]
p3 [K♠,[31mQ[31m♦[0m[0m]
p4 [5♣,[31m4[31m♥[0m[0m,3♣]
p5 [[31mK[31m♥[0m[0m,Q♠,[31mJ[31m♦[0m[0m,10♠,[31m9[31m♦[0m[0m,8♣,[31m7[31m♦[0m[0m,6♣]
p6 [9♣,[31m8[31m♦[0m[0m,7♠,[31m6[31m♦[0m[0m]
p7 
cmd:  f1    f2    f3    f4      s  |moves: 14|
( 2♠) ( [31m2[31m♥[0m[0m) ( 2♣) ( [31m2[31m♦[0m[0m)   <[31m3[31m♥[0m[0m>  |Score: 265|
p1 [K♣,[31mQ[31m♥[0m[0m,J♣,[31m10[31m♦[0m[0m,9♠,[31m8[31m♥[0m[0m,7♣,[31m6[31m♥[0m[0m,5♠,[31m4[31m♦[0m[0m,3♠]
p2 [[31mK[31m♦[0m[0m,Q♣,[31mJ[31m♥[0m[0m,10♣,[31m9[31m♥[0m[0m,8♠,[31m7[31m♥[0m[0m,6♠,[31m5[31m♦[0m[0m,4♠,[31m3[31m♦[0m[0m]
p3 [K♠,[31mQ[31m♦[0m[0m]
p4 [5♣,[31m4[31m♥[0m[0m,3♣]
p5 [[31mK[31m♥[0m[0m,Q♠,[31mJ[31m♦[0m[0m,10♠,[31m9[31m♦[0m[0m,8♣,[31m7[31m♦[0m[0m,6♣]
p6 [9♣,[31m8[31m♦[0m[0m,7♠,[31m6[31m♦[0m[0m]
p7 
cmd:  f1    f2    f3    f4      s  |moves: 11|
( 2♠) ( [31m3[31m♥[0m[0m) ( 2♣) ( [31m2[31m♦[0m[0m)   <4♣>  |Score: 275|
p1 [K♣,[31mQ[31m♥[0m[0m,J♣,[31m10[31m♦[0m[0m,9♠,[31m8[31m♥[0m[0m,7♣,[31m6[31m♥[0m[0m,5♠,[31m4[31m♦[0m[0m,3♠]
p2 [[31mK[31m♦[0m[0m,Q♣,[31mJ[31m♥[0m[0m,10♣,[31m9[31m♥[0m[0m,8♠,[31m7[31m♥[0m[0m,6♠,[31m5[31m♦[0m[0m,4♠,[31m3[31m♦[0m[0m]
p3 [K♠,[31mQ[31m♦[0m[0m]
p4 [5♣,[31m4[31m♥[0m[0m,3♣]
p5 [[31mK[31m♥[0m[0m,Q♠,[31mJ[31m♦[0m[0m,10♠,[31m9[31m♦[0m[0m,8♣,[31m7[31m♦[0m[0m,6♣]
p6 [9♣,[31m8[31m♦[0m[0m,7♠,[31m6[31m♦[0m[0m]
p7 
cmd:  f1    f2    f3    f4      s  |moves: 10|
( 3♠) ( [31m3[31m♥[0m[0m) ( 2♣) ( [31m2[31m♦[0m[0m)   <4♣>  |Score: 285|
p1 [K♣,[31mQ[31m♥[0m[0m,J♣,[31m10[31m♦[0m[0m,9♠,[31m8[31m♥[0m[0m,7♣,[31m6[31m♥[0m[0m,5♠,[31m4[31m♦[0m[0m]
p2 [[31mK[31m♦[0m[0m,Q♣,[31mJ[31m♥[0m[0m,10♣,[31m9[31m♥[0m[0m,8♠,[31m7[31m♥[0m[0m,6♠,[31m5[31m♦[0m[0m,4♠,[31m3[31m♦[0m[0m]
p3 [K♠,[31mQ[31m♦[0m[0m]
p4 [5♣,[31m4[31m♥[0m[0m,3♣]
p5 [[31mK[31m♥[0m[0m,Q♠,[31mJ[31m♦[0m[0m,10♠,[31m9[31m♦[0m[0m,8♣,[31m7[31m♦[0m[0m,6♣]
p6 [9♣,[31m8[31m♦[0m[0m,7♠,[31m6[31m♦[0m[0m]
p7 
cmd:  f1    f2    f3    f4      s  |moves: 11|
( 3♠) ( [31m3[31m♥[0m[0m) ( 2♣) ( [31m3[31m♦[0m[0m)   <4♣>  |Score: 295|
p1 [K♣,[31mQ[31m♥[0m[0m,J♣,[31m10[31m♦[0m[0m,9♠,[31m8[31m♥[0m[0m,7♣,[31m6[31m♥[0m[0m,5♠,[31m4[31m♦[0m[0m]
p2 [[31mK[31m♦[0m[0m,Q♣,[31mJ[31m♥[0m[0m,10♣,[31m9[31m♥[0m[0m,8♠,[31m7[31m♥[0m[0m,6♠,[31m5[31m♦[0m[0m,4♠]
p3 [K♠,[31mQ[31m♦[0m[0m]
p4 [5♣,[31m4[31m♥[0m[0m,3♣]
p5 [[31mK[31m♥[0m[0m,Q♠,[31mJ[31m♦[0m[0m,10♠,[31m9[31m♦[0m[0m,8♣,[31m7[31m♦[0m[0m,6♣]
p6 [9♣,[31m8[31m♦[0m[0m,7♠,[31m6[31m♦[0m[0m]
p7 
cmd:  f1    f2    f3    f4      s  |moves: 14|
( 3♠) ( [31m3[31m♥[0m[0m) ( 3♣) ( [31m3[31m♦[0m[0m)   <4♣>  |Score: 305|
p1 [K♣,[31mQ[31m♥[0m[0m,J♣,[31m10[31m♦[0m[0m,9♠,[31m8[31m♥[0m[0m,7♣,[31m6[31m♥[0m[0m,5♠,[31m4[31m♦[0m[0m]
p2 [[31mK[31m♦[0m[0m,Q♣,[31mJ[31m♥[0m[0m,10♣,[31m9[31m♥[0m[0m,8♠,[31m7[31m♥[0m[0m,6♠,[31m5[31m♦[0m[0m,4♠]
p3 [K♠,[31mQ[31m♦[0m[0m]
p4 [5♣,[31m4[31m♥[0m[0m]
p5 [[31mK[31m♥[0m[0m,Q♠,[31mJ[31m♦[0m[0m,10♠,[31m9[31m♦[0m[0m,8♣,[31m7[31m♦[0m[0m,6♣]
p6 [9♣,[31m8[31m♦[0m[0m,7♠,[31m6[31m♦[0m[0m]
p7 
cmd:  f1    f2    f3    f4      s  |moves: 11|
( 3♠) ( [31m3[31m♥[0m[0m) ( 4♣) ( [31m3[31m♦[0m[0m)   <[31m10[31m♥[0m[0m>  |Score: 315|
p1 [K♣,[31mQ[31m♥[0m[0m,J♣,[31m10[31m♦[0m[0m,9♠,[31m8[31m♥[0m[0m,7♣,[31m6[31m♥[0m[0m,5♠,[31m4[31m♦[0m[0m]
p2 [[31mK[31m♦[0m[0m,Q♣,[31mJ[31m♥[0m[0m,10♣,[31m9[31m♥[0m[0m,8♠,[31m7[31m♥[0m[0m,6♠,[31m5[31m♦[0m[0m,4♠]
p3 [K♠,[31mQ[31m♦[0m[0m]
p4 [5♣,[31m4[31m♥[0m[0m]
p5 [[31mK[31m♥[0m[0m,Q♠,[31mJ[31m♦[0m[0m,10♠,[31m9[31m♦[0m[0m,8♣,[31m7[31m♦[0m[0m,6♣]
p6 [9♣,[31m8[31m♦[0m[0m,7♠,[31m6[31m♦[0m[0m]
p7 
cmd:  f1    f2    f3    f4      s  |moves: 11|
( 3♠) ( [31m3[31m♥[0m[0m) ( 4♣) ( [31m3[31m♦[0m[0m)   <J♠>  |Score: 315|
p1 [K♣,[31mQ[31m♥[0m[0m,J♣,[31m10[31m♦[0m[0m,9♠,[31m8[31m♥[0m[0m,7♣,[31m6[31m♥[0m[0m,5♠,[31m4[31m♦[0m[0m]
p2 [[31mK[31m♦[0m[0m,Q♣,[31mJ[31m♥[0m[0m,10♣,[31m9[31m♥[0m[0m,8♠,[31m7[31m♥[0m[0m,6♠,[31m5[31m♦[0m[0m,4♠]
p3 [K♠,[31mQ[31m♦[0m[0m]
p4 [5♣,[31m4[31m♥[0m[0m]
p5 [[31mK[31m♥[0m[0m,Q♠,[31mJ[31m♦[0m[0m,10♠,[31m9[31m♦[0m[0m,8♣,[31m7[31m♦[0m[0m,6♣]
p6 [9♣,[31m8[31m♦[0m[0m,7♠,[31m6[31m♦[0m[0m]
p7 
cmd:  f1    f2    f3    f4      s  |moves: 12|
( 3♠) ( [31m3[31m♥[0m[0m) ( 4♣) ( [31m3[31m♦[0m[0m)   <[31m10[31m♥[0m[0m>  |Score: 320|
p1 [K♣,[31mQ[31m♥[0m[0m,J♣,[31m10[31m♦[0m[0m,9♠,[31m8[31m♥[0m[0m,7♣,[31m6[31m♥[0m[0m,5♠,[31m4[31m♦[0m[0m]
p2 [[31mK[31m♦[0m[0m,Q♣,[31mJ[31m♥[0m[0m,10♣,[31m9[31m♥[0m[0m,8♠,[31m7[31m♥[0m[0m,6♠,[31m5[31m♦[0m[0m,4♠]
p3 [K♠,[31mQ[31m♦[0m[0m,J♠]
p4 [5♣,[31m4[31m♥[0m[0m]
p5 [[31mK[31m♥[0m[0m,Q♠,[31mJ[31m♦[0m[0m,10♠,[31m9[31m♦[0m[0m,8♣,[31m7[31m♦[0m[0m,6♣]
p6 [9♣,[31m8[31m♦[0m[0m,7♠,[31m6[31m♦[0m[0m]
p7 
cmd:  f1    f2    f3    f4      s  |moves: 13|
( 3♠) ( [31m3[31m♥[0m[0m) ( 4♣) ( [31m3[31m♦[0m[0m)   <[31m5[31m♥[0m[0m>  |Score: 325|
p1 [K♣,[31mQ[31m♥[0m[0m,J♣,[31m10[31m♦[0m[0m,9♠,[31m8[31m♥[0m[0m,7♣,[31m6[31m♥[0m[0m,5♠,[31m4[31m♦[0m[0m]
p2 [[31mK[31m♦[0m[0m,Q♣,[31mJ[31m♥[0m[0m,10♣,[31m9[31m♥[0m[0m,8♠,[31m7[31m♥[0m[0m,6♠,[31m5[31m♦[0m[0m,4♠]
p3 [K♠,[31mQ[31m♦[0m[0m,J♠,[31m10[31m♥[0m[0m]
p4 [5♣,[31m4[31m♥[0m[0m]
p5 [[31mK[31m♥[0m[0m,Q♠,[31mJ[31m♦[0m[0m,10♠,[31m9[31m♦[0m[0m,8♣,[31m7[31m♦[0m[0m,6♣]
p6 [9♣,[31m8[31m♦[0m[0m,7♠,[31m6[31m♦[0m[0m]
p7 
cmd:  f1    f2    f3    f4      s  |moves: 28|
( K♠) ( [31mK[31m♥[0m[0m) ( K♣) ( [31mK[31m♦[0m[0m)   < >  |Score: 720|
p1 
p2 
p3 
p4 
p5 
p6 
p7 
cmd: 