Welcome to the game! (h=help, x=exit, b=show board)
cmd: cmd:  f1    f2    f3    f4      s  |moves: 14|
( - ) ( - ) ( - ) ( - )   <[31mA[31m♥[0m[0m>  |Score: 0|
p1 [[31mJ[31m♦[0m[0m]
p2 [[32mX[0m][J♠]
p3 [[32mX[0m][[32mX[0m][5♣]
p4 [[32mX[0m][[32mX[0m][[32mX[0m][10♠]
p5 [[32mX[0m][[32mX[0m][[32mX[0m][[32mX[0m][2♠]
p6 [[32mX[0m][[32mX[0m][[32mX[0m][[32mX[0m][[32mX[0m][[31m5[31m♦[0m[0m]
p7 [[32mX[0m][[32mX[0m][[32mX[0m][[32mX[0m][[32mX[0m][[32mX[0m][A♠]
cmd:  f1    f2    f3    f4      s  |moves: 14|
( [31mA[31m♥[0m[0m) ( - ) ( - ) ( - )   <10♣>  |Score: 10|
p1 [[31mJ[31m♦[0m[0m]
p2 [[32mX[0m][J♠]
p3 [[32mX[0m][[32mX[0m][5♣]
p4 [[32mX[0m][[32mX[0m][[32mX[0m][10♠]
p5 [[32mX[0m][[32mX[0m][[32mX[0m][[32mX[0m][2♠]
p6 [[32mX[0m][[32mX[0m][[32mX[0m][[32mX[0m][[32mX[0m][[31m5[31m♦[0m[0m]
p7 [[32mX[0m][[32mX[0m][[32mX[0m][[32mX[0m][[32mX[0m][[32mX[0m][A♠]
cmd:  f1    f2    f3    f4      s  |moves: 13|
( [31mA[31m♥[0m[0m) ( - ) ( - ) ( - )   <10♣>  |Score: 15|
p1 [[31mJ[31m♦[0m[0m,10♠]
p2 [[32mX[0m][J♠]
p3 [[32mX[0m][[32mX[0m][5♣]
p4 [[32mX[0m][[32mX[0m][5♠]
p5 [[32mX[0m][[32mX[0m][[32mX[0m][[32mX[0m][2♠]
p6 [[32mX[0m][[32mX[0m][[32mX[0m][[32mX[0m][[32mX[0m][[31m5[31m♦[0m[0m]
p7 [[32mX[0m][[32mX[0m][[32mX[0m][[32mX[0m][[32mX[0m][[32mX[0m][A♠]
cmd:  f1    f2    f3    f4      s  |moves: 12|
( [31mA[31m♥[0m[0m) ( A♠) ( - ) ( - )   <10♣>  |Score: 30|
p1 [[31mJ[31m♦[0m[0m,10♠]
p2 [[32mX[0m][J♠]
p3 [[32mX[0m][[32mX[0m][5♣]
p4 [[32mX[0m][[32mX[0m][5♠]
p5 [[32mX[0m][[32mX[0m][[32mX[0m][[32mX[0m][2♠]
p6 [[32mX[0m][[32mX[0m][[32mX[0m][[32mX[0m][[32mX[0m][[31m5[31m♦[0m[0m]
p7 [[32mX[0m][[32mX[0m][[32mX[0m][[32mX[0m][[32mX[0m][[31m10[31m♥[0m[0m]
cmd:  f1    f2    f3    f4      s  |moves: 11|
( [31mA[31m♥[0m[0m) ( 2♠) ( - ) ( - )   <10♣>  |Score: 45|
p1 [[31mJ[31m♦[0m[0m,10♠]
p2 [[32mX[0m][J♠]
p3 [[32mX[0m][[32mX[0m][5♣]
p4 [[32mX[0m][[32mX[0m][5♠]
p5 [[32mX[0m][[32mX[0m][[32mX[0m][[31m4[31m♦[0m[0m]
p6 [[32mX[0m][[32mX[0m][[32mX[0m][[32mX[0m][[32mX[0m][[31m5[31m♦[0m[0m]
p7 [[32mX[0m][[32mX[0m][[32mX[0m][[32mX[0m][[32mX[0m][[31m10[31m♥[0m[0m]
cmd:  f1    f2    f3    f4      s  |moves: 12|
( [31mA[31m♥[0m[0m) ( 2♠) ( - ) ( - )   <10♣>  |Score: 50|
p1 [[31mJ[31m♦[0m[0m,10♠]
p2 [[32mX[0m][J♠,[31m10[31m♥[0m[0m]
p3 [[32mX[0m][[32mX[0m][5♣]
p4 [[32mX[0m][[32mX[0m][5♠]
p5 [[32mX[0m][[32mX[0m][[32mX[0m][[31m4[31m♦[0m[0m]
p6 [[32mX[0m][[32mX[0m][[32mX[0m][[32mX[0m][[32mX[0m][[31m5[31m♦[0m[0m]
p7 [[32mX[0m][[32mX[0m][[32mX[0m][[32mX[0m][2♣]
cmd:  f1    f2    f3    f4      s  |moves: 12|
( [31mA[31m♥[0m[0m) ( 2♠) ( - ) ( - )   <10♣>  |Score: 55|
p1 [[31mJ[31m♦[0m[0m,10♠]
p2 [[32mX[0m][J♠,[31m10[31m♥[0m[0m]
p3 [[32mX[0m][[32mX[0m][5♣,[31m4[31m♦[0m[0m]
p4 [[32mX[0m][[32mX[0m][5♠]
p5 [[32mX[0m][[32mX[0m][6♣]
p6 [[32mX[0m][[32mX[0m][[32mX[0m][[32mX[0m][[32mX[0m][[31m5[31m♦[0m[0m]
p7 [[32mX[0m][[32mX[0m][[32mX[0m][[32mX[0m][2♣]
cmd:  f1    f2    f3    f4      s  |moves: 12|
( [31mA[31m♥[0m[0m) ( 2♠) ( - ) ( - )   <10♣>  |Score: 60|
p1 [[31mJ[31m♦[0m[0m,10♠]
p2 [[32mX[0m][J♠,[31m10[31m♥[0m[0m]
p3 [[32mX[0m][[32mX[0m][5♣,[31m4[31m♦[0m[0m]
p4 [[32mX[0m][[32mX[0m][5♠]
p5 [[32mX[0m][[32mX[0m][6♣,[31m5[31m♦[0m[0m]
p6 [[32mX[0m][[32mX[0m][[32mX[0m][[32mX[0m][[31mJ[31m♥[0m[0m]
p7 [[32mX[0m][[32mX[0m][[32mX[0m][[32mX[0m][2♣]
cmd:  f1    f2    f3    f4      s  |moves: 11|
( [31mA[31m♥[0m[0m) ( 2♠) ( - ) ( - )   <[31m6[31m♦[0m[0m>  |Score: 65|
p1 [[31mJ[31m♦[0m[0m,10♠]
p2 [[32mX[0m][J♠,[31m10[31m♥[0m[0m]
p3 [[32mX[0m][[32mX[0m][5♣,[31m4[31m♦[0m[0m]
p4 [[32mX[0m][[32mX[0m][5♠]
p5 [[32mX[0m][[32mX[0m][6♣,[31m5[31m♦[0m[0m]
p6 [[32mX[0m][[32mX[0m][[32mX[0m][[32mX[0m][[31mJ[31m♥[0m[0m,10♣]
p7 [[32mX[0m][[32mX[0m][[32mX[0m][[32mX[0m][2♣]
cmd:  f1    f2    f3    f4      s  |moves: 11|
( [31mA[31m♥[0m[0m) ( 2♠) ( - ) ( - )   <[31m9[31m♦[0m[0m>  |Score: 65|
p1 [[31mJ[31m♦[0m[0m,10♠]
p2 [[32mX[0m][J♠,[31m10[31m♥[0m[0m]
p3 [[32mX[0m][[32mX[0m][5♣,[31m4[31m♦[0m[0m]
p4 [[32mX[0m][[32mX[0m][5♠]
p5 [[32mX[0m][[32mX[0m][6♣,[31m5[31m♦[0m[0m]
p6 [[32mX[0m][[32mX[0m][[32mX[0m][[32mX[0m][[31mJ[31m♥[0m[0m,10♣]
p7 [[32mX[0m][[32mX[0m][[32mX[0m][[32mX[0m][2♣]
cmd:  f1    f2    f3    f4      s  |moves: 11|
( [31mA[31m♥[0m[0m) ( 2♠) ( - ) ( - )   <[31m6[31m♦[0m[0m>  |Score: 70|
p1 [[31mJ[31m♦[0m[0m,10♠]
p2 [[32mX[0m][J♠,[31m10[31m♥[0m[0m]
p3 [[32mX[0m][[32mX[0m][5♣,[31m4[31m♦[0m[0m]
p4 [[32mX[0m][[32mX[0m][5♠]
p5 [[32mX[0m][[32mX[0m][6♣,[31m5[31m♦[0m[0m]
p6 [[32mX[0m][[32mX[0m][[32mX[0m][[32mX[0m][[31mJ[31m♥[0m[0m,10♣,[31m9[31m♦[0m[0m]
p7 [[32mX[0m][[32mX[0m][[32mX[0m][[32mX[0m][2♣]
cmd:  f1    f2    f3    f4      s  |moves: 11|
( [31mA[31m♥[0m[0m) ( 2♠) ( - ) ( - )   <[31mK[31m♦[0m[0m>  |Score: 70|
p1 [[31mJ[31m♦[0m[0m,10♠]
p2 [[32mX[0m][J♠,[31m10[31m♥[0m[0m]
p3 [[32mX[0m][[32mX[0m][5♣,[31m4[31m♦[0m[0m]
p4 [[32mX[0m][[32mX[0m][5♠]
p5 [[32mX[0m][[32mX[0m][6♣,[31m5[31m♦[0m[0m]
p6 [[32mX[0m][[32mX[0m][[32mX[0m][[32mX[0m][[31mJ[31m♥[0m[0m,10♣,[31m9[31m♦[0m[0m]
p7 [[32mX[0m][[32mX[0m][[32mX[0m][[32mX[0m][2♣]
cmd:  f1    f2    f3    f4      s  |moves: 11|
( [31mA[31m♥[0m[0m) ( 2♠) ( - ) ( - )   <[31mK[31m♥[0m[0m>  |Score: 70|
p1 [[31mJ[31m♦[0m[0m,10♠]
p2 [[32mX[0m][J♠,[31m10[31m♥[0m[0m]
p3 [[32mX[0m][[32mX[0m][5♣,[31m4[31m♦[0m[0m]
p4 [[32mX[0m][[32mX[0m][5♠]
p5 [[32mX[0m][[32mX[0m][6♣,[31m5[31m♦[0m[0m]
p6 [[32mX[0m][[32mX[0m][[32mX[0m][[32mX[0m][[31mJ[31m♥[0m[0m,10♣,[31m9[31m♦[0m[0m]
p7 [[32mX[0m][[32mX[0m][[32mX[0m][[32mX[0m][2♣]
cmd:  f1    f2    f3    f4      s  |moves: 11|
( [31mA[31m♥[0m[0m) ( 2♠) ( - ) ( - )   <[31m2[31m♥[0m[0m>  |Score: 70|
p1 [[31mJ[31m♦[0m[0m,10♠]
p2 [[32mX[0m][J♠,[31m10[31m♥[0m[0m]
p3 [[32mX[0m][[32mX[0m][5♣,[31m4[31m♦[0m[0m]
p4 [[32mX[0m][[32mX[0m][5♠]
p5 [[32mX[0m][[32mX[0m][6♣,[31m5[31m♦[0m[0m]
p6 [[32mX[0m][[32mX[0m][[32mX[0m][[32mX[0m][[31mJ[31m♥[0m[0m,10♣,[31m9[31m♦[0m[0m]
p7 [[32mX[0m][[32mX[0m][[32mX[0m][[32mX[0m][2♣]
cmd:  f1    f2    f3    f4      s  |moves: 12|
( [31m2[31m♥[0m[0m) ( 2♠) ( - ) ( - )   <[31mK[31m♥[0m[0m>  |Score: 80|
p1 [[31mJ[31m♦[0m[0m,10♠]
p2 [[32mX[0m][J♠,[31m10[31m♥[0m[0m]
p3 [[32mX[0m][[32mX[0m][5♣,[31m4[31m♦[0m[0m]
p4 [[32mX[0m][[32mX[0m][5♠]
p5 [[32mX[0m][[32mX[0m][6♣,[31m5[31m♦[0m[0m]
p6 [[32mX[0m][[32mX[0m][[32mX[0m][[32mX[0m][[31mJ[31m♥[0m[0m,10♣,[31m9[31m♦[0m[0m]
p7 [[32mX[0m][[32mX[0m][[32mX[0m][[32mX[0m][2♣]
cmd:  f1    f2    f3    f4      s  |moves: 12|
( [31m2[31m♥[0m[0m) ( 2♠) ( - ) ( - )   <[31mQ[31m♥[0m[0m>  |Score: 80|
p1 [[31mJ[31m♦[0m[0m,10♠]
p2 [[32mX[0m][J♠,[31m10[31m♥[0m[0m]
p3 [[32mX[0m][[32mX[0m][5♣,[31m4[31m♦[0m[0m]
p4 [[32mX[0m][[32mX[0m][5♠]
p5 [[32mX[0m][[32mX[0m][6♣,[31m5[31m♦[0m[0m]
p6 [[32mX[0m][[32mX[0m][[32mX[0m][[32mX[0m][[31mJ[31m♥[0m[0m,10♣,[31m9[31m♦[0m[0m]
p7 [[32mX[0m][[32mX[0m][[32mX[0m][[32mX[0m][2♣]
cmd:  f1    f2    f3    f4      s  |moves: 12|
( [31m2[31m♥[0m[0m) ( 2♠) ( - ) ( - )   <9♣>  |Score: 80|
p1 [[31mJ[31m♦[0m[0m,10♠]
p2 [[32mX[0m][J♠,[31m10[31m♥[0m[0m]
p3 [[32mX[0m][[32mX[0m][5♣,[31m4[31m♦[0m[0m]
p4 [[32mX[0m][[32mX[0m][5♠]
p5 [[32mX[0m][[32mX[0m][6♣,[31m5[31m♦[0m[0m]
p6 [[32mX[0m][[32mX[0m][[32mX[0m][[32mX[0m][[31mJ[31m♥[0m[0m,10♣,[31m9[31m♦[0m[0m]
p7 [[32mX[0m][[32mX[0m][[32mX[0m][[32mX[0m][2♣]
cmd:  f1    f2    f3    f4      s  |moves: 9|
( [31m2[31m♥[0m[0m) ( 2♠) ( - ) ( - )   <[31mQ[31m♥[0m[0m>  |Score: 85|
p1 [[31mJ[31m♦[0m[0m,10♠]
p2 [[32mX[0m][J♠,[31m10[31m♥[0m[0m,9♣]
p3 [[32mX[0m][[32mX[0m][5♣,[31m4[31m♦[0m[0m]
p4 [[32mX[0m][[32mX[0m][5♠]
p5 [[32mX[0m][[32mX[0m][6♣,[31m5[31m♦[0m[0m]
p6 [[32mX[0m][[32mX[0m][[32mX[0m][[32mX[0m][[31mJ[31m♥[0m[0m,10♣,[31m9[31m♦[0m[0m]
p7 [[32mX[0m][[32mX[0m][[32mX[0m][[32mX[0m][2♣]
cmd:  f1    f2    f3    f4      s  |moves: 9|
( [31m2[31m♥[0m[0m) ( 2♠) ( - ) ( - )   <A♣>  |Score: 85|
p1 [[31mJ[31m♦[0m[0m,10♠]
p2 [[32mX[0m][J♠,[31m10[31m♥[0m[0m,9♣]
p3 [[32mX[0m][[32mX[0m][5♣,[31m4[31m♦[0m[0m]
p4 [[32mX[0m][[32mX[0m][5♠]
p5 [[32mX[0m][[32mX[0m][6♣,[31m5[31m♦[0m[0m]
p6 [[32mX[0m][[32mX[0m][[32mX[0m][[32mX[0m][[31mJ[31m♥[0m[0m,10♣,[31m9[31m♦[0m[0m]
p7 [[32mX[0m][[32mX[0m][[32mX[0m][[32mX[0m][2♣]
cmd:  f1    f2    f3    f4      s  |moves: 9|
( [31m2[31m♥[0m[0m) ( 2♠) ( - ) ( A♣)   <[31mQ[31m♥[0m[0m>  |Score: 95|
p1 [[31mJ[31m♦[0m[0m,10♠]
p2 [[32mX[0m][J♠,[31m10[31m♥[0m[0m,9♣]
p3 [[32mX[0m][[32mX[0m][5♣,[31m4[31m♦[0m[0m]
p4 [[32mX[0m][[32mX[0m][5♠]
p5 [[32mX[0m][[32mX[0m][6♣,[31m5[31m♦[0m[0m]
p6 [[32mX[0m][[32mX[0m][[32mX[0m][[32mX[0m][[31mJ[31m♥[0m[0m,10♣,[31m9[31m♦[0m[0m]
p7 [[32mX[0m][[32mX[0m][[32mX[0m][[32mX[0m][2♣]
cmd:  f1    f2    f3    f4      s  |moves: 9|
( [31m2[31m♥[0m[0m) ( 2♠) ( - ) ( 2♣)   <[31mQ[31m♥[0m[0m>  |Score: 110|
p1 [[31mJ[31m♦[0m[0m,10♠]
p2 [[32mX[0m][J♠,[31m10[31m♥[0m[0m,9♣]
p3 [[32mX[0m][[32mX[0m][5♣,[31m4[31m♦[0m[0m]
p4 [[32mX[0m][[32mX[0m][5♠]
p5 [[32mX[0m][[32mX[0m][6♣,[31m5[31m♦[0m[0m]
p6 [[32mX[0m][[32mX[0m][[32mX[0m][[32mX[0m][[31mJ[31m♥[0m[0m,10♣,[31m9[31m♦[0m[0m]
p7 [[32mX[0m][[32mX[0m][[32mX[0m][[31m8[31m♦[0m[0m]
cmd:  f1    f2    f3    f4      s  |moves: 10|
( [31m2[31m♥[0m[0m) ( 2♠) ( - ) ( 2♣)   <[31mQ[31m♥[0m[0m>  |Score: 115|
p1 [[31mJ[31m♦[0m[0m,10♠]
p2 [[32mX[0m][J♠,[31m10[31m♥[0m[0m,9♣,[31m8[31m♦[0m[0m]
p3 [[32mX[0m][[32mX[0m][5♣,[31m4[31m♦[0m[0m]
p4 [[32mX[0m][[32mX[0m][5♠]
p5 [[32mX[0m][[32mX[0m][6♣,[31m5[31m♦[0m[0m]
p6 [[32mX[0m][[32mX[0m][[32mX[0m][[32mX[0m][[31mJ[31m♥[0m[0m,10♣,[31m9[31m♦[0m[0m]
p7 [[32mX[0m][[32mX[0m][4♠]
cmd:  f1    f2    f3    f4      s  |moves: 9|
( [31m2[31m♥[0m[0m) ( 2♠) ( - ) ( 2♣)   <[31mQ[31m♥[0m[0m>  |Score: 120|
p1 [[31mJ[31m♦[0m[0m,10♠]
p2 [[32mX[0m][J♠,[31m10[31m♥[0m[0m,9♣,[31m8[31m♦[0m[0m]
p3 [[32mX[0m][[32mX[0m][5♣,[31m4[31m♦[0m[0m]
p4 [[32mX[0m][[32mX[0m][5♠]
p5 [[32mX[0m][[32mX[0m][6♣,[31m5[31m♦[0m[0m,4♠]
p6 [[32mX[0m][[32mX[0m][[32mX[0m][[32mX[0m][[31mJ[31m♥[0m[0m,10♣,[31m9[31m♦[0m[0m]
p7 [[32mX[0m][[31mQ[31m♦[0m[0m]
cmd:  f1    f2    f3    f4      s  |moves: 10|
( [31m2[31m♥[0m[0m) ( 2♠) ( - ) ( 2♣)   <[31mQ[31m♥[0m[0m>  |Score: 125|
p1 [[31mJ[31m♦[0m[0m,10♠]
p2 [8♠]
p3 [[32mX[0m][[32mX[0m][5♣,[31m4[31m♦[0m[0m]
p4 [[32mX[0m][[32mX[0m][5♠]
p5 [[32mX[0m][[32mX[0m][6♣,[31m5[31m♦[0m[0m,4♠]
p6 [[32mX[0m][[32mX[0m][[32mX[0m][[32mX[0m][[31mJ[31m♥[0m[0m,10♣,[31m9[31m♦[0m[0m]
p7 [[32mX[0m][[31mQ[31m♦[0m[0m,J♠,[31m10[31m♥[0m[0m,9♣,[31m8[31m♦[0m[0m]
cmd:  f1    f2    f3    f4      s  |moves: 10|
( [31m2[31m♥[0m[0m) ( 2♠) ( - ) ( 2♣)   <[31mQ[31m♥[0m[0m>  |Score: 125|
p1 [[31mJ[31m♦[0m[0m,10♠]
p2 
p3 [[32mX[0m][[32mX[0m][5♣,[31m4[31m♦[0m[0m]
p4 [[32mX[0m][[32mX[0m][5♠]
p5 [[32mX[0m][[32mX[0m][6♣,[31m5[31m♦[0m[0m,4♠]
p6 [[32mX[0m][[32mX[0m][[32mX[0m][[32mX[0m][[31mJ[31m♥[0m[0m,10♣,[31m9[31m♦[0m[0m,8♠]
p7 [[32mX[0m][[31mQ[31m♦[0m[0m,J♠,[31m10[31m♥[0m[0m,9♣,[31m8[31m♦[0m[0m]
cmd:  f1    f2    f3    f4      s  |moves: 10|
( [31m2[31m♥[0m[0m) ( 2♠) ( - ) ( 2♣)   <[31m7[31m♦[0m[0m>  |Score: 125|
p1 [[31mJ[31m♦[0m[0m,10♠]
p2 
p3 [[32mX[0m][[32mX[0m][5♣,[31m4[31m♦[0m[0m]
p4 [[32mX[0m][[32mX[0m][5♠]
p5 [[32mX[0m][[32mX[0m][6♣,[31m5[31m♦[0m[0m,4♠]
p6 [[32mX[0m][[32mX[0m][[32mX[0m][[32mX[0m][[31mJ[31m♥[0m[0m,10♣,[31m9[31m♦[0m[0m,8♠]
p7 [[32mX[0m][[31mQ[31m♦[0m[0m,J♠,[31m10[31m♥[0m[0m,9♣,[31m8[31m♦[0m[0m]
cmd:  f1    f2    f3    f4      s  |moves: 11|
( [31m2[31m♥[0m[0m) ( 2♠) ( - ) ( 2♣)   <[31mQ[31m♥[0m[0m>  |Score: 130|
p1 [[31mJ[31m♦[0m[0m,10♠]
p2 
p3 [[32mX[0m][[32mX[0m][5♣,[31m4[31m♦[0m[0m]
p4 [[32mX[0m][[32mX[0m][5♠]
p5 [[32mX[0m][[32mX[0m][6♣,[31m5[31m♦[0m[0m,4♠]
p6 [[32mX[0m][[32mX[0m][[32mX[0m][[32mX[0m][[31mJ[31m♥[0m[0m,10♣,[31m9[31m♦[0m[0m,8♠,[31m7[31m♦[0m[0m]
p7 [[32mX[0m][[31mQ[31m♦[0m[0m,J♠,[31m10[31m♥[0m[0m,9♣,[31m8[31m♦[0m[0m]
cmd:  f1    f2    f3    f4      s  |moves: 11|
( [31m2[31m♥[0m[0m) ( 2♠) ( - ) ( 2♣)   <[31mQ[31m♥[0m[0m>  |Score: 130|
p1 [[31mJ[31m♦[0m[0m,10♠]
p2 
p3 [[32mX[0m][[32mX[0m][5♣,[31m4[31m♦[0m[0m]
p4 [[32mX[0m][[32mX[0m][5♠]
p5 [[32mX[0m][[32mX[0m][6♣,[31m5[31m♦[0m[0m,4♠]
p6 [[32mX[0m][[32mX[0m][[32mX[0m][[32mX[0m][[31mJ[31m♥[0m[0m,10♣,[31m9[31m♦[0m[0m,8♠,[31m7[31m♦[0m[0m]
p7 [[32mX[0m][[31mQ[31m♦[0m[0m,J♠,[31m10[31m♥[0m[0m,9♣,[31m8[31m♦[0m[0m]
cmd:  f1    f2    f3    f4      s  |moves: 11|
( [31m2[31m♥[0m[0m) ( 2♠) ( - ) ( 2♣)   <[31mQ[31m♥[0m[0m>  |Score: 135|
p1 [[31mJ[31m♦[0m[0m,10♠]
p2 
p3 [[32mX[0m][[32mX[0m][5♣,[31m4[31m♦[0m[0m]
p4 [[32mX[0m][[32mX[0m][5♠]
p5 [[32mX[0m][8♣]
p6 [[32mX[0m][[32mX[0m][[32mX[0m][[32mX[0m][[31mJ[31m♥[0m[0m,10♣,[31m9[31m♦[0m[0m,8♠,[31m7[31m♦[0m[0m,6♣,[31m5[31m♦[0m[0m,4♠]
p7 [[32mX[0m][[31mQ[31m♦[0m[0m,J♠,[31m10[31m♥[0m[0m,9♣,[31m8[31m♦[0m[0m]
cmd:  f1    f2    f3    f4      s  |moves: 11|
( [31m2[31m♥[0m[0m) ( 2♠) ( - ) ( 2♣)   <[31m4[31m♥[0m[0m>  |Score: 135|
p1 [[31mJ[31m♦[0m[0m,10♠]
p2 
p3 [[32mX[0m][[32mX[0m][5♣,[31m4[31m♦[0m[0m]
p4 [[32mX[0m][[32mX[0m][5♠]
p5 [[32mX[0m][8♣]
p6 [[32mX[0m][[32mX[0m][[32mX[0m][[32mX[0m][[31mJ[31m♥[0m[0m,10♣,[31m9[31m♦[0m[0m,8♠,[31m7[31m♦[0m[0m,6♣,[31m5[31m♦[0m[0m,4♠]
p7 [[32mX[0m][[31mQ[31m♦[0m[0m,J♠,[31m10[31m♥[0m[0m,9♣,[31m8[31m♦[0m[0m]
cmd:  f1    f2    f3    f4      s  |moves: 9|
( [31m2[31m♥[0m[0m) ( 2♠) ( - ) ( 2♣)   <[31mQ[31m♥[0m[0m>  |Score: 140|
p1 [[31mJ[31m♦[0m[0m,10♠]
p2 
p3 [[32mX[0m][[32mX[0m][5♣,[31m4[31m♦[0m[0m]
p4 [[32mX[0m][[32mX[0m][5♠,[31m4[31m♥[0m[0m]
p5 [[32mX[0m][8♣]
p6 [[32mX[0m][[32mX[0m][[32mX[0m][[32mX[0m][[31mJ[31m♥[0m[0m,10♣,[31m9[31m♦[0m[0m,8♠,[31m7[31m♦[0m[0m,6♣,[31m5[31m♦[0m[0m,4♠]
p7 [[32mX[0m][[31mQ[31m♦[0m[0m,J♠,[31m10[31m♥[0m[0m,9♣,[31m8[31m♦[0m[0m]
cmd:  f1    f2    f3    f4      s  |moves: 9|
( [31m2[31m♥[0m[0m) ( 2♠) ( - ) ( 2♣)   <K♠>  |Score: 140|
p1 [[31mJ[31m♦[0m[0m,10♠]
p2 
p3 [[32mX[0m][[32mX[0m][5♣,[31m4[31m♦[0m[0m]
p4 [[32mX[0m][[32mX[0m][5♠,[31m4[31m♥[0m[0m]
p5 [[32mX[0m][8♣]
p6 [[32mX[0m][[32mX[0m][[32mX[0m][[32mX[0m][[31mJ[31m♥[0m[0m,10♣,[31m9[31m♦[0m[0m,8♠,[31m7[31m♦[0m[0m,6♣,[31m5[31m♦[0m[0m,4♠]
p7 [[32mX[0m][[31mQ[31m♦[0m[0m,J♠,[31m10[31m♥[0m[0m,9♣,[31m8[31m♦[0m[0m]
cmd:  f1    f2    f3    f4      s  |moves: 10|
( [31m2[31m♥[0m[0m) ( 2♠) ( - ) ( 2♣)   <[31mQ[31m♥[0m[0m>  |Score: 145|
p1 [[31mJ[31m♦[0m[0m,10♠]
p2 [K♠]
p3 [[32mX[0m][[32mX[0m][5♣,[31m4[31m♦[0m[0m]
p4 [[32mX[0m][[32mX[0m][5♠,[31m4[31m♥[0m[0m]
p5 [[32mX[0m][8♣]
p6 [[32mX[0m][[32mX[0m][[32mX[0m][[32mX[0m][[31mJ[31m♥[0m[0m,10♣,[31m9[31m♦[0m[0m,8♠,[31m7[31m♦[0m[0m,6♣,[31m5[31m♦[0m[0m,4♠]
p7 [[32mX[0m][[31mQ[31m♦[0m[0m,J♠,[31m10[31m♥[0m[0m,9♣,[31m8[31m♦[0m[0m]
cmd:  f1    f2    f3    f4      s  |moves: 9|
( [31m2[31m♥[0m[0m) ( 2♠) ( - ) ( 2♣)   <[31mQ[31m♥[0m[0m>  |Score: 150|
p1 [[31mJ[31m♦[0m[0m,10♠]
p2 [K♠,[31mQ[31m♦[0m[0m,J♠,[31m10[31m♥[0m[0m,9♣,[31m8[31m♦[0m[0m]
p3 [[32mX[0m][[32mX[0m][5♣,[31m4[31m♦[0m[0m]
p4 [[32mX[0m][[32mX[0m][5♠,[31m4[31m♥[0m[0m]
p5 [[32mX[0m][8♣]
p6 [[32mX[0m][[32mX[0m][[32mX[0m][[32mX[0m][[31mJ[31m♥[0m[0m,10♣,[31m9[31m♦[0m[0m,8♠,[31m7[31m♦[0m[0m,6♣,[31m5[31m♦[0m[0m,4♠]
p7 [J♣]
cmd:  f1    f2    f3    f4      s  |moves: 9|
( [31m2[31m♥[0m[0m) ( 2♠) ( - ) ( 2♣)   <4♣>  |Score: 150|
p1 [[31mJ[31m♦[0m[0m,10♠]
p2 [K♠,[31mQ[31m♦[0m[0m,J♠,[31m10[31m♥[0m[0m,9♣,[31m8[31m♦[0m[0m]
p3 [[32mX[0m][[32mX[0m][5♣,[31m4[31m♦[0m[0m]
p4 [[32mX[0m][[32mX[0m][5♠,[31m4[31m♥[0m[0m]
p5 [[32mX[0m][8♣]
p6 [[32mX[0m][[32mX[0m][[32mX[0m][[32mX[0m][[31mJ[31m♥[0m[0m,10♣,[31m9[31m♦[0m[0m,8♠,[31m7[31m♦[0m[0m,6♣,[31m5[31m♦[0m[0m,4♠]
p7 [J♣]
cmd:  f1    f2    f3    f4      s  |moves: 9|
( [31m2[31m♥[0m[0m) ( 2♠) ( - ) ( 2♣)   <[31m7[31m♥[0m[0m>  |Score: 150|
p1 [[31mJ[31m♦[0m[0m,10♠]
p2 [K♠,[31mQ[31m♦[0m[0m,J♠,[31m10[31m♥[0m[0m,9♣,[31m8[31m♦[0m[0m]
p3 [[32mX[0m][[32mX[0m][5♣,[31m4[31m♦[0m[0m]
p4 [[32mX[0m][[32mX[0m][5♠,[31m4[31m♥[0m[0m]
p5 [[32mX[0m][8♣]
p6 [[32mX[0m][[32mX[0m][[32mX[0m][[32mX[0m][[31mJ[31m♥[0m[0m,10♣,[31m9[31m♦[0m[0m,8♠,[31m7[31m♦[0m[0m,6♣,[31m5[31m♦[0m[0m,4♠]
p7 [J♣]
cmd:  f1    f2    f3    f4      s  |moves: 9|
( [31m2[31m♥[0m[0m) ( 2♠) ( - ) ( 2♣)   <4♣>  |Score: 155|
p1 [[31mJ[31m♦[0m[0m,10♠]
p2 [K♠,[31mQ[31m♦[0m[0m,J♠,[31m10[31m♥[0m[0m,9♣,[31m8[31m♦[0m[0m]
p3 [[32mX[0m][[32mX[0m][5♣,[31m4[31m♦[0m[0m]
p4 [[32mX[0m][[32mX[0m][5♠,[31m4[31m♥[0m[0m]
p5 [[32mX[0m][8♣,[31m7[31m♥[0m[0m]
p6 [[32mX[0m][[32mX[0m][[32mX[0m][[32mX[0m][[31mJ[31m♥[0m[0m,10♣,[31m9[31m♦[0m[0m,8♠,[31m7[31m♦[0m[0m,6♣,[31m5[31m♦[0m[0m,4♠]
p7 [J♣]
cmd:  f1    f2    f3    f4      s  |moves: 9|
( [31m2[31m♥[0m[0m) ( 2♠) ( - ) ( 2♣)   <[31m5[31m♥[0m[0m>  |Score: 155|
p1 [[31mJ[31m♦[0m[0m,10♠]
p2 [K♠,[31mQ[31m♦[0m[0m,J♠,[31m10[31m♥[0m[0m,9♣,[31m8[31m♦[0m[0m]
p3 [[32mX[0m][[32mX[0m][5♣,[31m4[31m♦[0m[0m]
p4 [[32mX[0m][[32mX[0m][5♠,[31m4[31m♥[0m[0m]
p5 [[32mX[0m][8♣,[31m7[31m♥[0m[0m]
p6 [[32mX[0m][[32mX[0m][[32mX[0m][[32mX[0m][[31mJ[31m♥[0m[0m,10♣,[31m9[31m♦[0m[0m,8♠,[31m7[31m♦[0m[0m,6♣,[31m5[31m♦[0m[0m,4♠]
p7 [J♣]
cmd:  f1    f2    f3    f4      s  |moves: 9|
( [31m2[31m♥[0m[0m) ( 2♠) ( - ) ( 2♣)   <9♠>  |Score: 155|
p1 [[31mJ[31m♦[0m[0m,10♠]
p2 [K♠,[31mQ[31m♦[0m[0m,J♠,[31m10[31m♥[0m[0m,9♣,[31m8[31m♦[0m[0m]
p3 [[32mX[0m][[32mX[0m][5♣,[31m4[31m♦[0m[0m]
p4 [[32mX[0m][[32mX[0m][5♠,[31m4[31m♥[0m[0m]
p5 [[32mX[0m][8♣,[31m7[31m♥[0m[0m]
p6 [[32mX[0m][[32mX[0m][[32mX[0m][[32mX[0m][[31mJ[31m♥[0m[0m,10♣,[31m9[31m♦[0m[0m,8♠,[31m7[31m♦[0m[0m,6♣,[31m5[31m♦[0m[0m,4♠]
p7 [J♣]
cmd:  f1    f2    f3    f4      s  |moves: 9|
( [31m2[31m♥[0m[0m) ( 2♠) ( - ) ( 2♣)   <K♣>  |Score: 155|
p1 [[31mJ[31m♦[0m[0m,10♠]
p2 [K♠,[31mQ[31m♦[0m[0m,J♠,[31m10[31m♥[0m[0m,9♣,[31m8[31m♦[0m[0m]
p3 [[32mX[0m][[32mX[0m][5♣,[31m4[31m♦[0m[0m]
p4 [[32mX[0m][[32mX[0m][5♠,[31m4[31m♥[0m[0m]
p5 [[32mX[0m][8♣,[31m7[31m♥[0m[0m]
p6 [[32mX[0m][[32mX[0m][[32mX[0m][[32mX[0m][[31mJ[31m♥[0m[0m,10♣,[31m9[31m♦[0m[0m,8♠,[31m7[31m♦[0m[0m,6♣,[31m5[31m♦[0m[0m,4♠]
p7 [J♣]
cmd:  f1    f2    f3    f4      s  |moves: 9|
( [31m2[31m♥[0m[0m) ( 2♠) ( - ) ( 2♣)   <[31m6[31m♥[0m[0m>  |Score: 155|
p1 [[31mJ[31m♦[0m[0m,10♠]
p2 [K♠,[31mQ[31m♦[0m[0m,J♠,[31m10[31m♥[0m[0m,9♣,[31m8[31m♦[0m[0m]
p3 [[32mX[0m][[32mX[0m][5♣,[31m4[31m♦[0m[0m]
p4 [[32mX[0m][[32mX[0m][5♠,[31m4[31m♥[0m[0m]
p5 [[32mX[0m][8♣,[31m7[31m♥[0m[0m]
p6 [[32mX[0m][[32mX[0m][[32mX[0m][[32mX[0m][[31mJ[31m♥[0m[0m,10♣,[31m9[31m♦[0m[0m,8♠,[31m7[31m♦[0m[0m,6♣,[31m5[31m♦[0m[0m,4♠]
p7 [J♣]
cmd:  f1    f2    f3    f4      s  |moves: 9|
( [31m2[31m♥[0m[0m) ( 2♠) ( - ) ( 2♣)   <6♠>  |Score: 155|
p1 [[31mJ[31m♦[0m[0m,10♠]
p2 [K♠,[31mQ[31m♦[0m[0m,J♠,[31m10[31m♥[0m[0m,9♣,[31m8[31m♦[0m[0m]
p3 [[32mX[0m][[32mX[0m][5♣,[31m4[31m♦[0m[0m]
p4 [[32mX[0m][[32mX[0m][5♠,[31m4[31m♥[0m[0m]
p5 [[32mX[0m][8♣,[31m7[31m♥[0m[0m]
p6 [[32mX[0m][[32mX[0m][[32mX[0m][[32mX[0m][[31mJ[31m♥[0m[0m,10♣,[31m9[31m♦[0m[0m,8♠,[31m7[31m♦[0m[0m,6♣,[31m5[31m♦[0m[0m,4♠]
p7 [J♣]
cmd:  f1    f2    f3    f4      s  |moves: 9|
( [31m2[31m♥[0m[0m) ( 2♠) ( - ) ( 2♣)   <[31m6[31m♥[0m[0m>  |Score: 160|
p1 [[31mJ[31m♦[0m[0m,10♠]
p2 [K♠,[31mQ[31m♦[0m[0m,J♠,[31m10[31m♥[0m[0m,9♣,[31m8[31m♦[0m[0m]
p3 [[32mX[0m][[32mX[0m][5♣,[31m4[31m♦[0m[0m]
p4 [[32mX[0m][[32mX[0m][5♠,[31m4[31m♥[0m[0m]
p5 [[32mX[0m][8♣,[31m7[31m♥[0m[0m,6♠]
p6 [[32mX[0m][[32mX[0m][[32mX[0m][[32mX[0m][[31mJ[31m♥[0m[0m,10♣,[31m9[31m♦[0m[0m,8♠,[31m7[31m♦[0m[0m,6♣,[31m5[31m♦[0m[0m,4♠]
p7 [J♣]
cmd:  f1    f2    f3    f4      s  |moves: 9|
( [31m2[31m♥[0m[0m) ( 2♠) ( - ) ( 2♣)   <[31m3[31m♥[0m[0m>  |Score: 160|
p1 [[31mJ[31m♦[0m[0m,10♠]
p2 [K♠,[31mQ[31m♦[0m[0m,J♠,[31m10[31m♥[0m[0m,9♣,[31m8[31m♦[0m[0m]
p3 [[32mX[0m][[32mX[0m][5♣,[31m4[31m♦[0m[0m]
p4 [[32mX[0m][[32mX[0m][5♠,[31m4[31m♥[0m[0m]
p5 [[32mX[0m][8♣,[31m7[31m♥[0m[0m,6♠]
p6 [[32mX[0m][[32mX[0m][[32mX[0m][[32mX[0m][[31mJ[31m♥[0m[0m,10♣,[31m9[31m♦[0m[0m,8♠,[31m7[31m♦[0m[0m,6♣,[31m5[31m♦[0m[0m,4♠]
p7 [J♣]
cmd:  f1    f2    f3    f4      s  |moves: 9|
( [31m3[31m♥[0m[0m) ( 2♠) ( - ) ( 2♣)   <[31m6[31m♥[0m[0m>  |Score: 170|
p1 [[31mJ[31m♦[0m[0m,10♠]
p2 [K♠,[31mQ[31m♦[0m[0m,J♠,[31m10[31m♥[0m[0m,9♣,[31m8[31m♦[0m[0m]
p3 [[32mX[0m][[32mX[0m][5♣,[31m4[31m♦[0m[0m]
p4 [[32mX[0m][[32mX[0m][5♠,[31m4[31m♥[0m[0m]
p5 [[32mX[0m][8♣,[31m7[31m♥[0m[0m,6♠]
p6 [[32mX[0m][[32mX[0m][[32mX[0m][[32mX[0m][[31mJ[31m♥[0m[0m,10♣,[31m9[31m♦[0m[0m,8♠,[31m7[31m♦[0m[0m,6♣,[31m5[31m♦[0m[0m,4♠]
p7 [J♣]
cmd:  f1    f2    f3    f4      s  |moves: 9|
( [31m3[31m♥[0m[0m) ( 2♠) ( - ) ( 2♣)   <[31mA[31m♦[0m[0m>  |Score: 170|
p1 [[31mJ[31m♦[0m[0m,10♠]
p2 [K♠,[31mQ[31m♦[0m[0m,J♠,[31m10[31m♥[0m[0m,9♣,[31m8[31m♦[0m[0m]
p3 [[32mX[0m][[32mX[0m][5♣,[31m4[31m♦[0m[0m]
p4 [[32mX[0m][[32mX[0m][5♠,[31m4[31m♥[0m[0m]
p5 [[32mX[0m][8♣,[31m7[31m♥[0m[0m,6♠]
p6 [[32mX[0m][[32mX[0m][[32mX[0m][[32mX[0m][[31mJ[31m♥[0m[0m,10♣,[31m9[31m♦[0m[0m,8♠,[31m7[31m♦[0m[0m,6♣,[31m5[31m♦[0m[0m,4♠]
p7 [J♣]
cmd:  f1    f2    f3    f4      s  |moves: 8|
( [31m3[31m♥[0m[0m) ( 2♠) ( [31mA[31m♦[0m[0m) ( 2♣)   <[31m6[31m♥[0m[0m>  |Score: 180|
p1 [[31mJ[31m♦[0m[0m,10♠]
p2 [K♠,[31mQ[31m♦[0m[0m,J♠,[31m10[31m♥[0m[0m,9♣,[31m8[31m♦[0m[0m]
p3 [[32mX[0m][[32mX[0m][5♣,[31m4[31m♦[0m[0m]
p4 [[32mX[0m][[32mX[0m][5♠,[31m4[31m♥[0m[0m]
p5 [[32mX[0m][8♣,[31m7[31m♥[0m[0m,6♠]
p6 [[32mX[0m][[32mX[0m][[32mX[0m][[32mX[0m][[31mJ[31m♥[0m[0m,10♣,[31m9[31m♦[0m[0m,8♠,[31m7[31m♦[0m[0m,6♣,[31m5[31m♦[0m[0m,4♠]
p7 [J♣]
cmd:  f1    f2    f3    f4      s  |moves: 8|
( [31m3[31m♥[0m[0m) ( 2♠) ( [31mA[31m♦[0m[0m) ( 2♣)   <7♠>  |Score: 180|
p1 [[31mJ[31m♦[0m[0m,10♠]
p2 [K♠,[31mQ[31m♦[0m[0m,J♠,[31m10[31m♥[0m[0m,9♣,[31m8[31m♦[0m[0m]
p3 [[32mX[0m][[32mX[0m][5♣,[31m4[31m♦[0m[0m]
p4 [[32mX[0m][[32mX[0m][5♠,[31m4[31m♥[0m[0m]
p5 [[32mX[0m][8♣,[31m7[31m♥[0m[0m,6♠]
p6 [[32mX[0m][[32mX[0m][[32mX[0m][[32mX[0m][[31mJ[31m♥[0m[0m,10♣,[31m9[31m♦[0m[0m,8♠,[31m7[31m♦[0m[0m,6♣,[31m5[31m♦[0m[0m,4♠]
p7 [J♣]
cmd:  f1    f2    f3    f4      s  |moves: 8|
( [31m3[31m♥[0m[0m) ( 2♠) ( [31mA[31m♦[0m[0m) ( 2♣)   <[31m6[31m♥[0m[0m>  |Score: 185|
p1 [[31mJ[31m♦[0m[0m,10♠]
p2 [K♠,[31mQ[31m♦[0m[0m,J♠,[31m10[31m♥[0m[0m,9♣,[31m8[31m♦[0m[0m,7♠]
p3 [[32mX[0m][[32mX[0m][5♣,[31m4[31m♦[0m[0m]
p4 [[32mX[0m][[32mX[0m][5♠,[31m4[31m♥[0m[0m]
p5 [[32mX[0m][8♣,[31m7[31m♥[0m[0m,6♠]
p6 [[32mX[0m][[32mX[0m][[32mX[0m][[32mX[0m][[31mJ[31m♥[0m[0m,10♣,[31m9[31m♦[0m[0m,8♠,[31m7[31m♦[0m[0m,6♣,[31m5[31m♦[0m[0m,4♠]
p7 [J♣]
cmd:  f1    f2    f3    f4      s  |moves: 9|
( [31m3[31m♥[0m[0m) ( 2♠) ( [31mA[31m♦[0m[0m) ( 2♣)   <K♣>  |Score: 190|
p1 [[31mJ[31m♦[0m[0m,10♠]
p2 [K♠,[31mQ[31m♦[0m[0m,J♠,[31m10[31m♥[0m[0m,9♣,[31m8[31m♦[0m[0m,7♠,[31m6[31m♥[0m[0m]
p3 [[32mX[0m][[32mX[0m][5♣,[31m4[31m♦[0m[0m]
p4 [[32mX[0m][[32mX[0m][5♠,[31m4[31m♥[0m[0m]
p5 [[32mX[0m][8♣,[31m7[31m♥[0m[0m,6♠]
p6 [[32mX[0m][[32mX[0m][[32mX[0m][[32mX[0m][[31mJ[31m♥[0m[0m,10♣,[31m9[31m♦[0m[0m,8♠,[31m7[31m♦[0m[0m,6♣,[31m5[31m♦[0m[0m,4♠]
p7 [J♣]
cmd:  f1    f2    f3    f4      s  |moves: 9|
( [31m3[31m♥[0m[0m) ( 2♠) ( [31mA[31m♦[0m[0m) ( 2♣)   <K♣>  |Score: 195|
p1 [[31mJ[31m♦[0m[0m,10♠]
p2 [K♠,[31mQ[31m♦[0m[0m,J♠,[31m10[31m♥[0m[0m,9♣,[31m8[31m♦[0m[0m,7♠,[31m6[31m♥[0m[0m,5♣,[31m4[31m♦[0m[0m]
p3 [[32mX[0m][Q♠]
p4 [[32mX[0m][[32mX[0m][5♠,[31m4[31m♥[0m[0m]
p5 [[32mX[0m][8♣,[31m7[31m♥[0m[0m,6♠]
p6 [[32mX[0m][[32mX[0m][[32mX[0m][[32mX[0m][[31mJ[31m♥[0m[0m,10♣,[31m9[31m♦[0m[0m,8♠,[31m7[31m♦[0m[0m,6♣,[31m5[31m♦[0m[0m,4♠]
p7 [J♣]
cmd:  f1    f2    f3    f4      s  |moves: 9|
( [31m3[31m♥[0m[0m) ( 2♠) ( [31mA[31m♦[0m[0m) ( 2♣)   <K♣>  |Score: 200|
p1 [[31mJ[31m♦[0m[0m,10♠]
p2 [K♠,[31mQ[31m♦[0m[0m,J♠,[31m10[31m♥[0m[0m,9♣,[31m8[31m♦[0m[0m,7♠,[31m6[31m♥[0m[0m,5♣,[31m4[31m♦[0m[0m]
p3 [[32mX[0m][Q♠,[31mJ[31m♥[0m[0m,10♣,[31m9[31m♦[0m[0m,8♠,[31m7[31m♦[0m[0m,6♣,[31m5[31m♦[0m[0m,4♠]
p4 [[32mX[0m][[32mX[0m][5♠,[31m4[31m♥[0m[0m]
p5 [[32mX[0m][8♣,[31m7[31m♥[0m[0m,6♠]
p6 [[32mX[0m][[32mX[0m][[32mX[0m][Q♣]
p7 [J♣]
cmd:  f1    f2    f3    f4      s  |moves: 8|
( [31m3[31m♥[0m[0m) ( 2♠) ( [31mA[31m♦[0m[0m) ( 2♣)   <K♣>  |Score: 200|
p1 
p2 [K♠,[31mQ[31m♦[0m[0m,J♠,[31m10[31m♥[0m[0m,9♣,[31m8[31m♦[0m[0m,7♠,[31m6[31m♥[0m[0m,5♣,[31m4[31m♦[0m[0m]
p3 [[32mX[0m][Q♠,[31mJ[31m♥[0m[0m,10♣,[31m9[31m♦[0m[0m,8♠,[31m7[31m♦[0m[0m,6♣,[31m5[31m♦[0m[0m,4♠]
p4 [[32mX[0m][[32mX[0m][5♠,[31m4[31m♥[0m[0m]
p5 [[32mX[0m][8♣,[31m7[31m♥[0m[0m,6♠]
p6 [[32mX[0m][[32mX[0m][[32mX[0m][Q♣,[31mJ[31m♦[0m[0m,10♠]
p7 [J♣]
cmd:  f1    f2    f3    f4      s  |moves: 8|
( [31m3[31m♥[0m[0m) ( 2♠) ( [31mA[31m♦[0m[0m) ( 2♣)   <[31m9[31m♥[0m[0m>  |Score: 200|
p1 
p2 [K♠,[31mQ[31m♦[0m[0m,J♠,[31m10[31m♥[0m[0m,9♣,[31m8[31m♦[0m[0m,7♠,[31m6[31m♥[0m[0m,5♣,[31m4[31m♦[0m[0m]
p3 [[32mX[0m][Q♠,[31mJ[31m♥[0m[0m,10♣,[31m9[31m♦[0m[0m,8♠,[31m7[31m♦[0m[0m,6♣,[31m5[31m♦[0m[0m,4♠]
p4 [[32mX[0m][[32mX[0m][5♠,[31m4[31m♥[0m[0m]
p5 [[32mX[0m][8♣,[31m7[31m♥[0m[0m,6♠]
p6 [[32mX[0m][[32mX[0m][[32mX[0m][Q♣,[31mJ[31m♦[0m[0m,10♠]
p7 [J♣]
cmd:  f1    f2    f3    f4      s  |moves: 8|
( [31m3[31m♥[0m[0m) ( 2♠) ( [31mA[31m♦[0m[0m) ( 2♣)   <[31m6[31m♦[0m[0m>  |Score: 100|
p1 
p2 [K♠,[31mQ[31m♦[0m[0m,J♠,[31m10[31m♥[0m[0m,9♣,[31m8[31m♦[0m[0m,7♠,[31m6[31m♥[0m[0m,5♣,[31m4[31m♦[0m[0m]
p3 [[32mX[0m][Q♠,[31mJ[31m♥[0m[0m,10♣,[31m9[31m♦[0m[0m,8♠,[31m7[31m♦[0m[0m,6♣,[31m5[31m♦[0m[0m,4♠]
p4 [[32mX[0m][[32mX[0m][5♠,[31m4[31m♥[0m[0m]
p5 [[32mX[0m][8♣,[31m7[31m♥[0m[0m,6♠]
p6 [[32mX[0m][[32mX[0m][[32mX[0m][Q♣,[31mJ[31m♦[0m[0m,10♠]
p7 [J♣]
cmd:  f1    f2    f3    f4      s  |moves: 8|
( [31m3[31m♥[0m[0m) ( 2♠) ( [31mA[31m♦[0m[0m) ( 2♣)   <[31mK[31m♦[0m[0m>  |Score: 100|
p1 
p2 [K♠,[31mQ[31m♦[0m[0m,J♠,[31m10[31m♥[0m[0m,9♣,[31m8[31m♦[0m[0m,7♠,[31m6[31m♥[0m[0m,5♣,[31m4[31m♦[0m[0m]
p3 [[32mX[0m][Q♠,[31mJ[31m♥[0m[0m,10♣,[31m9[31m♦[0m[0m,8♠,[31m7[31m♦[0m[0m,6♣,[31m5[31m♦[0m[0m,4♠]
p4 [[32mX[0m][[32mX[0m][5♠,[31m4[31m♥[0m[0m]
p5 [[32mX[0m][8♣,[31m7[31m♥[0m[0m,6♠]
p6 [[32mX[0m][[32mX[0m][[32mX[0m][Q♣,[31mJ[31m♦[0m[0m,10♠]
p7 [J♣]
cmd:  f1    f2    f3    f4      s  |moves: 9|
( [31m3[31m♥[0m[0m) ( 2♠) ( [31mA[31m♦[0m[0m) ( 2♣)   <[31m6[31m♦[0m[0m>  |Score: 105|
p1 [[31mK[31m♦[0m[0m]
p2 [K♠,[31mQ[31m♦[0m[0m,J♠,[31m10[31m♥[0m[0m,9♣,[31m8[31m♦[0m[0m,7♠,[31m6[31m♥[0m[0m,5♣,[31m4[31m♦[0m[0m]
p3 [[32mX[0m][Q♠,[31mJ[31m♥[0m[0m,10♣,[31m9[31m♦[0m[0m,8♠,[31m7[31m♦[0m[0m,6♣,[31m5[31m♦[0m[0m,4♠]
p4 [[32mX[0m][[32mX[0m][5♠,[31m4[31m♥[0m[0m]
p5 [[32mX[0m][8♣,[31m7[31m♥[0m[0m,6♠]
p6 [[32mX[0m][[32mX[0m][[32mX[0m][Q♣,[31mJ[31m♦[0m[0m,10♠]
p7 [J♣]
cmd:  f1    f2    f3    f4      s  |moves: 8|
( [31m3[31m♥[0m[0m) ( 2♠) ( [31mA[31m♦[0m[0m) ( 2♣)   <[31m6[31m♦[0m[0m>  |Score: 110|
p1 [[31mK[31m♦[0m[0m,Q♠,[31mJ[31m♥[0m[0m,10♣,[31m9[31m♦[0m[0m,8♠,[31m7[31m♦[0m[0m,6♣,[31m5[31m♦[0m[0m,4♠]
p2 [K♠,[31mQ[31m♦[0m[0m,J♠,[31m10[31m♥[0m[0m,9♣,[31m8[31m♦[0m[0m,7♠,[31m6[31m♥[0m[0m,5♣,[31m4[31m♦[0m[0m]
p3 [[31m8[31m♥[0m[0m]
p4 [[32mX[0m][[32mX[0m][5♠,[31m4[31m♥[0m[0m]
p5 [[32mX[0m][8♣,[31m7[31m♥[0m[0m,6♠]
p6 [[32mX[0m][[32mX[0m][[32mX[0m][Q♣,[31mJ[31m♦[0m[0m,10♠]
p7 [J♣]
cmd:  f1    f2    f3    f4      s  |moves: 8|
( [31m3[31m♥[0m[0m) ( 2♠) ( [31mA[31m♦[0m[0m) ( 2♣)   <[31mK[31m♥[0m[0m>  |Score: 110|
p1 [[31mK[31m♦[0m[0m,Q♠,[31mJ[31m♥[0m[0m,10♣,[31m9[31m♦[0m[0m,8♠,[31m7[31m♦[0m[0m,6♣,[31m5[31m♦[0m[0m,4♠]
p2 [K♠,[31mQ[31m♦[0m[0m,J♠,[31m10[31m♥[0m[0m,9♣,[31m8[31m♦[0m[0m,7♠,[31m6[31m♥[0m[0m,5♣,[31m4[31m♦[0m[0m]
p3 [[31m8[31m♥[0m[0m]
p4 [[32mX[0m][[32mX[0m][5♠,[31m4[31m♥[0m[0m]
p5 [[32mX[0m][8♣,[31m7[31m♥[0m[0m,6♠]
p6 [[32mX[0m][[32mX[0m][[32mX[0m][Q♣,[31mJ[31m♦[0m[0m,10♠]
p7 [J♣]
cmd:  f1    f2    f3    f4      s  |moves: 8|
( [31m3[31m♥[0m[0m) ( 2♠) ( [31mA[31m♦[0m[0m) ( 2♣)   <[31mQ[31m♥[0m[0m>  |Score: 110|
p1 [[31mK[31m♦[0m[0m,Q♠,[31mJ[31m♥[0m[0m,10♣,[31m9[31m♦[0m[0m,8♠,[31m7[31m♦[0m[0m,6♣,[31m5[31m♦[0m[0m,4♠]
p2 [K♠,[31mQ[31m♦[0m[0m,J♠,[31m10[31m♥[0m[0m,9♣,[31m8[31m♦[0m[0m,7♠,[31m6[31m♥[0m[0m,5♣,[31m4[31m♦[0m[0m]
p3 [[31m8[31m♥[0m[0m]
p4 [[32mX[0m][[32mX[0m][5♠,[31m4[31m♥[0m[0m]
p5 [[32mX[0m][8♣,[31m7[31m♥[0m[0m,6♠]
p6 [[32mX[0m][[32mX[0m][[32mX[0m][Q♣,[31mJ[31m♦[0m[0m,10♠]
p7 [J♣]
cmd:  f1    f2    f3    f4      s  |moves: 8|
( [31m3[31m♥[0m[0m) ( 2♠) ( [31mA[31m♦[0m[0m) ( 2♣)   <4♣>  |Score: 110|
p1 [[31mK[31m♦[0m[0m,Q♠,[31mJ[31m♥[0m[0m,10♣,[31m9[31m♦[0m[0m,8♠,[31m7[31m♦[0m[0m,6♣,[31m5[31m♦[0m[0m,4♠]
p2 [K♠,[31mQ[31m♦[0m[0m,J♠,[31m10[31m♥[0m[0m,9♣,[31m8[31m♦[0m[0m,7♠,[31m6[31m♥[0m[0m,5♣,[31m4[31m♦[0m[0m]
p3 [[31m8[31m♥[0m[0m]
p4 [[32mX[0m][[32mX[0m][5♠,[31m4[31m♥[0m[0m]
p5 [[32mX[0m][8♣,[31m7[31m♥[0m[0m,6♠]
p6 [[32mX[0m][[32mX[0m][[32mX[0m][Q♣,[31mJ[31m♦[0m[0m,10♠]
p7 [J♣]
cmd:  f1    f2    f3    f4      s  |moves: 8|
( [31m3[31m♥[0m[0m) ( 2♠) ( [31mA[31m♦[0m[0m) ( 2♣)   <[31m5[31m♥[0m[0m>  |Score: 110|
p1 [[31mK[31m♦[0m[0m,Q♠,[31mJ[31m♥[0m[0m,10♣,[31m9[31m♦[0m[0m,8♠,[31m7[31m♦[0m[0m,6♣,[31m5[31m♦[0m[0m,4♠]
p2 [K♠,[31mQ[31m♦[0m[0m,J♠,[31m10[31m♥[0m[0m,9♣,[31m8[31m♦[0m[0m,7♠,[31m6[31m♥[0m[0m,5♣,[31m4[31m♦[0m[0m]
p3 [[31m8[31m♥[0m[0m]
p4 [[32mX[0m][[32mX[0m][5♠,[31m4[31m♥[0m[0m]
p5 [[32mX[0m][8♣,[31m7[31m♥[0m[0m,6♠]
p6 [[32mX[0m][[32mX[0m][[32mX[0m][Q♣,[31mJ[31m♦[0m[0m,10♠]
p7 [J♣]
cmd:  f1    f2    f3    f4      s  |moves: 8|
( [31m3[31m♥[0m[0m) ( 2♠) ( [31mA[31m♦[0m[0m) ( 2♣)   <9♠>  |Score: 110|
p1 [[31mK[31m♦[0m[0m,Q♠,[31mJ[31m♥[0m[0m,10♣,[31m9[31m♦[0m[0m,8♠,[31m7[31m♦[0m[0m,6♣,[31m5[31m♦[0m[0m,4♠]
p2 [K♠,[31mQ[31m♦[0m[0m,J♠,[31m10[31m♥[0m[0m,9♣,[31m8[31m♦[0m[0m,7♠,[31m6[31m♥[0m[0m,5♣,[31m4[31m♦[0m[0m]
p3 [[31m8[31m♥[0m[0m]
p4 [[32mX[0m][[32mX[0m][5♠,[31m4[31m♥[0m[0m]
p5 [[32mX[0m][8♣,[31m7[31m♥[0m[0m,6♠]
p6 [[32mX[0m][[32mX[0m][[32mX[0m][Q♣,[31mJ[31m♦[0m[0m,10♠]
p7 [J♣]
cmd:  f1    f2    f3    f4      s  |moves: 8|
( [31m3[31m♥[0m[0m) ( 2♠) ( [31mA[31m♦[0m[0m) ( 2♣)   <K♣>  |Score: 110|
p1 [[31mK[31m♦[0m[0m,Q♠,[31mJ[31m♥[0m[0m,10♣,[31m9[31m♦[0m[0m,8♠,[31m7[31m♦[0m[0m,6♣,[31m5[31m♦[0m[0m,4♠]
p2 [K♠,[31mQ[31m♦[0m[0m,J♠,[31m10[31m♥[0m[0m,9♣,[31m8[31m♦[0m[0m,7♠,[31m6[31m♥[0m[0m,5♣,[31m4[31m♦[0m[0m]
p3 [[31m8[31m♥[0m[0m]
p4 [[32mX[0m][[32mX[0m][5♠,[31m4[31m♥[0m[0m]
p5 [[32mX[0m][8♣,[31m7[31m♥[0m[0m,6♠]
p6 [[32mX[0m][[32mX[0m][[32mX[0m][Q♣,[31mJ[31m♦[0m[0m,10♠]
p7 [J♣]
cmd:  f1    f2    f3    f4      s  |moves: 8|
( [31m3[31m♥[0m[0m) ( 2♠) ( [31mA[31m♦[0m[0m) ( 2♣)   <[31m9[31m♥[0m[0m>  |Score: 110|
p1 [[31mK[31m♦[0m[0m,Q♠,[31mJ[31m♥[0m[0m,10♣,[31m9[31m♦[0m[0m,8♠,[31m7[31m♦[0m[0m,6♣,[31m5[31m♦[0m[0m,4♠]
p2 [K♠,[31mQ[31m♦[0m[0m,J♠,[31m10[31m♥[0m[0m,9♣,[31m8[31m♦[0m[0m,7♠,[31m6[31m♥[0m[0m,5♣,[31m4[31m♦[0m[0m]
p3 [[31m8[31m♥[0m[0m]
p4 [[32mX[0m][[32mX[0m][5♠,[31m4[31m♥[0m[0m]
p5 [[32mX[0m][8♣,[31m7[31m♥[0m[0m,6♠]
p6 [[32mX[0m][[32mX[0m][[32mX[0m][Q♣,[31mJ[31m♦[0m[0m,10♠]
p7 [J♣]
cmd:  f1    f2    f3    f4      s  |moves: 8|
( [31m3[31m♥[0m[0m) ( 2♠) ( [31mA[31m♦[0m[0m) ( 2♣)   <K♣>  |Score: 115|
p1 [[31mK[31m♦[0m[0m,Q♠,[31mJ[31m♥[0m[0m,10♣,[31m9[31m♦[0m[0m,8♠,[31m7[31m♦[0m[0m,6♣,[31m5[31m♦[0m[0m,4♠]
p2 [K♠,[31mQ[31m♦[0m[0m,J♠,[31m10[31m♥[0m[0m,9♣,[31m8[31m♦[0m[0m,7♠,[31m6[31m♥[0m[0m,5♣,[31m4[31m♦[0m[0m]
p3 [[31m8[31m♥[0m[0m]
p4 [[32mX[0m][[32mX[0m][5♠,[31m4[31m♥[0m[0m]
p5 [[32mX[0m][8♣,[31m7[31m♥[0m[0m,6♠]
p6 [[32mX[0m][[32mX[0m][[32mX[0m][Q♣,[31mJ[31m♦[0m[0m,10♠,[31m9[31m♥[0m[0m]
p7 [J♣]
cmd:  f1    f2    f3    f4      s  |moves: 9|
( [31m3[31m♥[0m[0m) ( 2♠) ( [31mA[31m♦[0m[0m) ( 2♣)   <K♣>  |Score: 120|
p1 [[31mK[31m♦[0m[0m,Q♠,[31mJ[31m♥[0m[0m,10♣,[31m9[31m♦[0m[0m,8♠,[31m7[31m♦[0m[0m,6♣,[31m5[31m♦[0m[0m,4♠]
p2 [K♠,[31mQ[31m♦[0m[0m,J♠,[31m10[31m♥[0m[0m,9♣,[31m8[31m♦[0m[0m,7♠,[31m6[31m♥[0m[0m,5♣,[31m4[31m♦[0m[0m]
p3 [[31m8[31m♥[0m[0m]
p4 [[32mX[0m][[32mX[0m][5♠,[31m4[31m♥[0m[0m]
p5 [[31m10[31m♦[0m[0m]
p6 [[32mX[0m][[32mX[0m][[32mX[0m][Q♣,[31mJ[31m♦[0m[0m,10♠,[31m9[31m♥[0m[0m,8♣,[31m7[31m♥[0m[0m,6♠]
p7 [J♣]
cmd:  f1    f2    f3    f4      s  |moves: 8|
( [31m3[31m♥[0m[0m) ( 2♠) ( [31mA[31m♦[0m[0m) ( 2♣)   <K♣>  |Score: 120|
p1 [[31mK[31m♦[0m[0m,Q♠,[31mJ[31m♥[0m[0m,10♣,[31m9[31m♦[0m[0m,8♠,[31m7[31m♦[0m[0m,6♣,[31m5[31m♦[0m[0m,4♠]
p2 [K♠,[31mQ[31m♦[0m[0m,J♠,[31m10[31m♥[0m[0m,9♣,[31m8[31m♦[0m[0m,7♠,[31m6[31m♥[0m[0m,5♣,[31m4[31m♦[0m[0m]
p3 [[31m8[31m♥[0m[0m]
p4 [[32mX[0m][[32mX[0m][5♠,[31m4[31m♥[0m[0m]
p5 
p6 [[32mX[0m][[32mX[0m][[32mX[0m][Q♣,[31mJ[31m♦[0m[0m,10♠,[31m9[31m♥[0m[0m,8♣,[31m7[31m♥[0m[0m,6♠]
p7 [J♣,[31m10[31m♦[0m[0m]
cmd:  f1    f2    f3    f4      s  |moves: 8|
( [31m3[31m♥[0m[0m) ( 2♠) ( [31mA[31m♦[0m[0m) ( 2♣)   <[31m6[31m♦[0m[0m>  |Score: 20|
p1 [[31mK[31m♦[0m[0m,Q♠,[31mJ[31m♥[0m[0m,10♣,[31m9[31m♦[0m[0m,8♠,[31m7[31m♦[0m[0m,6♣,[31m5[31m♦[0m[0m,4♠]
p2 [K♠,[31mQ[31m♦[0m[0m,J♠,[31m10[31m♥[0m[0m,9♣,[31m8[31m♦[0m[0m,7♠,[31m6[31m♥[0m[0m,5♣,[31m4[31m♦[0m[0m]
p3 [[31m8[31m♥[0m[0m]
p4 [[32mX[0m][[32mX[0m][5♠,[31m4[31m♥[0m[0m]
p5 
p6 [[32mX[0m][[32mX[0m][[32mX[0m][Q♣,[31mJ[31m♦[0m[0m,10♠,[31m9[31m♥[0m[0m,8♣,[31m7[31m♥[0m[0m,6♠]
p7 [J♣,[31m10[31m♦[0m[0m]
cmd:  f1    f2    f3    f4      s  |moves: 8|
( [31m3[31m♥[0m[0m) ( 2♠) ( [31mA[31m♦[0m[0m) ( 2♣)   <[31mK[31m♥[0m[0m>  |Score: 20|
p1 [[31mK[31m♦[0m[0m,Q♠,[31mJ[31m♥[0m[0m,10♣,[31m9[31m♦[0m[0m,8♠,[31m7[31m♦[0m[0m,6♣,[31m5[31m♦[0m[0m,4♠]
p2 [K♠,[31mQ[31m♦[0m[0m,J♠,[31m10[31m♥[0m[0m,9♣,[31m8[31m♦[0m[0m,7♠,[31m6[31m♥[0m[0m,5♣,[31m4[31m♦[0m[0m]
p3 [[31m8[31m♥[0m[0m]
p4 [[32mX[0m][[32mX[0m][5♠,[31m4[31m♥[0m[0m]
p5 
p6 [[32mX[0m][[32mX[0m][[32mX[0m][Q♣,[31mJ[31m♦[0m[0m,10♠,[31m9[31m♥[0m[0m,8♣,[31m7[31m♥[0m[0m,6♠]
p7 [J♣,[31m10[31m♦[0m[0m]
cmd:  f1    f2    f3    f4      s  |moves: 9|
( [31m3[31m♥[0m[0m) ( 2♠) ( [31mA[31m♦[0m[0m) ( 2♣)   <[31m6[31m♦[0m[0m>  |Score: 25|
p1 [[31mK[31m♦[0m[0m,Q♠,[31mJ[31m♥[0m[0m,10♣,[31m9[31m♦[0m[0m,8♠,[31m7[31m♦[0m[0m,6♣,[31m5[31m♦[0m[0m,4♠]
p2 [K♠,[31mQ[31m♦[0m[0m,J♠,[31m10[31m♥[0m[0m,9♣,[31m8[31m♦[0m[0m,7♠,[31m6[31m♥[0m[0m,5♣,[31m4[31m♦[0m[0m]
p3 [[31m8[31m♥[0m[0m]
p4 [[32mX[0m][[32mX[0m][5♠,[31m4[31m♥[0m[0m]
p5 [[31mK[31m♥[0m[0m]
p6 [[32mX[0m][[32mX[0m][[32mX[0m][Q♣,[31mJ[31m♦[0m[0m,10♠,[31m9[31m♥[0m[0m,8♣,[31m7[31m♥[0m[0m,6♠]
p7 [J♣,[31m10[31m♦[0m[0m]
cmd:  f1    f2    f3    f4      s  |moves: 8|
( [31m3[31m♥[0m[0m) ( 2♠) ( [31mA[31m♦[0m[0m) ( 2♣)   <[31m6[31m♦[0m[0m>  |Score: 30|
p1 [[31mK[31m♦[0m[0m,Q♠,[31mJ[31m♥[0m[0m,10♣,[31m9[31m♦[0m[0m,8♠,[31m7[31m♦[0m[0m,6♣,[31m5[31m♦[0m[0m,4♠]
p2 [K♠,[31mQ[31m♦[0m[0m,J♠,[31m10[31m♥[0m[0m,9♣,[31m8[31m♦[0m[0m,7♠,[31m6[31m♥[0m[0m,5♣,[31m4[31m♦[0m[0m]
p3 [[31m8[31m♥[0m[0m]
p4 [[32mX[0m][[32mX[0m][5♠,[31m4[31m♥[0m[0m]
p5 [[31mK[31m♥[0m[0m,Q♣,[31mJ[31m♦[0m[0m,10♠,[31m9[31m♥[0m[0m,8♣,[31m7[31m♥[0m[0m,6♠]
p6 [[32mX[0m][[32mX[0m][[31m2[31m♦[0m[0m]
p7 [J♣,[31m10[31m♦[0m[0m]
cmd:  f1    f2    f3    f4      s  |moves: 11|
( [31m3[31m♥[0m[0m) ( 2♠) ( [31m2[31m♦[0m[0m) ( 2♣)   <[31m6[31m♦[0m[0m>  |Score: 45|
p1 [[31mK[31m♦[0m[0m,Q♠,[31mJ[31m♥[0m[0m,10♣,[31m9[31m♦[0m[0m,8♠,[31m7[31m♦[0m[0m,6♣,[31m5[31m♦[0m[0m,4♠]
p2 [K♠,[31mQ[31m♦[0m[0m,J♠,[31m10[31m♥[0m[0m,9♣,[31m8[31m♦[0m[0m,7♠,[31m6[31m♥[0m[0m,5♣,[31m4[31m♦[0m[0m]
p3 [[31m8[31m♥[0m[0m]
p4 [[32mX[0m][[32mX[0m][5♠,[31m4[31m♥[0m[0m]
p5 [[31mK[31m♥[0m[0m,Q♣,[31mJ[31m♦[0m[0m,10♠,[31m9[31m♥[0m[0m,8♣,[31m7[31m♥[0m[0m,6♠]
p6 [[32mX[0m][3♣]
p7 [J♣,[31m10[31m♦[0m[0m]
cmd:  f1    f2    f3    f4      s  |moves: 14|
( [31m3[31m♥[0m[0m) ( 2♠) ( [31m2[31m♦[0m[0m) ( 3♣)   <[31m6[31m♦[0m[0m>  |Score: 60|
p1 [[31mK[31m♦[0m[0m,Q♠,[31mJ[31m♥[0m[0m,10♣,[31m9[31m♦[0m[0m,8♠,[31m7[31m♦[0m[0m,6♣,[31m5[31m♦[0m[0m,4♠]
p2 [K♠,[31mQ[31m♦[0m[0m,J♠,[31m10[31m♥[0m[0m,9♣,[31m8[31m♦[0m[0m,7♠,[31m6[31m♥[0m[0m,5♣,[31m4[31m♦[0m[0m]
p3 [[31m8[31m♥[0m[0m]
p4 [[32mX[0m][[32mX[0m][5♠,[31m4[31m♥[0m[0m]
p5 [[31mK[31m♥[0m[0m,Q♣,[31mJ[31m♦[0m[0m,10♠,[31m9[31m♥[0m[0m,8♣,[31m7[31m♥[0m[0m,6♠]
p6 [3♠]
p7 [J♣,[31m10[31m♦[0m[0m]
cmd:  f1    f2    f3    f4      s  |moves: 14|
( [31m3[31m♥[0m[0m) ( 3♠) ( [31m2[31m♦[0m[0m) ( 3♣)   <[31m6[31m♦[0m[0m>  |Score: 70|
p1 [[31mK[31m♦[0m[0m,Q♠,[31mJ[31m♥[0m[0m,10♣,[31m9[31m♦[0m[0m,8♠,[31m7[31m♦[0m[0m,6♣,[31m5[31m♦[0m[0m,4♠]
p2 [K♠,[31mQ[31m♦[0m[0m,J♠,[31m10[31m♥[0m[0m,9♣,[31m8[31m♦[0m[0m,7♠,[31m6[31m♥[0m[0m,5♣,[31m4[31m♦[0m[0m]
p3 [[31m8[31m♥[0m[0m]
p4 [[32mX[0m][[32mX[0m][5♠,[31m4[31m♥[0m[0m]
p5 [[31mK[31m♥[0m[0m,Q♣,[31mJ[31m♦[0m[0m,10♠,[31m9[31m♥[0m[0m,8♣,[31m7[31m♥[0m[0m,6♠]
p6 
p7 [J♣,[31m10[31m♦[0m[0m]
cmd:  f1    f2    f3    f4      s  |moves: 12|
( [31m3[31m♥[0m[0m) ( 4♠) ( [31m2[31m♦[0m[0m) ( 3♣)   <[31m6[31m♦[0m[0m>  |Score: 80|
p1 [[31mK[31m♦[0m[0m,Q♠,[31mJ[31m♥[0m[0m,10♣,[31m9[31m♦[0m[0m,8♠,[31m7[31m♦[0m[0m,6♣,[31m5[31m♦[0m[0m]
p2 [K♠,[31mQ[31m♦[0m[0m,J♠,[31m10[31m♥[0m[0m,9♣,[31m8[31m♦[0m[0m,7♠,[31m6[31m♥[0m[0m,5♣,[31m4[31m♦[0m[0m]
p3 [[31m8[31m♥[0m[0m]
p4 [[32mX[0m][[32mX[0m][5♠,[31m4[31m♥[0m[0m]
p5 [[31mK[31m♥[0m[0m,Q♣,[31mJ[31m♦[0m[0m,10♠,[31m9[31m♥[0m[0m,8♣,[31m7[31m♥[0m[0m,6♠]
p6 
p7 [J♣,[31m10[31m♦[0m[0m]
cmd:  f1    f2    f3    f4      s  |moves: 12|
( [31m3[31m♥[0m[0m) ( 4♠) ( [31m2[31m♦[0m[0m) ( 3♣)   <[31mQ[31m♥[0m[0m>  |Score: 80|
p1 [[31mK[31m♦[0m[0m,Q♠,[31mJ[31m♥[0m[0m,10♣,[31m9[31m♦[0m[0m,8♠,[31m7[31m♦[0m[0m,6♣,[31m5[31m♦[0m[0m]
p2 [K♠,[31mQ[31m♦[0m[0m,J♠,[31m10[31m♥[0m[0m,9♣,[31m8[31m♦[0m[0m,7♠,[31m6[31m♥[0m[0m,5♣,[31m4[31m♦[0m[0m]
p3 [[31m8[31m♥[0m[0m]
p4 [[32mX[0m][[32mX[0m][5♠,[31m4[31m♥[0m[0m]
p5 [[31mK[31m♥[0m[0m,Q♣,[31mJ[31m♦[0m[0m,10♠,[31m9[31m♥[0m[0m,8♣,[31m7[31m♥[0m[0m,6♠]
p6 
p7 [J♣,[31m10[31m♦[0m[0m]
cmd:  f1    f2    f3    f4      s  |moves: 12|
( [31m3[31m♥[0m[0m) ( 4♠) ( [31m2[31m♦[0m[0m) ( 3♣)   <4♣>  |Score: 80|
p1 [[31mK[31m♦[0m[0m,Q♠,[31mJ[31m♥[0m[0m,10♣,[31m9[31m♦[0m[0m,8♠,[31m7[31m♦[0m[0m,6♣,[31m5[31m♦[0m[0m]
p2 [K♠,[31mQ[31m♦[0m[0m,J♠,[31m10[31m♥[0m[0m,9♣,[31m8[31m♦[0m[0m,7♠,[31m6[31m♥[0m[0m,5♣,[31m4[31m♦[0m[0m]
p3 [[31m8[31m♥[0m[0m]
p4 [[32mX[0m][[32mX[0m][5♠,[31m4[31m♥[0m[0m]
p5 [[31mK[31m♥[0m[0m,Q♣,[31mJ[31m♦[0m[0m,10♠,[31m9[31m♥[0m[0m,8♣,[31m7[31m♥[0m[0m,6♠]
p6 
p7 [J♣,[31m10[31m♦[0m[0m]
cmd:  f1    f2    f3    f4      s  |moves: 9|
( [31m3[31m♥[0m[0m) ( 4♠) ( [31m2[31m♦[0m[0m) ( 4♣)   <[31mQ[31m♥[0m[0m>  |Score: 90|
p1 [[31mK[31m♦[0m[0m,Q♠,[31mJ[31m♥[0m[0m,10♣,[31m9[31m♦[0m[0m,8♠,[31m7[31m♦[0m[0m,6♣,[31m5[31m♦[0m[0m]
p2 [K♠,[31mQ[31m♦[0m[0m,J♠,[31m10[31m♥[0m[0m,9♣,[31m8[31m♦[0m[0m,7♠,[31m6[31m♥[0m[0m,5♣,[31m4[31m♦[0m[0m]
p3 [[31m8[31m♥[0m[0m]
p4 [[32mX[0m][[32mX[0m][5♠,[31m4[31m♥[0m[0m]
p5 [[31mK[31m♥[0m[0m,Q♣,[31mJ[31m♦[0m[0m,10♠,[31m9[31m♥[0m[0m,8♣,[31m7[31m♥[0m[0m,6♠]
p6 
p7 [J♣,[31m10[31m♦[0m[0m]
cmd:  f1    f2    f3    f4      s  |moves: 12|
( [31m4[31m♥[0m[0m) ( 4♠) ( [31m2[31m♦[0m[0m) ( 4♣)   <[31mQ[31m♥[0m[0m>  |Score: 100|
p1 [[31mK[31m♦[0m[0m,Q♠,[31mJ[31m♥[0m[0m,10♣,[31m9[31m♦[0m[0m,8♠,[31m7[31m♦[0m[0m,6♣,[31m5[31m♦[0m[0m]
p2 [K♠,[31mQ[31m♦[0m[0m,J♠,[31m10[31m♥[0m[0m,9♣,[31m8[31m♦[0m[0m,7♠,[31m6[31m♥[0m[0m,5♣,[31m4[31m♦[0m[0m]
p3 [[31m8[31m♥[0m[0m]
p4 [[32mX[0m][[32mX[0m][5♠]
p5 [[31mK[31m♥[0m[0m,Q♣,[31mJ[31m♦[0m[0m,10♠,[31m9[31m♥[0m[0m,8♣,[31m7[31m♥[0m[0m,6♠]
p6 
p7 [J♣,[31m10[31m♦[0m[0m]
cmd:  f1    f2    f3    f4      s  |moves: 12|
( [31m4[31m♥[0m[0m) ( 4♠) ( [31m2[31m♦[0m[0m) ( 4♣)   <[31m5[31m♥[0m[0m>  |Score: 100|
p1 [[31mK[31m♦[0m[0m,Q♠,[31mJ[31m♥[0m[0m,10♣,[31m9[31m♦[0m[0m,8♠,[31m7[31m♦[0m[0m,6♣,[31m5[31m♦[0m[0m]
p2 [K♠,[31mQ[31m♦[0m[0m,J♠,[31m10[31m♥[0m[0m,9♣,[31m8[31m♦[0m[0m,7♠,[31m6[31m♥[0m[0m,5♣,[31m4[31m♦[0m[0m]
p3 [[31m8[31m♥[0m[0m]
p4 [[32mX[0m][[32mX[0m][5♠]
p5 [[31mK[31m♥[0m[0m,Q♣,[31mJ[31m♦[0m[0m,10♠,[31m9[31m♥[0m[0m,8♣,[31m7[31m♥[0m[0m,6♠]
p6 
p7 [J♣,[31m10[31m♦[0m[0m]
cmd:  f1    f2    f3    f4      s  |moves: 10|
( [31m5[31m♥[0m[0m) ( 4♠) ( [31m2[31m♦[0m[0m) ( 4♣)   <[31mQ[31m♥[0m[0m>  |Score: 110|
p1 [[31mK[31m♦[0m[0m,Q♠,[31mJ[31m♥[0m[0m,10♣,[31m9[31m♦[0m[0m,8♠,[31m7[31m♦[0m[0m,6♣,[31m5[31m♦[0m[0m]
p2 [K♠,[31mQ[31m♦[0m[0m,J♠,[31m10[31m♥[0m[0m,9♣,[31m8[31m♦[0m[0m,7♠,[31m6[31m♥[0m[0m,5♣,[31m4[31m♦[0m[0m]
p3 [[31m8[31m♥[0m[0m]
p4 [[32mX[0m][[32mX[0m][5♠]
p5 [[31mK[31m♥[0m[0m,Q♣,[31mJ[31m♦[0m[0m,10♠,[31m9[31m♥[0m[0m,8♣,[31m7[31m♥[0m[0m,6♠]
p6 
p7 [J♣,[31m10[31m♦[0m[0m]
cmd:  f1    f2    f3    f4      s  |moves: 9|
( [31m5[31m♥[0m[0m) ( 5♠) ( [31m2[31m♦[0m[0m) ( 4♣)   <[31mQ[31m♥[0m[0m>  |Score: 125|
p1 [[31mK[31m♦[0m[0m,Q♠,[31mJ[31m♥[0m[0m,10♣,[31m9[31m♦[0m[0m,8♠,[31m7[31m♦[0m[0m,6♣,[31m5[31m♦[0m[0m]
p2 [K♠,[31mQ[31m♦[0m[0m,J♠,[31m10[31m♥[0m[0m,9♣,[31m8[31m♦[0m[0m,7♠,[31m6[31m♥[0m[0m,5♣,[31m4[31m♦[0m[0m]
p3 [[31m8[31m♥[0m[0m]
p4 [[32mX[0m][[31m3[31m♦[0m[0m]
p5 [[31mK[31m♥[0m[0m,Q♣,[31mJ[31m♦[0m[0m,10♠,[31m9[31m♥[0m[0m,8♣,[31m7[31m♥[0m[0m,6♠]
p6 
p7 [J♣,[31m10[31m♦[0m[0m]
cmd:  f1    f2    f3    f4      s  |moves: 12|
( [31m5[31m♥[0m[0m) ( 5♠) ( [31m3[31m♦[0m[0m) ( 4♣)   <[31mQ[31m♥[0m[0m>  |Score: 140|
p1 [[31mK[31m♦[0m[0m,Q♠,[31mJ[31m♥[0m[0m,10♣,[31m9[31m♦[0m[0m,8♠,[31m7[31m♦[0m[0m,6♣,[31m5[31m♦[0m[0m]
p2 [K♠,[31mQ[31m♦[0m[0m,J♠,[31m10[31m♥[0m[0m,9♣,[31m8[31m♦[0m[0m,7♠,[31m6[31m♥[0m[0m,5♣,[31m4[31m♦[0m[0m]
p3 [[31m8[31m♥[0m[0m]
p4 [7♣]
p5 [[31mK[31m♥[0m[0m,Q♣,[31mJ[31m♦[0m[0m,10♠,[31m9[31m♥[0m[0m,8♣,[31m7[31m♥[0m[0m,6♠]
p6 
p7 [J♣,[31m10[31m♦[0m[0m]
cmd:  f1    f2    f3    f4      s  |moves: 14|
( [31m5[31m♥[0m[0m) ( 5♠) ( [31m4[31m♦[0m[0m) ( 4♣)   <[31mQ[31m♥[0m[0m>  |Score: 150|
p1 [[31mK[31m♦[0m[0m,Q♠,[31mJ[31m♥[0m[0m,10♣,[31m9[31m♦[0m[0m,8♠,[31m7[31m♦[0m[0m,6♣,[31m5[31m♦[0m[0m]
p2 [K♠,[31mQ[31m♦[0m[0m,J♠,[31m10[31m♥[0m[0m,9♣,[31m8[31m♦[0m[0m,7♠,[31m6[31m♥[0m[0m,5♣]
p3 [[31m8[31m♥[0m[0m]
p4 [7♣]
p5 [[31mK[31m♥[0m[0m,Q♣,[31mJ[31m♦[0m[0m,10♠,[31m9[31m♥[0m[0m,8♣,[31m7[31m♥[0m[0m,6♠]
p6 
p7 [J♣,[31m10[31m♦[0m[0m]
cmd:  f1    f2    f3    f4      s  |moves: 14|
( [31m5[31m♥[0m[0m) ( 5♠) ( [31m5[31m♦[0m[0m) ( 4♣)   <[31mQ[31m♥[0m[0m>  |Score: 160|
p1 [[31mK[31m♦[0m[0m,Q♠,[31mJ[31m♥[0m[0m,10♣,[31m9[31m♦[0m[0m,8♠,[31m7[31m♦[0m[0m,6♣]
p2 [K♠,[31mQ[31m♦[0m[0m,J♠,[31m10[31m♥[0m[0m,9♣,[31m8[31m♦[0m[0m,7♠,[31m6[31m♥[0m[0m,5♣]
p3 [[31m8[31m♥[0m[0m]
p4 [7♣]
p5 [[31mK[31m♥[0m[0m,Q♣,[31mJ[31m♦[0m[0m,10♠,[31m9[31m♥[0m[0m,8♣,[31m7[31m♥[0m[0m,6♠]
p6 
p7 [J♣,[31m10[31m♦[0m[0m]
cmd:  f1    f2    f3    f4      s  |moves: 17|
( [31m5[31m♥[0m[0m) ( 5♠) ( [31m5[31m♦[0m[0m) ( 5♣)   <[31mQ[31m♥[0m[0m>  |Score: 170|
p1 [[31mK[31m♦[0m[0m,Q♠,[31mJ[31m♥[0m[0m,10♣,[31m9[31m♦[0m[0m,8♠,[31m7[31m♦[0m[0m,6♣]
p2 [K♠,[31mQ[31m♦[0m[0m,J♠,[31m10[31m♥[0m[0m,9♣,[31m8[31m♦[0m[0m,7♠,[31m6[31m♥[0m[0m]
p3 [[31m8[31m♥[0m[0m]
p4 [7♣]
p5 [[31mK[31m♥[0m[0m,Q♣,[31mJ[31m♦[0m[0m,10♠,[31m9[31m♥[0m[0m,8♣,[31m7[31m♥[0m[0m,6♠]
p6 
p7 [J♣,[31m10[31m♦[0m[0m]
cmd:  f1    f2    f3    f4      s  |moves: 17|
( [31m5[31m♥[0m[0m) ( 5♠) ( [31m5[31m♦[0m[0m) ( 5♣)   <9♠>  |Score: 170|
p1 [[31mK[31m♦[0m[0m,Q♠,[31mJ[31m♥[0m[0m,10♣,[31m9[31m♦[0m[0m,8♠,[31m7[31m♦[0m[0m,6♣]
p2 [K♠,[31mQ[31m♦[0m[0m,J♠,[31m10[31m♥[0m[0m,9♣,[31m8[31m♦[0m[0m,7♠,[31m6[31m♥[0m[0m]
p3 [[31m8[31m♥[0m[0m]
p4 [7♣]
p5 [[31mK[31m♥[0m[0m,Q♣,[31mJ[31m♦[0m[0m,10♠,[31m9[31m♥[0m[0m,8♣,[31m7[31m♥[0m[0m,6♠]
p6 
p7 [J♣,[31m10[31m♦[0m[0m]
cmd:  f1    f2    f3    f4      s  |moves: 17|
( [31m5[31m♥[0m[0m) ( 5♠) ( [31m5[31m♦[0m[0m) ( 5♣)   <[31mQ[31m♥[0m[0m>  |Score: 175|
p1 [[31mK[31m♦[0m[0m,Q♠,[31mJ[31m♥[0m[0m,10♣,[31m9[31m♦[0m[0m,8♠,[31m7[31m♦[0m[0m,6♣]
p2 [K♠,[31mQ[31m♦[0m[0m,J♠,[31m10[31m♥[0m[0m,9♣,[31m8[31m♦[0m[0m,7♠,[31m6[31m♥[0m[0m]
p3 [[31m8[31m♥[0m[0m]
p4 [7♣]
p5 [[31mK[31m♥[0m[0m,Q♣,[31mJ[31m♦[0m[0m,10♠,[31m9[31m♥[0m[0m,8♣,[31m7[31m♥[0m[0m,6♠]
p6 
p7 [J♣,[31m10[31m♦[0m[0m,9♠]
cmd:  f1    f2    f3    f4      s  |moves: 17|
( [31m5[31m♥[0m[0m) ( 5♠) ( [31m5[31m♦[0m[0m) ( 5♣)   <K♣>  |Score: 175|
p1 [[31mK[31m♦[0m[0m,Q♠,[31mJ[31m♥[0m[0m,10♣,[31m9[31m♦[0m[0m,8♠,[31m7[31m♦[0m[0m,6♣]
p2 [K♠,[31mQ[31m♦[0m[0m,J♠,[31m10[31m♥[0m[0m,9♣,[31m8[31m♦[0m[0m,7♠,[31m6[31m♥[0m[0m]
p3 [[31m8[31m♥[0m[0m]
p4 [7♣]
p5 [[31mK[31m♥[0m[0m,Q♣,[31mJ[31m♦[0m[0m,10♠,[31m9[31m♥[0m[0m,8♣,[31m7[31m♥[0m[0m,6♠]
p6 
p7 [J♣,[31m10[31m♦[0m[0m,9♠]
cmd:  f1    f2    f3    f4      s  |moves: 18|
( [31m5[31m♥[0m[0m) ( 5♠) ( [31m5[31m♦[0m[0m) ( 5♣)   <[31mQ[31m♥[0m[0m>  |Score: 180|
p1 [[31mK[31m♦[0m[0m,Q♠,[31mJ[31m♥[0m[0m,10♣,[31m9[31m♦[0m[0m,8♠,[31m7[31m♦[0m[0m,6♣]
p2 [K♠,[31mQ[31m♦[0m[0m,J♠,[31m10[31m♥[0m[0m,9♣,[31m8[31m♦[0m[0m,7♠,[31m6[31m♥[0m[0m]
p3 [[31m8[31m♥[0m[0m]
p4 [7♣]
p5 [[31mK[31m♥[0m[0m,Q♣,[31mJ[31m♦[0m[0m,10♠,[31m9[31m♥[0m[0m,8♣,[31m7[31m♥[0m[0m,6♠]
p6 [K♣]
p7 [J♣,[31m10[31m♦[0m[0m,9♠]
cmd:  f1    f2    f3    f4      s  |moves: 18|
( [31m5[31m♥[0m[0m) ( 5♠) ( [31m5[31m♦[0m[0m) ( 5♣)   <[31m6[31m♦[0m[0m>  |Score: 185|
p1 [[31mK[31m♦[0m[0m,Q♠,[31mJ[31m♥[0m[0m,10♣,[31m9[31m♦[0m[0m,8♠,[31m7[31m♦[0m[0m,6♣]
p2 [K♠,[31mQ[31m♦[0m[0m,J♠,[31m10[31m♥[0m[0m,9♣,[31m8[31m♦[0m[0m,7♠,[31m6[31m♥[0m[0m]
p3 [[31m8[31m♥[0m[0m]
p4 [7♣]
p5 [[31mK[31m♥[0m[0m,Q♣,[31mJ[31m♦[0m[0m,10♠,[31m9[31m♥[0m[0m,8♣,[31m7[31m♥[0m[0m,6♠]
p6 [K♣,[31mQ[31m♥[0m[0m]
p7 [J♣,[31m10[31m♦[0m[0m,9♠]
cmd:  f1    f2    f3    f4      s  |moves: 28|
( [31mK[31m♥[0m[0m) ( K♠) ( [31mK[31m♦[0m[0m) ( K♣)   < >  |Score: 505|
p1 
p2 
p3 
p4 
p5 
p6 
p7 
cmd: 