Welcome to the game! (h=help, x=exit, b=show board)
cmd: cmd:  f1    f2    f3    f4      s  |moves: 8|
( - ) ( - ) ( - ) ( - )   <[31m2[31m♦[0m[0m>  |Score: 0|
p1 [[31m10[31m♦[0m[0m]
p2 [[32mX[0m][A♣]
p3 [[32mX[0m][[32mX[0m][[31mK[31m♥[0m[0m]
p4 [[32mX[0m][[32mX[0m][[32mX[0m][[31mJ[31m♦[0m[0m]
p5 [[32mX[0m][[32mX[0m][[32mX[0m][[32mX[0m][7♣]
p6 [[32mX[0m][[32mX[0m][[32mX[0m][[32mX[0m][[32mX[0m][J♣]
p7 [[32mX[0m][[32mX[0m][[32mX[0m][[32mX[0m][[32mX[0m][[32mX[0m][Q♠]
cmd:  f1    f2    f3    f4      s  |moves: 4|
( A♣) ( - ) ( - ) ( - )   <[31m2[31m♦[0m[0m>  |Score: 15|
p1 [[31m10[31m♦[0m[0m]
p2 [[31m4[31m♥[0m[0m]
p3 [[32mX[0m][[32mX[0m][[31mK[31m♥[0m[0m]
p4 [[32mX[0m][[32mX[0m][[32mX[0m][[31mJ[31m♦[0m[0m]
p5 [[32mX[0m][[32mX[0m][[32mX[0m][[32mX[0m][7♣]
p6 [[32mX[0m][[32mX[0m][[32mX[0m][[32mX[0m][[32mX[0m][J♣]
p7 [[32mX[0m][[32mX[0m][[32mX[0m][[32mX[0m][[32mX[0m][[32mX[0m][Q♠]
cmd:  f1    f2    f3    f4      s  |moves: 4|
( A♣) ( - ) ( - ) ( - )   <[31m2[31m♦[0m[0m>  |Score: 20|
p1 [[31m10[31m♦[0m[0m]
p2 [[31m4[31m♥[0m[0m]
p3 [[32mX[0m][[32mX[0m][[31mK[31m♥[0m[0m,Q♠]
p4 [[32mX[0m][[32mX[0m][[32mX[0m][[31mJ[31m♦[0m[0m]
p5 [[32mX[0m][[32mX[0m][[32mX[0m][[32mX[0m][7♣]
p6 [[32mX[0m][[32mX[0m][[32mX[0m][[32mX[0m][[32mX[0m][J♣]
p7 [[32mX[0m][[32mX[0m][[32mX[0m][[32mX[0m][[32mX[0m][2♣]
cmd:  f1    f2    f3    f4      s  |moves: 4|
( A♣) ( - ) ( - ) ( - )   <[31m2[31m♦[0m[0m>  |Score: 25|
p1 [[31m10[31m♦[0m[0m]
p2 [[31m4[31m♥[0m[0m]
p3 [[32mX[0m][[32mX[0m][[31mK[31m♥[0m[0m,Q♠,[31mJ[31m♦[0m[0m]
p4 [[32mX[0m][[32mX[0m][[31m10[31m♥[0m[0m]
p5 [[32mX[0m][[32mX[0m][[32mX[0m][[32mX[0m][7♣]
p6 [[32mX[0m][[32mX[0m][[32mX[0m][[32mX[0m][[32mX[0m][J♣]
p7 [[32mX[0m][[32mX[0m][[32mX[0m][[32mX[0m][[32mX[0m][2♣]
cmd:  f1    f2    f3    f4      s  |moves: 3|
( 2♣) ( - ) ( - ) ( - )   <[31m2[31m♦[0m[0m>  |Score: 40|
p1 [[31m10[31m♦[0m[0m]
p2 [[31m4[31m♥[0m[0m]
p3 [[32mX[0m][[32mX[0m][[31mK[31m♥[0m[0m,Q♠,[31mJ[31m♦[0m[0m]
p4 [[32mX[0m][[32mX[0m][[31m10[31m♥[0m[0m]
p5 [[32mX[0m][[32mX[0m][[32mX[0m][[32mX[0m][7♣]
p6 [[32mX[0m][[32mX[0m][[32mX[0m][[32mX[0m][[32mX[0m][J♣]
p7 [[32mX[0m][[32mX[0m][[32mX[0m][[32mX[0m][8♠]
cmd:  f1    f2    f3    f4      s  |moves: 2|
( 2♣) ( - ) ( - ) ( - )   <[31m2[31m♦[0m[0m>  |Score: 40|
p1 
p2 [[31m4[31m♥[0m[0m]
p3 [[32mX[0m][[32mX[0m][[31mK[31m♥[0m[0m,Q♠,[31mJ[31m♦[0m[0m]
p4 [[32mX[0m][[32mX[0m][[31m10[31m♥[0m[0m]
p5 [[32mX[0m][[32mX[0m][[32mX[0m][[32mX[0m][7♣]
p6 [[32mX[0m][[32mX[0m][[32mX[0m][[32mX[0m][[32mX[0m][J♣,[31m10[31m♦[0m[0m]
p7 [[32mX[0m][[32mX[0m][[32mX[0m][[32mX[0m][8♠]
cmd:  f1    f2    f3    f4      s  |moves: 1|
( 2♣) ( - ) ( - ) ( - )   <[31m2[31m♦[0m[0m>  |Score: 45|
p1 [[31mK[31m♥[0m[0m,Q♠,[31mJ[31m♦[0m[0m]
p2 [[31m4[31m♥[0m[0m]
p3 [[32mX[0m][[31m3[31m♦[0m[0m]
p4 [[32mX[0m][[32mX[0m][[31m10[31m♥[0m[0m]
p5 [[32mX[0m][[32mX[0m][[32mX[0m][[32mX[0m][7♣]
p6 [[32mX[0m][[32mX[0m][[32mX[0m][[32mX[0m][[32mX[0m][J♣,[31m10[31m♦[0m[0m]
p7 [[32mX[0m][[32mX[0m][[32mX[0m][[32mX[0m][8♠]
cmd: next
cmd:  f1    f2    f3    f4      s  |moves: 1|
( 2♣) ( - ) ( - ) ( - )   <[31m4[31m♦[0m[0m>  |Score: 45|
p1 [[31mK[31m♥[0m[0m,Q♠,[31mJ[31m♦[0m[0m]
p2 [[31m4[31m♥[0m[0m]
p3 [[32mX[0m][[31m3[31m♦[0m[0m]
p4 [[32mX[0m][[32mX[0m][[31m10[31m♥[0m[0m]
p5 [[32mX[0m][[32mX[0m][[32mX[0m][[32mX[0m][7♣]
p6 [[32mX[0m][[32mX[0m][[32mX[0m][[32mX[0m][[32mX[0m][J♣,[31m10[31m♦[0m[0m]
p7 [[32mX[0m][[32mX[0m][[32mX[0m][[32mX[0m][8♠]
cmd:  f1    f2    f3    f4      s  |moves: 1|
( 2♣) ( - ) ( - ) ( - )   <5♠>  |Score: 45|
p1 [[31mK[31m♥[0m[0m,Q♠,[31mJ[31m♦[0m[0m]
p2 [[31m4[31m♥[0m[0m]
p3 [[32mX[0m][[31m3[31m♦[0m[0m]
p4 [[32mX[0m][[32mX[0m][[31m10[31m♥[0m[0m]
p5 [[32mX[0m][[32mX[0m][[32mX[0m][[32mX[0m][7♣]
p6 [[32mX[0m][[32mX[0m][[32mX[0m][[32mX[0m][[32mX[0m][J♣,[31m10[31m♦[0m[0m]
p7 [[32mX[0m][[32mX[0m][[32mX[0m][[32mX[0m][8♠]
cmd:  f1    f2    f3    f4      s  |moves: 2|
( 2♣) ( - ) ( - ) ( - )   <3♠>  |Score: 45|
p1 [[31mK[31m♥[0m[0m,Q♠,[31mJ[31m♦[0m[0m]
p2 [[31m4[31m♥[0m[0m]
p3 [[32mX[0m][[31m3[31m♦[0m[0m]
p4 [[32mX[0m][[32mX[0m][[31m10[31m♥[0m[0m]
p5 [[32mX[0m][[32mX[0m][[32mX[0m][[32mX[0m][7♣]
p6 [[32mX[0m][[32mX[0m][[32mX[0m][[32mX[0m][[32mX[0m][J♣,[31m10[31m♦[0m[0m]
p7 [[32mX[0m][[32mX[0m][[32mX[0m][[32mX[0m][8♠]
cmd: next
cmd: m s p2
cmd:  f1    f2    f3    f4      s  |moves: 1|
( 2♣) ( - ) ( - ) ( - )   <5♠>  |Score: 50|
p1 [[31mK[31m♥[0m[0m,Q♠,[31mJ[31m♦[0m[0m]
p2 [[31m4[31m♥[0m[0m,3♠]
p3 [[32mX[0m][[31m3[31m♦[0m[0m]
p4 [[32mX[0m][[32mX[0m][[31m10[31m♥[0m[0m]
p5 [[32mX[0m][[32mX[0m][[32mX[0m][[32mX[0m][7♣]
p6 [[32mX[0m][[32mX[0m][[32mX[0m][[32mX[0m][[32mX[0m][J♣,[31m10[31m♦[0m[0m]
p7 [[32mX[0m][[32mX[0m][[32mX[0m][[32mX[0m][8♠]
cmd: next
cmd: next
cmd:  f1    f2    f3    f4      s  |moves: 3|
( 2♣) ( - ) ( - ) ( - )   <9♣>  |Score: 50|
p1 [[31mK[31m♥[0m[0m,Q♠,[31mJ[31m♦[0m[0m]
p2 [[31m4[31m♥[0m[0m,3♠]
p3 [[32mX[0m][[31m3[31m♦[0m[0m]
p4 [[32mX[0m][[32mX[0m][[31m10[31m♥[0m[0m]
p5 [[32mX[0m][[32mX[0m][[32mX[0m][[32mX[0m][7♣]
p6 [[32mX[0m][[32mX[0m][[32mX[0m][[32mX[0m][[32mX[0m][J♣,[31m10[31m♦[0m[0m]
p7 [[32mX[0m][[32mX[0m][[32mX[0m][[32mX[0m][8♠]
cmd:  f1    f2    f3    f4      s  |moves: 2|
( 2♣) ( - ) ( - ) ( - )   <5♠>  |Score: 55|
p1 [[31mK[31m♥[0m[0m,Q♠,[31mJ[31m♦[0m[0m]
p2 [[31m4[31m♥[0m[0m,3♠]
p3 [[32mX[0m][[31m3[31m♦[0m[0m]
p4 [[32mX[0m][[32mX[0m][[31m10[31m♥[0m[0m]
p5 [[32mX[0m][[32mX[0m][[32mX[0m][[32mX[0m][7♣]
p6 [[32mX[0m][[32mX[0m][[32mX[0m][[32mX[0m][[32mX[0m][J♣,[31m10[31m♦[0m[0m,9♣]
p7 [[32mX[0m][[32mX[0m][[32mX[0m][[32mX[0m][8♠]
cmd:  f1    f2    f3    f4      s  |moves: 5|
( 2♣) ( - ) ( - ) ( - )   <[31mA[31m♥[0m[0m>  |Score: 55|
p1 [[31mK[31m♥[0m[0m,Q♠,[31mJ[31m♦[0m[0m]
p2 [[31m4[31m♥[0m[0m,3♠]
p3 [[32mX[0m][[31m3[31m♦[0m[0m]
p4 [[32mX[0m][[32mX[0m][[31m10[31m♥[0m[0m]
p5 [[32mX[0m][[32mX[0m][[32mX[0m][[32mX[0m][7♣]
p6 [[32mX[0m][[32mX[0m][[32mX[0m][[32mX[0m][[32mX[0m][J♣,[31m10[31m♦[0m[0m,9♣]
p7 [[32mX[0m][[32mX[0m][[32mX[0m][[32mX[0m][8♠]
cmd:  f1    f2    f3    f4      s  |moves: 2|
( 2♣) ( [31mA[31m♥[0m[0m) ( - ) ( - )   <5♠>  |Score: 65|
p1 [[31mK[31m♥[0m[0m,Q♠,[31mJ[31m♦[0m[0m]
p2 [[31m4[31m♥[0m[0m,3♠]
p3 [[32mX[0m][[31m3[31m♦[0m[0m]
p4 [[32mX[0m][[32mX[0m][[31m10[31m♥[0m[0m]
p5 [[32mX[0m][[32mX[0m][[32mX[0m][[32mX[0m][7♣]
p6 [[32mX[0m][[32mX[0m][[32mX[0m][[32mX[0m][[32mX[0m][J♣,[31m10[31m♦[0m[0m,9♣]
p7 [[32mX[0m][[32mX[0m][[32mX[0m][[32mX[0m][8♠]
cmd:  f1    f2    f3    f4      s  |moves: 4|
( 2♣) ( [31mA[31m♥[0m[0m) ( - ) ( - )   <[31mA[31m♦[0m[0m>  |Score: 65|
p1 [[31mK[31m♥[0m[0m,Q♠,[31mJ[31m♦[0m[0m]
p2 [[31m4[31m♥[0m[0m,3♠]
p3 [[32mX[0m][[31m3[31m♦[0m[0m]
p4 [[32mX[0m][[32mX[0m][[31m10[31m♥[0m[0m]
p5 [[32mX[0m][[32mX[0m][[32mX[0m][[32mX[0m][7♣]
p6 [[32mX[0m][[32mX[0m][[32mX[0m][[32mX[0m][[32mX[0m][J♣,[31m10[31m♦[0m[0m,9♣]
p7 [[32mX[0m][[32mX[0m][[32mX[0m][[32mX[0m][8♠]
cmd:  f1    f2    f3    f4      s  |moves: 2|
( 2♣) ( [31mA[31m♥[0m[0m) ( - ) ( [31mA[31m♦[0m[0m)   <5♠>  |Score: 75|
p1 [[31mK[31m♥[0m[0m,Q♠,[31mJ[31m♦[0m[0m]
p2 [[31m4[31m♥[0m[0m,3♠]
p3 [[32mX[0m][[31m3[31m♦[0m[0m]
p4 [[32mX[0m][[32mX[0m][[31m10[31m♥[0m[0m]
p5 [[32mX[0m][[32mX[0m][[32mX[0m][[32mX[0m][7♣]
p6 [[32mX[0m][[32mX[0m][[32mX[0m][[32mX[0m][[32mX[0m][J♣,[31m10[31m♦[0m[0m,9♣]
p7 [[32mX[0m][[32mX[0m][[32mX[0m][[32mX[0m][8♠]
cmd: next
cmd: m p6 1 p4
cmd:  f1    f2    f3    f4      s  |moves: 2|
( 2♣) ( [31mA[31m♥[0m[0m) ( - ) ( [31mA[31m♦[0m[0m)   <[31m5[31m♥[0m[0m>  |Score: 75|
p1 [[31mK[31m♥[0m[0m,Q♠,[31mJ[31m♦[0m[0m]
p2 [[31m4[31m♥[0m[0m,3♠]
p3 [[32mX[0m][[31m3[31m♦[0m[0m]
p4 [[32mX[0m][[32mX[0m][[31m10[31m♥[0m[0m]
p5 [[32mX[0m][[32mX[0m][[32mX[0m][[32mX[0m][7♣]
p6 [[32mX[0m][[32mX[0m][[32mX[0m][[32mX[0m][[32mX[0m][J♣,[31m10[31m♦[0m[0m,9♣]
p7 [[32mX[0m][[32mX[0m][[32mX[0m][[32mX[0m][8♠]
cmd:  f1    f2    f3    f4      s  |moves: 2|
( 2♣) ( [31mA[31m♥[0m[0m) ( - ) ( [31mA[31m♦[0m[0m)   <8♣>  |Score: 75|
p1 [[31mK[31m♥[0m[0m,Q♠,[31mJ[31m♦[0m[0m]
p2 [[31m4[31m♥[0m[0m,3♠]
p3 [[32mX[0m][[31m3[31m♦[0m[0m]
p4 [[32mX[0m][[32mX[0m][[31m10[31m♥[0m[0m]
p5 [[32mX[0m][[32mX[0m][[32mX[0m][[32mX[0m][7♣]
p6 [[32mX[0m][[32mX[0m][[32mX[0m][[32mX[0m][[32mX[0m][J♣,[31m10[31m♦[0m[0m,9♣]
p7 [[32mX[0m][[32mX[0m][[32mX[0m][[32mX[0m][8♠]
cmd:  f1    f2    f3    f4      s  |moves: 3|
( 2♣) ( [31mA[31m♥[0m[0m) ( - ) ( [31mA[31m♦[0m[0m)   <A♠>  |Score: 75|
p1 [[31mK[31m♥[0m[0m,Q♠,[31mJ[31m♦[0m[0m]
p2 [[31m4[31m♥[0m[0m,3♠]
p3 [[32mX[0m][[31m3[31m♦[0m[0m]
p4 [[32mX[0m][[32mX[0m][[31m10[31m♥[0m[0m]
p5 [[32mX[0m][[32mX[0m][[32mX[0m][[32mX[0m][7♣]
p6 [[32mX[0m][[32mX[0m][[32mX[0m][[32mX[0m][[32mX[0m][J♣,[31m10[31m♦[0m[0m,9♣]
p7 [[32mX[0m][[32mX[0m][[32mX[0m][[32mX[0m][8♠]
cmd:  f1    f2    f3    f4      s  |moves: 2|
( 2♣) ( [31mA[31m♥[0m[0m) ( A♠) ( [31mA[31m♦[0m[0m)   <8♣>  |Score: 85|
p1 [[31mK[31m♥[0m[0m,Q♠,[31mJ[31m♦[0m[0m]
p2 [[31m4[31m♥[0m[0m,3♠]
p3 [[32mX[0m][[31m3[31m♦[0m[0m]
p4 [[32mX[0m][[32mX[0m][[31m10[31m♥[0m[0m]
p5 [[32mX[0m][[32mX[0m][[32mX[0m][[32mX[0m][7♣]
p6 [[32mX[0m][[32mX[0m][[32mX[0m][[32mX[0m][[32mX[0m][J♣,[31m10[31m♦[0m[0m,9♣]
p7 [[32mX[0m][[32mX[0m][[32mX[0m][[32mX[0m][8♠]
cmd:  f1    f2    f3    f4      s  |moves: 3|
( 2♣) ( [31mA[31m♥[0m[0m) ( A♠) ( [31mA[31m♦[0m[0m)   <[31m8[31m♦[0m[0m>  |Score: 85|
p1 [[31mK[31m♥[0m[0m,Q♠,[31mJ[31m♦[0m[0m]
p2 [[31m4[31m♥[0m[0m,3♠]
p3 [[32mX[0m][[31m3[31m♦[0m[0m]
p4 [[32mX[0m][[32mX[0m][[31m10[31m♥[0m[0m]
p5 [[32mX[0m][[32mX[0m][[32mX[0m][[32mX[0m][7♣]
p6 [[32mX[0m][[32mX[0m][[32mX[0m][[32mX[0m][[32mX[0m][J♣,[31m10[31m♦[0m[0m,9♣]
p7 [[32mX[0m][[32mX[0m][[32mX[0m][[32mX[0m][8♠]
cmd:  f1    f2    f3    f4      s  |moves: 3|
( 2♣) ( [31mA[31m♥[0m[0m) ( A♠) ( [31mA[31m♦[0m[0m)   <8♣>  |Score: 90|
p1 [[31mK[31m♥[0m[0m,Q♠,[31mJ[31m♦[0m[0m]
p2 [[31m4[31m♥[0m[0m,3♠]
p3 [[32mX[0m][[31m3[31m♦[0m[0m]
p4 [[32mX[0m][[32mX[0m][[31m10[31m♥[0m[0m]
p5 [[32mX[0m][[32mX[0m][[32mX[0m][[32mX[0m][7♣]
p6 [[32mX[0m][[32mX[0m][[32mX[0m][[32mX[0m][[32mX[0m][J♣,[31m10[31m♦[0m[0m,9♣,[31m8[31m♦[0m[0m]
p7 [[32mX[0m][[32mX[0m][[32mX[0m][[32mX[0m][8♠]
cmd:  f1    f2    f3    f4      s  |moves: 4|
( 2♣) ( [31mA[31m♥[0m[0m) ( A♠) ( [31mA[31m♦[0m[0m)   <8♣>  |Score: 95|
p1 [[31mK[31m♥[0m[0m,Q♠,[31mJ[31m♦[0m[0m]
p2 [[31m4[31m♥[0m[0m,3♠]
p3 [[32mX[0m][[31m3[31m♦[0m[0m]
p4 [[32mX[0m][[32mX[0m][[31m10[31m♥[0m[0m]
p5 [[32mX[0m][[32mX[0m][[32mX[0m][J♠]
p6 [[32mX[0m][[32mX[0m][[32mX[0m][[32mX[0m][[32mX[0m][J♣,[31m10[31m♦[0m[0m,9♣,[31m8[31m♦[0m[0m,7♣]
p7 [[32mX[0m][[32mX[0m][[32mX[0m][[32mX[0m][8♠]
cmd: m p6 3 p4
cmd: m p6 4 p5
cmd: next
cmd: m p4 1 p5
cmd:  f1    f2    f3    f4      s  |moves: 3|
( 2♣) ( [31mA[31m♥[0m[0m) ( A♠) ( [31mA[31m♦[0m[0m)   <8♣>  |Score: 100|
p1 [[31mK[31m♥[0m[0m,Q♠,[31mJ[31m♦[0m[0m]
p2 [[31m4[31m♥[0m[0m,3♠]
p3 [[32mX[0m][[31m3[31m♦[0m[0m]
p4 [[32mX[0m][[31mK[31m♦[0m[0m]
p5 [[32mX[0m][[32mX[0m][[32mX[0m][J♠,[31m10[31m♥[0m[0m]
p6 [[32mX[0m][[32mX[0m][[32mX[0m][[32mX[0m][[32mX[0m][J♣,[31m10[31m♦[0m[0m,9♣,[31m8[31m♦[0m[0m,7♣]
p7 [[32mX[0m][[32mX[0m][[32mX[0m][[32mX[0m][8♠]
cmd:  f1    f2    f3    f4      s  |moves: 3|
( 2♣) ( [31mA[31m♥[0m[0m) ( A♠) ( [31mA[31m♦[0m[0m)   <K♣>  |Score: 100|
p1 [[31mK[31m♥[0m[0m,Q♠,[31mJ[31m♦[0m[0m]
p2 [[31m4[31m♥[0m[0m,3♠]
p3 [[32mX[0m][[31m3[31m♦[0m[0m]
p4 [[32mX[0m][[31mK[31m♦[0m[0m]
p5 [[32mX[0m][[32mX[0m][[32mX[0m][J♠,[31m10[31m♥[0m[0m]
p6 [[32mX[0m][[32mX[0m][[32mX[0m][[32mX[0m][[32mX[0m][J♣,[31m10[31m♦[0m[0m,9♣,[31m8[31m♦[0m[0m,7♣]
p7 [[32mX[0m][[32mX[0m][[32mX[0m][[32mX[0m][8♠]
cmd:  f1    f2    f3    f4      s  |moves: 3|
( 2♣) ( [31mA[31m♥[0m[0m) ( A♠) ( [31mA[31m♦[0m[0m)   <6♣>  |Score: 100|
p1 [[31mK[31m♥[0m[0m,Q♠,[31mJ[31m♦[0m[0m]
p2 [[31m4[31m♥[0m[0m,3♠]
p3 [[32mX[0m][[31m3[31m♦[0m[0m]
p4 [[32mX[0m][[31mK[31m♦[0m[0m]
p5 [[32mX[0m][[32mX[0m][[32mX[0m][J♠,[31m10[31m♥[0m[0m]
p6 [[32mX[0m][[32mX[0m][[32mX[0m][[32mX[0m][[32mX[0m][J♣,[31m10[31m♦[0m[0m,9♣,[31m8[31m♦[0m[0m,7♣]
p7 [[32mX[0m][[32mX[0m][[32mX[0m][[32mX[0m][8♠]
cmd:  f1    f2    f3    f4      s  |moves: 4|
( 2♣) ( [31mA[31m♥[0m[0m) ( A♠) ( [31mA[31m♦[0m[0m)   <[31m7[31m♦[0m[0m>  |Score: 100|
p1 [[31mK[31m♥[0m[0m,Q♠,[31mJ[31m♦[0m[0m]
p2 [[31m4[31m♥[0m[0m,3♠]
p3 [[32mX[0m][[31m3[31m♦[0m[0m]
p4 [[32mX[0m][[31mK[31m♦[0m[0m]
p5 [[32mX[0m][[32mX[0m][[32mX[0m][J♠,[31m10[31m♥[0m[0m]
p6 [[32mX[0m][[32mX[0m][[32mX[0m][[32mX[0m][[32mX[0m][J♣,[31m10[31m♦[0m[0m,9♣,[31m8[31m♦[0m[0m,7♣]
p7 [[32mX[0m][[32mX[0m][[32mX[0m][[32mX[0m][8♠]
cmd:  f1    f2    f3    f4      s  |moves: 4|
( 2♣) ( [31mA[31m♥[0m[0m) ( A♠) ( [31mA[31m♦[0m[0m)   <6♣>  |Score: 105|
p1 [[31mK[31m♥[0m[0m,Q♠,[31mJ[31m♦[0m[0m]
p2 [[31m4[31m♥[0m[0m,3♠]
p3 [[32mX[0m][[31m3[31m♦[0m[0m]
p4 [[32mX[0m][[31mK[31m♦[0m[0m]
p5 [[32mX[0m][[32mX[0m][[32mX[0m][J♠,[31m10[31m♥[0m[0m]
p6 [[32mX[0m][[32mX[0m][[32mX[0m][[32mX[0m][[32mX[0m][J♣,[31m10[31m♦[0m[0m,9♣,[31m8[31m♦[0m[0m,7♣]
p7 [[32mX[0m][[32mX[0m][[32mX[0m][[32mX[0m][8♠,[31m7[31m♦[0m[0m]
cmd:  f1    f2    f3    f4      s  |moves: 3|
( 2♣) ( [31mA[31m♥[0m[0m) ( A♠) ( [31mA[31m♦[0m[0m)   <K♣>  |Score: 110|
p1 [[31mK[31m♥[0m[0m,Q♠,[31mJ[31m♦[0m[0m]
p2 [[31m4[31m♥[0m[0m,3♠]
p3 [[32mX[0m][[31m3[31m♦[0m[0m]
p4 [[32mX[0m][[31mK[31m♦[0m[0m]
p5 [[32mX[0m][[32mX[0m][[32mX[0m][J♠,[31m10[31m♥[0m[0m]
p6 [[32mX[0m][[32mX[0m][[32mX[0m][[32mX[0m][[32mX[0m][J♣,[31m10[31m♦[0m[0m,9♣,[31m8[31m♦[0m[0m,7♣]
p7 [[32mX[0m][[32mX[0m][[32mX[0m][[32mX[0m][8♠,[31m7[31m♦[0m[0m,6♣]
cmd:  f1    f2    f3    f4      s  |moves: 4|
( 2♣) ( [31mA[31m♥[0m[0m) ( A♠) ( [31mA[31m♦[0m[0m)   <[31m6[31m♦[0m[0m>  |Score: 110|
p1 [[31mK[31m♥[0m[0m,Q♠,[31mJ[31m♦[0m[0m]
p2 [[31m4[31m♥[0m[0m,3♠]
p3 [[32mX[0m][[31m3[31m♦[0m[0m]
p4 [[32mX[0m][[31mK[31m♦[0m[0m]
p5 [[32mX[0m][[32mX[0m][[32mX[0m][J♠,[31m10[31m♥[0m[0m]
p6 [[32mX[0m][[32mX[0m][[32mX[0m][[32mX[0m][[32mX[0m][J♣,[31m10[31m♦[0m[0m,9♣,[31m8[31m♦[0m[0m,7♣]
p7 [[32mX[0m][[32mX[0m][[32mX[0m][[32mX[0m][8♠,[31m7[31m♦[0m[0m,6♣]
cmd:  f1    f2    f3    f4      s  |moves: 3|
( 2♣) ( [31mA[31m♥[0m[0m) ( A♠) ( [31mA[31m♦[0m[0m)   <K♣>  |Score: 115|
p1 [[31mK[31m♥[0m[0m,Q♠,[31mJ[31m♦[0m[0m]
p2 [[31m4[31m♥[0m[0m,3♠]
p3 [[32mX[0m][[31m3[31m♦[0m[0m]
p4 [[32mX[0m][[31mK[31m♦[0m[0m]
p5 [[32mX[0m][[32mX[0m][[32mX[0m][J♠,[31m10[31m♥[0m[0m]
p6 [[32mX[0m][[32mX[0m][[32mX[0m][[32mX[0m][[32mX[0m][J♣,[31m10[31m♦[0m[0m,9♣,[31m8[31m♦[0m[0m,7♣,[31m6[31m♦[0m[0m]
p7 [[32mX[0m][[32mX[0m][[32mX[0m][[32mX[0m][8♠,[31m7[31m♦[0m[0m,6♣]
cmd:  f1    f2    f3    f4      s  |moves: 3|
( 2♣) ( [31mA[31m♥[0m[0m) ( A♠) ( [31mA[31m♦[0m[0m)   <4♠>  |Score: 115|
p1 [[31mK[31m♥[0m[0m,Q♠,[31mJ[31m♦[0m[0m]
p2 [[31m4[31m♥[0m[0m,3♠]
p3 [[32mX[0m][[31m3[31m♦[0m[0m]
p4 [[32mX[0m][[31mK[31m♦[0m[0m]
p5 [[32mX[0m][[32mX[0m][[32mX[0m][J♠,[31m10[31m♥[0m[0m]
p6 [[32mX[0m][[32mX[0m][[32mX[0m][[32mX[0m][[32mX[0m][J♣,[31m10[31m♦[0m[0m,9♣,[31m8[31m♦[0m[0m,7♣,[31m6[31m♦[0m[0m]
p7 [[32mX[0m][[32mX[0m][[32mX[0m][[32mX[0m][8♠,[31m7[31m♦[0m[0m,6♣]
cmd:  f1    f2    f3    f4      s  |moves: 3|
( 2♣) ( [31mA[31m♥[0m[0m) ( A♠) ( [31mA[31m♦[0m[0m)   <7♠>  |Score: 115|
p1 [[31mK[31m♥[0m[0m,Q♠,[31mJ[31m♦[0m[0m]
p2 [[31m4[31m♥[0m[0m,3♠]
p3 [[32mX[0m][[31m3[31m♦[0m[0m]
p4 [[32mX[0m][[31mK[31m♦[0m[0m]
p5 [[32mX[0m][[32mX[0m][[32mX[0m][J♠,[31m10[31m♥[0m[0m]
p6 [[32mX[0m][[32mX[0m][[32mX[0m][[32mX[0m][[32mX[0m][J♣,[31m10[31m♦[0m[0m,9♣,[31m8[31m♦[0m[0m,7♣,[31m6[31m♦[0m[0m]
p7 [[32mX[0m][[32mX[0m][[32mX[0m][[32mX[0m][8♠,[31m7[31m♦[0m[0m,6♣]
cmd:  f1    f2    f3    f4      s  |moves: 4|
( 2♣) ( [31mA[31m♥[0m[0m) ( A♠) ( [31mA[31m♦[0m[0m)   <[31m2[31m♥[0m[0m>  |Score: 115|
p1 [[31mK[31m♥[0m[0m,Q♠,[31mJ[31m♦[0m[0m]
p2 [[31m4[31m♥[0m[0m,3♠]
p3 [[32mX[0m][[31m3[31m♦[0m[0m]
p4 [[32mX[0m][[31mK[31m♦[0m[0m]
p5 [[32mX[0m][[32mX[0m][[32mX[0m][J♠,[31m10[31m♥[0m[0m]
p6 [[32mX[0m][[32mX[0m][[32mX[0m][[32mX[0m][[32mX[0m][J♣,[31m10[31m♦[0m[0m,9♣,[31m8[31m♦[0m[0m,7♣,[31m6[31m♦[0m[0m]
p7 [[32mX[0m][[32mX[0m][[32mX[0m][[32mX[0m][8♠,[31m7[31m♦[0m[0m,6♣]
cmd:  f1    f2    f3    f4      s  |moves: 3|
( 2♣) ( [31m2[31m♥[0m[0m) ( A♠) ( [31mA[31m♦[0m[0m)   <7♠>  |Score: 125|
p1 [[31mK[31m♥[0m[0m,Q♠,[31mJ[31m♦[0m[0m]
p2 [[31m4[31m♥[0m[0m,3♠]
p3 [[32mX[0m][[31m3[31m♦[0m[0m]
p4 [[32mX[0m][[31mK[31m♦[0m[0m]
p5 [[32mX[0m][[32mX[0m][[32mX[0m][J♠,[31m10[31m♥[0m[0m]
p6 [[32mX[0m][[32mX[0m][[32mX[0m][[32mX[0m][[32mX[0m][J♣,[31m10[31m♦[0m[0m,9♣,[31m8[31m♦[0m[0m,7♣,[31m6[31m♦[0m[0m]
p7 [[32mX[0m][[32mX[0m][[32mX[0m][[32mX[0m][8♠,[31m7[31m♦[0m[0m,6♣]
cmd:  f1    f2    f3    f4      s  |moves: 3|
( 2♣) ( [31m2[31m♥[0m[0m) ( A♠) ( [31mA[31m♦[0m[0m)   <[31m7[31m♥[0m[0m>  |Score: 125|
p1 [[31mK[31m♥[0m[0m,Q♠,[31mJ[31m♦[0m[0m]
p2 [[31m4[31m♥[0m[0m,3♠]
p3 [[32mX[0m][[31m3[31m♦[0m[0m]
p4 [[32mX[0m][[31mK[31m♦[0m[0m]
p5 [[32mX[0m][[32mX[0m][[32mX[0m][J♠,[31m10[31m♥[0m[0m]
p6 [[32mX[0m][[32mX[0m][[32mX[0m][[32mX[0m][[32mX[0m][J♣,[31m10[31m♦[0m[0m,9♣,[31m8[31m♦[0m[0m,7♣,[31m6[31m♦[0m[0m]
p7 [[32mX[0m][[32mX[0m][[32mX[0m][[32mX[0m][8♠,[31m7[31m♦[0m[0m,6♣]
cmd:  f1    f2    f3    f4      s  |moves: 4|
( 2♣) ( [31m2[31m♥[0m[0m) ( A♠) ( [31mA[31m♦[0m[0m)   <3♣>  |Score: 125|
p1 [[31mK[31m♥[0m[0m,Q♠,[31mJ[31m♦[0m[0m]
p2 [[31m4[31m♥[0m[0m,3♠]
p3 [[32mX[0m][[31m3[31m♦[0m[0m]
p4 [[32mX[0m][[31mK[31m♦[0m[0m]
p5 [[32mX[0m][[32mX[0m][[32mX[0m][J♠,[31m10[31m♥[0m[0m]
p6 [[32mX[0m][[32mX[0m][[32mX[0m][[32mX[0m][[32mX[0m][J♣,[31m10[31m♦[0m[0m,9♣,[31m8[31m♦[0m[0m,7♣,[31m6[31m♦[0m[0m]
p7 [[32mX[0m][[32mX[0m][[32mX[0m][[32mX[0m][8♠,[31m7[31m♦[0m[0m,6♣]
cmd:  f1    f2    f3    f4      s  |moves: 3|
( 3♣) ( [31m2[31m♥[0m[0m) ( A♠) ( [31mA[31m♦[0m[0m)   <[31m7[31m♥[0m[0m>  |Score: 135|
p1 [[31mK[31m♥[0m[0m,Q♠,[31mJ[31m♦[0m[0m]
p2 [[31m4[31m♥[0m[0m,3♠]
p3 [[32mX[0m][[31m3[31m♦[0m[0m]
p4 [[32mX[0m][[31mK[31m♦[0m[0m]
p5 [[32mX[0m][[32mX[0m][[32mX[0m][J♠,[31m10[31m♥[0m[0m]
p6 [[32mX[0m][[32mX[0m][[32mX[0m][[32mX[0m][[32mX[0m][J♣,[31m10[31m♦[0m[0m,9♣,[31m8[31m♦[0m[0m,7♣,[31m6[31m♦[0m[0m]
p7 [[32mX[0m][[32mX[0m][[32mX[0m][[32mX[0m][8♠,[31m7[31m♦[0m[0m,6♣]
cmd:  f1    f2    f3    f4      s  |moves: 4|
( 3♣) ( [31m2[31m♥[0m[0m) ( A♠) ( [31mA[31m♦[0m[0m)   <10♠>  |Score: 135|
p1 [[31mK[31m♥[0m[0m,Q♠,[31mJ[31m♦[0m[0m]
p2 [[31m4[31m♥[0m[0m,3♠]
p3 [[32mX[0m][[31m3[31m♦[0m[0m]
p4 [[32mX[0m][[31mK[31m♦[0m[0m]
p5 [[32mX[0m][[32mX[0m][[32mX[0m][J♠,[31m10[31m♥[0m[0m]
p6 [[32mX[0m][[32mX[0m][[32mX[0m][[32mX[0m][[32mX[0m][J♣,[31m10[31m♦[0m[0m,9♣,[31m8[31m♦[0m[0m,7♣,[31m6[31m♦[0m[0m]
p7 [[32mX[0m][[32mX[0m][[32mX[0m][[32mX[0m][8♠,[31m7[31m♦[0m[0m,6♣]
cmd:  f1    f2    f3    f4      s  |moves: 3|
( 3♣) ( [31m2[31m♥[0m[0m) ( A♠) ( [31mA[31m♦[0m[0m)   <[31m7[31m♥[0m[0m>  |Score: 140|
p1 [[31mK[31m♥[0m[0m,Q♠,[31mJ[31m♦[0m[0m,10♠]
p2 [[31m4[31m♥[0m[0m,3♠]
p3 [[32mX[0m][[31m3[31m♦[0m[0m]
p4 [[32mX[0m][[31mK[31m♦[0m[0m]
p5 [[32mX[0m][[32mX[0m][[32mX[0m][J♠,[31m10[31m♥[0m[0m]
p6 [[32mX[0m][[32mX[0m][[32mX[0m][[32mX[0m][[32mX[0m][J♣,[31m10[31m♦[0m[0m,9♣,[31m8[31m♦[0m[0m,7♣,[31m6[31m♦[0m[0m]
p7 [[32mX[0m][[32mX[0m][[32mX[0m][[32mX[0m][8♠,[31m7[31m♦[0m[0m,6♣]
cmd:  f1    f2    f3    f4      s  |moves: 4|
( 3♣) ( [31m2[31m♥[0m[0m) ( A♠) ( [31mA[31m♦[0m[0m)   <[31m9[31m♥[0m[0m>  |Score: 140|
p1 [[31mK[31m♥[0m[0m,Q♠,[31mJ[31m♦[0m[0m,10♠]
p2 [[31m4[31m♥[0m[0m,3♠]
p3 [[32mX[0m][[31m3[31m♦[0m[0m]
p4 [[32mX[0m][[31mK[31m♦[0m[0m]
p5 [[32mX[0m][[32mX[0m][[32mX[0m][J♠,[31m10[31m♥[0m[0m]
p6 [[32mX[0m][[32mX[0m][[32mX[0m][[32mX[0m][[32mX[0m][J♣,[31m10[31m♦[0m[0m,9♣,[31m8[31m♦[0m[0m,7♣,[31m6[31m♦[0m[0m]
p7 [[32mX[0m][[32mX[0m][[32mX[0m][[32mX[0m][8♠,[31m7[31m♦[0m[0m,6♣]
cmd:  f1    f2    f3    f4      s  |moves: 4|
( 3♣) ( [31m2[31m♥[0m[0m) ( A♠) ( [31mA[31m♦[0m[0m)   <[31m7[31m♥[0m[0m>  |Score: 145|
p1 [[31mK[31m♥[0m[0m,Q♠,[31mJ[31m♦[0m[0m,10♠,[31m9[31m♥[0m[0m]
p2 [[31m4[31m♥[0m[0m,3♠]
p3 [[32mX[0m][[31m3[31m♦[0m[0m]
p4 [[32mX[0m][[31mK[31m♦[0m[0m]
p5 [[32mX[0m][[32mX[0m][[32mX[0m][J♠,[31m10[31m♥[0m[0m]
p6 [[32mX[0m][[32mX[0m][[32mX[0m][[32mX[0m][[32mX[0m][J♣,[31m10[31m♦[0m[0m,9♣,[31m8[31m♦[0m[0m,7♣,[31m6[31m♦[0m[0m]
p7 [[32mX[0m][[32mX[0m][[32mX[0m][[32mX[0m][8♠,[31m7[31m♦[0m[0m,6♣]
cmd:  f1    f2    f3    f4      s  |moves: 3|
( 3♣) ( [31m2[31m♥[0m[0m) ( A♠) ( [31mA[31m♦[0m[0m)   <[31m7[31m♥[0m[0m>  |Score: 150|
p1 [[31mK[31m♥[0m[0m,Q♠,[31mJ[31m♦[0m[0m,10♠,[31m9[31m♥[0m[0m,8♠,[31m7[31m♦[0m[0m,6♣]
p2 [[31m4[31m♥[0m[0m,3♠]
p3 [[32mX[0m][[31m3[31m♦[0m[0m]
p4 [[32mX[0m][[31mK[31m♦[0m[0m]
p5 [[32mX[0m][[32mX[0m][[32mX[0m][J♠,[31m10[31m♥[0m[0m]
p6 [[32mX[0m][[32mX[0m][[32mX[0m][[32mX[0m][[32mX[0m][J♣,[31m10[31m♦[0m[0m,9♣,[31m8[31m♦[0m[0m,7♣,[31m6[31m♦[0m[0m]
p7 [[32mX[0m][[32mX[0m][[32mX[0m][K♠]
cmd:  f1    f2    f3    f4      s  |moves: 3|
( 3♣) ( [31m2[31m♥[0m[0m) ( A♠) ( [31mA[31m♦[0m[0m)   <[31m5[31m♦[0m[0m>  |Score: 150|
p1 [[31mK[31m♥[0m[0m,Q♠,[31mJ[31m♦[0m[0m,10♠,[31m9[31m♥[0m[0m,8♠,[31m7[31m♦[0m[0m,6♣]
p2 [[31m4[31m♥[0m[0m,3♠]
p3 [[32mX[0m][[31m3[31m♦[0m[0m]
p4 [[32mX[0m][[31mK[31m♦[0m[0m]
p5 [[32mX[0m][[32mX[0m][[32mX[0m][J♠,[31m10[31m♥[0m[0m]
p6 [[32mX[0m][[32mX[0m][[32mX[0m][[32mX[0m][[32mX[0m][J♣,[31m10[31m♦[0m[0m,9♣,[31m8[31m♦[0m[0m,7♣,[31m6[31m♦[0m[0m]
p7 [[32mX[0m][[32mX[0m][[32mX[0m][K♠]
cmd:  f1    f2    f3    f4      s  |moves: 3|
( 3♣) ( [31m2[31m♥[0m[0m) ( A♠) ( [31mA[31m♦[0m[0m)   <[31m7[31m♥[0m[0m>  |Score: 155|
p1 [[31mK[31m♥[0m[0m,Q♠,[31mJ[31m♦[0m[0m,10♠,[31m9[31m♥[0m[0m,8♠,[31m7[31m♦[0m[0m,6♣,[31m5[31m♦[0m[0m]
p2 [[31m4[31m♥[0m[0m,3♠]
p3 [[32mX[0m][[31m3[31m♦[0m[0m]
p4 [[32mX[0m][[31mK[31m♦[0m[0m]
p5 [[32mX[0m][[32mX[0m][[32mX[0m][J♠,[31m10[31m♥[0m[0m]
p6 [[32mX[0m][[32mX[0m][[32mX[0m][[32mX[0m][[32mX[0m][J♣,[31m10[31m♦[0m[0m,9♣,[31m8[31m♦[0m[0m,7♣,[31m6[31m♦[0m[0m]
p7 [[32mX[0m][[32mX[0m][[32mX[0m][K♠]
cmd:  f1    f2    f3    f4      s  |moves: 3|
( 3♣) ( [31m2[31m♥[0m[0m) ( A♠) ( [31mA[31m♦[0m[0m)   <[31m6[31m♥[0m[0m>  |Score: 155|
p1 [[31mK[31m♥[0m[0m,Q♠,[31mJ[31m♦[0m[0m,10♠,[31m9[31m♥[0m[0m,8♠,[31m7[31m♦[0m[0m,6♣,[31m5[31m♦[0m[0m]
p2 [[31m4[31m♥[0m[0m,3♠]
p3 [[32mX[0m][[31m3[31m♦[0m[0m]
p4 [[32mX[0m][[31mK[31m♦[0m[0m]
p5 [[32mX[0m][[32mX[0m][[32mX[0m][J♠,[31m10[31m♥[0m[0m]
p6 [[32mX[0m][[32mX[0m][[32mX[0m][[32mX[0m][[32mX[0m][J♣,[31m10[31m♦[0m[0m,9♣,[31m8[31m♦[0m[0m,7♣,[31m6[31m♦[0m[0m]
p7 [[32mX[0m][[32mX[0m][[32mX[0m][K♠]
cmd:  f1    f2    f3    f4      s  |moves: 5|
( 3♣) ( [31m2[31m♥[0m[0m) ( A♠) ( [31mA[31m♦[0m[0m)   <[31m2[31m♦[0m[0m>  |Score: 55|
p1 [[31mK[31m♥[0m[0m,Q♠,[31mJ[31m♦[0m[0m,10♠,[31m9[31m♥[0m[0m,8♠,[31m7[31m♦[0m[0m,6♣,[31m5[31m♦[0m[0m]
p2 [[31m4[31m♥[0m[0m,3♠]
p3 [[32mX[0m][[31m3[31m♦[0m[0m]
p4 [[32mX[0m][[31mK[31m♦[0m[0m]
p5 [[32mX[0m][[32mX[0m][[32mX[0m][J♠,[31m10[31m♥[0m[0m]
p6 [[32mX[0m][[32mX[0m][[32mX[0m][[32mX[0m][[32mX[0m][J♣,[31m10[31m♦[0m[0m,9♣,[31m8[31m♦[0m[0m,7♣,[31m6[31m♦[0m[0m]
p7 [[32mX[0m][[32mX[0m][[32mX[0m][K♠]
cmd:  f1    f2    f3    f4      s  |moves: 4|
( 3♣) ( [31m2[31m♥[0m[0m) ( A♠) ( [31m2[31m♦[0m[0m)   <[31m4[31m♦[0m[0m>  |Score: 65|
p1 [[31mK[31m♥[0m[0m,Q♠,[31mJ[31m♦[0m[0m,10♠,[31m9[31m♥[0m[0m,8♠,[31m7[31m♦[0m[0m,6♣,[31m5[31m♦[0m[0m]
p2 [[31m4[31m♥[0m[0m,3♠]
p3 [[32mX[0m][[31m3[31m♦[0m[0m]
p4 [[32mX[0m][[31mK[31m♦[0m[0m]
p5 [[32mX[0m][[32mX[0m][[32mX[0m][J♠,[31m10[31m♥[0m[0m]
p6 [[32mX[0m][[32mX[0m][[32mX[0m][[32mX[0m][[32mX[0m][J♣,[31m10[31m♦[0m[0m,9♣,[31m8[31m♦[0m[0m,7♣,[31m6[31m♦[0m[0m]
p7 [[32mX[0m][[32mX[0m][[32mX[0m][K♠]
cmd:  f1    f2    f3    f4      s  |moves: 5|
( 3♣) ( [31m2[31m♥[0m[0m) ( A♠) ( [31m2[31m♦[0m[0m)   <5♠>  |Score: 65|
p1 [[31mK[31m♥[0m[0m,Q♠,[31mJ[31m♦[0m[0m,10♠,[31m9[31m♥[0m[0m,8♠,[31m7[31m♦[0m[0m,6♣,[31m5[31m♦[0m[0m]
p2 [[31m4[31m♥[0m[0m,3♠]
p3 [[32mX[0m][[31m3[31m♦[0m[0m]
p4 [[32mX[0m][[31mK[31m♦[0m[0m]
p5 [[32mX[0m][[32mX[0m][[32mX[0m][J♠,[31m10[31m♥[0m[0m]
p6 [[32mX[0m][[32mX[0m][[32mX[0m][[32mX[0m][[32mX[0m][J♣,[31m10[31m♦[0m[0m,9♣,[31m8[31m♦[0m[0m,7♣,[31m6[31m♦[0m[0m]
p7 [[32mX[0m][[32mX[0m][[32mX[0m][K♠]
cmd:  f1    f2    f3    f4      s  |moves: 6|
( 3♣) ( [31m2[31m♥[0m[0m) ( A♠) ( [31m2[31m♦[0m[0m)   <[31m4[31m♦[0m[0m>  |Score: 70|
p1 [[31mK[31m♥[0m[0m,Q♠,[31mJ[31m♦[0m[0m,10♠,[31m9[31m♥[0m[0m,8♠,[31m7[31m♦[0m[0m,6♣,[31m5[31m♦[0m[0m]
p2 [[31m4[31m♥[0m[0m,3♠]
p3 [[32mX[0m][[31m3[31m♦[0m[0m]
p4 [[32mX[0m][[31mK[31m♦[0m[0m]
p5 [[32mX[0m][[32mX[0m][[32mX[0m][J♠,[31m10[31m♥[0m[0m]
p6 [[32mX[0m][[32mX[0m][[32mX[0m][[32mX[0m][[32mX[0m][J♣,[31m10[31m♦[0m[0m,9♣,[31m8[31m♦[0m[0m,7♣,[31m6[31m♦[0m[0m,5♠]
p7 [[32mX[0m][[32mX[0m][[32mX[0m][K♠]
cmd:  f1    f2    f3    f4      s  |moves: 5|
( 3♣) ( [31m2[31m♥[0m[0m) ( A♠) ( [31m2[31m♦[0m[0m)   <[31m5[31m♥[0m[0m>  |Score: 70|
p1 [[31mK[31m♥[0m[0m,Q♠,[31mJ[31m♦[0m[0m,10♠,[31m9[31m♥[0m[0m,8♠,[31m7[31m♦[0m[0m,6♣,[31m5[31m♦[0m[0m]
p2 [[31m4[31m♥[0m[0m,3♠]
p3 [[32mX[0m][[31m3[31m♦[0m[0m]
p4 [[32mX[0m][[31mK[31m♦[0m[0m]
p5 [[32mX[0m][[32mX[0m][[32mX[0m][J♠,[31m10[31m♥[0m[0m]
p6 [[32mX[0m][[32mX[0m][[32mX[0m][[32mX[0m][[32mX[0m][J♣,[31m10[31m♦[0m[0m,9♣,[31m8[31m♦[0m[0m,7♣,[31m6[31m♦[0m[0m,5♠]
p7 [[32mX[0m][[32mX[0m][[32mX[0m][K♠]
cmd:  f1    f2    f3    f4      s  |moves: 5|
( 3♣) ( [31m2[31m♥[0m[0m) ( A♠) ( [31m2[31m♦[0m[0m)   <8♣>  |Score: 70|
p1 [[31mK[31m♥[0m[0m,Q♠,[31mJ[31m♦[0m[0m,10♠,[31m9[31m♥[0m[0m,8♠,[31m7[31m♦[0m[0m,6♣,[31m5[31m♦[0m[0m]
p2 [[31m4[31m♥[0m[0m,3♠]
p3 [[32mX[0m][[31m3[31m♦[0m[0m]
p4 [[32mX[0m][[31mK[31m♦[0m[0m]
p5 [[32mX[0m][[32mX[0m][[32mX[0m][J♠,[31m10[31m♥[0m[0m]
p6 [[32mX[0m][[32mX[0m][[32mX[0m][[32mX[0m][[32mX[0m][J♣,[31m10[31m♦[0m[0m,9♣,[31m8[31m♦[0m[0m,7♣,[31m6[31m♦[0m[0m,5♠]
p7 [[32mX[0m][[32mX[0m][[32mX[0m][K♠]
cmd:  f1    f2    f3    f4      s  |moves: 5|
( 3♣) ( [31m2[31m♥[0m[0m) ( A♠) ( [31m2[31m♦[0m[0m)   <K♣>  |Score: 70|
p1 [[31mK[31m♥[0m[0m,Q♠,[31mJ[31m♦[0m[0m,10♠,[31m9[31m♥[0m[0m,8♠,[31m7[31m♦[0m[0m,6♣,[31m5[31m♦[0m[0m]
p2 [[31m4[31m♥[0m[0m,3♠]
p3 [[32mX[0m][[31m3[31m♦[0m[0m]
p4 [[32mX[0m][[31mK[31m♦[0m[0m]
p5 [[32mX[0m][[32mX[0m][[32mX[0m][J♠,[31m10[31m♥[0m[0m]
p6 [[32mX[0m][[32mX[0m][[32mX[0m][[32mX[0m][[32mX[0m][J♣,[31m10[31m♦[0m[0m,9♣,[31m8[31m♦[0m[0m,7♣,[31m6[31m♦[0m[0m,5♠]
p7 [[32mX[0m][[32mX[0m][[32mX[0m][K♠]
cmd:  f1    f2    f3    f4      s  |moves: 6|
( 3♣) ( [31m2[31m♥[0m[0m) ( A♠) ( [31m2[31m♦[0m[0m)   <4♠>  |Score: 70|
p1 [[31mK[31m♥[0m[0m,Q♠,[31mJ[31m♦[0m[0m,10♠,[31m9[31m♥[0m[0m,8♠,[31m7[31m♦[0m[0m,6♣,[31m5[31m♦[0m[0m]
p2 [[31m4[31m♥[0m[0m,3♠]
p3 [[32mX[0m][[31m3[31m♦[0m[0m]
p4 [[32mX[0m][[31mK[31m♦[0m[0m]
p5 [[32mX[0m][[32mX[0m][[32mX[0m][J♠,[31m10[31m♥[0m[0m]
p6 [[32mX[0m][[32mX[0m][[32mX[0m][[32mX[0m][[32mX[0m][J♣,[31m10[31m♦[0m[0m,9♣,[31m8[31m♦[0m[0m,7♣,[31m6[31m♦[0m[0m,5♠]
p7 [[32mX[0m][[32mX[0m][[32mX[0m][K♠]
cmd:  f1    f2    f3    f4      s  |moves: 6|
( 3♣) ( [31m2[31m♥[0m[0m) ( A♠) ( [31m2[31m♦[0m[0m)   <K♣>  |Score: 75|
p1 [[31mK[31m♥[0m[0m,Q♠,[31mJ[31m♦[0m[0m,10♠,[31m9[31m♥[0m[0m,8♠,[31m7[31m♦[0m[0m,6♣,[31m5[31m♦[0m[0m,4♠]
p2 [[31m4[31m♥[0m[0m,3♠]
p3 [[32mX[0m][[31m3[31m♦[0m[0m]
p4 [[32mX[0m][[31mK[31m♦[0m[0m]
p5 [[32mX[0m][[32mX[0m][[32mX[0m][J♠,[31m10[31m♥[0m[0m]
p6 [[32mX[0m][[32mX[0m][[32mX[0m][[32mX[0m][[32mX[0m][J♣,[31m10[31m♦[0m[0m,9♣,[31m8[31m♦[0m[0m,7♣,[31m6[31m♦[0m[0m,5♠]
p7 [[32mX[0m][[32mX[0m][[32mX[0m][K♠]
cmd:  f1    f2    f3    f4      s  |moves: 6|
( 3♣) ( [31m2[31m♥[0m[0m) ( A♠) ( [31m2[31m♦[0m[0m)   <K♣>  |Score: 80|
p1 [[31mK[31m♥[0m[0m,Q♠,[31mJ[31m♦[0m[0m,10♠,[31m9[31m♥[0m[0m,8♠,[31m7[31m♦[0m[0m,6♣,[31m5[31m♦[0m[0m,4♠,[31m3[31m♦[0m[0m]
p2 [[31m4[31m♥[0m[0m,3♠]
p3 [[31mJ[31m♥[0m[0m]
p4 [[32mX[0m][[31mK[31m♦[0m[0m]
p5 [[32mX[0m][[32mX[0m][[32mX[0m][J♠,[31m10[31m♥[0m[0m]
p6 [[32mX[0m][[32mX[0m][[32mX[0m][[32mX[0m][[32mX[0m][J♣,[31m10[31m♦[0m[0m,9♣,[31m8[31m♦[0m[0m,7♣,[31m6[31m♦[0m[0m,5♠]
p7 [[32mX[0m][[32mX[0m][[32mX[0m][K♠]
cmd:  f1    f2    f3    f4      s  |moves: 8|
( 3♣) ( [31m2[31m♥[0m[0m) ( A♠) ( [31m2[31m♦[0m[0m)   <K♣>  |Score: 80|
p1 [[31mK[31m♥[0m[0m,Q♠,[31mJ[31m♦[0m[0m,10♠,[31m9[31m♥[0m[0m,8♠,[31m7[31m♦[0m[0m,6♣,[31m5[31m♦[0m[0m,4♠,[31m3[31m♦[0m[0m]
p2 
p3 [[31mJ[31m♥[0m[0m]
p4 [[32mX[0m][[31mK[31m♦[0m[0m]
p5 [[32mX[0m][[32mX[0m][[32mX[0m][J♠,[31m10[31m♥[0m[0m]
p6 [[32mX[0m][[32mX[0m][[32mX[0m][[32mX[0m][[32mX[0m][J♣,[31m10[31m♦[0m[0m,9♣,[31m8[31m♦[0m[0m,7♣,[31m6[31m♦[0m[0m,5♠,[31m4[31m♥[0m[0m,3♠]
p7 [[32mX[0m][[32mX[0m][[32mX[0m][K♠]
cmd:  f1    f2    f3    f4      s  |moves: 8|
( 3♣) ( [31m2[31m♥[0m[0m) ( A♠) ( [31m2[31m♦[0m[0m)   <K♣>  |Score: 85|
p1 [[31mK[31m♥[0m[0m,Q♠,[31mJ[31m♦[0m[0m,10♠,[31m9[31m♥[0m[0m,8♠,[31m7[31m♦[0m[0m,6♣,[31m5[31m♦[0m[0m,4♠,[31m3[31m♦[0m[0m]
p2 [[31mK[31m♦[0m[0m]
p3 [[31mJ[31m♥[0m[0m]
p4 [4♣]
p5 [[32mX[0m][[32mX[0m][[32mX[0m][J♠,[31m10[31m♥[0m[0m]
p6 [[32mX[0m][[32mX[0m][[32mX[0m][[32mX[0m][[32mX[0m][J♣,[31m10[31m♦[0m[0m,9♣,[31m8[31m♦[0m[0m,7♣,[31m6[31m♦[0m[0m,5♠,[31m4[31m♥[0m[0m,3♠]
p7 [[32mX[0m][[32mX[0m][[32mX[0m][K♠]
cmd:  f1    f2    f3    f4      s  |moves: 8|
( 4♣) ( [31m2[31m♥[0m[0m) ( A♠) ( [31m2[31m♦[0m[0m)   <K♣>  |Score: 95|
p1 [[31mK[31m♥[0m[0m,Q♠,[31mJ[31m♦[0m[0m,10♠,[31m9[31m♥[0m[0m,8♠,[31m7[31m♦[0m[0m,6♣,[31m5[31m♦[0m[0m,4♠,[31m3[31m♦[0m[0m]
p2 [[31mK[31m♦[0m[0m]
p3 [[31mJ[31m♥[0m[0m]
p4 
p5 [[32mX[0m][[32mX[0m][[32mX[0m][J♠,[31m10[31m♥[0m[0m]
p6 [[32mX[0m][[32mX[0m][[32mX[0m][[32mX[0m][[32mX[0m][J♣,[31m10[31m♦[0m[0m,9♣,[31m8[31m♦[0m[0m,7♣,[31m6[31m♦[0m[0m,5♠,[31m4[31m♥[0m[0m,3♠]
p7 [[32mX[0m][[32mX[0m][[32mX[0m][K♠]
cmd:  f1    f2    f3    f4      s  |moves: 10|
( 4♣) ( [31m2[31m♥[0m[0m) ( A♠) ( [31m2[31m♦[0m[0m)   <K♣>  |Score: 100|
p1 [[31mK[31m♥[0m[0m,Q♠,[31mJ[31m♦[0m[0m,10♠,[31m9[31m♥[0m[0m,8♠,[31m7[31m♦[0m[0m,6♣,[31m5[31m♦[0m[0m,4♠,[31m3[31m♦[0m[0m]
p2 [[31mK[31m♦[0m[0m]
p3 [[31mJ[31m♥[0m[0m]
p4 [K♠]
p5 [[32mX[0m][[32mX[0m][[32mX[0m][J♠,[31m10[31m♥[0m[0m]
p6 [[32mX[0m][[32mX[0m][[32mX[0m][[32mX[0m][[32mX[0m][J♣,[31m10[31m♦[0m[0m,9♣,[31m8[31m♦[0m[0m,7♣,[31m6[31m♦[0m[0m,5♠,[31m4[31m♥[0m[0m,3♠]
p7 [[32mX[0m][[32mX[0m][Q♣]
cmd:  f1    f2    f3    f4      s  |moves: 9|
( 4♣) ( [31m2[31m♥[0m[0m) ( A♠) ( [31m2[31m♦[0m[0m)   <K♣>  |Score: 105|
p1 [[31mK[31m♥[0m[0m,Q♠,[31mJ[31m♦[0m[0m,10♠,[31m9[31m♥[0m[0m,8♠,[31m7[31m♦[0m[0m,6♣,[31m5[31m♦[0m[0m,4♠,[31m3[31m♦[0m[0m]
p2 [[31mK[31m♦[0m[0m,Q♣]
p3 [[31mJ[31m♥[0m[0m]
p4 [K♠]
p5 [[32mX[0m][[32mX[0m][[32mX[0m][J♠,[31m10[31m♥[0m[0m]
p6 [[32mX[0m][[32mX[0m][[32mX[0m][[32mX[0m][[32mX[0m][J♣,[31m10[31m♦[0m[0m,9♣,[31m8[31m♦[0m[0m,7♣,[31m6[31m♦[0m[0m,5♠,[31m4[31m♥[0m[0m,3♠]
p7 [[32mX[0m][[31m3[31m♥[0m[0m]
cmd:  f1    f2    f3    f4      s  |moves: 10|
( 4♣) ( [31m3[31m♥[0m[0m) ( A♠) ( [31m2[31m♦[0m[0m)   <K♣>  |Score: 120|
p1 [[31mK[31m♥[0m[0m,Q♠,[31mJ[31m♦[0m[0m,10♠,[31m9[31m♥[0m[0m,8♠,[31m7[31m♦[0m[0m,6♣,[31m5[31m♦[0m[0m,4♠,[31m3[31m♦[0m[0m]
p2 [[31mK[31m♦[0m[0m,Q♣]
p3 [[31mJ[31m♥[0m[0m]
p4 [K♠]
p5 [[32mX[0m][[32mX[0m][[32mX[0m][J♠,[31m10[31m♥[0m[0m]
p6 [[32mX[0m][[32mX[0m][[32mX[0m][[32mX[0m][[32mX[0m][J♣,[31m10[31m♦[0m[0m,9♣,[31m8[31m♦[0m[0m,7♣,[31m6[31m♦[0m[0m,5♠,[31m4[31m♥[0m[0m,3♠]
p7 [10♣]
cmd:  f1    f2    f3    f4      s  |moves: 9|
( 4♣) ( [31m3[31m♥[0m[0m) ( A♠) ( [31m2[31m♦[0m[0m)   <K♣>  |Score: 120|
p1 [[31mK[31m♥[0m[0m,Q♠,[31mJ[31m♦[0m[0m,10♠,[31m9[31m♥[0m[0m,8♠,[31m7[31m♦[0m[0m,6♣,[31m5[31m♦[0m[0m,4♠,[31m3[31m♦[0m[0m]
p2 [[31mK[31m♦[0m[0m,Q♣]
p3 [[31mJ[31m♥[0m[0m,10♣]
p4 [K♠]
p5 [[32mX[0m][[32mX[0m][[32mX[0m][J♠,[31m10[31m♥[0m[0m]
p6 [[32mX[0m][[32mX[0m][[32mX[0m][[32mX[0m][[32mX[0m][J♣,[31m10[31m♦[0m[0m,9♣,[31m8[31m♦[0m[0m,7♣,[31m6[31m♦[0m[0m,5♠,[31m4[31m♥[0m[0m,3♠]
p7 
cmd:  f1    f2    f3    f4      s  |moves: 5|
( 4♣) ( [31m3[31m♥[0m[0m) ( A♠) ( [31m2[31m♦[0m[0m)   <8♣>  |Score: 125|
p1 [[31mK[31m♥[0m[0m,Q♠,[31mJ[31m♦[0m[0m,10♠,[31m9[31m♥[0m[0m,8♠,[31m7[31m♦[0m[0m,6♣,[31m5[31m♦[0m[0m,4♠,[31m3[31m♦[0m[0m]
p2 [[31mK[31m♦[0m[0m,Q♣]
p3 [[31mJ[31m♥[0m[0m,10♣]
p4 [K♠]
p5 [[32mX[0m][[32mX[0m][[32mX[0m][J♠,[31m10[31m♥[0m[0m]
p6 [[32mX[0m][[32mX[0m][[32mX[0m][[32mX[0m][[32mX[0m][J♣,[31m10[31m♦[0m[0m,9♣,[31m8[31m♦[0m[0m,7♣,[31m6[31m♦[0m[0m,5♠,[31m4[31m♥[0m[0m,3♠]
p7 [K♣]
cmd:  f1    f2    f3    f4      s  |moves: 5|
( 4♣) ( [31m3[31m♥[0m[0m) ( A♠) ( [31m2[31m♦[0m[0m)   <7♠>  |Score: 125|
p1 [[31mK[31m♥[0m[0m,Q♠,[31mJ[31m♦[0m[0m,10♠,[31m9[31m♥[0m[0m,8♠,[31m7[31m♦[0m[0m,6♣,[31m5[31m♦[0m[0m,4♠,[31m3[31m♦[0m[0m]
p2 [[31mK[31m♦[0m[0m,Q♣]
p3 [[31mJ[31m♥[0m[0m,10♣]
p4 [K♠]
p5 [[32mX[0m][[32mX[0m][[32mX[0m][J♠,[31m10[31m♥[0m[0m]
p6 [[32mX[0m][[32mX[0m][[32mX[0m][[32mX[0m][[32mX[0m][J♣,[31m10[31m♦[0m[0m,9♣,[31m8[31m♦[0m[0m,7♣,[31m6[31m♦[0m[0m,5♠,[31m4[31m♥[0m[0m,3♠]
p7 [K♣]
cmd:  f1    f2    f3    f4      s  |moves: 5|
( 4♣) ( [31m3[31m♥[0m[0m) ( A♠) ( [31m2[31m♦[0m[0m)   <[31m7[31m♥[0m[0m>  |Score: 125|
p1 [[31mK[31m♥[0m[0m,Q♠,[31mJ[31m♦[0m[0m,10♠,[31m9[31m♥[0m[0m,8♠,[31m7[31m♦[0m[0m,6♣,[31m5[31m♦[0m[0m,4♠,[31m3[31m♦[0m[0m]
p2 [[31mK[31m♦[0m[0m,Q♣]
p3 [[31mJ[31m♥[0m[0m,10♣]
p4 [K♠]
p5 [[32mX[0m][[32mX[0m][[32mX[0m][J♠,[31m10[31m♥[0m[0m]
p6 [[32mX[0m][[32mX[0m][[32mX[0m][[32mX[0m][[32mX[0m][J♣,[31m10[31m♦[0m[0m,9♣,[31m8[31m♦[0m[0m,7♣,[31m6[31m♦[0m[0m,5♠,[31m4[31m♥[0m[0m,3♠]
p7 [K♣]
cmd:  f1    f2    f3    f4      s  |moves: 5|
( 4♣) ( [31m3[31m♥[0m[0m) ( A♠) ( [31m2[31m♦[0m[0m)   <[31m6[31m♥[0m[0m>  |Score: 125|
p1 [[31mK[31m♥[0m[0m,Q♠,[31mJ[31m♦[0m[0m,10♠,[31m9[31m♥[0m[0m,8♠,[31m7[31m♦[0m[0m,6♣,[31m5[31m♦[0m[0m,4♠,[31m3[31m♦[0m[0m]
p2 [[31mK[31m♦[0m[0m,Q♣]
p3 [[31mJ[31m♥[0m[0m,10♣]
p4 [K♠]
p5 [[32mX[0m][[32mX[0m][[32mX[0m][J♠,[31m10[31m♥[0m[0m]
p6 [[32mX[0m][[32mX[0m][[32mX[0m][[32mX[0m][[32mX[0m][J♣,[31m10[31m♦[0m[0m,9♣,[31m8[31m♦[0m[0m,7♣,[31m6[31m♦[0m[0m,5♠,[31m4[31m♥[0m[0m,3♠]
p7 [K♣]
cmd:  f1    f2    f3    f4      s  |moves: 3|
( 4♣) ( [31m3[31m♥[0m[0m) ( A♠) ( [31m2[31m♦[0m[0m)   <[31m6[31m♥[0m[0m>  |Score: 125|
p1 [[31mK[31m♥[0m[0m,Q♠,[31mJ[31m♦[0m[0m,10♠,[31m9[31m♥[0m[0m,8♠,[31m7[31m♦[0m[0m,6♣,[31m5[31m♦[0m[0m,4♠,[31m3[31m♦[0m[0m]
p2 [[31mK[31m♦[0m[0m,Q♣,[31mJ[31m♥[0m[0m,10♣]
p3 
p4 [K♠]
p5 [[32mX[0m][[32mX[0m][[32mX[0m][J♠,[31m10[31m♥[0m[0m]
p6 [[32mX[0m][[32mX[0m][[32mX[0m][[32mX[0m][[32mX[0m][J♣,[31m10[31m♦[0m[0m,9♣,[31m8[31m♦[0m[0m,7♣,[31m6[31m♦[0m[0m,5♠,[31m4[31m♥[0m[0m,3♠]
p7 [K♣]
cmd:  f1    f2    f3    f4      s  |moves: 3|
( 4♣) ( [31m3[31m♥[0m[0m) ( A♠) ( [31m2[31m♦[0m[0m)   <[31m4[31m♦[0m[0m>  |Score: 25|
p1 [[31mK[31m♥[0m[0m,Q♠,[31mJ[31m♦[0m[0m,10♠,[31m9[31m♥[0m[0m,8♠,[31m7[31m♦[0m[0m,6♣,[31m5[31m♦[0m[0m,4♠,[31m3[31m♦[0m[0m]
p2 [[31mK[31m♦[0m[0m,Q♣,[31mJ[31m♥[0m[0m,10♣]
p3 
p4 [K♠]
p5 [[32mX[0m][[32mX[0m][[32mX[0m][J♠,[31m10[31m♥[0m[0m]
p6 [[32mX[0m][[32mX[0m][[32mX[0m][[32mX[0m][[32mX[0m][J♣,[31m10[31m♦[0m[0m,9♣,[31m8[31m♦[0m[0m,7♣,[31m6[31m♦[0m[0m,5♠,[31m4[31m♥[0m[0m,3♠]
p7 [K♣]
cmd:  f1    f2    f3    f4      s  |moves: 3|
( 4♣) ( [31m3[31m♥[0m[0m) ( A♠) ( [31m2[31m♦[0m[0m)   <[31m5[31m♥[0m[0m>  |Score: 25|
p1 [[31mK[31m♥[0m[0m,Q♠,[31mJ[31m♦[0m[0m,10♠,[31m9[31m♥[0m[0m,8♠,[31m7[31m♦[0m[0m,6♣,[31m5[31m♦[0m[0m,4♠,[31m3[31m♦[0m[0m]
p2 [[31mK[31m♦[0m[0m,Q♣,[31mJ[31m♥[0m[0m,10♣]
p3 
p4 [K♠]
p5 [[32mX[0m][[32mX[0m][[32mX[0m][J♠,[31m10[31m♥[0m[0m]
p6 [[32mX[0m][[32mX[0m][[32mX[0m][[32mX[0m][[32mX[0m][J♣,[31m10[31m♦[0m[0m,9♣,[31m8[31m♦[0m[0m,7♣,[31m6[31m♦[0m[0m,5♠,[31m4[31m♥[0m[0m,3♠]
p7 [K♣]
cmd: 