Welcome to the game! (h=help, x=exit, b=show board)
cmd: ( - ) ( - ) ( - ) ( - )   <[31m2[31m♥[0m[0m>  |Score: 5|
[Q♣]
[[31m4[31m♥[0m[0m]
[[32mX[0m][[32mX[0m][5♠]
[[32mX[0m][[32mX[0m][[32mX[0m][[31m7[31m♥[0m[0m]
[[32mX[0m][[32mX[0m][[32mX[0m][[32mX[0m][7♠,[31m6[31m♥[0m[0m]
[[32mX[0m][[32mX[0m][[32mX[0m][[32mX[0m][[32mX[0m][[31mA[31m♦[0m[0m]
[[32mX[0m][[32mX[0m][[32mX[0m][[32mX[0m][[32mX[0m][[32mX[0m][[31m4[31m♦[0m[0m]
cmd: ( [31mA[31m♦[0m[0m) ( - ) ( - ) ( - )   <[31m2[31m♥[0m[0m>  |Score: 20|
[Q♣]
[[31m4[31m♥[0m[0m]
[[32mX[0m][[32mX[0m][5♠]
[[32mX[0m][[32mX[0m][[32mX[0m][[31m7[31m♥[0m[0m]
[[32mX[0m][[32mX[0m][[32mX[0m][[32mX[0m][7♠,[31m6[31m♥[0m[0m]
[[32mX[0m][[32mX[0m][[32mX[0m][[32mX[0m][[31mK[31m♦[0m[0m]
[[32mX[0m][[32mX[0m][[32mX[0m][[32mX[0m][[32mX[0m][[32mX[0m][[31m4[31m♦[0m[0m]
cmd: ( [31mA[31m♦[0m[0m) ( - ) ( - ) ( - )   <[31m2[31m♥[0m[0m>  |Score: 20|

[[31m4[31m♥[0m[0m]
[[32mX[0m][[32mX[0m][5♠]
[[32mX[0m][[32mX[0m][[32mX[0m][[31m7[31m♥[0m[0m]
[[32mX[0m][[32mX[0m][[32mX[0m][[32mX[0m][7♠,[31m6[31m♥[0m[0m]
[[32mX[0m][[32mX[0m][[32mX[0m][[32mX[0m][[31mK[31m♦[0m[0m,Q♣]
[[32mX[0m][[32mX[0m][[32mX[0m][[32mX[0m][[32mX[0m][[32mX[0m][[31m4[31m♦[0m[0m]
cmd: ( [31mA[31m♦[0m[0m) ( - ) ( - ) ( - )   <[31m2[31m♥[0m[0m>  |Score: 25|
[[31mK[31m♦[0m[0m,Q♣]
[[31m4[31m♥[0m[0m]
[[32mX[0m][[32mX[0m][5♠]
[[32mX[0m][[32mX[0m][[32mX[0m][[31m7[31m♥[0m[0m]
[[32mX[0m][[32mX[0m][[32mX[0m][[32mX[0m][7♠,[31m6[31m♥[0m[0m]
[[32mX[0m][[32mX[0m][[32mX[0m][9♠]
[[32mX[0m][[32mX[0m][[32mX[0m][[32mX[0m][[32mX[0m][[32mX[0m][[31m4[31m♦[0m[0m]
cmd: ( [31mA[31m♦[0m[0m) ( - ) ( - ) ( - )   <[31m2[31m♥[0m[0m>  |Score: 25|
[[31mK[31m♦[0m[0m,Q♣]

[[32mX[0m][[32mX[0m][5♠,[31m4[31m♥[0m[0m]
[[32mX[0m][[32mX[0m][[32mX[0m][[31m7[31m♥[0m[0m]
[[32mX[0m][[32mX[0m][[32mX[0m][[32mX[0m][7♠,[31m6[31m♥[0m[0m]
[[32mX[0m][[32mX[0m][[32mX[0m][9♠]
[[32mX[0m][[32mX[0m][[32mX[0m][[32mX[0m][[32mX[0m][[32mX[0m][[31m4[31m♦[0m[0m]
cmd: ( [31mA[31m♦[0m[0m) ( - ) ( - ) ( - )   <[31m2[31m♥[0m[0m>  |Score: 30|
[[31mK[31m♦[0m[0m,Q♣]

[[32mX[0m][J♣]
[[32mX[0m][[32mX[0m][[32mX[0m][[31m7[31m♥[0m[0m]
[[32mX[0m][[32mX[0m][[32mX[0m][[32mX[0m][7♠,[31m6[31m♥[0m[0m,5♠,[31m4[31m♥[0m[0m]
[[32mX[0m][[32mX[0m][[32mX[0m][9♠]
[[32mX[0m][[32mX[0m][[32mX[0m][[32mX[0m][[32mX[0m][[32mX[0m][[31m4[31m♦[0m[0m]
cmd: ( [31mA[31m♦[0m[0m) ( - ) ( - ) ( - )   <6♠>  |Score: 30|
[[31mK[31m♦[0m[0m,Q♣]

[[32mX[0m][J♣]
[[32mX[0m][[32mX[0m][[32mX[0m][[31m7[31m♥[0m[0m]
[[32mX[0m][[32mX[0m][[32mX[0m][[32mX[0m][7♠,[31m6[31m♥[0m[0m,5♠,[31m4[31m♥[0m[0m]
[[32mX[0m][[32mX[0m][[32mX[0m][9♠]
[[32mX[0m][[32mX[0m][[32mX[0m][[32mX[0m][[32mX[0m][[32mX[0m][[31m4[31m♦[0m[0m]
cmd: ( [31mA[31m♦[0m[0m) ( - ) ( - ) ( - )   <[31m2[31m♥[0m[0m>  |Score: 35|
[[31mK[31m♦[0m[0m,Q♣]

[[32mX[0m][J♣]
[[32mX[0m][[32mX[0m][[32mX[0m][[31m7[31m♥[0m[0m,6♠]
[[32mX[0m][[32mX[0m][[32mX[0m][[32mX[0m][7♠,[31m6[31m♥[0m[0m,5♠,[31m4[31m♥[0m[0m]
[[32mX[0m][[32mX[0m][[32mX[0m][9♠]
[[32mX[0m][[32mX[0m][[32mX[0m][[32mX[0m][[32mX[0m][[32mX[0m][[31m4[31m♦[0m[0m]
cmd: ( [31mA[31m♦[0m[0m) ( - ) ( - ) ( - )   <[31m3[31m♥[0m[0m>  |Score: 35|
[[31mK[31m♦[0m[0m,Q♣]

[[32mX[0m][J♣]
[[32mX[0m][[32mX[0m][[32mX[0m][[31m7[31m♥[0m[0m,6♠]
[[32mX[0m][[32mX[0m][[32mX[0m][[32mX[0m][7♠,[31m6[31m♥[0m[0m,5♠,[31m4[31m♥[0m[0m]
[[32mX[0m][[32mX[0m][[32mX[0m][9♠]
[[32mX[0m][[32mX[0m][[32mX[0m][[32mX[0m][[32mX[0m][[32mX[0m][[31m4[31m♦[0m[0m]
cmd: ( [31mA[31m♦[0m[0m) ( - ) ( - ) ( - )   <[31mJ[31m♦[0m[0m>  |Score: 35|
[[31mK[31m♦[0m[0m,Q♣]

[[32mX[0m][J♣]
[[32mX[0m][[32mX[0m][[32mX[0m][[31m7[31m♥[0m[0m,6♠]
[[32mX[0m][[32mX[0m][[32mX[0m][[32mX[0m][7♠,[31m6[31m♥[0m[0m,5♠,[31m4[31m♥[0m[0m]
[[32mX[0m][[32mX[0m][[32mX[0m][9♠]
[[32mX[0m][[32mX[0m][[32mX[0m][[32mX[0m][[32mX[0m][[32mX[0m][[31m4[31m♦[0m[0m]
cmd: ( [31mA[31m♦[0m[0m) ( - ) ( - ) ( - )   <[31m3[31m♥[0m[0m>  |Score: 40|
[[31mK[31m♦[0m[0m,Q♣,[31mJ[31m♦[0m[0m]

[[32mX[0m][J♣]
[[32mX[0m][[32mX[0m][[32mX[0m][[31m7[31m♥[0m[0m,6♠]
[[32mX[0m][[32mX[0m][[32mX[0m][[32mX[0m][7♠,[31m6[31m♥[0m[0m,5♠,[31m4[31m♥[0m[0m]
[[32mX[0m][[32mX[0m][[32mX[0m][9♠]
[[32mX[0m][[32mX[0m][[32mX[0m][[32mX[0m][[32mX[0m][[32mX[0m][[31m4[31m♦[0m[0m]
cmd: ( [31mA[31m♦[0m[0m) ( - ) ( - ) ( - )   <[31mA[31m♥[0m[0m>  |Score: 40|
[[31mK[31m♦[0m[0m,Q♣,[31mJ[31m♦[0m[0m]

[[32mX[0m][J♣]
[[32mX[0m][[32mX[0m][[32mX[0m][[31m7[31m♥[0m[0m,6♠]
[[32mX[0m][[32mX[0m][[32mX[0m][[32mX[0m][7♠,[31m6[31m♥[0m[0m,5♠,[31m4[31m♥[0m[0m]
[[32mX[0m][[32mX[0m][[32mX[0m][9♠]
[[32mX[0m][[32mX[0m][[32mX[0m][[32mX[0m][[32mX[0m][[32mX[0m][[31m4[31m♦[0m[0m]
cmd: ( [31mA[31m♦[0m[0m) ( - ) ( [31mA[31m♥[0m[0m) ( - )   <[31m3[31m♥[0m[0m>  |Score: 50|
[[31mK[31m♦[0m[0m,Q♣,[31mJ[31m♦[0m[0m]

[[32mX[0m][J♣]
[[32mX[0m][[32mX[0m][[32mX[0m][[31m7[31m♥[0m[0m,6♠]
[[32mX[0m][[32mX[0m][[32mX[0m][[32mX[0m][7♠,[31m6[31m♥[0m[0m,5♠,[31m4[31m♥[0m[0m]
[[32mX[0m][[32mX[0m][[32mX[0m][9♠]
[[32mX[0m][[32mX[0m][[32mX[0m][[32mX[0m][[32mX[0m][[32mX[0m][[31m4[31m♦[0m[0m]
cmd: ( [31mA[31m♦[0m[0m) ( - ) ( [31mA[31m♥[0m[0m) ( - )   <[31m6[31m♦[0m[0m>  |Score: 50|
[[31mK[31m♦[0m[0m,Q♣,[31mJ[31m♦[0m[0m]

[[32mX[0m][J♣]
[[32mX[0m][[32mX[0m][[32mX[0m][[31m7[31m♥[0m[0m,6♠]
[[32mX[0m][[32mX[0m][[32mX[0m][[32mX[0m][7♠,[31m6[31m♥[0m[0m,5♠,[31m4[31m♥[0m[0m]
[[32mX[0m][[32mX[0m][[32mX[0m][9♠]
[[32mX[0m][[32mX[0m][[32mX[0m][[32mX[0m][[32mX[0m][[32mX[0m][[31m4[31m♦[0m[0m]
cmd: ( [31mA[31m♦[0m[0m) ( - ) ( [31mA[31m♥[0m[0m) ( - )   <[31m9[31m♥[0m[0m>  |Score: 50|
[[31mK[31m♦[0m[0m,Q♣,[31mJ[31m♦[0m[0m]

[[32mX[0m][J♣]
[[32mX[0m][[32mX[0m][[32mX[0m][[31m7[31m♥[0m[0m,6♠]
[[32mX[0m][[32mX[0m][[32mX[0m][[32mX[0m][7♠,[31m6[31m♥[0m[0m,5♠,[31m4[31m♥[0m[0m]
[[32mX[0m][[32mX[0m][[32mX[0m][9♠]
[[32mX[0m][[32mX[0m][[32mX[0m][[32mX[0m][[32mX[0m][[32mX[0m][[31m4[31m♦[0m[0m]
cmd: ( [31mA[31m♦[0m[0m) ( - ) ( [31mA[31m♥[0m[0m) ( - )   <[31mQ[31m♥[0m[0m>  |Score: 50|
[[31mK[31m♦[0m[0m,Q♣,[31mJ[31m♦[0m[0m]

[[32mX[0m][J♣]
[[32mX[0m][[32mX[0m][[32mX[0m][[31m7[31m♥[0m[0m,6♠]
[[32mX[0m][[32mX[0m][[32mX[0m][[32mX[0m][7♠,[31m6[31m♥[0m[0m,5♠,[31m4[31m♥[0m[0m]
[[32mX[0m][[32mX[0m][[32mX[0m][9♠]
[[32mX[0m][[32mX[0m][[32mX[0m][[32mX[0m][[32mX[0m][[32mX[0m][[31m4[31m♦[0m[0m]
cmd: ( [31mA[31m♦[0m[0m) ( - ) ( [31mA[31m♥[0m[0m) ( - )   <8♣>  |Score: 50|
[[31mK[31m♦[0m[0m,Q♣,[31mJ[31m♦[0m[0m]

[[32mX[0m][J♣]
[[32mX[0m][[32mX[0m][[32mX[0m][[31m7[31m♥[0m[0m,6♠]
[[32mX[0m][[32mX[0m][[32mX[0m][[32mX[0m][7♠,[31m6[31m♥[0m[0m,5♠,[31m4[31m♥[0m[0m]
[[32mX[0m][[32mX[0m][[32mX[0m][9♠]
[[32mX[0m][[32mX[0m][[32mX[0m][[32mX[0m][[32mX[0m][[32mX[0m][[31m4[31m♦[0m[0m]
cmd: ( [31mA[31m♦[0m[0m) ( - ) ( [31mA[31m♥[0m[0m) ( - )   <2♠>  |Score: 50|
[[31mK[31m♦[0m[0m,Q♣,[31mJ[31m♦[0m[0m]

[[32mX[0m][J♣]
[[32mX[0m][[32mX[0m][[32mX[0m][[31m7[31m♥[0m[0m,6♠]
[[32mX[0m][[32mX[0m][[32mX[0m][[32mX[0m][7♠,[31m6[31m♥[0m[0m,5♠,[31m4[31m♥[0m[0m]
[[32mX[0m][[32mX[0m][[32mX[0m][9♠]
[[32mX[0m][[32mX[0m][[32mX[0m][[32mX[0m][[32mX[0m][[32mX[0m][[31m4[31m♦[0m[0m]
cmd: ( [31mA[31m♦[0m[0m) ( - ) ( [31mA[31m♥[0m[0m) ( - )   <[31m8[31m♦[0m[0m>  |Score: 50|
[[31mK[31m♦[0m[0m,Q♣,[31mJ[31m♦[0m[0m]

[[32mX[0m][J♣]
[[32mX[0m][[32mX[0m][[32mX[0m][[31m7[31m♥[0m[0m,6♠]
[[32mX[0m][[32mX[0m][[32mX[0m][[32mX[0m][7♠,[31m6[31m♥[0m[0m,5♠,[31m4[31m♥[0m[0m]
[[32mX[0m][[32mX[0m][[32mX[0m][9♠]
[[32mX[0m][[32mX[0m][[32mX[0m][[32mX[0m][[32mX[0m][[32mX[0m][[31m4[31m♦[0m[0m]
cmd: ( [31mA[31m♦[0m[0m) ( - ) ( [31mA[31m♥[0m[0m) ( - )   <2♠>  |Score: 55|
[[31mK[31m♦[0m[0m,Q♣,[31mJ[31m♦[0m[0m]

[[32mX[0m][J♣]
[[32mX[0m][[32mX[0m][[32mX[0m][[31m7[31m♥[0m[0m,6♠]
[[32mX[0m][[32mX[0m][[32mX[0m][[32mX[0m][7♠,[31m6[31m♥[0m[0m,5♠,[31m4[31m♥[0m[0m]
[[32mX[0m][[32mX[0m][[32mX[0m][9♠,[31m8[31m♦[0m[0m]
[[32mX[0m][[32mX[0m][[32mX[0m][[32mX[0m][[32mX[0m][[32mX[0m][[31m4[31m♦[0m[0m]
cmd: ( [31mA[31m♦[0m[0m) ( - ) ( [31mA[31m♥[0m[0m) ( - )   <2♠>  |Score: 60|
[[31mK[31m♦[0m[0m,Q♣,[31mJ[31m♦[0m[0m]

[[32mX[0m][J♣]
[[32mX[0m][[32mX[0m][[32mX[0m][[31m7[31m♥[0m[0m,6♠]
[[32mX[0m][[32mX[0m][[32mX[0m][[31m3[31m♦[0m[0m]
[[32mX[0m][[32mX[0m][[32mX[0m][9♠,[31m8[31m♦[0m[0m,7♠,[31m6[31m♥[0m[0m,5♠,[31m4[31m♥[0m[0m]
[[32mX[0m][[32mX[0m][[32mX[0m][[32mX[0m][[32mX[0m][[32mX[0m][[31m4[31m♦[0m[0m]
cmd: ( [31mA[31m♦[0m[0m) ( - ) ( [31mA[31m♥[0m[0m) ( - )   <4♣>  |Score: 60|
[[31mK[31m♦[0m[0m,Q♣,[31mJ[31m♦[0m[0m]

[[32mX[0m][J♣]
[[32mX[0m][[32mX[0m][[32mX[0m][[31m7[31m♥[0m[0m,6♠]
[[32mX[0m][[32mX[0m][[32mX[0m][[31m3[31m♦[0m[0m]
[[32mX[0m][[32mX[0m][[32mX[0m][9♠,[31m8[31m♦[0m[0m,7♠,[31m6[31m♥[0m[0m,5♠,[31m4[31m♥[0m[0m]
[[32mX[0m][[32mX[0m][[32mX[0m][[32mX[0m][[32mX[0m][[32mX[0m][[31m4[31m♦[0m[0m]
cmd: ( [31mA[31m♦[0m[0m) ( - ) ( [31mA[31m♥[0m[0m) ( - )   <[31m5[31m♦[0m[0m>  |Score: 60|
[[31mK[31m♦[0m[0m,Q♣,[31mJ[31m♦[0m[0m]

[[32mX[0m][J♣]
[[32mX[0m][[32mX[0m][[32mX[0m][[31m7[31m♥[0m[0m,6♠]
[[32mX[0m][[32mX[0m][[32mX[0m][[31m3[31m♦[0m[0m]
[[32mX[0m][[32mX[0m][[32mX[0m][9♠,[31m8[31m♦[0m[0m,7♠,[31m6[31m♥[0m[0m,5♠,[31m4[31m♥[0m[0m]
[[32mX[0m][[32mX[0m][[32mX[0m][[32mX[0m][[32mX[0m][[32mX[0m][[31m4[31m♦[0m[0m]
cmd: ( [31mA[31m♦[0m[0m) ( - ) ( [31mA[31m♥[0m[0m) ( - )   <4♣>  |Score: 65|
[[31mK[31m♦[0m[0m,Q♣,[31mJ[31m♦[0m[0m]

[[32mX[0m][J♣]
[[32mX[0m][[32mX[0m][[32mX[0m][[31m7[31m♥[0m[0m,6♠,[31m5[31m♦[0m[0m]
[[32mX[0m][[32mX[0m][[32mX[0m][[31m3[31m♦[0m[0m]
[[32mX[0m][[32mX[0m][[32mX[0m][9♠,[31m8[31m♦[0m[0m,7♠,[31m6[31m♥[0m[0m,5♠,[31m4[31m♥[0m[0m]
[[32mX[0m][[32mX[0m][[32mX[0m][[32mX[0m][[32mX[0m][[32mX[0m][[31m4[31m♦[0m[0m]
cmd: ( [31mA[31m♦[0m[0m) ( - ) ( [31mA[31m♥[0m[0m) ( - )   <2♠>  |Score: 70|
[[31mK[31m♦[0m[0m,Q♣,[31mJ[31m♦[0m[0m]

[[32mX[0m][J♣]
[[32mX[0m][[32mX[0m][[32mX[0m][[31m7[31m♥[0m[0m,6♠,[31m5[31m♦[0m[0m,4♣]
[[32mX[0m][[32mX[0m][[32mX[0m][[31m3[31m♦[0m[0m]
[[32mX[0m][[32mX[0m][[32mX[0m][9♠,[31m8[31m♦[0m[0m,7♠,[31m6[31m♥[0m[0m,5♠,[31m4[31m♥[0m[0m]
[[32mX[0m][[32mX[0m][[32mX[0m][[32mX[0m][[32mX[0m][[32mX[0m][[31m4[31m♦[0m[0m]
cmd: ( [31mA[31m♦[0m[0m) ( - ) ( [31mA[31m♥[0m[0m) ( - )   <2♠>  |Score: 75|
[[31mK[31m♦[0m[0m,Q♣,[31mJ[31m♦[0m[0m]

[[32mX[0m][J♣]
[[32mX[0m][[32mX[0m][[32mX[0m][[31m7[31m♥[0m[0m,6♠,[31m5[31m♦[0m[0m,4♣,[31m3[31m♦[0m[0m]
[[32mX[0m][[32mX[0m][[31mQ[31m♦[0m[0m]
[[32mX[0m][[32mX[0m][[32mX[0m][9♠,[31m8[31m♦[0m[0m,7♠,[31m6[31m♥[0m[0m,5♠,[31m4[31m♥[0m[0m]
[[32mX[0m][[32mX[0m][[32mX[0m][[32mX[0m][[32mX[0m][[32mX[0m][[31m4[31m♦[0m[0m]
cmd: ( [31mA[31m♦[0m[0m) ( - ) ( [31mA[31m♥[0m[0m) ( - )   <2♠>  |Score: 80|
[[31mK[31m♦[0m[0m,Q♣,[31mJ[31m♦[0m[0m]

[[31m2[31m♦[0m[0m]
[[32mX[0m][[32mX[0m][[32mX[0m][[31m7[31m♥[0m[0m,6♠,[31m5[31m♦[0m[0m,4♣,[31m3[31m♦[0m[0m]
[[32mX[0m][[32mX[0m][[31mQ[31m♦[0m[0m,J♣]
[[32mX[0m][[32mX[0m][[32mX[0m][9♠,[31m8[31m♦[0m[0m,7♠,[31m6[31m♥[0m[0m,5♠,[31m4[31m♥[0m[0m]
[[32mX[0m][[32mX[0m][[32mX[0m][[32mX[0m][[32mX[0m][[32mX[0m][[31m4[31m♦[0m[0m]
cmd: ( [31m2[31m♦[0m[0m) ( - ) ( [31mA[31m♥[0m[0m) ( - )   <2♠>  |Score: 90|
[[31mK[31m♦[0m[0m,Q♣,[31mJ[31m♦[0m[0m]


[[32mX[0m][[32mX[0m][[32mX[0m][[31m7[31m♥[0m[0m,6♠,[31m5[31m♦[0m[0m,4♣,[31m3[31m♦[0m[0m]
[[32mX[0m][[32mX[0m][[31mQ[31m♦[0m[0m,J♣]
[[32mX[0m][[32mX[0m][[32mX[0m][9♠,[31m8[31m♦[0m[0m,7♠,[31m6[31m♥[0m[0m,5♠,[31m4[31m♥[0m[0m]
[[32mX[0m][[32mX[0m][[32mX[0m][[32mX[0m][[32mX[0m][[32mX[0m][[31m4[31m♦[0m[0m]
cmd: ( [31m2[31m♦[0m[0m) ( - ) ( [31mA[31m♥[0m[0m) ( - )   <A♠>  |Score: 90|
[[31mK[31m♦[0m[0m,Q♣,[31mJ[31m♦[0m[0m]


[[32mX[0m][[32mX[0m][[32mX[0m][[31m7[31m♥[0m[0m,6♠,[31m5[31m♦[0m[0m,4♣,[31m3[31m♦[0m[0m]
[[32mX[0m][[32mX[0m][[31mQ[31m♦[0m[0m,J♣]
[[32mX[0m][[32mX[0m][[32mX[0m][9♠,[31m8[31m♦[0m[0m,7♠,[31m6[31m♥[0m[0m,5♠,[31m4[31m♥[0m[0m]
[[32mX[0m][[32mX[0m][[32mX[0m][[32mX[0m][[32mX[0m][[32mX[0m][[31m4[31m♦[0m[0m]
cmd: ( [31m2[31m♦[0m[0m) ( A♠) ( [31mA[31m♥[0m[0m) ( - )   <2♠>  |Score: 100|
[[31mK[31m♦[0m[0m,Q♣,[31mJ[31m♦[0m[0m]


[[32mX[0m][[32mX[0m][[32mX[0m][[31m7[31m♥[0m[0m,6♠,[31m5[31m♦[0m[0m,4♣,[31m3[31m♦[0m[0m]
[[32mX[0m][[32mX[0m][[31mQ[31m♦[0m[0m,J♣]
[[32mX[0m][[32mX[0m][[32mX[0m][9♠,[31m8[31m♦[0m[0m,7♠,[31m6[31m♥[0m[0m,5♠,[31m4[31m♥[0m[0m]
[[32mX[0m][[32mX[0m][[32mX[0m][[32mX[0m][[32mX[0m][[32mX[0m][[31m4[31m♦[0m[0m]
cmd: ( [31m2[31m♦[0m[0m) ( 2♠) ( [31mA[31m♥[0m[0m) ( - )   <8♣>  |Score: 110|
[[31mK[31m♦[0m[0m,Q♣,[31mJ[31m♦[0m[0m]


[[32mX[0m][[32mX[0m][[32mX[0m][[31m7[31m♥[0m[0m,6♠,[31m5[31m♦[0m[0m,4♣,[31m3[31m♦[0m[0m]
[[32mX[0m][[32mX[0m][[31mQ[31m♦[0m[0m,J♣]
[[32mX[0m][[32mX[0m][[32mX[0m][9♠,[31m8[31m♦[0m[0m,7♠,[31m6[31m♥[0m[0m,5♠,[31m4[31m♥[0m[0m]
[[32mX[0m][[32mX[0m][[32mX[0m][[32mX[0m][[32mX[0m][[32mX[0m][[31m4[31m♦[0m[0m]
cmd: ( [31m2[31m♦[0m[0m) ( 2♠) ( [31mA[31m♥[0m[0m) ( - )   <[31m8[31m♥[0m[0m>  |Score: 110|
[[31mK[31m♦[0m[0m,Q♣,[31mJ[31m♦[0m[0m]


[[32mX[0m][[32mX[0m][[32mX[0m][[31m7[31m♥[0m[0m,6♠,[31m5[31m♦[0m[0m,4♣,[31m3[31m♦[0m[0m]
[[32mX[0m][[32mX[0m][[31mQ[31m♦[0m[0m,J♣]
[[32mX[0m][[32mX[0m][[32mX[0m][9♠,[31m8[31m♦[0m[0m,7♠,[31m6[31m♥[0m[0m,5♠,[31m4[31m♥[0m[0m]
[[32mX[0m][[32mX[0m][[32mX[0m][[32mX[0m][[32mX[0m][[32mX[0m][[31m4[31m♦[0m[0m]
cmd: ( [31m2[31m♦[0m[0m) ( 2♠) ( [31mA[31m♥[0m[0m) ( - )   <K♠>  |Score: 110|
[[31mK[31m♦[0m[0m,Q♣,[31mJ[31m♦[0m[0m]


[[32mX[0m][[32mX[0m][[32mX[0m][[31m7[31m♥[0m[0m,6♠,[31m5[31m♦[0m[0m,4♣,[31m3[31m♦[0m[0m]
[[32mX[0m][[32mX[0m][[31mQ[31m♦[0m[0m,J♣]
[[32mX[0m][[32mX[0m][[32mX[0m][9♠,[31m8[31m♦[0m[0m,7♠,[31m6[31m♥[0m[0m,5♠,[31m4[31m♥[0m[0m]
[[32mX[0m][[32mX[0m][[32mX[0m][[32mX[0m][[32mX[0m][[32mX[0m][[31m4[31m♦[0m[0m]
cmd: ( [31m2[31m♦[0m[0m) ( 2♠) ( [31mA[31m♥[0m[0m) ( - )   <[31m8[31m♥[0m[0m>  |Score: 115|
[[31mK[31m♦[0m[0m,Q♣,[31mJ[31m♦[0m[0m]
[K♠]

[[32mX[0m][[32mX[0m][[32mX[0m][[31m7[31m♥[0m[0m,6♠,[31m5[31m♦[0m[0m,4♣,[31m3[31m♦[0m[0m]
[[32mX[0m][[32mX[0m][[31mQ[31m♦[0m[0m,J♣]
[[32mX[0m][[32mX[0m][[32mX[0m][9♠,[31m8[31m♦[0m[0m,7♠,[31m6[31m♥[0m[0m,5♠,[31m4[31m♥[0m[0m]
[[32mX[0m][[32mX[0m][[32mX[0m][[32mX[0m][[32mX[0m][[32mX[0m][[31m4[31m♦[0m[0m]
cmd: ( [31m2[31m♦[0m[0m) ( 2♠) ( [31mA[31m♥[0m[0m) ( - )   <[31m8[31m♥[0m[0m>  |Score: 120|
[[31mK[31m♦[0m[0m,Q♣,[31mJ[31m♦[0m[0m]
[K♠,[31mQ[31m♦[0m[0m,J♣]

[[32mX[0m][[32mX[0m][[32mX[0m][[31m7[31m♥[0m[0m,6♠,[31m5[31m♦[0m[0m,4♣,[31m3[31m♦[0m[0m]
[[32mX[0m][3♠]
[[32mX[0m][[32mX[0m][[32mX[0m][9♠,[31m8[31m♦[0m[0m,7♠,[31m6[31m♥[0m[0m,5♠,[31m4[31m♥[0m[0m]
[[32mX[0m][[32mX[0m][[32mX[0m][[32mX[0m][[32mX[0m][[32mX[0m][[31m4[31m♦[0m[0m]
cmd: ( [31m2[31m♦[0m[0m) ( 2♠) ( [31mA[31m♥[0m[0m) ( - )   <[31m8[31m♥[0m[0m>  |Score: 125|
[[31mK[31m♦[0m[0m,Q♣,[31mJ[31m♦[0m[0m]
[K♠,[31mQ[31m♦[0m[0m,J♣]

[[32mX[0m][[32mX[0m][[32mX[0m][[31m7[31m♥[0m[0m,6♠,[31m5[31m♦[0m[0m,4♣,[31m3[31m♦[0m[0m]
[[31m7[31m♦[0m[0m]
[[32mX[0m][[32mX[0m][[32mX[0m][9♠,[31m8[31m♦[0m[0m,7♠,[31m6[31m♥[0m[0m,5♠,[31m4[31m♥[0m[0m]
[[32mX[0m][[32mX[0m][[32mX[0m][[32mX[0m][[32mX[0m][[32mX[0m][[31m4[31m♦[0m[0m,3♠]
cmd: ( [31m2[31m♦[0m[0m) ( 2♠) ( [31mA[31m♥[0m[0m) ( - )   <K♣>  |Score: 125|
[[31mK[31m♦[0m[0m,Q♣,[31mJ[31m♦[0m[0m]
[K♠,[31mQ[31m♦[0m[0m,J♣]

[[32mX[0m][[32mX[0m][[32mX[0m][[31m7[31m♥[0m[0m,6♠,[31m5[31m♦[0m[0m,4♣,[31m3[31m♦[0m[0m]
[[31m7[31m♦[0m[0m]
[[32mX[0m][[32mX[0m][[32mX[0m][9♠,[31m8[31m♦[0m[0m,7♠,[31m6[31m♥[0m[0m,5♠,[31m4[31m♥[0m[0m]
[[32mX[0m][[32mX[0m][[32mX[0m][[32mX[0m][[32mX[0m][[32mX[0m][[31m4[31m♦[0m[0m,3♠]
cmd: ( [31m2[31m♦[0m[0m) ( 2♠) ( [31mA[31m♥[0m[0m) ( - )   <5♣>  |Score: 125|
[[31mK[31m♦[0m[0m,Q♣,[31mJ[31m♦[0m[0m]
[K♠,[31mQ[31m♦[0m[0m,J♣]

[[32mX[0m][[32mX[0m][[32mX[0m][[31m7[31m♥[0m[0m,6♠,[31m5[31m♦[0m[0m,4♣,[31m3[31m♦[0m[0m]
[[31m7[31m♦[0m[0m]
[[32mX[0m][[32mX[0m][[32mX[0m][9♠,[31m8[31m♦[0m[0m,7♠,[31m6[31m♥[0m[0m,5♠,[31m4[31m♥[0m[0m]
[[32mX[0m][[32mX[0m][[32mX[0m][[32mX[0m][[32mX[0m][[32mX[0m][[31m4[31m♦[0m[0m,3♠]
cmd: ( [31m2[31m♦[0m[0m) ( 2♠) ( [31mA[31m♥[0m[0m) ( - )   <J♠>  |Score: 125|
[[31mK[31m♦[0m[0m,Q♣,[31mJ[31m♦[0m[0m]
[K♠,[31mQ[31m♦[0m[0m,J♣]

[[32mX[0m][[32mX[0m][[32mX[0m][[31m7[31m♥[0m[0m,6♠,[31m5[31m♦[0m[0m,4♣,[31m3[31m♦[0m[0m]
[[31m7[31m♦[0m[0m]
[[32mX[0m][[32mX[0m][[32mX[0m][9♠,[31m8[31m♦[0m[0m,7♠,[31m6[31m♥[0m[0m,5♠,[31m4[31m♥[0m[0m]
[[32mX[0m][[32mX[0m][[32mX[0m][[32mX[0m][[32mX[0m][[32mX[0m][[31m4[31m♦[0m[0m,3♠]
cmd: ( [31m2[31m♦[0m[0m) ( 2♠) ( [31mA[31m♥[0m[0m) ( - )   <[31m10[31m♥[0m[0m>  |Score: 125|
[[31mK[31m♦[0m[0m,Q♣,[31mJ[31m♦[0m[0m]
[K♠,[31mQ[31m♦[0m[0m,J♣]

[[32mX[0m][[32mX[0m][[32mX[0m][[31m7[31m♥[0m[0m,6♠,[31m5[31m♦[0m[0m,4♣,[31m3[31m♦[0m[0m]
[[31m7[31m♦[0m[0m]
[[32mX[0m][[32mX[0m][[32mX[0m][9♠,[31m8[31m♦[0m[0m,7♠,[31m6[31m♥[0m[0m,5♠,[31m4[31m♥[0m[0m]
[[32mX[0m][[32mX[0m][[32mX[0m][[32mX[0m][[32mX[0m][[32mX[0m][[31m4[31m♦[0m[0m,3♠]
cmd: ( [31m2[31m♦[0m[0m) ( 2♠) ( [31mA[31m♥[0m[0m) ( - )   <J♠>  |Score: 130|
[[31mK[31m♦[0m[0m,Q♣,[31mJ[31m♦[0m[0m]
[K♠,[31mQ[31m♦[0m[0m,J♣,[31m10[31m♥[0m[0m]

[[32mX[0m][[32mX[0m][[32mX[0m][[31m7[31m♥[0m[0m,6♠,[31m5[31m♦[0m[0m,4♣,[31m3[31m♦[0m[0m]
[[31m7[31m♦[0m[0m]
[[32mX[0m][[32mX[0m][[32mX[0m][9♠,[31m8[31m♦[0m[0m,7♠,[31m6[31m♥[0m[0m,5♠,[31m4[31m♥[0m[0m]
[[32mX[0m][[32mX[0m][[32mX[0m][[32mX[0m][[32mX[0m][[32mX[0m][[31m4[31m♦[0m[0m,3♠]
cmd: ( [31m2[31m♦[0m[0m) ( 2♠) ( [31mA[31m♥[0m[0m) ( - )   <J♠>  |Score: 135|
[[31mK[31m♦[0m[0m,Q♣,[31mJ[31m♦[0m[0m]
[K♠,[31mQ[31m♦[0m[0m,J♣,[31m10[31m♥[0m[0m,9♠,[31m8[31m♦[0m[0m,7♠,[31m6[31m♥[0m[0m,5♠,[31m4[31m♥[0m[0m]

[[32mX[0m][[32mX[0m][[32mX[0m][[31m7[31m♥[0m[0m,6♠,[31m5[31m♦[0m[0m,4♣,[31m3[31m♦[0m[0m]
[[31m7[31m♦[0m[0m]
[[32mX[0m][[32mX[0m][7♣]
[[32mX[0m][[32mX[0m][[32mX[0m][[32mX[0m][[32mX[0m][[32mX[0m][[31m4[31m♦[0m[0m,3♠]
cmd: ( [31m2[31m♦[0m[0m) ( 2♠) ( [31mA[31m♥[0m[0m) ( - )   <9♣>  |Score: 135|
[[31mK[31m♦[0m[0m,Q♣,[31mJ[31m♦[0m[0m]
[K♠,[31mQ[31m♦[0m[0m,J♣,[31m10[31m♥[0m[0m,9♠,[31m8[31m♦[0m[0m,7♠,[31m6[31m♥[0m[0m,5♠,[31m4[31m♥[0m[0m]

[[32mX[0m][[32mX[0m][[32mX[0m][[31m7[31m♥[0m[0m,6♠,[31m5[31m♦[0m[0m,4♣,[31m3[31m♦[0m[0m]
[[31m7[31m♦[0m[0m]
[[32mX[0m][[32mX[0m][7♣]
[[32mX[0m][[32mX[0m][[32mX[0m][[32mX[0m][[32mX[0m][[32mX[0m][[31m4[31m♦[0m[0m,3♠]
cmd: ( [31m2[31m♦[0m[0m) ( 2♠) ( [31mA[31m♥[0m[0m) ( - )   <[31mK[31m♥[0m[0m>  |Score: 135|
[[31mK[31m♦[0m[0m,Q♣,[31mJ[31m♦[0m[0m]
[K♠,[31mQ[31m♦[0m[0m,J♣,[31m10[31m♥[0m[0m,9♠,[31m8[31m♦[0m[0m,7♠,[31m6[31m♥[0m[0m,5♠,[31m4[31m♥[0m[0m]

[[32mX[0m][[32mX[0m][[32mX[0m][[31m7[31m♥[0m[0m,6♠,[31m5[31m♦[0m[0m,4♣,[31m3[31m♦[0m[0m]
[[31m7[31m♦[0m[0m]
[[32mX[0m][[32mX[0m][7♣]
[[32mX[0m][[32mX[0m][[32mX[0m][[32mX[0m][[32mX[0m][[32mX[0m][[31m4[31m♦[0m[0m,3♠]
cmd: ( [31m2[31m♦[0m[0m) ( 2♠) ( [31mA[31m♥[0m[0m) ( - )   <9♣>  |Score: 140|
[[31mK[31m♦[0m[0m,Q♣,[31mJ[31m♦[0m[0m]
[K♠,[31mQ[31m♦[0m[0m,J♣,[31m10[31m♥[0m[0m,9♠,[31m8[31m♦[0m[0m,7♠,[31m6[31m♥[0m[0m,5♠,[31m4[31m♥[0m[0m]
[[31mK[31m♥[0m[0m]
[[32mX[0m][[32mX[0m][[32mX[0m][[31m7[31m♥[0m[0m,6♠,[31m5[31m♦[0m[0m,4♣,[31m3[31m♦[0m[0m]
[[31m7[31m♦[0m[0m]
[[32mX[0m][[32mX[0m][7♣]
[[32mX[0m][[32mX[0m][[32mX[0m][[32mX[0m][[32mX[0m][[32mX[0m][[31m4[31m♦[0m[0m,3♠]
cmd: ( [31m2[31m♦[0m[0m) ( 2♠) ( [31mA[31m♥[0m[0m) ( - )   <8♠>  |Score: 140|
[[31mK[31m♦[0m[0m,Q♣,[31mJ[31m♦[0m[0m]
[K♠,[31mQ[31m♦[0m[0m,J♣,[31m10[31m♥[0m[0m,9♠,[31m8[31m♦[0m[0m,7♠,[31m6[31m♥[0m[0m,5♠,[31m4[31m♥[0m[0m]
[[31mK[31m♥[0m[0m]
[[32mX[0m][[32mX[0m][[32mX[0m][[31m7[31m♥[0m[0m,6♠,[31m5[31m♦[0m[0m,4♣,[31m3[31m♦[0m[0m]
[[31m7[31m♦[0m[0m]
[[32mX[0m][[32mX[0m][7♣]
[[32mX[0m][[32mX[0m][[32mX[0m][[32mX[0m][[32mX[0m][[32mX[0m][[31m4[31m♦[0m[0m,3♠]
cmd: ( [31m2[31m♦[0m[0m) ( 2♠) ( [31mA[31m♥[0m[0m) ( - )   <Q♠>  |Score: 140|
[[31mK[31m♦[0m[0m,Q♣,[31mJ[31m♦[0m[0m]
[K♠,[31mQ[31m♦[0m[0m,J♣,[31m10[31m♥[0m[0m,9♠,[31m8[31m♦[0m[0m,7♠,[31m6[31m♥[0m[0m,5♠,[31m4[31m♥[0m[0m]
[[31mK[31m♥[0m[0m]
[[32mX[0m][[32mX[0m][[32mX[0m][[31m7[31m♥[0m[0m,6♠,[31m5[31m♦[0m[0m,4♣,[31m3[31m♦[0m[0m]
[[31m7[31m♦[0m[0m]
[[32mX[0m][[32mX[0m][7♣]
[[32mX[0m][[32mX[0m][[32mX[0m][[32mX[0m][[32mX[0m][[32mX[0m][[31m4[31m♦[0m[0m,3♠]
cmd: ( [31m2[31m♦[0m[0m) ( 2♠) ( [31mA[31m♥[0m[0m) ( - )   <8♠>  |Score: 145|
[[31mK[31m♦[0m[0m,Q♣,[31mJ[31m♦[0m[0m]
[K♠,[31mQ[31m♦[0m[0m,J♣,[31m10[31m♥[0m[0m,9♠,[31m8[31m♦[0m[0m,7♠,[31m6[31m♥[0m[0m,5♠,[31m4[31m♥[0m[0m]
[[31mK[31m♥[0m[0m,Q♠]
[[32mX[0m][[32mX[0m][[32mX[0m][[31m7[31m♥[0m[0m,6♠,[31m5[31m♦[0m[0m,4♣,[31m3[31m♦[0m[0m]
[[31m7[31m♦[0m[0m]
[[32mX[0m][[32mX[0m][7♣]
[[32mX[0m][[32mX[0m][[32mX[0m][[32mX[0m][[32mX[0m][[32mX[0m][[31m4[31m♦[0m[0m,3♠]
cmd: ( [31m2[31m♦[0m[0m) ( 2♠) ( [31mA[31m♥[0m[0m) ( - )   <[31m2[31m♥[0m[0m>  |Score: 45|
[[31mK[31m♦[0m[0m,Q♣,[31mJ[31m♦[0m[0m]
[K♠,[31mQ[31m♦[0m[0m,J♣,[31m10[31m♥[0m[0m,9♠,[31m8[31m♦[0m[0m,7♠,[31m6[31m♥[0m[0m,5♠,[31m4[31m♥[0m[0m]
[[31mK[31m♥[0m[0m,Q♠]
[[32mX[0m][[32mX[0m][[32mX[0m][[31m7[31m♥[0m[0m,6♠,[31m5[31m♦[0m[0m,4♣,[31m3[31m♦[0m[0m]
[[31m7[31m♦[0m[0m]
[[32mX[0m][[32mX[0m][7♣]
[[32mX[0m][[32mX[0m][[32mX[0m][[32mX[0m][[32mX[0m][[32mX[0m][[31m4[31m♦[0m[0m,3♠]
cmd: ( [31m2[31m♦[0m[0m) ( 2♠) ( [31m2[31m♥[0m[0m) ( - )   <[31m3[31m♥[0m[0m>  |Score: 55|
[[31mK[31m♦[0m[0m,Q♣,[31mJ[31m♦[0m[0m]
[K♠,[31mQ[31m♦[0m[0m,J♣,[31m10[31m♥[0m[0m,9♠,[31m8[31m♦[0m[0m,7♠,[31m6[31m♥[0m[0m,5♠,[31m4[31m♥[0m[0m]
[[31mK[31m♥[0m[0m,Q♠]
[[32mX[0m][[32mX[0m][[32mX[0m][[31m7[31m♥[0m[0m,6♠,[31m5[31m♦[0m[0m,4♣,[31m3[31m♦[0m[0m]
[[31m7[31m♦[0m[0m]
[[32mX[0m][[32mX[0m][7♣]
[[32mX[0m][[32mX[0m][[32mX[0m][[32mX[0m][[32mX[0m][[32mX[0m][[31m4[31m♦[0m[0m,3♠]
cmd: ( [31m2[31m♦[0m[0m) ( 2♠) ( [31m3[31m♥[0m[0m) ( - )   <[31m6[31m♦[0m[0m>  |Score: 65|
[[31mK[31m♦[0m[0m,Q♣,[31mJ[31m♦[0m[0m]
[K♠,[31mQ[31m♦[0m[0m,J♣,[31m10[31m♥[0m[0m,9♠,[31m8[31m♦[0m[0m,7♠,[31m6[31m♥[0m[0m,5♠,[31m4[31m♥[0m[0m]
[[31mK[31m♥[0m[0m,Q♠]
[[32mX[0m][[32mX[0m][[32mX[0m][[31m7[31m♥[0m[0m,6♠,[31m5[31m♦[0m[0m,4♣,[31m3[31m♦[0m[0m]
[[31m7[31m♦[0m[0m]
[[32mX[0m][[32mX[0m][7♣]
[[32mX[0m][[32mX[0m][[32mX[0m][[32mX[0m][[32mX[0m][[32mX[0m][[31m4[31m♦[0m[0m,3♠]
cmd: ( [31m2[31m♦[0m[0m) ( 2♠) ( [31m3[31m♥[0m[0m) ( - )   <[31m9[31m♥[0m[0m>  |Score: 70|
[[31mK[31m♦[0m[0m,Q♣,[31mJ[31m♦[0m[0m]
[K♠,[31mQ[31m♦[0m[0m,J♣,[31m10[31m♥[0m[0m,9♠,[31m8[31m♦[0m[0m,7♠,[31m6[31m♥[0m[0m,5♠,[31m4[31m♥[0m[0m]
[[31mK[31m♥[0m[0m,Q♠]
[[32mX[0m][[32mX[0m][[32mX[0m][[31m7[31m♥[0m[0m,6♠,[31m5[31m♦[0m[0m,4♣,[31m3[31m♦[0m[0m]
[[31m7[31m♦[0m[0m]
[[32mX[0m][[32mX[0m][7♣,[31m6[31m♦[0m[0m]
[[32mX[0m][[32mX[0m][[32mX[0m][[32mX[0m][[32mX[0m][[32mX[0m][[31m4[31m♦[0m[0m,3♠]
cmd: ( [31m2[31m♦[0m[0m) ( 2♠) ( [31m3[31m♥[0m[0m) ( - )   <[31mQ[31m♥[0m[0m>  |Score: 70|
[[31mK[31m♦[0m[0m,Q♣,[31mJ[31m♦[0m[0m]
[K♠,[31mQ[31m♦[0m[0m,J♣,[31m10[31m♥[0m[0m,9♠,[31m8[31m♦[0m[0m,7♠,[31m6[31m♥[0m[0m,5♠,[31m4[31m♥[0m[0m]
[[31mK[31m♥[0m[0m,Q♠]
[[32mX[0m][[32mX[0m][[32mX[0m][[31m7[31m♥[0m[0m,6♠,[31m5[31m♦[0m[0m,4♣,[31m3[31m♦[0m[0m]
[[31m7[31m♦[0m[0m]
[[32mX[0m][[32mX[0m][7♣,[31m6[31m♦[0m[0m]
[[32mX[0m][[32mX[0m][[32mX[0m][[32mX[0m][[32mX[0m][[32mX[0m][[31m4[31m♦[0m[0m,3♠]
cmd: ( [31m2[31m♦[0m[0m) ( 2♠) ( [31m3[31m♥[0m[0m) ( - )   <8♣>  |Score: 70|
[[31mK[31m♦[0m[0m,Q♣,[31mJ[31m♦[0m[0m]
[K♠,[31mQ[31m♦[0m[0m,J♣,[31m10[31m♥[0m[0m,9♠,[31m8[31m♦[0m[0m,7♠,[31m6[31m♥[0m[0m,5♠,[31m4[31m♥[0m[0m]
[[31mK[31m♥[0m[0m,Q♠]
[[32mX[0m][[32mX[0m][[32mX[0m][[31m7[31m♥[0m[0m,6♠,[31m5[31m♦[0m[0m,4♣,[31m3[31m♦[0m[0m]
[[31m7[31m♦[0m[0m]
[[32mX[0m][[32mX[0m][7♣,[31m6[31m♦[0m[0m]
[[32mX[0m][[32mX[0m][[32mX[0m][[32mX[0m][[32mX[0m][[32mX[0m][[31m4[31m♦[0m[0m,3♠]
cmd: ( [31m2[31m♦[0m[0m) ( 2♠) ( [31m3[31m♥[0m[0m) ( - )   <[31m8[31m♥[0m[0m>  |Score: 70|
[[31mK[31m♦[0m[0m,Q♣,[31mJ[31m♦[0m[0m]
[K♠,[31mQ[31m♦[0m[0m,J♣,[31m10[31m♥[0m[0m,9♠,[31m8[31m♦[0m[0m,7♠,[31m6[31m♥[0m[0m,5♠,[31m4[31m♥[0m[0m]
[[31mK[31m♥[0m[0m,Q♠]
[[32mX[0m][[32mX[0m][[32mX[0m][[31m7[31m♥[0m[0m,6♠,[31m5[31m♦[0m[0m,4♣,[31m3[31m♦[0m[0m]
[[31m7[31m♦[0m[0m]
[[32mX[0m][[32mX[0m][7♣,[31m6[31m♦[0m[0m]
[[32mX[0m][[32mX[0m][[32mX[0m][[32mX[0m][[32mX[0m][[32mX[0m][[31m4[31m♦[0m[0m,3♠]
cmd: ( [31m2[31m♦[0m[0m) ( 2♠) ( [31m3[31m♥[0m[0m) ( - )   <K♣>  |Score: 70|
[[31mK[31m♦[0m[0m,Q♣,[31mJ[31m♦[0m[0m]
[K♠,[31mQ[31m♦[0m[0m,J♣,[31m10[31m♥[0m[0m,9♠,[31m8[31m♦[0m[0m,7♠,[31m6[31m♥[0m[0m,5♠,[31m4[31m♥[0m[0m]
[[31mK[31m♥[0m[0m,Q♠]
[[32mX[0m][[32mX[0m][[32mX[0m][[31m7[31m♥[0m[0m,6♠,[31m5[31m♦[0m[0m,4♣,[31m3[31m♦[0m[0m]
[[31m7[31m♦[0m[0m]
[[32mX[0m][[32mX[0m][7♣,[31m6[31m♦[0m[0m]
[[32mX[0m][[32mX[0m][[32mX[0m][[32mX[0m][[32mX[0m][[32mX[0m][[31m4[31m♦[0m[0m,3♠]
cmd: ( [31m2[31m♦[0m[0m) ( 2♠) ( [31m3[31m♥[0m[0m) ( - )   <5♣>  |Score: 70|
[[31mK[31m♦[0m[0m,Q♣,[31mJ[31m♦[0m[0m]
[K♠,[31mQ[31m♦[0m[0m,J♣,[31m10[31m♥[0m[0m,9♠,[31m8[31m♦[0m[0m,7♠,[31m6[31m♥[0m[0m,5♠,[31m4[31m♥[0m[0m]
[[31mK[31m♥[0m[0m,Q♠]
[[32mX[0m][[32mX[0m][[32mX[0m][[31m7[31m♥[0m[0m,6♠,[31m5[31m♦[0m[0m,4♣,[31m3[31m♦[0m[0m]
[[31m7[31m♦[0m[0m]
[[32mX[0m][[32mX[0m][7♣,[31m6[31m♦[0m[0m]
[[32mX[0m][[32mX[0m][[32mX[0m][[32mX[0m][[32mX[0m][[32mX[0m][[31m4[31m♦[0m[0m,3♠]
cmd: ( [31m2[31m♦[0m[0m) ( 2♠) ( [31m3[31m♥[0m[0m) ( - )   <K♣>  |Score: 75|
[[31mK[31m♦[0m[0m,Q♣,[31mJ[31m♦[0m[0m]
[K♠,[31mQ[31m♦[0m[0m,J♣,[31m10[31m♥[0m[0m,9♠,[31m8[31m♦[0m[0m,7♠,[31m6[31m♥[0m[0m,5♠,[31m4[31m♥[0m[0m]
[[31mK[31m♥[0m[0m,Q♠]
[[32mX[0m][[32mX[0m][[32mX[0m][[31m7[31m♥[0m[0m,6♠,[31m5[31m♦[0m[0m,4♣,[31m3[31m♦[0m[0m]
[[31m7[31m♦[0m[0m]
[[32mX[0m][[32mX[0m][7♣,[31m6[31m♦[0m[0m,5♣]
[[32mX[0m][[32mX[0m][[32mX[0m][[32mX[0m][[32mX[0m][[32mX[0m][[31m4[31m♦[0m[0m,3♠]
cmd: ( [31m2[31m♦[0m[0m) ( 2♠) ( [31m3[31m♥[0m[0m) ( - )   <K♣>  |Score: 80|
[[31mK[31m♦[0m[0m,Q♣,[31mJ[31m♦[0m[0m]
[K♠,[31mQ[31m♦[0m[0m,J♣,[31m10[31m♥[0m[0m,9♠,[31m8[31m♦[0m[0m,7♠,[31m6[31m♥[0m[0m,5♠,[31m4[31m♥[0m[0m]
[[31mK[31m♥[0m[0m,Q♠]
[[32mX[0m][[32mX[0m][[32mX[0m][[31m7[31m♥[0m[0m,6♠,[31m5[31m♦[0m[0m,4♣,[31m3[31m♦[0m[0m]
[[31m7[31m♦[0m[0m]
[[32mX[0m][[32mX[0m][7♣,[31m6[31m♦[0m[0m,5♣,[31m4[31m♦[0m[0m,3♠]
[[32mX[0m][[32mX[0m][[32mX[0m][[32mX[0m][[32mX[0m][10♠]
cmd: ( [31m2[31m♦[0m[0m) ( 2♠) ( [31m3[31m♥[0m[0m) ( - )   <K♣>  |Score: 85|
[[31mK[31m♦[0m[0m,Q♣,[31mJ[31m♦[0m[0m,10♠]
[K♠,[31mQ[31m♦[0m[0m,J♣,[31m10[31m♥[0m[0m,9♠,[31m8[31m♦[0m[0m,7♠,[31m6[31m♥[0m[0m,5♠,[31m4[31m♥[0m[0m]
[[31mK[31m♥[0m[0m,Q♠]
[[32mX[0m][[32mX[0m][[32mX[0m][[31m7[31m♥[0m[0m,6♠,[31m5[31m♦[0m[0m,4♣,[31m3[31m♦[0m[0m]
[[31m7[31m♦[0m[0m]
[[32mX[0m][[32mX[0m][7♣,[31m6[31m♦[0m[0m,5♣,[31m4[31m♦[0m[0m,3♠]
[[32mX[0m][[32mX[0m][[32mX[0m][[32mX[0m][3♣]
cmd: ( [31m2[31m♦[0m[0m) ( 3♠) ( [31m3[31m♥[0m[0m) ( - )   <K♣>  |Score: 95|
[[31mK[31m♦[0m[0m,Q♣,[31mJ[31m♦[0m[0m,10♠]
[K♠,[31mQ[31m♦[0m[0m,J♣,[31m10[31m♥[0m[0m,9♠,[31m8[31m♦[0m[0m,7♠,[31m6[31m♥[0m[0m,5♠,[31m4[31m♥[0m[0m]
[[31mK[31m♥[0m[0m,Q♠]
[[32mX[0m][[32mX[0m][[32mX[0m][[31m7[31m♥[0m[0m,6♠,[31m5[31m♦[0m[0m,4♣,[31m3[31m♦[0m[0m]
[[31m7[31m♦[0m[0m]
[[32mX[0m][[32mX[0m][7♣,[31m6[31m♦[0m[0m,5♣,[31m4[31m♦[0m[0m]
[[32mX[0m][[32mX[0m][[32mX[0m][[32mX[0m][3♣]
cmd: ( [31m2[31m♦[0m[0m) ( 3♠) ( [31m3[31m♥[0m[0m) ( - )   <K♣>  |Score: 100|
[[31mK[31m♦[0m[0m,Q♣,[31mJ[31m♦[0m[0m,10♠]
[K♠,[31mQ[31m♦[0m[0m,J♣,[31m10[31m♥[0m[0m,9♠,[31m8[31m♦[0m[0m,7♠,[31m6[31m♥[0m[0m,5♠,[31m4[31m♥[0m[0m]
[[31mK[31m♥[0m[0m,Q♠]
[[32mX[0m][[32mX[0m][[32mX[0m][[31m7[31m♥[0m[0m,6♠,[31m5[31m♦[0m[0m,4♣,[31m3[31m♦[0m[0m]
[[31m7[31m♦[0m[0m]
[[32mX[0m][[32mX[0m][7♣,[31m6[31m♦[0m[0m,5♣,[31m4[31m♦[0m[0m,3♣]
[[32mX[0m][[32mX[0m][[32mX[0m][[31m9[31m♦[0m[0m]
cmd: ( [31m2[31m♦[0m[0m) ( 3♠) ( [31m3[31m♥[0m[0m) ( - )   <K♣>  |Score: 105|
[[31mK[31m♦[0m[0m,Q♣,[31mJ[31m♦[0m[0m,10♠,[31m9[31m♦[0m[0m]
[K♠,[31mQ[31m♦[0m[0m,J♣,[31m10[31m♥[0m[0m,9♠,[31m8[31m♦[0m[0m,7♠,[31m6[31m♥[0m[0m,5♠,[31m4[31m♥[0m[0m]
[[31mK[31m♥[0m[0m,Q♠]
[[32mX[0m][[32mX[0m][[32mX[0m][[31m7[31m♥[0m[0m,6♠,[31m5[31m♦[0m[0m,4♣,[31m3[31m♦[0m[0m]
[[31m7[31m♦[0m[0m]
[[32mX[0m][[32mX[0m][7♣,[31m6[31m♦[0m[0m,5♣,[31m4[31m♦[0m[0m,3♣]
[[32mX[0m][[32mX[0m][6♣]
cmd: ( [31m2[31m♦[0m[0m) ( 3♠) ( [31m3[31m♥[0m[0m) ( - )   <K♣>  |Score: 110|
[[31mK[31m♦[0m[0m,Q♣,[31mJ[31m♦[0m[0m,10♠,[31m9[31m♦[0m[0m]
[K♠,[31mQ[31m♦[0m[0m,J♣,[31m10[31m♥[0m[0m,9♠,[31m8[31m♦[0m[0m,7♠,[31m6[31m♥[0m[0m,5♠,[31m4[31m♥[0m[0m]
[[31mK[31m♥[0m[0m,Q♠]
[[32mX[0m][[32mX[0m][[32mX[0m][[31m7[31m♥[0m[0m,6♠,[31m5[31m♦[0m[0m,4♣,[31m3[31m♦[0m[0m]
[[31m7[31m♦[0m[0m,6♣]
[[32mX[0m][[32mX[0m][7♣,[31m6[31m♦[0m[0m,5♣,[31m4[31m♦[0m[0m,3♣]
[[32mX[0m][A♣]
cmd: ( [31m2[31m♦[0m[0m) ( 3♠) ( [31m3[31m♥[0m[0m) ( A♣)   <K♣>  |Score: 125|
[[31mK[31m♦[0m[0m,Q♣,[31mJ[31m♦[0m[0m,10♠,[31m9[31m♦[0m[0m]
[K♠,[31mQ[31m♦[0m[0m,J♣,[31m10[31m♥[0m[0m,9♠,[31m8[31m♦[0m[0m,7♠,[31m6[31m♥[0m[0m,5♠,[31m4[31m♥[0m[0m]
[[31mK[31m♥[0m[0m,Q♠]
[[32mX[0m][[32mX[0m][[32mX[0m][[31m7[31m♥[0m[0m,6♠,[31m5[31m♦[0m[0m,4♣,[31m3[31m♦[0m[0m]
[[31m7[31m♦[0m[0m,6♣]
[[32mX[0m][[32mX[0m][7♣,[31m6[31m♦[0m[0m,5♣,[31m4[31m♦[0m[0m,3♣]
[[31m10[31m♦[0m[0m]
cmd: ( [31m2[31m♦[0m[0m) ( 3♠) ( [31m3[31m♥[0m[0m) ( A♣)   <J♠>  |Score: 125|
[[31mK[31m♦[0m[0m,Q♣,[31mJ[31m♦[0m[0m,10♠,[31m9[31m♦[0m[0m]
[K♠,[31mQ[31m♦[0m[0m,J♣,[31m10[31m♥[0m[0m,9♠,[31m8[31m♦[0m[0m,7♠,[31m6[31m♥[0m[0m,5♠,[31m4[31m♥[0m[0m]
[[31mK[31m♥[0m[0m,Q♠]
[[32mX[0m][[32mX[0m][[32mX[0m][[31m7[31m♥[0m[0m,6♠,[31m5[31m♦[0m[0m,4♣,[31m3[31m♦[0m[0m]
[[31m7[31m♦[0m[0m,6♣]
[[32mX[0m][[32mX[0m][7♣,[31m6[31m♦[0m[0m,5♣,[31m4[31m♦[0m[0m,3♣]
[[31m10[31m♦[0m[0m]
cmd: ( [31m2[31m♦[0m[0m) ( 3♠) ( [31m3[31m♥[0m[0m) ( A♣)   <9♣>  |Score: 125|
[[31mK[31m♦[0m[0m,Q♣,[31mJ[31m♦[0m[0m,10♠,[31m9[31m♦[0m[0m]
[K♠,[31mQ[31m♦[0m[0m,J♣,[31m10[31m♥[0m[0m,9♠,[31m8[31m♦[0m[0m,7♠,[31m6[31m♥[0m[0m,5♠,[31m4[31m♥[0m[0m]
[[31mK[31m♥[0m[0m,Q♠]
[[32mX[0m][[32mX[0m][[32mX[0m][[31m7[31m♥[0m[0m,6♠,[31m5[31m♦[0m[0m,4♣,[31m3[31m♦[0m[0m]
[[31m7[31m♦[0m[0m,6♣]
[[32mX[0m][[32mX[0m][7♣,[31m6[31m♦[0m[0m,5♣,[31m4[31m♦[0m[0m,3♣]
[[31m10[31m♦[0m[0m]
cmd: ( [31m2[31m♦[0m[0m) ( 3♠) ( [31m3[31m♥[0m[0m) ( A♣)   <J♠>  |Score: 130|
[[31mK[31m♦[0m[0m,Q♣,[31mJ[31m♦[0m[0m,10♠,[31m9[31m♦[0m[0m]
[K♠,[31mQ[31m♦[0m[0m,J♣,[31m10[31m♥[0m[0m,9♠,[31m8[31m♦[0m[0m,7♠,[31m6[31m♥[0m[0m,5♠,[31m4[31m♥[0m[0m]
[[31mK[31m♥[0m[0m,Q♠]
[[32mX[0m][[32mX[0m][[32mX[0m][[31m7[31m♥[0m[0m,6♠,[31m5[31m♦[0m[0m,4♣,[31m3[31m♦[0m[0m]
[[31m7[31m♦[0m[0m,6♣]
[[32mX[0m][[32mX[0m][7♣,[31m6[31m♦[0m[0m,5♣,[31m4[31m♦[0m[0m,3♣]
[[31m10[31m♦[0m[0m,9♣]
cmd: ( [31m2[31m♦[0m[0m) ( 3♠) ( [31m3[31m♥[0m[0m) ( A♣)   <8♠>  |Score: 130|
[[31mK[31m♦[0m[0m,Q♣,[31mJ[31m♦[0m[0m,10♠,[31m9[31m♦[0m[0m]
[K♠,[31mQ[31m♦[0m[0m,J♣,[31m10[31m♥[0m[0m,9♠,[31m8[31m♦[0m[0m,7♠,[31m6[31m♥[0m[0m,5♠,[31m4[31m♥[0m[0m]
[[31mK[31m♥[0m[0m,Q♠]
[[32mX[0m][[32mX[0m][[32mX[0m][[31m7[31m♥[0m[0m,6♠,[31m5[31m♦[0m[0m,4♣,[31m3[31m♦[0m[0m]
[[31m7[31m♦[0m[0m,6♣]
[[32mX[0m][[32mX[0m][7♣,[31m6[31m♦[0m[0m,5♣,[31m4[31m♦[0m[0m,3♣]
[[31m10[31m♦[0m[0m,9♣]
cmd: ( [31m2[31m♦[0m[0m) ( 3♠) ( [31m3[31m♥[0m[0m) ( A♣)   <J♠>  |Score: 135|
[[31mK[31m♦[0m[0m,Q♣,[31mJ[31m♦[0m[0m,10♠,[31m9[31m♦[0m[0m,8♠]
[K♠,[31mQ[31m♦[0m[0m,J♣,[31m10[31m♥[0m[0m,9♠,[31m8[31m♦[0m[0m,7♠,[31m6[31m♥[0m[0m,5♠,[31m4[31m♥[0m[0m]
[[31mK[31m♥[0m[0m,Q♠]
[[32mX[0m][[32mX[0m][[32mX[0m][[31m7[31m♥[0m[0m,6♠,[31m5[31m♦[0m[0m,4♣,[31m3[31m♦[0m[0m]
[[31m7[31m♦[0m[0m,6♣]
[[32mX[0m][[32mX[0m][7♣,[31m6[31m♦[0m[0m,5♣,[31m4[31m♦[0m[0m,3♣]
[[31m10[31m♦[0m[0m,9♣]
cmd: ( [31m2[31m♦[0m[0m) ( 3♠) ( [31m3[31m♥[0m[0m) ( A♣)   <J♠>  |Score: 140|
[[31mK[31m♦[0m[0m,Q♣,[31mJ[31m♦[0m[0m,10♠,[31m9[31m♦[0m[0m,8♠,[31m7[31m♥[0m[0m,6♠,[31m5[31m♦[0m[0m,4♣,[31m3[31m♦[0m[0m]
[K♠,[31mQ[31m♦[0m[0m,J♣,[31m10[31m♥[0m[0m,9♠,[31m8[31m♦[0m[0m,7♠,[31m6[31m♥[0m[0m,5♠,[31m4[31m♥[0m[0m]
[[31mK[31m♥[0m[0m,Q♠]
[[32mX[0m][[32mX[0m][4♠]
[[31m7[31m♦[0m[0m,6♣]
[[32mX[0m][[32mX[0m][7♣,[31m6[31m♦[0m[0m,5♣,[31m4[31m♦[0m[0m,3♣]
[[31m10[31m♦[0m[0m,9♣]
cmd: ( [31m2[31m♦[0m[0m) ( 4♠) ( [31m3[31m♥[0m[0m) ( A♣)   <J♠>  |Score: 155|
[[31mK[31m♦[0m[0m,Q♣,[31mJ[31m♦[0m[0m,10♠,[31m9[31m♦[0m[0m,8♠,[31m7[31m♥[0m[0m,6♠,[31m5[31m♦[0m[0m,4♣,[31m3[31m♦[0m[0m]
[K♠,[31mQ[31m♦[0m[0m,J♣,[31m10[31m♥[0m[0m,9♠,[31m8[31m♦[0m[0m,7♠,[31m6[31m♥[0m[0m,5♠,[31m4[31m♥[0m[0m]
[[31mK[31m♥[0m[0m,Q♠]
[[32mX[0m][2♣]
[[31m7[31m♦[0m[0m,6♣]
[[32mX[0m][[32mX[0m][7♣,[31m6[31m♦[0m[0m,5♣,[31m4[31m♦[0m[0m,3♣]
[[31m10[31m♦[0m[0m,9♣]
cmd: ( [31m2[31m♦[0m[0m) ( 4♠) ( [31m3[31m♥[0m[0m) ( 2♣)   <J♠>  |Score: 170|
[[31mK[31m♦[0m[0m,Q♣,[31mJ[31m♦[0m[0m,10♠,[31m9[31m♦[0m[0m,8♠,[31m7[31m♥[0m[0m,6♠,[31m5[31m♦[0m[0m,4♣,[31m3[31m♦[0m[0m]
[K♠,[31mQ[31m♦[0m[0m,J♣,[31m10[31m♥[0m[0m,9♠,[31m8[31m♦[0m[0m,7♠,[31m6[31m♥[0m[0m,5♠,[31m4[31m♥[0m[0m]
[[31mK[31m♥[0m[0m,Q♠]
[[31mJ[31m♥[0m[0m]
[[31m7[31m♦[0m[0m,6♣]
[[32mX[0m][[32mX[0m][7♣,[31m6[31m♦[0m[0m,5♣,[31m4[31m♦[0m[0m,3♣]
[[31m10[31m♦[0m[0m,9♣]
cmd: ( [31m2[31m♦[0m[0m) ( 4♠) ( [31m3[31m♥[0m[0m) ( 2♣)   <J♠>  |Score: 170|
[[31mK[31m♦[0m[0m,Q♣,[31mJ[31m♦[0m[0m,10♠,[31m9[31m♦[0m[0m,8♠,[31m7[31m♥[0m[0m,6♠,[31m5[31m♦[0m[0m,4♣,[31m3[31m♦[0m[0m]
[K♠,[31mQ[31m♦[0m[0m,J♣,[31m10[31m♥[0m[0m,9♠,[31m8[31m♦[0m[0m,7♠,[31m6[31m♥[0m[0m,5♠,[31m4[31m♥[0m[0m]
[[31mK[31m♥[0m[0m,Q♠,[31mJ[31m♥[0m[0m]

[[31m7[31m♦[0m[0m,6♣]
[[32mX[0m][[32mX[0m][7♣,[31m6[31m♦[0m[0m,5♣,[31m4[31m♦[0m[0m,3♣]
[[31m10[31m♦[0m[0m,9♣]
cmd: ( [31m2[31m♦[0m[0m) ( 4♠) ( [31m3[31m♥[0m[0m) ( 2♣)   <[31m9[31m♥[0m[0m>  |Score: 70|
[[31mK[31m♦[0m[0m,Q♣,[31mJ[31m♦[0m[0m,10♠,[31m9[31m♦[0m[0m,8♠,[31m7[31m♥[0m[0m,6♠,[31m5[31m♦[0m[0m,4♣,[31m3[31m♦[0m[0m]
[K♠,[31mQ[31m♦[0m[0m,J♣,[31m10[31m♥[0m[0m,9♠,[31m8[31m♦[0m[0m,7♠,[31m6[31m♥[0m[0m,5♠,[31m4[31m♥[0m[0m]
[[31mK[31m♥[0m[0m,Q♠,[31mJ[31m♥[0m[0m]

[[31m7[31m♦[0m[0m,6♣]
[[32mX[0m][[32mX[0m][7♣,[31m6[31m♦[0m[0m,5♣,[31m4[31m♦[0m[0m,3♣]
[[31m10[31m♦[0m[0m,9♣]
cmd: ( [31m3[31m♦[0m[0m) ( 4♠) ( [31m3[31m♥[0m[0m) ( 2♣)   <[31m9[31m♥[0m[0m>  |Score: 80|
[[31mK[31m♦[0m[0m,Q♣,[31mJ[31m♦[0m[0m,10♠,[31m9[31m♦[0m[0m,8♠,[31m7[31m♥[0m[0m,6♠,[31m5[31m♦[0m[0m,4♣]
[K♠,[31mQ[31m♦[0m[0m,J♣,[31m10[31m♥[0m[0m,9♠,[31m8[31m♦[0m[0m,7♠,[31m6[31m♥[0m[0m,5♠,[31m4[31m♥[0m[0m]
[[31mK[31m♥[0m[0m,Q♠,[31mJ[31m♥[0m[0m]

[[31m7[31m♦[0m[0m,6♣]
[[32mX[0m][[32mX[0m][7♣,[31m6[31m♦[0m[0m,5♣,[31m4[31m♦[0m[0m,3♣]
[[31m10[31m♦[0m[0m,9♣]
cmd: ( [31m3[31m♦[0m[0m) ( 4♠) ( [31m3[31m♥[0m[0m) ( 3♣)   <[31m9[31m♥[0m[0m>  |Score: 90|
[[31mK[31m♦[0m[0m,Q♣,[31mJ[31m♦[0m[0m,10♠,[31m9[31m♦[0m[0m,8♠,[31m7[31m♥[0m[0m,6♠,[31m5[31m♦[0m[0m,4♣]
[K♠,[31mQ[31m♦[0m[0m,J♣,[31m10[31m♥[0m[0m,9♠,[31m8[31m♦[0m[0m,7♠,[31m6[31m♥[0m[0m,5♠,[31m4[31m♥[0m[0m]
[[31mK[31m♥[0m[0m,Q♠,[31mJ[31m♥[0m[0m]

[[31m7[31m♦[0m[0m,6♣]
[[32mX[0m][[32mX[0m][7♣,[31m6[31m♦[0m[0m,5♣,[31m4[31m♦[0m[0m]
[[31m10[31m♦[0m[0m,9♣]
cmd: ( [31m4[31m♦[0m[0m) ( 4♠) ( [31m3[31m♥[0m[0m) ( 3♣)   <[31m9[31m♥[0m[0m>  |Score: 100|
[[31mK[31m♦[0m[0m,Q♣,[31mJ[31m♦[0m[0m,10♠,[31m9[31m♦[0m[0m,8♠,[31m7[31m♥[0m[0m,6♠,[31m5[31m♦[0m[0m,4♣]
[K♠,[31mQ[31m♦[0m[0m,J♣,[31m10[31m♥[0m[0m,9♠,[31m8[31m♦[0m[0m,7♠,[31m6[31m♥[0m[0m,5♠,[31m4[31m♥[0m[0m]
[[31mK[31m♥[0m[0m,Q♠,[31mJ[31m♥[0m[0m]

[[31m7[31m♦[0m[0m,6♣]
[[32mX[0m][[32mX[0m][7♣,[31m6[31m♦[0m[0m,5♣]
[[31m10[31m♦[0m[0m,9♣]
cmd: ( [31m4[31m♦[0m[0m) ( 4♠) ( [31m3[31m♥[0m[0m) ( 4♣)   <[31m9[31m♥[0m[0m>  |Score: 110|
[[31mK[31m♦[0m[0m,Q♣,[31mJ[31m♦[0m[0m,10♠,[31m9[31m♦[0m[0m,8♠,[31m7[31m♥[0m[0m,6♠,[31m5[31m♦[0m[0m]
[K♠,[31mQ[31m♦[0m[0m,J♣,[31m10[31m♥[0m[0m,9♠,[31m8[31m♦[0m[0m,7♠,[31m6[31m♥[0m[0m,5♠,[31m4[31m♥[0m[0m]
[[31mK[31m♥[0m[0m,Q♠,[31mJ[31m♥[0m[0m]

[[31m7[31m♦[0m[0m,6♣]
[[32mX[0m][[32mX[0m][7♣,[31m6[31m♦[0m[0m,5♣]
[[31m10[31m♦[0m[0m,9♣]
cmd: ( [31m4[31m♦[0m[0m) ( 4♠) ( [31m4[31m♥[0m[0m) ( 4♣)   <[31m9[31m♥[0m[0m>  |Score: 120|
[[31mK[31m♦[0m[0m,Q♣,[31mJ[31m♦[0m[0m,10♠,[31m9[31m♦[0m[0m,8♠,[31m7[31m♥[0m[0m,6♠,[31m5[31m♦[0m[0m]
[K♠,[31mQ[31m♦[0m[0m,J♣,[31m10[31m♥[0m[0m,9♠,[31m8[31m♦[0m[0m,7♠,[31m6[31m♥[0m[0m,5♠]
[[31mK[31m♥[0m[0m,Q♠,[31mJ[31m♥[0m[0m]

[[31m7[31m♦[0m[0m,6♣]
[[32mX[0m][[32mX[0m][7♣,[31m6[31m♦[0m[0m,5♣]
[[31m10[31m♦[0m[0m,9♣]
cmd: ( [31m4[31m♦[0m[0m) ( 4♠) ( [31m4[31m♥[0m[0m) ( 4♣)   <[31m9[31m♥[0m[0m>  |Score: 120|
[[31mK[31m♦[0m[0m,Q♣,[31mJ[31m♦[0m[0m,10♠,[31m9[31m♦[0m[0m,8♠,[31m7[31m♥[0m[0m,6♠,[31m5[31m♦[0m[0m]
[K♠,[31mQ[31m♦[0m[0m,J♣,[31m10[31m♥[0m[0m,9♠,[31m8[31m♦[0m[0m,7♠,[31m6[31m♥[0m[0m,5♠]
[[31mK[31m♥[0m[0m,Q♠,[31mJ[31m♥[0m[0m]

[[31m7[31m♦[0m[0m,6♣]
[[32mX[0m][[32mX[0m][7♣,[31m6[31m♦[0m[0m,5♣]
[[31m10[31m♦[0m[0m,9♣]
cmd: ( [31m4[31m♦[0m[0m) ( 4♠) ( [31m4[31m♥[0m[0m) ( 4♣)   <[31m9[31m♥[0m[0m>  |Score: 120|
[[31mK[31m♦[0m[0m,Q♣,[31mJ[31m♦[0m[0m,10♠,[31m9[31m♦[0m[0m,8♠,[31m7[31m♥[0m[0m,6♠,[31m5[31m♦[0m[0m]
[K♠,[31mQ[31m♦[0m[0m,J♣,[31m10[31m♥[0m[0m,9♠,[31m8[31m♦[0m[0m,7♠,[31m6[31m♥[0m[0m,5♠]
[[31mK[31m♥[0m[0m,Q♠,[31mJ[31m♥[0m[0m]

[[31m7[31m♦[0m[0m,6♣]
[[32mX[0m][[32mX[0m][7♣,[31m6[31m♦[0m[0m,5♣]
[[31m10[31m♦[0m[0m,9♣]
cmd: ( [31m4[31m♦[0m[0m) ( 4♠) ( [31m4[31m♥[0m[0m) ( 4♣)   <[31m9[31m♥[0m[0m>  |Score: 120|
[[31mK[31m♦[0m[0m,Q♣,[31mJ[31m♦[0m[0m,10♠,[31m9[31m♦[0m[0m,8♠,[31m7[31m♥[0m[0m,6♠,[31m5[31m♦[0m[0m]
[K♠,[31mQ[31m♦[0m[0m,J♣,[31m10[31m♥[0m[0m,9♠,[31m8[31m♦[0m[0m,7♠,[31m6[31m♥[0m[0m,5♠]
[[31mK[31m♥[0m[0m,Q♠,[31mJ[31m♥[0m[0m]

[[31m7[31m♦[0m[0m,6♣]
[[32mX[0m][[32mX[0m][7♣,[31m6[31m♦[0m[0m,5♣]
[[31m10[31m♦[0m[0m,9♣]
cmd: ( [31m5[31m♦[0m[0m) ( 4♠) ( [31m4[31m♥[0m[0m) ( 4♣)   <[31m9[31m♥[0m[0m>  |Score: 130|
[[31mK[31m♦[0m[0m,Q♣,[31mJ[31m♦[0m[0m,10♠,[31m9[31m♦[0m[0m,8♠,[31m7[31m♥[0m[0m,6♠]
[K♠,[31mQ[31m♦[0m[0m,J♣,[31m10[31m♥[0m[0m,9♠,[31m8[31m♦[0m[0m,7♠,[31m6[31m♥[0m[0m,5♠]
[[31mK[31m♥[0m[0m,Q♠,[31mJ[31m♥[0m[0m]

[[31m7[31m♦[0m[0m,6♣]
[[32mX[0m][[32mX[0m][7♣,[31m6[31m♦[0m[0m,5♣]
[[31m10[31m♦[0m[0m,9♣]
cmd: ( [31m5[31m♦[0m[0m) ( 5♠) ( [31m4[31m♥[0m[0m) ( 4♣)   <[31m9[31m♥[0m[0m>  |Score: 140|
[[31mK[31m♦[0m[0m,Q♣,[31mJ[31m♦[0m[0m,10♠,[31m9[31m♦[0m[0m,8♠,[31m7[31m♥[0m[0m,6♠]
[K♠,[31mQ[31m♦[0m[0m,J♣,[31m10[31m♥[0m[0m,9♠,[31m8[31m♦[0m[0m,7♠,[31m6[31m♥[0m[0m]
[[31mK[31m♥[0m[0m,Q♠,[31mJ[31m♥[0m[0m]

[[31m7[31m♦[0m[0m,6♣]
[[32mX[0m][[32mX[0m][7♣,[31m6[31m♦[0m[0m,5♣]
[[31m10[31m♦[0m[0m,9♣]
cmd: ( [31m5[31m♦[0m[0m) ( 5♠) ( [31m4[31m♥[0m[0m) ( 4♣)   <[31m9[31m♥[0m[0m>  |Score: 140|
[[31mK[31m♦[0m[0m,Q♣,[31mJ[31m♦[0m[0m,10♠,[31m9[31m♦[0m[0m,8♠,[31m7[31m♥[0m[0m,6♠]
[K♠,[31mQ[31m♦[0m[0m,J♣,[31m10[31m♥[0m[0m,9♠,[31m8[31m♦[0m[0m,7♠,[31m6[31m♥[0m[0m]
[[31mK[31m♥[0m[0m,Q♠,[31mJ[31m♥[0m[0m]

[[31m7[31m♦[0m[0m,6♣]
[[32mX[0m][[32mX[0m][7♣,[31m6[31m♦[0m[0m,5♣]
[[31m10[31m♦[0m[0m,9♣]
cmd: ( [31m5[31m♦[0m[0m) ( 5♠) ( [31m4[31m♥[0m[0m) ( 4♣)   <[31m9[31m♥[0m[0m>  |Score: 140|
[[31mK[31m♦[0m[0m,Q♣,[31mJ[31m♦[0m[0m,10♠,[31m9[31m♦[0m[0m,8♠,[31m7[31m♥[0m[0m,6♠]
[K♠,[31mQ[31m♦[0m[0m,J♣,[31m10[31m♥[0m[0m,9♠,[31m8[31m♦[0m[0m,7♠,[31m6[31m♥[0m[0m]
[[31mK[31m♥[0m[0m,Q♠,[31mJ[31m♥[0m[0m]

[[31m7[31m♦[0m[0m,6♣]
[[32mX[0m][[32mX[0m][7♣,[31m6[31m♦[0m[0m,5♣]
[[31m10[31m♦[0m[0m,9♣]
cmd: ( [31m5[31m♦[0m[0m) ( 5♠) ( [31m4[31m♥[0m[0m) ( 5♣)   <[31m9[31m♥[0m[0m>  |Score: 150|
[[31mK[31m♦[0m[0m,Q♣,[31mJ[31m♦[0m[0m,10♠,[31m9[31m♦[0m[0m,8♠,[31m7[31m♥[0m[0m,6♠]
[K♠,[31mQ[31m♦[0m[0m,J♣,[31m10[31m♥[0m[0m,9♠,[31m8[31m♦[0m[0m,7♠,[31m6[31m♥[0m[0m]
[[31mK[31m♥[0m[0m,Q♠,[31mJ[31m♥[0m[0m]

[[31m7[31m♦[0m[0m,6♣]
[[32mX[0m][[32mX[0m][7♣,[31m6[31m♦[0m[0m]
[[31m10[31m♦[0m[0m,9♣]
cmd: ( [31m5[31m♦[0m[0m) ( 5♠) ( [31m4[31m♥[0m[0m) ( 5♣)   <[31m9[31m♥[0m[0m>  |Score: 150|
[[31mK[31m♦[0m[0m,Q♣,[31mJ[31m♦[0m[0m,10♠,[31m9[31m♦[0m[0m,8♠,[31m7[31m♥[0m[0m,6♠]
[K♠,[31mQ[31m♦[0m[0m,J♣,[31m10[31m♥[0m[0m,9♠,[31m8[31m♦[0m[0m,7♠,[31m6[31m♥[0m[0m]
[[31mK[31m♥[0m[0m,Q♠,[31mJ[31m♥[0m[0m]

[[31m7[31m♦[0m[0m,6♣]
[[32mX[0m][[32mX[0m][7♣,[31m6[31m♦[0m[0m]
[[31m10[31m♦[0m[0m,9♣]
cmd: ( [31m5[31m♦[0m[0m) ( 5♠) ( [31m4[31m♥[0m[0m) ( 5♣)   <[31m9[31m♥[0m[0m>  |Score: 150|
[[31mK[31m♦[0m[0m,Q♣,[31mJ[31m♦[0m[0m,10♠,[31m9[31m♦[0m[0m,8♠,[31m7[31m♥[0m[0m,6♠]
[K♠,[31mQ[31m♦[0m[0m,J♣,[31m10[31m♥[0m[0m,9♠,[31m8[31m♦[0m[0m,7♠,[31m6[31m♥[0m[0m]
[[31mK[31m♥[0m[0m,Q♠,[31mJ[31m♥[0m[0m]

[[31m7[31m♦[0m[0m,6♣]
[[32mX[0m][[32mX[0m][7♣,[31m6[31m♦[0m[0m]
[[31m10[31m♦[0m[0m,9♣]
cmd: ( [31m5[31m♦[0m[0m) ( 5♠) ( [31m4[31m♥[0m[0m) ( 5♣)   <[31m9[31m♥[0m[0m>  |Score: 150|
[[31mK[31m♦[0m[0m,Q♣,[31mJ[31m♦[0m[0m,10♠,[31m9[31m♦[0m[0m,8♠,[31m7[31m♥[0m[0m,6♠]
[K♠,[31mQ[31m♦[0m[0m,J♣,[31m10[31m♥[0m[0m,9♠,[31m8[31m♦[0m[0m,7♠,[31m6[31m♥[0m[0m]
[[31mK[31m♥[0m[0m,Q♠,[31mJ[31m♥[0m[0m]

[[31m7[31m♦[0m[0m,6♣]
[[32mX[0m][[32mX[0m][7♣,[31m6[31m♦[0m[0m]
[[31m10[31m♦[0m[0m,9♣]
cmd: ( [31m5[31m♦[0m[0m) ( 5♠) ( [31m4[31m♥[0m[0m) ( 5♣)   <[31m9[31m♥[0m[0m>  |Score: 150|
[[31mK[31m♦[0m[0m,Q♣,[31mJ[31m♦[0m[0m,10♠,[31m9[31m♦[0m[0m,8♠,[31m7[31m♥[0m[0m,6♠]
[K♠,[31mQ[31m♦[0m[0m,J♣,[31m10[31m♥[0m[0m,9♠,[31m8[31m♦[0m[0m,7♠,[31m6[31m♥[0m[0m]
[[31mK[31m♥[0m[0m,Q♠,[31mJ[31m♥[0m[0m]

[[31m7[31m♦[0m[0m,6♣]
[[32mX[0m][[32mX[0m][7♣,[31m6[31m♦[0m[0m]
[[31m10[31m♦[0m[0m,9♣]
cmd: ( [31m5[31m♦[0m[0m) ( 5♠) ( [31m4[31m♥[0m[0m) ( 5♣)   <[31m9[31m♥[0m[0m>  |Score: 150|
[[31mK[31m♦[0m[0m,Q♣,[31mJ[31m♦[0m[0m,10♠,[31m9[31m♦[0m[0m,8♠,[31m7[31m♥[0m[0m,6♠]
[K♠,[31mQ[31m♦[0m[0m,J♣,[31m10[31m♥[0m[0m,9♠,[31m8[31m♦[0m[0m,7♠,[31m6[31m♥[0m[0m]
[[31mK[31m♥[0m[0m,Q♠,[31mJ[31m♥[0m[0m]

[[31m7[31m♦[0m[0m,6♣]
[[32mX[0m][[32mX[0m][7♣,[31m6[31m♦[0m[0m]
[[31m10[31m♦[0m[0m,9♣]
cmd: ( [31m5[31m♦[0m[0m) ( 5♠) ( [31m4[31m♥[0m[0m) ( 5♣)   <[31mQ[31m♥[0m[0m>  |Score: 150|
[[31mK[31m♦[0m[0m,Q♣,[31mJ[31m♦[0m[0m,10♠,[31m9[31m♦[0m[0m,8♠,[31m7[31m♥[0m[0m,6♠]
[K♠,[31mQ[31m♦[0m[0m,J♣,[31m10[31m♥[0m[0m,9♠,[31m8[31m♦[0m[0m,7♠,[31m6[31m♥[0m[0m]
[[31mK[31m♥[0m[0m,Q♠,[31mJ[31m♥[0m[0m]

[[31m7[31m♦[0m[0m,6♣]
[[32mX[0m][[32mX[0m][7♣,[31m6[31m♦[0m[0m]
[[31m10[31m♦[0m[0m,9♣]
cmd: ( [31m5[31m♦[0m[0m) ( 5♠) ( [31m4[31m♥[0m[0m) ( 5♣)   <[31mQ[31m♥[0m[0m>  |Score: 150|
[[31mK[31m♦[0m[0m,Q♣,[31mJ[31m♦[0m[0m,10♠,[31m9[31m♦[0m[0m,8♠,[31m7[31m♥[0m[0m,6♠]
[K♠,[31mQ[31m♦[0m[0m,J♣,[31m10[31m♥[0m[0m,9♠,[31m8[31m♦[0m[0m,7♠,[31m6[31m♥[0m[0m]
[[31mK[31m♥[0m[0m,Q♠,[31mJ[31m♥[0m[0m]

[[31m7[31m♦[0m[0m,6♣]
[[32mX[0m][[32mX[0m][7♣,[31m6[31m♦[0m[0m]
[[31m10[31m♦[0m[0m,9♣]
cmd: ( [31m5[31m♦[0m[0m) ( 5♠) ( [31m4[31m♥[0m[0m) ( 5♣)   <8♣>  |Score: 150|
[[31mK[31m♦[0m[0m,Q♣,[31mJ[31m♦[0m[0m,10♠,[31m9[31m♦[0m[0m,8♠,[31m7[31m♥[0m[0m,6♠]
[K♠,[31mQ[31m♦[0m[0m,J♣,[31m10[31m♥[0m[0m,9♠,[31m8[31m♦[0m[0m,7♠,[31m6[31m♥[0m[0m]
[[31mK[31m♥[0m[0m,Q♠,[31mJ[31m♥[0m[0m]

[[31m7[31m♦[0m[0m,6♣]
[[32mX[0m][[32mX[0m][7♣,[31m6[31m♦[0m[0m]
[[31m10[31m♦[0m[0m,9♣]
cmd: ( [31m5[31m♦[0m[0m) ( 5♠) ( [31m4[31m♥[0m[0m) ( 5♣)   <8♣>  |Score: 150|
[[31mK[31m♦[0m[0m,Q♣,[31mJ[31m♦[0m[0m,10♠,[31m9[31m♦[0m[0m,8♠,[31m7[31m♥[0m[0m,6♠]
[K♠,[31mQ[31m♦[0m[0m,J♣,[31m10[31m♥[0m[0m,9♠,[31m8[31m♦[0m[0m,7♠,[31m6[31m♥[0m[0m]
[[31mK[31m♥[0m[0m,Q♠,[31mJ[31m♥[0m[0m]

[[31m7[31m♦[0m[0m,6♣]
[[32mX[0m][[32mX[0m][7♣,[31m6[31m♦[0m[0m]
[[31m10[31m♦[0m[0m,9♣]
cmd: ( [31m5[31m♦[0m[0m) ( 5♠) ( [31m4[31m♥[0m[0m) ( 5♣)   <[31m8[31m♥[0m[0m>  |Score: 150|
[[31mK[31m♦[0m[0m,Q♣,[31mJ[31m♦[0m[0m,10♠,[31m9[31m♦[0m[0m,8♠,[31m7[31m♥[0m[0m,6♠]
[K♠,[31mQ[31m♦[0m[0m,J♣,[31m10[31m♥[0m[0m,9♠,[31m8[31m♦[0m[0m,7♠,[31m6[31m♥[0m[0m]
[[31mK[31m♥[0m[0m,Q♠,[31mJ[31m♥[0m[0m]

[[31m7[31m♦[0m[0m,6♣]
[[32mX[0m][[32mX[0m][7♣,[31m6[31m♦[0m[0m]
[[31m10[31m♦[0m[0m,9♣]
cmd: ( [31m5[31m♦[0m[0m) ( 5♠) ( [31m4[31m♥[0m[0m) ( 5♣)   <[31m8[31m♥[0m[0m>  |Score: 150|
[[31mK[31m♦[0m[0m,Q♣,[31mJ[31m♦[0m[0m,10♠,[31m9[31m♦[0m[0m,8♠,[31m7[31m♥[0m[0m,6♠]
[K♠,[31mQ[31m♦[0m[0m,J♣,[31m10[31m♥[0m[0m,9♠,[31m8[31m♦[0m[0m,7♠,[31m6[31m♥[0m[0m]
[[31mK[31m♥[0m[0m,Q♠,[31mJ[31m♥[0m[0m]

[[31m7[31m♦[0m[0m,6♣]
[[32mX[0m][[32mX[0m][7♣,[31m6[31m♦[0m[0m]
[[31m10[31m♦[0m[0m,9♣]
cmd: ( [31m5[31m♦[0m[0m) ( 5♠) ( [31m4[31m♥[0m[0m) ( 5♣)   <[31m8[31m♥[0m[0m>  |Score: 150|
[[31mK[31m♦[0m[0m,Q♣,[31mJ[31m♦[0m[0m,10♠,[31m9[31m♦[0m[0m,8♠,[31m7[31m♥[0m[0m,6♠]
[K♠,[31mQ[31m♦[0m[0m,J♣,[31m10[31m♥[0m[0m,9♠,[31m8[31m♦[0m[0m,7♠,[31m6[31m♥[0m[0m]
[[31mK[31m♥[0m[0m,Q♠,[31mJ[31m♥[0m[0m]

[[31m7[31m♦[0m[0m,6♣]
[[32mX[0m][[32mX[0m][7♣,[31m6[31m♦[0m[0m]
[[31m10[31m♦[0m[0m,9♣]
cmd: ( [31m5[31m♦[0m[0m) ( 5♠) ( [31m4[31m♥[0m[0m) ( 5♣)   <[31m8[31m♥[0m[0m>  |Score: 150|
[[31mK[31m♦[0m[0m,Q♣,[31mJ[31m♦[0m[0m,10♠,[31m9[31m♦[0m[0m,8♠,[31m7[31m♥[0m[0m,6♠]
[K♠,[31mQ[31m♦[0m[0m,J♣,[31m10[31m♥[0m[0m,9♠,[31m8[31m♦[0m[0m,7♠,[31m6[31m♥[0m[0m]
[[31mK[31m♥[0m[0m,Q♠,[31mJ[31m♥[0m[0m]

[[31m7[31m♦[0m[0m,6♣]
[[32mX[0m][[32mX[0m][7♣,[31m6[31m♦[0m[0m]
[[31m10[31m♦[0m[0m,9♣]
cmd: 