Welcome to the game! (h=help, x=exit, b=show board)
cmd: ( - ) ( - ) ( - ) ( - )   <5♠>  |Score: 5|
[[31m9[31m♦[0m[0m]
[[32mX[0m][[31m2[31m♥[0m[0m]
[[32mX[0m][[32mX[0m][[31m3[31m♥[0m[0m]
[[32mX[0m][[32mX[0m][[32mX[0m][[31m7[31m♥[0m[0m]
[[32mX[0m][[32mX[0m][[32mX[0m][[32mX[0m][J♣,[31m10[31m♦[0m[0m]
[[32mX[0m][[32mX[0m][[32mX[0m][[32mX[0m][K♣]
[[32mX[0m][[32mX[0m][[32mX[0m][[32mX[0m][[32mX[0m][[32mX[0m][[31m5[31m♦[0m[0m]
cmd: ( - ) ( - ) ( - ) ( - )   <[31m6[31m♥[0m[0m>  |Score: 5|
[[31m9[31m♦[0m[0m]
[[32mX[0m][[31m2[31m♥[0m[0m]
[[32mX[0m][[32mX[0m][[31m3[31m♥[0m[0m]
[[32mX[0m][[32mX[0m][[32mX[0m][[31m7[31m♥[0m[0m]
[[32mX[0m][[32mX[0m][[32mX[0m][[32mX[0m][J♣,[31m10[31m♦[0m[0m]
[[32mX[0m][[32mX[0m][[32mX[0m][[32mX[0m][K♣]
[[32mX[0m][[32mX[0m][[32mX[0m][[32mX[0m][[32mX[0m][[32mX[0m][[31m5[31m♦[0m[0m]
cmd: ( - ) ( - ) ( - ) ( - )   <[31mA[31m♦[0m[0m>  |Score: 5|
[[31m9[31m♦[0m[0m]
[[32mX[0m][[31m2[31m♥[0m[0m]
[[32mX[0m][[32mX[0m][[31m3[31m♥[0m[0m]
[[32mX[0m][[32mX[0m][[32mX[0m][[31m7[31m♥[0m[0m]
[[32mX[0m][[32mX[0m][[32mX[0m][[32mX[0m][J♣,[31m10[31m♦[0m[0m]
[[32mX[0m][[32mX[0m][[32mX[0m][[32mX[0m][K♣]
[[32mX[0m][[32mX[0m][[32mX[0m][[32mX[0m][[32mX[0m][[32mX[0m][[31m5[31m♦[0m[0m]
cmd: ( [31mA[31m♦[0m[0m) ( - ) ( - ) ( - )   <[31m6[31m♥[0m[0m>  |Score: 15|
[[31m9[31m♦[0m[0m]
[[32mX[0m][[31m2[31m♥[0m[0m]
[[32mX[0m][[32mX[0m][[31m3[31m♥[0m[0m]
[[32mX[0m][[32mX[0m][[32mX[0m][[31m7[31m♥[0m[0m]
[[32mX[0m][[32mX[0m][[32mX[0m][[32mX[0m][J♣,[31m10[31m♦[0m[0m]
[[32mX[0m][[32mX[0m][[32mX[0m][[32mX[0m][K♣]
[[32mX[0m][[32mX[0m][[32mX[0m][[32mX[0m][[32mX[0m][[32mX[0m][[31m5[31m♦[0m[0m]
cmd: ( [31mA[31m♦[0m[0m) ( - ) ( - ) ( - )   <4♣>  |Score: 15|
[[31m9[31m♦[0m[0m]
[[32mX[0m][[31m2[31m♥[0m[0m]
[[32mX[0m][[32mX[0m][[31m3[31m♥[0m[0m]
[[32mX[0m][[32mX[0m][[32mX[0m][[31m7[31m♥[0m[0m]
[[32mX[0m][[32mX[0m][[32mX[0m][[32mX[0m][J♣,[31m10[31m♦[0m[0m]
[[32mX[0m][[32mX[0m][[32mX[0m][[32mX[0m][K♣]
[[32mX[0m][[32mX[0m][[32mX[0m][[32mX[0m][[32mX[0m][[32mX[0m][[31m5[31m♦[0m[0m]
cmd: ( [31mA[31m♦[0m[0m) ( - ) ( - ) ( - )   <[31m6[31m♥[0m[0m>  |Score: 20|
[[31m9[31m♦[0m[0m]
[[32mX[0m][[31m2[31m♥[0m[0m]
[[32mX[0m][[32mX[0m][[31m3[31m♥[0m[0m]
[[32mX[0m][[32mX[0m][[32mX[0m][[31m7[31m♥[0m[0m]
[[32mX[0m][[32mX[0m][[32mX[0m][[32mX[0m][J♣,[31m10[31m♦[0m[0m]
[[32mX[0m][[32mX[0m][[32mX[0m][[32mX[0m][K♣]
[[32mX[0m][[32mX[0m][[32mX[0m][[32mX[0m][[32mX[0m][[32mX[0m][[31m5[31m♦[0m[0m,4♣]
cmd: ( [31mA[31m♦[0m[0m) ( - ) ( - ) ( - )   <[31m6[31m♥[0m[0m>  |Score: 25|
[[31m9[31m♦[0m[0m]
[[32mX[0m][[31m2[31m♥[0m[0m]
[[32mX[0m][J♠]
[[32mX[0m][[32mX[0m][[32mX[0m][[31m7[31m♥[0m[0m]
[[32mX[0m][[32mX[0m][[32mX[0m][[32mX[0m][J♣,[31m10[31m♦[0m[0m]
[[32mX[0m][[32mX[0m][[32mX[0m][[32mX[0m][K♣]
[[32mX[0m][[32mX[0m][[32mX[0m][[32mX[0m][[32mX[0m][[32mX[0m][[31m5[31m♦[0m[0m,4♣,[31m3[31m♥[0m[0m]
cmd: ( [31mA[31m♦[0m[0m) ( - ) ( - ) ( - )   <7♠>  |Score: 25|
[[31m9[31m♦[0m[0m]
[[32mX[0m][[31m2[31m♥[0m[0m]
[[32mX[0m][J♠]
[[32mX[0m][[32mX[0m][[32mX[0m][[31m7[31m♥[0m[0m]
[[32mX[0m][[32mX[0m][[32mX[0m][[32mX[0m][J♣,[31m10[31m♦[0m[0m]
[[32mX[0m][[32mX[0m][[32mX[0m][[32mX[0m][K♣]
[[32mX[0m][[32mX[0m][[32mX[0m][[32mX[0m][[32mX[0m][[32mX[0m][[31m5[31m♦[0m[0m,4♣,[31m3[31m♥[0m[0m]
cmd: ( [31mA[31m♦[0m[0m) ( - ) ( - ) ( - )   <[31mQ[31m♥[0m[0m>  |Score: 25|
[[31m9[31m♦[0m[0m]
[[32mX[0m][[31m2[31m♥[0m[0m]
[[32mX[0m][J♠]
[[32mX[0m][[32mX[0m][[32mX[0m][[31m7[31m♥[0m[0m]
[[32mX[0m][[32mX[0m][[32mX[0m][[32mX[0m][J♣,[31m10[31m♦[0m[0m]
[[32mX[0m][[32mX[0m][[32mX[0m][[32mX[0m][K♣]
[[32mX[0m][[32mX[0m][[32mX[0m][[32mX[0m][[32mX[0m][[32mX[0m][[31m5[31m♦[0m[0m,4♣,[31m3[31m♥[0m[0m]
cmd: ( [31mA[31m♦[0m[0m) ( - ) ( - ) ( - )   <7♠>  |Score: 30|
[[31m9[31m♦[0m[0m]
[[32mX[0m][[31m2[31m♥[0m[0m]
[[32mX[0m][J♠]
[[32mX[0m][[32mX[0m][[32mX[0m][[31m7[31m♥[0m[0m]
[[32mX[0m][[32mX[0m][[32mX[0m][[32mX[0m][J♣,[31m10[31m♦[0m[0m]
[[32mX[0m][[32mX[0m][[32mX[0m][[32mX[0m][K♣,[31mQ[31m♥[0m[0m]
[[32mX[0m][[32mX[0m][[32mX[0m][[32mX[0m][[32mX[0m][[32mX[0m][[31m5[31m♦[0m[0m,4♣,[31m3[31m♥[0m[0m]
cmd: ( [31mA[31m♦[0m[0m) ( - ) ( - ) ( - )   <7♠>  |Score: 35|
[[31m9[31m♦[0m[0m]
[[32mX[0m][[31m2[31m♥[0m[0m]
[[32mX[0m][J♠]
[[32mX[0m][[32mX[0m][[32mX[0m][[31m7[31m♥[0m[0m]
[[32mX[0m][[32mX[0m][[32mX[0m][9♠]
[[32mX[0m][[32mX[0m][[32mX[0m][[32mX[0m][K♣,[31mQ[31m♥[0m[0m,J♣,[31m10[31m♦[0m[0m]
[[32mX[0m][[32mX[0m][[32mX[0m][[32mX[0m][[32mX[0m][[32mX[0m][[31m5[31m♦[0m[0m,4♣,[31m3[31m♥[0m[0m]
cmd: ( [31mA[31m♦[0m[0m) ( - ) ( - ) ( - )   <K♠>  |Score: 35|
[[31m9[31m♦[0m[0m]
[[32mX[0m][[31m2[31m♥[0m[0m]
[[32mX[0m][J♠]
[[32mX[0m][[32mX[0m][[32mX[0m][[31m7[31m♥[0m[0m]
[[32mX[0m][[32mX[0m][[32mX[0m][9♠]
[[32mX[0m][[32mX[0m][[32mX[0m][[32mX[0m][K♣,[31mQ[31m♥[0m[0m,J♣,[31m10[31m♦[0m[0m]
[[32mX[0m][[32mX[0m][[32mX[0m][[32mX[0m][[32mX[0m][[32mX[0m][[31m5[31m♦[0m[0m,4♣,[31m3[31m♥[0m[0m]
cmd: ( [31mA[31m♦[0m[0m) ( - ) ( - ) ( - )   <[31m6[31m♦[0m[0m>  |Score: 35|
[[31m9[31m♦[0m[0m]
[[32mX[0m][[31m2[31m♥[0m[0m]
[[32mX[0m][J♠]
[[32mX[0m][[32mX[0m][[32mX[0m][[31m7[31m♥[0m[0m]
[[32mX[0m][[32mX[0m][[32mX[0m][9♠]
[[32mX[0m][[32mX[0m][[32mX[0m][[32mX[0m][K♣,[31mQ[31m♥[0m[0m,J♣,[31m10[31m♦[0m[0m]
[[32mX[0m][[32mX[0m][[32mX[0m][[32mX[0m][[32mX[0m][[32mX[0m][[31m5[31m♦[0m[0m,4♣,[31m3[31m♥[0m[0m]
cmd: ( [31mA[31m♦[0m[0m) ( - ) ( - ) ( - )   <3♠>  |Score: 35|
[[31m9[31m♦[0m[0m]
[[32mX[0m][[31m2[31m♥[0m[0m]
[[32mX[0m][J♠]
[[32mX[0m][[32mX[0m][[32mX[0m][[31m7[31m♥[0m[0m]
[[32mX[0m][[32mX[0m][[32mX[0m][9♠]
[[32mX[0m][[32mX[0m][[32mX[0m][[32mX[0m][K♣,[31mQ[31m♥[0m[0m,J♣,[31m10[31m♦[0m[0m]
[[32mX[0m][[32mX[0m][[32mX[0m][[32mX[0m][[32mX[0m][[32mX[0m][[31m5[31m♦[0m[0m,4♣,[31m3[31m♥[0m[0m]
cmd: ( [31mA[31m♦[0m[0m) ( - ) ( - ) ( - )   <[31m2[31m♦[0m[0m>  |Score: 35|
[[31m9[31m♦[0m[0m]
[[32mX[0m][[31m2[31m♥[0m[0m]
[[32mX[0m][J♠]
[[32mX[0m][[32mX[0m][[32mX[0m][[31m7[31m♥[0m[0m]
[[32mX[0m][[32mX[0m][[32mX[0m][9♠]
[[32mX[0m][[32mX[0m][[32mX[0m][[32mX[0m][K♣,[31mQ[31m♥[0m[0m,J♣,[31m10[31m♦[0m[0m]
[[32mX[0m][[32mX[0m][[32mX[0m][[32mX[0m][[32mX[0m][[32mX[0m][[31m5[31m♦[0m[0m,4♣,[31m3[31m♥[0m[0m]
cmd: ( [31m2[31m♦[0m[0m) ( - ) ( - ) ( - )   <3♠>  |Score: 45|
[[31m9[31m♦[0m[0m]
[[32mX[0m][[31m2[31m♥[0m[0m]
[[32mX[0m][J♠]
[[32mX[0m][[32mX[0m][[32mX[0m][[31m7[31m♥[0m[0m]
[[32mX[0m][[32mX[0m][[32mX[0m][9♠]
[[32mX[0m][[32mX[0m][[32mX[0m][[32mX[0m][K♣,[31mQ[31m♥[0m[0m,J♣,[31m10[31m♦[0m[0m]
[[32mX[0m][[32mX[0m][[32mX[0m][[32mX[0m][[32mX[0m][[32mX[0m][[31m5[31m♦[0m[0m,4♣,[31m3[31m♥[0m[0m]
cmd: ( [31m2[31m♦[0m[0m) ( - ) ( - ) ( - )   <[31m3[31m♦[0m[0m>  |Score: 45|
[[31m9[31m♦[0m[0m]
[[32mX[0m][[31m2[31m♥[0m[0m]
[[32mX[0m][J♠]
[[32mX[0m][[32mX[0m][[32mX[0m][[31m7[31m♥[0m[0m]
[[32mX[0m][[32mX[0m][[32mX[0m][9♠]
[[32mX[0m][[32mX[0m][[32mX[0m][[32mX[0m][K♣,[31mQ[31m♥[0m[0m,J♣,[31m10[31m♦[0m[0m]
[[32mX[0m][[32mX[0m][[32mX[0m][[32mX[0m][[32mX[0m][[32mX[0m][[31m5[31m♦[0m[0m,4♣,[31m3[31m♥[0m[0m]
cmd: ( [31m2[31m♦[0m[0m) ( - ) ( - ) ( - )   <[31mA[31m♥[0m[0m>  |Score: 45|
[[31m9[31m♦[0m[0m]
[[32mX[0m][[31m2[31m♥[0m[0m]
[[32mX[0m][J♠]
[[32mX[0m][[32mX[0m][[32mX[0m][[31m7[31m♥[0m[0m]
[[32mX[0m][[32mX[0m][[32mX[0m][9♠]
[[32mX[0m][[32mX[0m][[32mX[0m][[32mX[0m][K♣,[31mQ[31m♥[0m[0m,J♣,[31m10[31m♦[0m[0m]
[[32mX[0m][[32mX[0m][[32mX[0m][[32mX[0m][[32mX[0m][[32mX[0m][[31m5[31m♦[0m[0m,4♣,[31m3[31m♥[0m[0m]
cmd: ( [31m2[31m♦[0m[0m) ( - ) ( [31mA[31m♥[0m[0m) ( - )   <[31m3[31m♦[0m[0m>  |Score: 55|
[[31m9[31m♦[0m[0m]
[[32mX[0m][[31m2[31m♥[0m[0m]
[[32mX[0m][J♠]
[[32mX[0m][[32mX[0m][[32mX[0m][[31m7[31m♥[0m[0m]
[[32mX[0m][[32mX[0m][[32mX[0m][9♠]
[[32mX[0m][[32mX[0m][[32mX[0m][[32mX[0m][K♣,[31mQ[31m♥[0m[0m,J♣,[31m10[31m♦[0m[0m]
[[32mX[0m][[32mX[0m][[32mX[0m][[32mX[0m][[32mX[0m][[32mX[0m][[31m5[31m♦[0m[0m,4♣,[31m3[31m♥[0m[0m]
cmd: ( [31m2[31m♦[0m[0m) ( - ) ( [31m2[31m♥[0m[0m) ( - )   <[31m3[31m♦[0m[0m>  |Score: 70|
[[31m9[31m♦[0m[0m]
[6♣]
[[32mX[0m][J♠]
[[32mX[0m][[32mX[0m][[32mX[0m][[31m7[31m♥[0m[0m]
[[32mX[0m][[32mX[0m][[32mX[0m][9♠]
[[32mX[0m][[32mX[0m][[32mX[0m][[32mX[0m][K♣,[31mQ[31m♥[0m[0m,J♣,[31m10[31m♦[0m[0m]
[[32mX[0m][[32mX[0m][[32mX[0m][[32mX[0m][[32mX[0m][[32mX[0m][[31m5[31m♦[0m[0m,4♣,[31m3[31m♥[0m[0m]
cmd: ( [31m2[31m♦[0m[0m) ( - ) ( [31m2[31m♥[0m[0m) ( - )   <Q♣>  |Score: 70|
[[31m9[31m♦[0m[0m]
[6♣]
[[32mX[0m][J♠]
[[32mX[0m][[32mX[0m][[32mX[0m][[31m7[31m♥[0m[0m]
[[32mX[0m][[32mX[0m][[32mX[0m][9♠]
[[32mX[0m][[32mX[0m][[32mX[0m][[32mX[0m][K♣,[31mQ[31m♥[0m[0m,J♣,[31m10[31m♦[0m[0m]
[[32mX[0m][[32mX[0m][[32mX[0m][[32mX[0m][[32mX[0m][[32mX[0m][[31m5[31m♦[0m[0m,4♣,[31m3[31m♥[0m[0m]
cmd: ( [31m2[31m♦[0m[0m) ( - ) ( [31m2[31m♥[0m[0m) ( - )   <10♣>  |Score: 70|
[[31m9[31m♦[0m[0m]
[6♣]
[[32mX[0m][J♠]
[[32mX[0m][[32mX[0m][[32mX[0m][[31m7[31m♥[0m[0m]
[[32mX[0m][[32mX[0m][[32mX[0m][9♠]
[[32mX[0m][[32mX[0m][[32mX[0m][[32mX[0m][K♣,[31mQ[31m♥[0m[0m,J♣,[31m10[31m♦[0m[0m]
[[32mX[0m][[32mX[0m][[32mX[0m][[32mX[0m][[32mX[0m][[32mX[0m][[31m5[31m♦[0m[0m,4♣,[31m3[31m♥[0m[0m]
cmd: ( [31m2[31m♦[0m[0m) ( - ) ( [31m2[31m♥[0m[0m) ( - )   <10♣>  |Score: 75|
[[31m9[31m♦[0m[0m]
[6♣]
[[32mX[0m][J♠]
[[32mX[0m][[32mX[0m][[32mX[0m][[31m7[31m♥[0m[0m]
[[32mX[0m][[32mX[0m][[31mK[31m♥[0m[0m]
[[32mX[0m][[32mX[0m][[32mX[0m][[32mX[0m][K♣,[31mQ[31m♥[0m[0m,J♣,[31m10[31m♦[0m[0m,9♠]
[[32mX[0m][[32mX[0m][[32mX[0m][[32mX[0m][[32mX[0m][[32mX[0m][[31m5[31m♦[0m[0m,4♣,[31m3[31m♥[0m[0m]
cmd: ( [31m2[31m♦[0m[0m) ( - ) ( [31m2[31m♥[0m[0m) ( - )   <A♠>  |Score: 75|
[[31m9[31m♦[0m[0m]
[6♣]
[[32mX[0m][J♠]
[[32mX[0m][[32mX[0m][[32mX[0m][[31m7[31m♥[0m[0m]
[[32mX[0m][[32mX[0m][[31mK[31m♥[0m[0m]
[[32mX[0m][[32mX[0m][[32mX[0m][[32mX[0m][K♣,[31mQ[31m♥[0m[0m,J♣,[31m10[31m♦[0m[0m,9♠]
[[32mX[0m][[32mX[0m][[32mX[0m][[32mX[0m][[32mX[0m][[32mX[0m][[31m5[31m♦[0m[0m,4♣,[31m3[31m♥[0m[0m]
cmd: ( [31m2[31m♦[0m[0m) ( A♠) ( [31m2[31m♥[0m[0m) ( - )   <10♣>  |Score: 85|
[[31m9[31m♦[0m[0m]
[6♣]
[[32mX[0m][J♠]
[[32mX[0m][[32mX[0m][[32mX[0m][[31m7[31m♥[0m[0m]
[[32mX[0m][[32mX[0m][[31mK[31m♥[0m[0m]
[[32mX[0m][[32mX[0m][[32mX[0m][[32mX[0m][K♣,[31mQ[31m♥[0m[0m,J♣,[31m10[31m♦[0m[0m,9♠]
[[32mX[0m][[32mX[0m][[32mX[0m][[32mX[0m][[32mX[0m][[32mX[0m][[31m5[31m♦[0m[0m,4♣,[31m3[31m♥[0m[0m]
cmd: ( [31m2[31m♦[0m[0m) ( A♠) ( [31m2[31m♥[0m[0m) ( - )   <[31m4[31m♦[0m[0m>  |Score: 85|
[[31m9[31m♦[0m[0m]
[6♣]
[[32mX[0m][J♠]
[[32mX[0m][[32mX[0m][[32mX[0m][[31m7[31m♥[0m[0m]
[[32mX[0m][[32mX[0m][[31mK[31m♥[0m[0m]
[[32mX[0m][[32mX[0m][[32mX[0m][[32mX[0m][K♣,[31mQ[31m♥[0m[0m,J♣,[31m10[31m♦[0m[0m,9♠]
[[32mX[0m][[32mX[0m][[32mX[0m][[32mX[0m][[32mX[0m][[32mX[0m][[31m5[31m♦[0m[0m,4♣,[31m3[31m♥[0m[0m]
cmd: ( [31m2[31m♦[0m[0m) ( A♠) ( [31m2[31m♥[0m[0m) ( - )   <[31m4[31m♦[0m[0m>  |Score: 90|
[[31m9[31m♦[0m[0m]
[6♣,[31m5[31m♦[0m[0m,4♣,[31m3[31m♥[0m[0m]
[[32mX[0m][J♠]
[[32mX[0m][[32mX[0m][[32mX[0m][[31m7[31m♥[0m[0m]
[[32mX[0m][[32mX[0m][[31mK[31m♥[0m[0m]
[[32mX[0m][[32mX[0m][[32mX[0m][[32mX[0m][K♣,[31mQ[31m♥[0m[0m,J♣,[31m10[31m♦[0m[0m,9♠]
[[32mX[0m][[32mX[0m][[32mX[0m][[32mX[0m][[32mX[0m][5♣]
cmd: ( [31m2[31m♦[0m[0m) ( A♠) ( [31m2[31m♥[0m[0m) ( - )   <[31m4[31m♦[0m[0m>  |Score: 90|
[[31m9[31m♦[0m[0m]

[[32mX[0m][J♠]
[[32mX[0m][[32mX[0m][[32mX[0m][[31m7[31m♥[0m[0m,6♣,[31m5[31m♦[0m[0m,4♣,[31m3[31m♥[0m[0m]
[[32mX[0m][[32mX[0m][[31mK[31m♥[0m[0m]
[[32mX[0m][[32mX[0m][[32mX[0m][[32mX[0m][K♣,[31mQ[31m♥[0m[0m,J♣,[31m10[31m♦[0m[0m,9♠]
[[32mX[0m][[32mX[0m][[32mX[0m][[32mX[0m][[32mX[0m][5♣]
cmd: ( [31m2[31m♦[0m[0m) ( A♠) ( [31m2[31m♥[0m[0m) ( - )   <10♣>  |Score: 95|
[[31m9[31m♦[0m[0m]

[[32mX[0m][J♠]
[[32mX[0m][[32mX[0m][[32mX[0m][[31m7[31m♥[0m[0m,6♣,[31m5[31m♦[0m[0m,4♣,[31m3[31m♥[0m[0m]
[[32mX[0m][[32mX[0m][[31mK[31m♥[0m[0m]
[[32mX[0m][[32mX[0m][[32mX[0m][[32mX[0m][K♣,[31mQ[31m♥[0m[0m,J♣,[31m10[31m♦[0m[0m,9♠]
[[32mX[0m][[32mX[0m][[32mX[0m][[32mX[0m][[32mX[0m][5♣,[31m4[31m♦[0m[0m]
cmd: ( [31m2[31m♦[0m[0m) ( A♠) ( [31m2[31m♥[0m[0m) ( - )   <10♣>  |Score: 100|
[[31m9[31m♦[0m[0m]
[[31mK[31m♥[0m[0m]
[[32mX[0m][J♠]
[[32mX[0m][[32mX[0m][[32mX[0m][[31m7[31m♥[0m[0m,6♣,[31m5[31m♦[0m[0m,4♣,[31m3[31m♥[0m[0m]
[[32mX[0m][[31mJ[31m♥[0m[0m]
[[32mX[0m][[32mX[0m][[32mX[0m][[32mX[0m][K♣,[31mQ[31m♥[0m[0m,J♣,[31m10[31m♦[0m[0m,9♠]
[[32mX[0m][[32mX[0m][[32mX[0m][[32mX[0m][[32mX[0m][5♣,[31m4[31m♦[0m[0m]
cmd: ( [31m2[31m♦[0m[0m) ( A♠) ( [31m2[31m♥[0m[0m) ( - )   <Q♣>  |Score: 105|
[[31m9[31m♦[0m[0m]
[[31mK[31m♥[0m[0m]
[[32mX[0m][J♠]
[[32mX[0m][[32mX[0m][[32mX[0m][[31m7[31m♥[0m[0m,6♣,[31m5[31m♦[0m[0m,4♣,[31m3[31m♥[0m[0m]
[[32mX[0m][[31mJ[31m♥[0m[0m,10♣]
[[32mX[0m][[32mX[0m][[32mX[0m][[32mX[0m][K♣,[31mQ[31m♥[0m[0m,J♣,[31m10[31m♦[0m[0m,9♠]
[[32mX[0m][[32mX[0m][[32mX[0m][[32mX[0m][[32mX[0m][5♣,[31m4[31m♦[0m[0m]
cmd: ( [31m2[31m♦[0m[0m) ( A♠) ( [31m2[31m♥[0m[0m) ( - )   <[31m3[31m♦[0m[0m>  |Score: 110|
[[31m9[31m♦[0m[0m]
[[31mK[31m♥[0m[0m,Q♣]
[[32mX[0m][J♠]
[[32mX[0m][[32mX[0m][[32mX[0m][[31m7[31m♥[0m[0m,6♣,[31m5[31m♦[0m[0m,4♣,[31m3[31m♥[0m[0m]
[[32mX[0m][[31mJ[31m♥[0m[0m,10♣]
[[32mX[0m][[32mX[0m][[32mX[0m][[32mX[0m][K♣,[31mQ[31m♥[0m[0m,J♣,[31m10[31m♦[0m[0m,9♠]
[[32mX[0m][[32mX[0m][[32mX[0m][[32mX[0m][[32mX[0m][5♣,[31m4[31m♦[0m[0m]
cmd: ( [31m2[31m♦[0m[0m) ( A♠) ( [31m2[31m♥[0m[0m) ( - )   <[31m3[31m♦[0m[0m>  |Score: 115|
[[31m9[31m♦[0m[0m]
[[31mK[31m♥[0m[0m,Q♣,[31mJ[31m♥[0m[0m,10♣]
[[32mX[0m][J♠]
[[32mX[0m][[32mX[0m][[32mX[0m][[31m7[31m♥[0m[0m,6♣,[31m5[31m♦[0m[0m,4♣,[31m3[31m♥[0m[0m]
[6♠]
[[32mX[0m][[32mX[0m][[32mX[0m][[32mX[0m][K♣,[31mQ[31m♥[0m[0m,J♣,[31m10[31m♦[0m[0m,9♠]
[[32mX[0m][[32mX[0m][[32mX[0m][[32mX[0m][[32mX[0m][5♣,[31m4[31m♦[0m[0m]
cmd: ( [31m2[31m♦[0m[0m) ( A♠) ( [31m2[31m♥[0m[0m) ( - )   <[31m3[31m♦[0m[0m>  |Score: 115|

[[31mK[31m♥[0m[0m,Q♣,[31mJ[31m♥[0m[0m,10♣,[31m9[31m♦[0m[0m]
[[32mX[0m][J♠]
[[32mX[0m][[32mX[0m][[32mX[0m][[31m7[31m♥[0m[0m,6♣,[31m5[31m♦[0m[0m,4♣,[31m3[31m♥[0m[0m]
[6♠]
[[32mX[0m][[32mX[0m][[32mX[0m][[32mX[0m][K♣,[31mQ[31m♥[0m[0m,J♣,[31m10[31m♦[0m[0m,9♠]
[[32mX[0m][[32mX[0m][[32mX[0m][[32mX[0m][[32mX[0m][5♣,[31m4[31m♦[0m[0m]
cmd: ( [31m2[31m♦[0m[0m) ( A♠) ( [31m2[31m♥[0m[0m) ( - )   <[31m3[31m♦[0m[0m>  |Score: 120|
[K♣,[31mQ[31m♥[0m[0m,J♣,[31m10[31m♦[0m[0m,9♠]
[[31mK[31m♥[0m[0m,Q♣,[31mJ[31m♥[0m[0m,10♣,[31m9[31m♦[0m[0m]
[[32mX[0m][J♠]
[[32mX[0m][[32mX[0m][[32mX[0m][[31m7[31m♥[0m[0m,6♣,[31m5[31m♦[0m[0m,4♣,[31m3[31m♥[0m[0m]
[6♠]
[[32mX[0m][[32mX[0m][[32mX[0m][Q♠]
[[32mX[0m][[32mX[0m][[32mX[0m][[32mX[0m][[32mX[0m][5♣,[31m4[31m♦[0m[0m]
cmd: ( [31m2[31m♦[0m[0m) ( A♠) ( [31m2[31m♥[0m[0m) ( - )   <8♣>  |Score: 120|
[K♣,[31mQ[31m♥[0m[0m,J♣,[31m10[31m♦[0m[0m,9♠]
[[31mK[31m♥[0m[0m,Q♣,[31mJ[31m♥[0m[0m,10♣,[31m9[31m♦[0m[0m]
[[32mX[0m][J♠]
[[32mX[0m][[32mX[0m][[32mX[0m][[31m7[31m♥[0m[0m,6♣,[31m5[31m♦[0m[0m,4♣,[31m3[31m♥[0m[0m]
[6♠]
[[32mX[0m][[32mX[0m][[32mX[0m][Q♠]
[[32mX[0m][[32mX[0m][[32mX[0m][[32mX[0m][[32mX[0m][5♣,[31m4[31m♦[0m[0m]
cmd: ( [31m2[31m♦[0m[0m) ( A♠) ( [31m2[31m♥[0m[0m) ( - )   <[31m3[31m♦[0m[0m>  |Score: 125|
[K♣,[31mQ[31m♥[0m[0m,J♣,[31m10[31m♦[0m[0m,9♠]
[[31mK[31m♥[0m[0m,Q♣,[31mJ[31m♥[0m[0m,10♣,[31m9[31m♦[0m[0m,8♣]
[[32mX[0m][J♠]
[[32mX[0m][[32mX[0m][[32mX[0m][[31m7[31m♥[0m[0m,6♣,[31m5[31m♦[0m[0m,4♣,[31m3[31m♥[0m[0m]
[6♠]
[[32mX[0m][[32mX[0m][[32mX[0m][Q♠]
[[32mX[0m][[32mX[0m][[32mX[0m][[32mX[0m][[32mX[0m][5♣,[31m4[31m♦[0m[0m]
cmd: ( [31m2[31m♦[0m[0m) ( A♠) ( [31m2[31m♥[0m[0m) ( - )   <[31m3[31m♦[0m[0m>  |Score: 130|
[K♣,[31mQ[31m♥[0m[0m,J♣,[31m10[31m♦[0m[0m,9♠]
[[31mK[31m♥[0m[0m,Q♣,[31mJ[31m♥[0m[0m,10♣,[31m9[31m♦[0m[0m,8♣,[31m7[31m♥[0m[0m,6♣,[31m5[31m♦[0m[0m,4♣,[31m3[31m♥[0m[0m]
[[32mX[0m][J♠]
[[32mX[0m][[32mX[0m][10♠]
[6♠]
[[32mX[0m][[32mX[0m][[32mX[0m][Q♠]
[[32mX[0m][[32mX[0m][[32mX[0m][[32mX[0m][[32mX[0m][5♣,[31m4[31m♦[0m[0m]
cmd: ( [31m3[31m♦[0m[0m) ( A♠) ( [31m2[31m♥[0m[0m) ( - )   <3♠>  |Score: 140|
[K♣,[31mQ[31m♥[0m[0m,J♣,[31m10[31m♦[0m[0m,9♠]
[[31mK[31m♥[0m[0m,Q♣,[31mJ[31m♥[0m[0m,10♣,[31m9[31m♦[0m[0m,8♣,[31m7[31m♥[0m[0m,6♣,[31m5[31m♦[0m[0m,4♣,[31m3[31m♥[0m[0m]
[[32mX[0m][J♠]
[[32mX[0m][[32mX[0m][10♠]
[6♠]
[[32mX[0m][[32mX[0m][[32mX[0m][Q♠]
[[32mX[0m][[32mX[0m][[32mX[0m][[32mX[0m][[32mX[0m][5♣,[31m4[31m♦[0m[0m]
cmd: ( [31m3[31m♦[0m[0m) ( A♠) ( [31m2[31m♥[0m[0m) ( - )   <[31mK[31m♦[0m[0m>  |Score: 140|
[K♣,[31mQ[31m♥[0m[0m,J♣,[31m10[31m♦[0m[0m,9♠]
[[31mK[31m♥[0m[0m,Q♣,[31mJ[31m♥[0m[0m,10♣,[31m9[31m♦[0m[0m,8♣,[31m7[31m♥[0m[0m,6♣,[31m5[31m♦[0m[0m,4♣,[31m3[31m♥[0m[0m]
[[32mX[0m][J♠]
[[32mX[0m][[32mX[0m][10♠]
[6♠]
[[32mX[0m][[32mX[0m][[32mX[0m][Q♠]
[[32mX[0m][[32mX[0m][[32mX[0m][[32mX[0m][[32mX[0m][5♣,[31m4[31m♦[0m[0m]
cmd: ( [31m3[31m♦[0m[0m) ( A♠) ( [31m2[31m♥[0m[0m) ( - )   <[31m4[31m♥[0m[0m>  |Score: 140|
[K♣,[31mQ[31m♥[0m[0m,J♣,[31m10[31m♦[0m[0m,9♠]
[[31mK[31m♥[0m[0m,Q♣,[31mJ[31m♥[0m[0m,10♣,[31m9[31m♦[0m[0m,8♣,[31m7[31m♥[0m[0m,6♣,[31m5[31m♦[0m[0m,4♣,[31m3[31m♥[0m[0m]
[[32mX[0m][J♠]
[[32mX[0m][[32mX[0m][10♠]
[6♠]
[[32mX[0m][[32mX[0m][[32mX[0m][Q♠]
[[32mX[0m][[32mX[0m][[32mX[0m][[32mX[0m][[32mX[0m][5♣,[31m4[31m♦[0m[0m]
cmd: ( [31m4[31m♦[0m[0m) ( A♠) ( [31m2[31m♥[0m[0m) ( - )   <[31m4[31m♥[0m[0m>  |Score: 150|
[K♣,[31mQ[31m♥[0m[0m,J♣,[31m10[31m♦[0m[0m,9♠]
[[31mK[31m♥[0m[0m,Q♣,[31mJ[31m♥[0m[0m,10♣,[31m9[31m♦[0m[0m,8♣,[31m7[31m♥[0m[0m,6♣,[31m5[31m♦[0m[0m,4♣,[31m3[31m♥[0m[0m]
[[32mX[0m][J♠]
[[32mX[0m][[32mX[0m][10♠]
[6♠]
[[32mX[0m][[32mX[0m][[32mX[0m][Q♠]
[[32mX[0m][[32mX[0m][[32mX[0m][[32mX[0m][[32mX[0m][5♣]
cmd: ( [31m4[31m♦[0m[0m) ( A♠) ( [31m2[31m♥[0m[0m) ( - )   <[31mK[31m♦[0m[0m>  |Score: 155|
[K♣,[31mQ[31m♥[0m[0m,J♣,[31m10[31m♦[0m[0m,9♠]
[[31mK[31m♥[0m[0m,Q♣,[31mJ[31m♥[0m[0m,10♣,[31m9[31m♦[0m[0m,8♣,[31m7[31m♥[0m[0m,6♣,[31m5[31m♦[0m[0m,4♣,[31m3[31m♥[0m[0m]
[[32mX[0m][J♠]
[[32mX[0m][[32mX[0m][10♠]
[6♠]
[[32mX[0m][[32mX[0m][[32mX[0m][Q♠]
[[32mX[0m][[32mX[0m][[32mX[0m][[32mX[0m][[32mX[0m][5♣,[31m4[31m♥[0m[0m]
cmd: ( [31m4[31m♦[0m[0m) ( A♠) ( [31m2[31m♥[0m[0m) ( - )   <[31m8[31m♦[0m[0m>  |Score: 155|
[K♣,[31mQ[31m♥[0m[0m,J♣,[31m10[31m♦[0m[0m,9♠]
[[31mK[31m♥[0m[0m,Q♣,[31mJ[31m♥[0m[0m,10♣,[31m9[31m♦[0m[0m,8♣,[31m7[31m♥[0m[0m,6♣,[31m5[31m♦[0m[0m,4♣,[31m3[31m♥[0m[0m]
[[32mX[0m][J♠]
[[32mX[0m][[32mX[0m][10♠]
[6♠]
[[32mX[0m][[32mX[0m][[32mX[0m][Q♠]
[[32mX[0m][[32mX[0m][[32mX[0m][[32mX[0m][[32mX[0m][5♣,[31m4[31m♥[0m[0m]
cmd: ( [31m4[31m♦[0m[0m) ( A♠) ( [31m2[31m♥[0m[0m) ( - )   <[31m9[31m♥[0m[0m>  |Score: 155|
[K♣,[31mQ[31m♥[0m[0m,J♣,[31m10[31m♦[0m[0m,9♠]
[[31mK[31m♥[0m[0m,Q♣,[31mJ[31m♥[0m[0m,10♣,[31m9[31m♦[0m[0m,8♣,[31m7[31m♥[0m[0m,6♣,[31m5[31m♦[0m[0m,4♣,[31m3[31m♥[0m[0m]
[[32mX[0m][J♠]
[[32mX[0m][[32mX[0m][10♠]
[6♠]
[[32mX[0m][[32mX[0m][[32mX[0m][Q♠]
[[32mX[0m][[32mX[0m][[32mX[0m][[32mX[0m][[32mX[0m][5♣,[31m4[31m♥[0m[0m]
cmd: ( [31m4[31m♦[0m[0m) ( A♠) ( [31m2[31m♥[0m[0m) ( - )   <[31m8[31m♦[0m[0m>  |Score: 160|
[K♣,[31mQ[31m♥[0m[0m,J♣,[31m10[31m♦[0m[0m,9♠]
[[31mK[31m♥[0m[0m,Q♣,[31mJ[31m♥[0m[0m,10♣,[31m9[31m♦[0m[0m,8♣,[31m7[31m♥[0m[0m,6♣,[31m5[31m♦[0m[0m,4♣,[31m3[31m♥[0m[0m]
[[32mX[0m][J♠]
[[32mX[0m][[32mX[0m][10♠,[31m9[31m♥[0m[0m]
[6♠]
[[32mX[0m][[32mX[0m][[32mX[0m][Q♠]
[[32mX[0m][[32mX[0m][[32mX[0m][[32mX[0m][[32mX[0m][5♣,[31m4[31m♥[0m[0m]
cmd: ( [31m4[31m♦[0m[0m) ( A♠) ( [31m2[31m♥[0m[0m) ( - )   <[31mK[31m♦[0m[0m>  |Score: 165|
[K♣,[31mQ[31m♥[0m[0m,J♣,[31m10[31m♦[0m[0m,9♠,[31m8[31m♦[0m[0m]
[[31mK[31m♥[0m[0m,Q♣,[31mJ[31m♥[0m[0m,10♣,[31m9[31m♦[0m[0m,8♣,[31m7[31m♥[0m[0m,6♣,[31m5[31m♦[0m[0m,4♣,[31m3[31m♥[0m[0m]
[[32mX[0m][J♠]
[[32mX[0m][[32mX[0m][10♠,[31m9[31m♥[0m[0m]
[6♠]
[[32mX[0m][[32mX[0m][[32mX[0m][Q♠]
[[32mX[0m][[32mX[0m][[32mX[0m][[32mX[0m][[32mX[0m][5♣,[31m4[31m♥[0m[0m]
cmd: ( [31m4[31m♦[0m[0m) ( A♠) ( [31m2[31m♥[0m[0m) ( - )   <[31mJ[31m♦[0m[0m>  |Score: 165|
[K♣,[31mQ[31m♥[0m[0m,J♣,[31m10[31m♦[0m[0m,9♠,[31m8[31m♦[0m[0m]
[[31mK[31m♥[0m[0m,Q♣,[31mJ[31m♥[0m[0m,10♣,[31m9[31m♦[0m[0m,8♣,[31m7[31m♥[0m[0m,6♣,[31m5[31m♦[0m[0m,4♣,[31m3[31m♥[0m[0m]
[[32mX[0m][J♠]
[[32mX[0m][[32mX[0m][10♠,[31m9[31m♥[0m[0m]
[6♠]
[[32mX[0m][[32mX[0m][[32mX[0m][Q♠]
[[32mX[0m][[32mX[0m][[32mX[0m][[32mX[0m][[32mX[0m][5♣,[31m4[31m♥[0m[0m]
cmd: ( [31m4[31m♦[0m[0m) ( A♠) ( [31m2[31m♥[0m[0m) ( - )   <[31mK[31m♦[0m[0m>  |Score: 170|
[K♣,[31mQ[31m♥[0m[0m,J♣,[31m10[31m♦[0m[0m,9♠,[31m8[31m♦[0m[0m]
[[31mK[31m♥[0m[0m,Q♣,[31mJ[31m♥[0m[0m,10♣,[31m9[31m♦[0m[0m,8♣,[31m7[31m♥[0m[0m,6♣,[31m5[31m♦[0m[0m,4♣,[31m3[31m♥[0m[0m]
[[32mX[0m][J♠]
[[32mX[0m][[32mX[0m][10♠,[31m9[31m♥[0m[0m]
[6♠]
[[32mX[0m][[32mX[0m][[32mX[0m][Q♠,[31mJ[31m♦[0m[0m]
[[32mX[0m][[32mX[0m][[32mX[0m][[32mX[0m][[32mX[0m][5♣,[31m4[31m♥[0m[0m]
cmd: ( [31m4[31m♦[0m[0m) ( A♠) ( [31m2[31m♥[0m[0m) ( - )   <[31mK[31m♦[0m[0m>  |Score: 175|
[K♣,[31mQ[31m♥[0m[0m,J♣,[31m10[31m♦[0m[0m,9♠,[31m8[31m♦[0m[0m]
[[31mK[31m♥[0m[0m,Q♣,[31mJ[31m♥[0m[0m,10♣,[31m9[31m♦[0m[0m,8♣,[31m7[31m♥[0m[0m,6♣,[31m5[31m♦[0m[0m,4♣,[31m3[31m♥[0m[0m]
[[32mX[0m][J♠]
[[32mX[0m][[31m10[31m♥[0m[0m]
[6♠]
[[32mX[0m][[32mX[0m][[32mX[0m][Q♠,[31mJ[31m♦[0m[0m,10♠,[31m9[31m♥[0m[0m]
[[32mX[0m][[32mX[0m][[32mX[0m][[32mX[0m][[32mX[0m][5♣,[31m4[31m♥[0m[0m]
cmd: ( [31m4[31m♦[0m[0m) ( A♠) ( [31m2[31m♥[0m[0m) ( - )   <[31mK[31m♦[0m[0m>  |Score: 180|
[K♣,[31mQ[31m♥[0m[0m,J♣,[31m10[31m♦[0m[0m,9♠,[31m8[31m♦[0m[0m]
[[31mK[31m♥[0m[0m,Q♣,[31mJ[31m♥[0m[0m,10♣,[31m9[31m♦[0m[0m,8♣,[31m7[31m♥[0m[0m,6♣,[31m5[31m♦[0m[0m,4♣,[31m3[31m♥[0m[0m]
[[32mX[0m][J♠,[31m10[31m♥[0m[0m]
[[31m7[31m♦[0m[0m]
[6♠]
[[32mX[0m][[32mX[0m][[32mX[0m][Q♠,[31mJ[31m♦[0m[0m,10♠,[31m9[31m♥[0m[0m]
[[32mX[0m][[32mX[0m][[32mX[0m][[32mX[0m][[32mX[0m][5♣,[31m4[31m♥[0m[0m]
cmd: ( [31m4[31m♦[0m[0m) ( A♠) ( [31m2[31m♥[0m[0m) ( - )   <[31mK[31m♦[0m[0m>  |Score: 180|
[K♣,[31mQ[31m♥[0m[0m,J♣,[31m10[31m♦[0m[0m,9♠,[31m8[31m♦[0m[0m]
[[31mK[31m♥[0m[0m,Q♣,[31mJ[31m♥[0m[0m,10♣,[31m9[31m♦[0m[0m,8♣,[31m7[31m♥[0m[0m,6♣,[31m5[31m♦[0m[0m,4♣,[31m3[31m♥[0m[0m]
[[32mX[0m][J♠,[31m10[31m♥[0m[0m]
[[31m7[31m♦[0m[0m,6♠]

[[32mX[0m][[32mX[0m][[32mX[0m][Q♠,[31mJ[31m♦[0m[0m,10♠,[31m9[31m♥[0m[0m]
[[32mX[0m][[32mX[0m][[32mX[0m][[32mX[0m][[32mX[0m][5♣,[31m4[31m♥[0m[0m]
cmd: ( [31m4[31m♦[0m[0m) ( A♠) ( [31m2[31m♥[0m[0m) ( - )   <3♠>  |Score: 185|
[K♣,[31mQ[31m♥[0m[0m,J♣,[31m10[31m♦[0m[0m,9♠,[31m8[31m♦[0m[0m]
[[31mK[31m♥[0m[0m,Q♣,[31mJ[31m♥[0m[0m,10♣,[31m9[31m♦[0m[0m,8♣,[31m7[31m♥[0m[0m,6♣,[31m5[31m♦[0m[0m,4♣,[31m3[31m♥[0m[0m]
[[32mX[0m][J♠,[31m10[31m♥[0m[0m]
[[31m7[31m♦[0m[0m,6♠]
[[31mK[31m♦[0m[0m]
[[32mX[0m][[32mX[0m][[32mX[0m][Q♠,[31mJ[31m♦[0m[0m,10♠,[31m9[31m♥[0m[0m]
[[32mX[0m][[32mX[0m][[32mX[0m][[32mX[0m][[32mX[0m][5♣,[31m4[31m♥[0m[0m]
cmd: ( [31m4[31m♦[0m[0m) ( A♠) ( [31m2[31m♥[0m[0m) ( - )   <3♠>  |Score: 190|
[K♣,[31mQ[31m♥[0m[0m,J♣,[31m10[31m♦[0m[0m,9♠,[31m8[31m♦[0m[0m]
[[31mK[31m♥[0m[0m,Q♣,[31mJ[31m♥[0m[0m,10♣,[31m9[31m♦[0m[0m,8♣,[31m7[31m♥[0m[0m,6♣,[31m5[31m♦[0m[0m,4♣,[31m3[31m♥[0m[0m]
[[32mX[0m][J♠,[31m10[31m♥[0m[0m]
[[31m7[31m♦[0m[0m,6♠]
[[31mK[31m♦[0m[0m,Q♠,[31mJ[31m♦[0m[0m,10♠,[31m9[31m♥[0m[0m]
[[32mX[0m][[32mX[0m][2♣]
[[32mX[0m][[32mX[0m][[32mX[0m][[32mX[0m][[32mX[0m][5♣,[31m4[31m♥[0m[0m]
cmd: ( [31m4[31m♦[0m[0m) ( A♠) ( [31m2[31m♥[0m[0m) ( - )   <[31m6[31m♦[0m[0m>  |Score: 195|
[K♣,[31mQ[31m♥[0m[0m,J♣,[31m10[31m♦[0m[0m,9♠,[31m8[31m♦[0m[0m]
[[31mK[31m♥[0m[0m,Q♣,[31mJ[31m♥[0m[0m,10♣,[31m9[31m♦[0m[0m,8♣,[31m7[31m♥[0m[0m,6♣,[31m5[31m♦[0m[0m,4♣,[31m3[31m♥[0m[0m]
[[32mX[0m][J♠,[31m10[31m♥[0m[0m]
[[31m7[31m♦[0m[0m,6♠]
[[31mK[31m♦[0m[0m,Q♠,[31mJ[31m♦[0m[0m,10♠,[31m9[31m♥[0m[0m]
[[32mX[0m][[32mX[0m][2♣]
[[32mX[0m][[32mX[0m][[32mX[0m][[32mX[0m][[32mX[0m][5♣,[31m4[31m♥[0m[0m,3♠]
cmd: ( [31m4[31m♦[0m[0m) ( A♠) ( [31m2[31m♥[0m[0m) ( - )   <[31m6[31m♦[0m[0m>  |Score: 200|
[K♣,[31mQ[31m♥[0m[0m,J♣,[31m10[31m♦[0m[0m,9♠,[31m8[31m♦[0m[0m]
[[31mK[31m♥[0m[0m,Q♣,[31mJ[31m♥[0m[0m,10♣,[31m9[31m♦[0m[0m,8♣,[31m7[31m♥[0m[0m,6♣,[31m5[31m♦[0m[0m,4♣,[31m3[31m♥[0m[0m,2♣]
[[32mX[0m][J♠,[31m10[31m♥[0m[0m]
[[31m7[31m♦[0m[0m,6♠]
[[31mK[31m♦[0m[0m,Q♠,[31mJ[31m♦[0m[0m,10♠,[31m9[31m♥[0m[0m]
[[32mX[0m][4♠]
[[32mX[0m][[32mX[0m][[32mX[0m][[32mX[0m][[32mX[0m][5♣,[31m4[31m♥[0m[0m,3♠]
cmd: ( [31m4[31m♦[0m[0m) ( A♠) ( [31m2[31m♥[0m[0m) ( - )   <[31m5[31m♥[0m[0m>  |Score: 200|
[K♣,[31mQ[31m♥[0m[0m,J♣,[31m10[31m♦[0m[0m,9♠,[31m8[31m♦[0m[0m]
[[31mK[31m♥[0m[0m,Q♣,[31mJ[31m♥[0m[0m,10♣,[31m9[31m♦[0m[0m,8♣,[31m7[31m♥[0m[0m,6♣,[31m5[31m♦[0m[0m,4♣,[31m3[31m♥[0m[0m,2♣]
[[32mX[0m][J♠,[31m10[31m♥[0m[0m]
[[31m7[31m♦[0m[0m,6♠]
[[31mK[31m♦[0m[0m,Q♠,[31mJ[31m♦[0m[0m,10♠,[31m9[31m♥[0m[0m]
[[32mX[0m][4♠]
[[32mX[0m][[32mX[0m][[32mX[0m][[32mX[0m][[32mX[0m][5♣,[31m4[31m♥[0m[0m,3♠]
cmd: ( [31m4[31m♦[0m[0m) ( A♠) ( [31m2[31m♥[0m[0m) ( - )   <[31m6[31m♦[0m[0m>  |Score: 205|
[K♣,[31mQ[31m♥[0m[0m,J♣,[31m10[31m♦[0m[0m,9♠,[31m8[31m♦[0m[0m]
[[31mK[31m♥[0m[0m,Q♣,[31mJ[31m♥[0m[0m,10♣,[31m9[31m♦[0m[0m,8♣,[31m7[31m♥[0m[0m,6♣,[31m5[31m♦[0m[0m,4♣,[31m3[31m♥[0m[0m,2♣]
[[32mX[0m][J♠,[31m10[31m♥[0m[0m]
[[31m7[31m♦[0m[0m,6♠,[31m5[31m♥[0m[0m]
[[31mK[31m♦[0m[0m,Q♠,[31mJ[31m♦[0m[0m,10♠,[31m9[31m♥[0m[0m]
[[32mX[0m][4♠]
[[32mX[0m][[32mX[0m][[32mX[0m][[32mX[0m][[32mX[0m][5♣,[31m4[31m♥[0m[0m,3♠]
cmd: ( [31m4[31m♦[0m[0m) ( A♠) ( [31m2[31m♥[0m[0m) ( - )   <[31m6[31m♦[0m[0m>  |Score: 210|
[K♣,[31mQ[31m♥[0m[0m,J♣,[31m10[31m♦[0m[0m,9♠,[31m8[31m♦[0m[0m]
[[31mK[31m♥[0m[0m,Q♣,[31mJ[31m♥[0m[0m,10♣,[31m9[31m♦[0m[0m,8♣,[31m7[31m♥[0m[0m,6♣,[31m5[31m♦[0m[0m,4♣,[31m3[31m♥[0m[0m,2♣]
[[32mX[0m][J♠,[31m10[31m♥[0m[0m]
[[31m7[31m♦[0m[0m,6♠,[31m5[31m♥[0m[0m,4♠]
[[31mK[31m♦[0m[0m,Q♠,[31mJ[31m♦[0m[0m,10♠,[31m9[31m♥[0m[0m]
[9♣]
[[32mX[0m][[32mX[0m][[32mX[0m][[32mX[0m][[32mX[0m][5♣,[31m4[31m♥[0m[0m,3♠]
cmd: ( [31m4[31m♦[0m[0m) ( A♠) ( [31m2[31m♥[0m[0m) ( - )   <[31m6[31m♦[0m[0m>  |Score: 210|
[K♣,[31mQ[31m♥[0m[0m,J♣,[31m10[31m♦[0m[0m,9♠,[31m8[31m♦[0m[0m]
[[31mK[31m♥[0m[0m,Q♣,[31mJ[31m♥[0m[0m,10♣,[31m9[31m♦[0m[0m,8♣,[31m7[31m♥[0m[0m,6♣,[31m5[31m♦[0m[0m,4♣,[31m3[31m♥[0m[0m,2♣]
[[32mX[0m][J♠,[31m10[31m♥[0m[0m,9♣]
[[31m7[31m♦[0m[0m,6♠,[31m5[31m♥[0m[0m,4♠]
[[31mK[31m♦[0m[0m,Q♠,[31mJ[31m♦[0m[0m,10♠,[31m9[31m♥[0m[0m]

[[32mX[0m][[32mX[0m][[32mX[0m][[32mX[0m][[32mX[0m][5♣,[31m4[31m♥[0m[0m,3♠]
cmd: ( [31m4[31m♦[0m[0m) ( A♠) ( [31m2[31m♥[0m[0m) ( - )   <[31mQ[31m♦[0m[0m>  |Score: 210|
[K♣,[31mQ[31m♥[0m[0m,J♣,[31m10[31m♦[0m[0m,9♠,[31m8[31m♦[0m[0m]
[[31mK[31m♥[0m[0m,Q♣,[31mJ[31m♥[0m[0m,10♣,[31m9[31m♦[0m[0m,8♣,[31m7[31m♥[0m[0m,6♣,[31m5[31m♦[0m[0m,4♣,[31m3[31m♥[0m[0m,2♣]
[[32mX[0m][J♠,[31m10[31m♥[0m[0m,9♣]
[[31m7[31m♦[0m[0m,6♠,[31m5[31m♥[0m[0m,4♠]
[[31mK[31m♦[0m[0m,Q♠,[31mJ[31m♦[0m[0m,10♠,[31m9[31m♥[0m[0m]

[[32mX[0m][[32mX[0m][[32mX[0m][[32mX[0m][[32mX[0m][5♣,[31m4[31m♥[0m[0m,3♠]
cmd: ( [31m4[31m♦[0m[0m) ( A♠) ( [31m2[31m♥[0m[0m) ( - )   <5♠>  |Score: 110|
[K♣,[31mQ[31m♥[0m[0m,J♣,[31m10[31m♦[0m[0m,9♠,[31m8[31m♦[0m[0m]
[[31mK[31m♥[0m[0m,Q♣,[31mJ[31m♥[0m[0m,10♣,[31m9[31m♦[0m[0m,8♣,[31m7[31m♥[0m[0m,6♣,[31m5[31m♦[0m[0m,4♣,[31m3[31m♥[0m[0m,2♣]
[[32mX[0m][J♠,[31m10[31m♥[0m[0m,9♣]
[[31m7[31m♦[0m[0m,6♠,[31m5[31m♥[0m[0m,4♠]
[[31mK[31m♦[0m[0m,Q♠,[31mJ[31m♦[0m[0m,10♠,[31m9[31m♥[0m[0m]

[[32mX[0m][[32mX[0m][[32mX[0m][[32mX[0m][[32mX[0m][5♣,[31m4[31m♥[0m[0m,3♠]
cmd: ( [31m4[31m♦[0m[0m) ( A♠) ( [31m2[31m♥[0m[0m) ( - )   <[31m6[31m♥[0m[0m>  |Score: 110|
[K♣,[31mQ[31m♥[0m[0m,J♣,[31m10[31m♦[0m[0m,9♠,[31m8[31m♦[0m[0m]
[[31mK[31m♥[0m[0m,Q♣,[31mJ[31m♥[0m[0m,10♣,[31m9[31m♦[0m[0m,8♣,[31m7[31m♥[0m[0m,6♣,[31m5[31m♦[0m[0m,4♣,[31m3[31m♥[0m[0m,2♣]
[[32mX[0m][J♠,[31m10[31m♥[0m[0m,9♣]
[[31m7[31m♦[0m[0m,6♠,[31m5[31m♥[0m[0m,4♠]
[[31mK[31m♦[0m[0m,Q♠,[31mJ[31m♦[0m[0m,10♠,[31m9[31m♥[0m[0m]

[[32mX[0m][[32mX[0m][[32mX[0m][[32mX[0m][[32mX[0m][5♣,[31m4[31m♥[0m[0m,3♠]
cmd: ( [31m4[31m♦[0m[0m) ( A♠) ( [31m2[31m♥[0m[0m) ( - )   <7♠>  |Score: 110|
[K♣,[31mQ[31m♥[0m[0m,J♣,[31m10[31m♦[0m[0m,9♠,[31m8[31m♦[0m[0m]
[[31mK[31m♥[0m[0m,Q♣,[31mJ[31m♥[0m[0m,10♣,[31m9[31m♦[0m[0m,8♣,[31m7[31m♥[0m[0m,6♣,[31m5[31m♦[0m[0m,4♣,[31m3[31m♥[0m[0m,2♣]
[[32mX[0m][J♠,[31m10[31m♥[0m[0m,9♣]
[[31m7[31m♦[0m[0m,6♠,[31m5[31m♥[0m[0m,4♠]
[[31mK[31m♦[0m[0m,Q♠,[31mJ[31m♦[0m[0m,10♠,[31m9[31m♥[0m[0m]

[[32mX[0m][[32mX[0m][[32mX[0m][[32mX[0m][[32mX[0m][5♣,[31m4[31m♥[0m[0m,3♠]
cmd: ( [31m4[31m♦[0m[0m) ( A♠) ( [31m2[31m♥[0m[0m) ( - )   <[31m6[31m♥[0m[0m>  |Score: 115|
[K♣,[31mQ[31m♥[0m[0m,J♣,[31m10[31m♦[0m[0m,9♠,[31m8[31m♦[0m[0m,7♠]
[[31mK[31m♥[0m[0m,Q♣,[31mJ[31m♥[0m[0m,10♣,[31m9[31m♦[0m[0m,8♣,[31m7[31m♥[0m[0m,6♣,[31m5[31m♦[0m[0m,4♣,[31m3[31m♥[0m[0m,2♣]
[[32mX[0m][J♠,[31m10[31m♥[0m[0m,9♣]
[[31m7[31m♦[0m[0m,6♠,[31m5[31m♥[0m[0m,4♠]
[[31mK[31m♦[0m[0m,Q♠,[31mJ[31m♦[0m[0m,10♠,[31m9[31m♥[0m[0m]

[[32mX[0m][[32mX[0m][[32mX[0m][[32mX[0m][[32mX[0m][5♣,[31m4[31m♥[0m[0m,3♠]
cmd: ( [31m4[31m♦[0m[0m) ( A♠) ( [31m2[31m♥[0m[0m) ( - )   <5♠>  |Score: 120|
[K♣,[31mQ[31m♥[0m[0m,J♣,[31m10[31m♦[0m[0m,9♠,[31m8[31m♦[0m[0m,7♠,[31m6[31m♥[0m[0m]
[[31mK[31m♥[0m[0m,Q♣,[31mJ[31m♥[0m[0m,10♣,[31m9[31m♦[0m[0m,8♣,[31m7[31m♥[0m[0m,6♣,[31m5[31m♦[0m[0m,4♣,[31m3[31m♥[0m[0m,2♣]
[[32mX[0m][J♠,[31m10[31m♥[0m[0m,9♣]
[[31m7[31m♦[0m[0m,6♠,[31m5[31m♥[0m[0m,4♠]
[[31mK[31m♦[0m[0m,Q♠,[31mJ[31m♦[0m[0m,10♠,[31m9[31m♥[0m[0m]

[[32mX[0m][[32mX[0m][[32mX[0m][[32mX[0m][[32mX[0m][5♣,[31m4[31m♥[0m[0m,3♠]
cmd: ( [31m4[31m♦[0m[0m) ( A♠) ( [31m2[31m♥[0m[0m) ( - )   <5♠>  |Score: 125|
[K♣,[31mQ[31m♥[0m[0m,J♣,[31m10[31m♦[0m[0m,9♠,[31m8[31m♦[0m[0m,7♠,[31m6[31m♥[0m[0m,5♣,[31m4[31m♥[0m[0m,3♠]
[[31mK[31m♥[0m[0m,Q♣,[31mJ[31m♥[0m[0m,10♣,[31m9[31m♦[0m[0m,8♣,[31m7[31m♥[0m[0m,6♣,[31m5[31m♦[0m[0m,4♣,[31m3[31m♥[0m[0m,2♣]
[[32mX[0m][J♠,[31m10[31m♥[0m[0m,9♣]
[[31m7[31m♦[0m[0m,6♠,[31m5[31m♥[0m[0m,4♠]
[[31mK[31m♦[0m[0m,Q♠,[31mJ[31m♦[0m[0m,10♠,[31m9[31m♥[0m[0m]

[[32mX[0m][[32mX[0m][[32mX[0m][[32mX[0m][2♠]
cmd: ( [31m4[31m♦[0m[0m) ( 2♠) ( [31m2[31m♥[0m[0m) ( - )   <5♠>  |Score: 140|
[K♣,[31mQ[31m♥[0m[0m,J♣,[31m10[31m♦[0m[0m,9♠,[31m8[31m♦[0m[0m,7♠,[31m6[31m♥[0m[0m,5♣,[31m4[31m♥[0m[0m,3♠]
[[31mK[31m♥[0m[0m,Q♣,[31mJ[31m♥[0m[0m,10♣,[31m9[31m♦[0m[0m,8♣,[31m7[31m♥[0m[0m,6♣,[31m5[31m♦[0m[0m,4♣,[31m3[31m♥[0m[0m,2♣]
[[32mX[0m][J♠,[31m10[31m♥[0m[0m,9♣]
[[31m7[31m♦[0m[0m,6♠,[31m5[31m♥[0m[0m,4♠]
[[31mK[31m♦[0m[0m,Q♠,[31mJ[31m♦[0m[0m,10♠,[31m9[31m♥[0m[0m]

[[32mX[0m][[32mX[0m][[32mX[0m][8♠]
cmd: ( [31m4[31m♦[0m[0m) ( 2♠) ( [31m2[31m♥[0m[0m) ( - )   <5♠>  |Score: 145|
[K♣,[31mQ[31m♥[0m[0m,J♣,[31m10[31m♦[0m[0m,9♠,[31m8[31m♦[0m[0m,7♠,[31m6[31m♥[0m[0m,5♣,[31m4[31m♥[0m[0m,3♠]
[[31mK[31m♥[0m[0m,Q♣,[31mJ[31m♥[0m[0m,10♣,[31m9[31m♦[0m[0m,8♣,[31m7[31m♥[0m[0m,6♣,[31m5[31m♦[0m[0m,4♣,[31m3[31m♥[0m[0m,2♣]
[[32mX[0m][J♠,[31m10[31m♥[0m[0m,9♣]
[[31m7[31m♦[0m[0m,6♠,[31m5[31m♥[0m[0m,4♠]
[[31mK[31m♦[0m[0m,Q♠,[31mJ[31m♦[0m[0m,10♠,[31m9[31m♥[0m[0m,8♠]

[[32mX[0m][[32mX[0m][A♣]
cmd: ( [31m4[31m♦[0m[0m) ( 2♠) ( [31m2[31m♥[0m[0m) ( A♣)   <5♠>  |Score: 160|
[K♣,[31mQ[31m♥[0m[0m,J♣,[31m10[31m♦[0m[0m,9♠,[31m8[31m♦[0m[0m,7♠,[31m6[31m♥[0m[0m,5♣,[31m4[31m♥[0m[0m,3♠]
[[31mK[31m♥[0m[0m,Q♣,[31mJ[31m♥[0m[0m,10♣,[31m9[31m♦[0m[0m,8♣,[31m7[31m♥[0m[0m,6♣,[31m5[31m♦[0m[0m,4♣,[31m3[31m♥[0m[0m,2♣]
[[32mX[0m][J♠,[31m10[31m♥[0m[0m,9♣]
[[31m7[31m♦[0m[0m,6♠,[31m5[31m♥[0m[0m,4♠]
[[31mK[31m♦[0m[0m,Q♠,[31mJ[31m♦[0m[0m,10♠,[31m9[31m♥[0m[0m,8♠]

[[32mX[0m][3♣]
cmd: ( [31m4[31m♦[0m[0m) ( 2♠) ( [31m2[31m♥[0m[0m) ( 2♣)   <5♠>  |Score: 170|
[K♣,[31mQ[31m♥[0m[0m,J♣,[31m10[31m♦[0m[0m,9♠,[31m8[31m♦[0m[0m,7♠,[31m6[31m♥[0m[0m,5♣,[31m4[31m♥[0m[0m,3♠]
[[31mK[31m♥[0m[0m,Q♣,[31mJ[31m♥[0m[0m,10♣,[31m9[31m♦[0m[0m,8♣,[31m7[31m♥[0m[0m,6♣,[31m5[31m♦[0m[0m,4♣,[31m3[31m♥[0m[0m]
[[32mX[0m][J♠,[31m10[31m♥[0m[0m,9♣]
[[31m7[31m♦[0m[0m,6♠,[31m5[31m♥[0m[0m,4♠]
[[31mK[31m♦[0m[0m,Q♠,[31mJ[31m♦[0m[0m,10♠,[31m9[31m♥[0m[0m,8♠]

[[32mX[0m][3♣]
cmd: ( [31m4[31m♦[0m[0m) ( 2♠) ( [31m2[31m♥[0m[0m) ( 3♣)   <5♠>  |Score: 185|
[K♣,[31mQ[31m♥[0m[0m,J♣,[31m10[31m♦[0m[0m,9♠,[31m8[31m♦[0m[0m,7♠,[31m6[31m♥[0m[0m,5♣,[31m4[31m♥[0m[0m,3♠]
[[31mK[31m♥[0m[0m,Q♣,[31mJ[31m♥[0m[0m,10♣,[31m9[31m♦[0m[0m,8♣,[31m7[31m♥[0m[0m,6♣,[31m5[31m♦[0m[0m,4♣,[31m3[31m♥[0m[0m]
[[32mX[0m][J♠,[31m10[31m♥[0m[0m,9♣]
[[31m7[31m♦[0m[0m,6♠,[31m5[31m♥[0m[0m,4♠]
[[31mK[31m♦[0m[0m,Q♠,[31mJ[31m♦[0m[0m,10♠,[31m9[31m♥[0m[0m,8♠]

[[31m8[31m♥[0m[0m]
cmd: ( [31m4[31m♦[0m[0m) ( 3♠) ( [31m2[31m♥[0m[0m) ( 3♣)   <5♠>  |Score: 195|
[K♣,[31mQ[31m♥[0m[0m,J♣,[31m10[31m♦[0m[0m,9♠,[31m8[31m♦[0m[0m,7♠,[31m6[31m♥[0m[0m,5♣,[31m4[31m♥[0m[0m]
[[31mK[31m♥[0m[0m,Q♣,[31mJ[31m♥[0m[0m,10♣,[31m9[31m♦[0m[0m,8♣,[31m7[31m♥[0m[0m,6♣,[31m5[31m♦[0m[0m,4♣,[31m3[31m♥[0m[0m]
[[32mX[0m][J♠,[31m10[31m♥[0m[0m,9♣]
[[31m7[31m♦[0m[0m,6♠,[31m5[31m♥[0m[0m,4♠]
[[31mK[31m♦[0m[0m,Q♠,[31mJ[31m♦[0m[0m,10♠,[31m9[31m♥[0m[0m,8♠]

[[31m8[31m♥[0m[0m]
cmd: ( [31m4[31m♦[0m[0m) ( 3♠) ( [31m3[31m♥[0m[0m) ( 3♣)   <5♠>  |Score: 205|
[K♣,[31mQ[31m♥[0m[0m,J♣,[31m10[31m♦[0m[0m,9♠,[31m8[31m♦[0m[0m,7♠,[31m6[31m♥[0m[0m,5♣,[31m4[31m♥[0m[0m]
[[31mK[31m♥[0m[0m,Q♣,[31mJ[31m♥[0m[0m,10♣,[31m9[31m♦[0m[0m,8♣,[31m7[31m♥[0m[0m,6♣,[31m5[31m♦[0m[0m,4♣]
[[32mX[0m][J♠,[31m10[31m♥[0m[0m,9♣]
[[31m7[31m♦[0m[0m,6♠,[31m5[31m♥[0m[0m,4♠]
[[31mK[31m♦[0m[0m,Q♠,[31mJ[31m♦[0m[0m,10♠,[31m9[31m♥[0m[0m,8♠]

[[31m8[31m♥[0m[0m]
cmd: ( [31m4[31m♦[0m[0m) ( 3♠) ( [31m4[31m♥[0m[0m) ( 3♣)   <5♠>  |Score: 215|
[K♣,[31mQ[31m♥[0m[0m,J♣,[31m10[31m♦[0m[0m,9♠,[31m8[31m♦[0m[0m,7♠,[31m6[31m♥[0m[0m,5♣]
[[31mK[31m♥[0m[0m,Q♣,[31mJ[31m♥[0m[0m,10♣,[31m9[31m♦[0m[0m,8♣,[31m7[31m♥[0m[0m,6♣,[31m5[31m♦[0m[0m,4♣]
[[32mX[0m][J♠,[31m10[31m♥[0m[0m,9♣]
[[31m7[31m♦[0m[0m,6♠,[31m5[31m♥[0m[0m,4♠]
[[31mK[31m♦[0m[0m,Q♠,[31mJ[31m♦[0m[0m,10♠,[31m9[31m♥[0m[0m,8♠]

[[31m8[31m♥[0m[0m]
cmd: ( [31m4[31m♦[0m[0m) ( 3♠) ( [31m4[31m♥[0m[0m) ( 4♣)   <5♠>  |Score: 225|
[K♣,[31mQ[31m♥[0m[0m,J♣,[31m10[31m♦[0m[0m,9♠,[31m8[31m♦[0m[0m,7♠,[31m6[31m♥[0m[0m,5♣]
[[31mK[31m♥[0m[0m,Q♣,[31mJ[31m♥[0m[0m,10♣,[31m9[31m♦[0m[0m,8♣,[31m7[31m♥[0m[0m,6♣,[31m5[31m♦[0m[0m]
[[32mX[0m][J♠,[31m10[31m♥[0m[0m,9♣]
[[31m7[31m♦[0m[0m,6♠,[31m5[31m♥[0m[0m,4♠]
[[31mK[31m♦[0m[0m,Q♠,[31mJ[31m♦[0m[0m,10♠,[31m9[31m♥[0m[0m,8♠]

[[31m8[31m♥[0m[0m]
cmd: ( [31m4[31m♦[0m[0m) ( 4♠) ( [31m4[31m♥[0m[0m) ( 4♣)   <5♠>  |Score: 235|
[K♣,[31mQ[31m♥[0m[0m,J♣,[31m10[31m♦[0m[0m,9♠,[31m8[31m♦[0m[0m,7♠,[31m6[31m♥[0m[0m,5♣]
[[31mK[31m♥[0m[0m,Q♣,[31mJ[31m♥[0m[0m,10♣,[31m9[31m♦[0m[0m,8♣,[31m7[31m♥[0m[0m,6♣,[31m5[31m♦[0m[0m]
[[32mX[0m][J♠,[31m10[31m♥[0m[0m,9♣]
[[31m7[31m♦[0m[0m,6♠,[31m5[31m♥[0m[0m]
[[31mK[31m♦[0m[0m,Q♠,[31mJ[31m♦[0m[0m,10♠,[31m9[31m♥[0m[0m,8♠]

[[31m8[31m♥[0m[0m]
cmd: ( [31m4[31m♦[0m[0m) ( 5♠) ( [31m4[31m♥[0m[0m) ( 4♣)   <K♠>  |Score: 245|
[K♣,[31mQ[31m♥[0m[0m,J♣,[31m10[31m♦[0m[0m,9♠,[31m8[31m♦[0m[0m,7♠,[31m6[31m♥[0m[0m,5♣]
[[31mK[31m♥[0m[0m,Q♣,[31mJ[31m♥[0m[0m,10♣,[31m9[31m♦[0m[0m,8♣,[31m7[31m♥[0m[0m,6♣,[31m5[31m♦[0m[0m]
[[32mX[0m][J♠,[31m10[31m♥[0m[0m,9♣]
[[31m7[31m♦[0m[0m,6♠,[31m5[31m♥[0m[0m]
[[31mK[31m♦[0m[0m,Q♠,[31mJ[31m♦[0m[0m,10♠,[31m9[31m♥[0m[0m,8♠]

[[31m8[31m♥[0m[0m]
cmd: ( [31m4[31m♦[0m[0m) ( 5♠) ( [31m4[31m♥[0m[0m) ( 4♣)   <[31m6[31m♦[0m[0m>  |Score: 250|
[K♣,[31mQ[31m♥[0m[0m,J♣,[31m10[31m♦[0m[0m,9♠,[31m8[31m♦[0m[0m,7♠,[31m6[31m♥[0m[0m,5♣]
[[31mK[31m♥[0m[0m,Q♣,[31mJ[31m♥[0m[0m,10♣,[31m9[31m♦[0m[0m,8♣,[31m7[31m♥[0m[0m,6♣,[31m5[31m♦[0m[0m]
[[32mX[0m][J♠,[31m10[31m♥[0m[0m,9♣]
[[31m7[31m♦[0m[0m,6♠,[31m5[31m♥[0m[0m]
[[31mK[31m♦[0m[0m,Q♠,[31mJ[31m♦[0m[0m,10♠,[31m9[31m♥[0m[0m,8♠]
[K♠]
[[31m8[31m♥[0m[0m]
cmd: ( [31m5[31m♦[0m[0m) ( 5♠) ( [31m4[31m♥[0m[0m) ( 4♣)   <[31m6[31m♦[0m[0m>  |Score: 260|
[K♣,[31mQ[31m♥[0m[0m,J♣,[31m10[31m♦[0m[0m,9♠,[31m8[31m♦[0m[0m,7♠,[31m6[31m♥[0m[0m,5♣]
[[31mK[31m♥[0m[0m,Q♣,[31mJ[31m♥[0m[0m,10♣,[31m9[31m♦[0m[0m,8♣,[31m7[31m♥[0m[0m,6♣]
[[32mX[0m][J♠,[31m10[31m♥[0m[0m,9♣]
[[31m7[31m♦[0m[0m,6♠,[31m5[31m♥[0m[0m]
[[31mK[31m♦[0m[0m,Q♠,[31mJ[31m♦[0m[0m,10♠,[31m9[31m♥[0m[0m,8♠]
[K♠]
[[31m8[31m♥[0m[0m]
cmd: ( [31m6[31m♦[0m[0m) ( 5♠) ( [31m4[31m♥[0m[0m) ( 4♣)   <[31mQ[31m♦[0m[0m>  |Score: 270|
[K♣,[31mQ[31m♥[0m[0m,J♣,[31m10[31m♦[0m[0m,9♠,[31m8[31m♦[0m[0m,7♠,[31m6[31m♥[0m[0m,5♣]
[[31mK[31m♥[0m[0m,Q♣,[31mJ[31m♥[0m[0m,10♣,[31m9[31m♦[0m[0m,8♣,[31m7[31m♥[0m[0m,6♣]
[[32mX[0m][J♠,[31m10[31m♥[0m[0m,9♣]
[[31m7[31m♦[0m[0m,6♠,[31m5[31m♥[0m[0m]
[[31mK[31m♦[0m[0m,Q♠,[31mJ[31m♦[0m[0m,10♠,[31m9[31m♥[0m[0m,8♠]
[K♠]
[[31m8[31m♥[0m[0m]
cmd: ( [31m6[31m♦[0m[0m) ( 5♠) ( [31m4[31m♥[0m[0m) ( 4♣)   < >  |Score: 275|
[K♣,[31mQ[31m♥[0m[0m,J♣,[31m10[31m♦[0m[0m,9♠,[31m8[31m♦[0m[0m,7♠,[31m6[31m♥[0m[0m,5♣]
[[31mK[31m♥[0m[0m,Q♣,[31mJ[31m♥[0m[0m,10♣,[31m9[31m♦[0m[0m,8♣,[31m7[31m♥[0m[0m,6♣]
[[32mX[0m][J♠,[31m10[31m♥[0m[0m,9♣]
[[31m7[31m♦[0m[0m,6♠,[31m5[31m♥[0m[0m]
[[31mK[31m♦[0m[0m,Q♠,[31mJ[31m♦[0m[0m,10♠,[31m9[31m♥[0m[0m,8♠]
[K♠,[31mQ[31m♦[0m[0m]
[[31m8[31m♥[0m[0m]
cmd: ( [31mK[31m♦[0m[0m) ( K♠) ( [31mK[31m♥[0m[0m) ( K♣)   < >  |Score: 610|







cmd: 