Welcome to the game! (h=help, x=exit, b=show board)
cmd: ( A♠) ( - ) ( - ) ( - )   <[31m3[31m♦[0m[0m>  |Score: 15|
[[31m8[31m♦[0m[0m]
[[32mX[0m][4♣]
[[32mX[0m][[31m2[31m♥[0m[0m]
[[32mX[0m][[32mX[0m][[32mX[0m][[31mJ[31m♦[0m[0m]
[[32mX[0m][[32mX[0m][[32mX[0m][[32mX[0m][[31m10[31m♥[0m[0m]
[[32mX[0m][[32mX[0m][[32mX[0m][[32mX[0m][[32mX[0m][[31mQ[31m♥[0m[0m]
[[32mX[0m][[32mX[0m][[32mX[0m][[32mX[0m][[32mX[0m][[32mX[0m][8♠]
cmd: ( A♠) ( - ) ( - ) ( - )   <[31m5[31m♥[0m[0m>  |Score: 20|
[[31m8[31m♦[0m[0m]
[[32mX[0m][4♣,[31m3[31m♦[0m[0m]
[[32mX[0m][[31m2[31m♥[0m[0m]
[[32mX[0m][[32mX[0m][[32mX[0m][[31mJ[31m♦[0m[0m]
[[32mX[0m][[32mX[0m][[32mX[0m][[32mX[0m][[31m10[31m♥[0m[0m]
[[32mX[0m][[32mX[0m][[32mX[0m][[32mX[0m][[32mX[0m][[31mQ[31m♥[0m[0m]
[[32mX[0m][[32mX[0m][[32mX[0m][[32mX[0m][[32mX[0m][[32mX[0m][8♠]
cmd: ( A♠) ( - ) ( - ) ( - )   <[31m4[31m♥[0m[0m>  |Score: 20|
[[31m8[31m♦[0m[0m]
[[32mX[0m][4♣,[31m3[31m♦[0m[0m]
[[32mX[0m][[31m2[31m♥[0m[0m]
[[32mX[0m][[32mX[0m][[32mX[0m][[31mJ[31m♦[0m[0m]
[[32mX[0m][[32mX[0m][[32mX[0m][[32mX[0m][[31m10[31m♥[0m[0m]
[[32mX[0m][[32mX[0m][[32mX[0m][[32mX[0m][[32mX[0m][[31mQ[31m♥[0m[0m]
[[32mX[0m][[32mX[0m][[32mX[0m][[32mX[0m][[32mX[0m][[32mX[0m][8♠]
cmd: ( A♠) ( - ) ( - ) ( - )   <[31m6[31m♦[0m[0m>  |Score: 20|
[[31m8[31m♦[0m[0m]
[[32mX[0m][4♣,[31m3[31m♦[0m[0m]
[[32mX[0m][[31m2[31m♥[0m[0m]
[[32mX[0m][[32mX[0m][[32mX[0m][[31mJ[31m♦[0m[0m]
[[32mX[0m][[32mX[0m][[32mX[0m][[32mX[0m][[31m10[31m♥[0m[0m]
[[32mX[0m][[32mX[0m][[32mX[0m][[32mX[0m][[32mX[0m][[31mQ[31m♥[0m[0m]
[[32mX[0m][[32mX[0m][[32mX[0m][[32mX[0m][[32mX[0m][[32mX[0m][8♠]
cmd: ( A♠) ( - ) ( - ) ( - )   <2♠>  |Score: 20|
[[31m8[31m♦[0m[0m]
[[32mX[0m][4♣,[31m3[31m♦[0m[0m]
[[32mX[0m][[31m2[31m♥[0m[0m]
[[32mX[0m][[32mX[0m][[32mX[0m][[31mJ[31m♦[0m[0m]
[[32mX[0m][[32mX[0m][[32mX[0m][[32mX[0m][[31m10[31m♥[0m[0m]
[[32mX[0m][[32mX[0m][[32mX[0m][[32mX[0m][[32mX[0m][[31mQ[31m♥[0m[0m]
[[32mX[0m][[32mX[0m][[32mX[0m][[32mX[0m][[32mX[0m][[32mX[0m][8♠]
cmd: ( 2♠) ( - ) ( - ) ( - )   <[31m6[31m♦[0m[0m>  |Score: 30|
[[31m8[31m♦[0m[0m]
[[32mX[0m][4♣,[31m3[31m♦[0m[0m]
[[32mX[0m][[31m2[31m♥[0m[0m]
[[32mX[0m][[32mX[0m][[32mX[0m][[31mJ[31m♦[0m[0m]
[[32mX[0m][[32mX[0m][[32mX[0m][[32mX[0m][[31m10[31m♥[0m[0m]
[[32mX[0m][[32mX[0m][[32mX[0m][[32mX[0m][[32mX[0m][[31mQ[31m♥[0m[0m]
[[32mX[0m][[32mX[0m][[32mX[0m][[32mX[0m][[32mX[0m][[32mX[0m][8♠]
cmd: ( 2♠) ( - ) ( - ) ( - )   <[31mK[31m♦[0m[0m>  |Score: 30|
[[31m8[31m♦[0m[0m]
[[32mX[0m][4♣,[31m3[31m♦[0m[0m]
[[32mX[0m][[31m2[31m♥[0m[0m]
[[32mX[0m][[32mX[0m][[32mX[0m][[31mJ[31m♦[0m[0m]
[[32mX[0m][[32mX[0m][[32mX[0m][[32mX[0m][[31m10[31m♥[0m[0m]
[[32mX[0m][[32mX[0m][[32mX[0m][[32mX[0m][[32mX[0m][[31mQ[31m♥[0m[0m]
[[32mX[0m][[32mX[0m][[32mX[0m][[32mX[0m][[32mX[0m][[32mX[0m][8♠]
cmd: ( 2♠) ( - ) ( - ) ( - )   <Q♣>  |Score: 30|
[[31m8[31m♦[0m[0m]
[[32mX[0m][4♣,[31m3[31m♦[0m[0m]
[[32mX[0m][[31m2[31m♥[0m[0m]
[[32mX[0m][[32mX[0m][[32mX[0m][[31mJ[31m♦[0m[0m]
[[32mX[0m][[32mX[0m][[32mX[0m][[32mX[0m][[31m10[31m♥[0m[0m]
[[32mX[0m][[32mX[0m][[32mX[0m][[32mX[0m][[32mX[0m][[31mQ[31m♥[0m[0m]
[[32mX[0m][[32mX[0m][[32mX[0m][[32mX[0m][[32mX[0m][[32mX[0m][8♠]
cmd: ( 2♠) ( - ) ( - ) ( - )   <5♠>  |Score: 30|
[[31m8[31m♦[0m[0m]
[[32mX[0m][4♣,[31m3[31m♦[0m[0m]
[[32mX[0m][[31m2[31m♥[0m[0m]
[[32mX[0m][[32mX[0m][[32mX[0m][[31mJ[31m♦[0m[0m]
[[32mX[0m][[32mX[0m][[32mX[0m][[32mX[0m][[31m10[31m♥[0m[0m]
[[32mX[0m][[32mX[0m][[32mX[0m][[32mX[0m][[32mX[0m][[31mQ[31m♥[0m[0m]
[[32mX[0m][[32mX[0m][[32mX[0m][[32mX[0m][[32mX[0m][[32mX[0m][8♠]
cmd: ( 2♠) ( - ) ( - ) ( - )   <4♠>  |Score: 30|
[[31m8[31m♦[0m[0m]
[[32mX[0m][4♣,[31m3[31m♦[0m[0m]
[[32mX[0m][[31m2[31m♥[0m[0m]
[[32mX[0m][[32mX[0m][[32mX[0m][[31mJ[31m♦[0m[0m]
[[32mX[0m][[32mX[0m][[32mX[0m][[32mX[0m][[31m10[31m♥[0m[0m]
[[32mX[0m][[32mX[0m][[32mX[0m][[32mX[0m][[32mX[0m][[31mQ[31m♥[0m[0m]
[[32mX[0m][[32mX[0m][[32mX[0m][[32mX[0m][[32mX[0m][[32mX[0m][8♠]
cmd: ( 2♠) ( - ) ( - ) ( - )   <9♠>  |Score: 30|
[[31m8[31m♦[0m[0m]
[[32mX[0m][4♣,[31m3[31m♦[0m[0m]
[[32mX[0m][[31m2[31m♥[0m[0m]
[[32mX[0m][[32mX[0m][[32mX[0m][[31mJ[31m♦[0m[0m]
[[32mX[0m][[32mX[0m][[32mX[0m][[32mX[0m][[31m10[31m♥[0m[0m]
[[32mX[0m][[32mX[0m][[32mX[0m][[32mX[0m][[32mX[0m][[31mQ[31m♥[0m[0m]
[[32mX[0m][[32mX[0m][[32mX[0m][[32mX[0m][[32mX[0m][[32mX[0m][8♠]
cmd: ( 2♠) ( - ) ( - ) ( - )   <4♠>  |Score: 35|
[[31m8[31m♦[0m[0m]
[[32mX[0m][4♣,[31m3[31m♦[0m[0m]
[[32mX[0m][[31m2[31m♥[0m[0m]
[[32mX[0m][[32mX[0m][[32mX[0m][[31mJ[31m♦[0m[0m]
[[32mX[0m][[32mX[0m][[32mX[0m][[32mX[0m][[31m10[31m♥[0m[0m,9♠]
[[32mX[0m][[32mX[0m][[32mX[0m][[32mX[0m][[32mX[0m][[31mQ[31m♥[0m[0m]
[[32mX[0m][[32mX[0m][[32mX[0m][[32mX[0m][[32mX[0m][[32mX[0m][8♠]
cmd: ( 2♠) ( - ) ( - ) ( - )   <4♠>  |Score: 35|

[[32mX[0m][4♣,[31m3[31m♦[0m[0m]
[[32mX[0m][[31m2[31m♥[0m[0m]
[[32mX[0m][[32mX[0m][[32mX[0m][[31mJ[31m♦[0m[0m]
[[32mX[0m][[32mX[0m][[32mX[0m][[32mX[0m][[31m10[31m♥[0m[0m,9♠,[31m8[31m♦[0m[0m]
[[32mX[0m][[32mX[0m][[32mX[0m][[32mX[0m][[32mX[0m][[31mQ[31m♥[0m[0m]
[[32mX[0m][[32mX[0m][[32mX[0m][[32mX[0m][[32mX[0m][[32mX[0m][8♠]
cmd: ( 2♠) ( - ) ( - ) ( - )   <[31m2[31m♦[0m[0m>  |Score: 35|

[[32mX[0m][4♣,[31m3[31m♦[0m[0m]
[[32mX[0m][[31m2[31m♥[0m[0m]
[[32mX[0m][[32mX[0m][[32mX[0m][[31mJ[31m♦[0m[0m]
[[32mX[0m][[32mX[0m][[32mX[0m][[32mX[0m][[31m10[31m♥[0m[0m,9♠,[31m8[31m♦[0m[0m]
[[32mX[0m][[32mX[0m][[32mX[0m][[32mX[0m][[32mX[0m][[31mQ[31m♥[0m[0m]
[[32mX[0m][[32mX[0m][[32mX[0m][[32mX[0m][[32mX[0m][[32mX[0m][8♠]
cmd: ( 2♠) ( - ) ( - ) ( - )   <9♣>  |Score: 35|

[[32mX[0m][4♣,[31m3[31m♦[0m[0m]
[[32mX[0m][[31m2[31m♥[0m[0m]
[[32mX[0m][[32mX[0m][[32mX[0m][[31mJ[31m♦[0m[0m]
[[32mX[0m][[32mX[0m][[32mX[0m][[32mX[0m][[31m10[31m♥[0m[0m,9♠,[31m8[31m♦[0m[0m]
[[32mX[0m][[32mX[0m][[32mX[0m][[32mX[0m][[32mX[0m][[31mQ[31m♥[0m[0m]
[[32mX[0m][[32mX[0m][[32mX[0m][[32mX[0m][[32mX[0m][[32mX[0m][8♠]
cmd: ( 2♠) ( - ) ( - ) ( - )   <[31mA[31m♦[0m[0m>  |Score: 35|

[[32mX[0m][4♣,[31m3[31m♦[0m[0m]
[[32mX[0m][[31m2[31m♥[0m[0m]
[[32mX[0m][[32mX[0m][[32mX[0m][[31mJ[31m♦[0m[0m]
[[32mX[0m][[32mX[0m][[32mX[0m][[32mX[0m][[31m10[31m♥[0m[0m,9♠,[31m8[31m♦[0m[0m]
[[32mX[0m][[32mX[0m][[32mX[0m][[32mX[0m][[32mX[0m][[31mQ[31m♥[0m[0m]
[[32mX[0m][[32mX[0m][[32mX[0m][[32mX[0m][[32mX[0m][[32mX[0m][8♠]
cmd: ( 2♠) ( - ) ( - ) ( - )   <[31mA[31m♦[0m[0m>  |Score: 35|

[[32mX[0m][4♣,[31m3[31m♦[0m[0m]
[[32mX[0m][[31m2[31m♥[0m[0m]
[[32mX[0m][[32mX[0m][[32mX[0m][[31mJ[31m♦[0m[0m]
[[32mX[0m][[32mX[0m][[32mX[0m][[32mX[0m][[31m10[31m♥[0m[0m,9♠,[31m8[31m♦[0m[0m]
[[32mX[0m][[32mX[0m][[32mX[0m][[32mX[0m][[32mX[0m][[31mQ[31m♥[0m[0m]
[[32mX[0m][[32mX[0m][[32mX[0m][[32mX[0m][[32mX[0m][[32mX[0m][8♠]
cmd: ( 2♠) ( - ) ( - ) ( [31mA[31m♦[0m[0m)   <9♣>  |Score: 45|

[[32mX[0m][4♣,[31m3[31m♦[0m[0m]
[[32mX[0m][[31m2[31m♥[0m[0m]
[[32mX[0m][[32mX[0m][[32mX[0m][[31mJ[31m♦[0m[0m]
[[32mX[0m][[32mX[0m][[32mX[0m][[32mX[0m][[31m10[31m♥[0m[0m,9♠,[31m8[31m♦[0m[0m]
[[32mX[0m][[32mX[0m][[32mX[0m][[32mX[0m][[32mX[0m][[31mQ[31m♥[0m[0m]
[[32mX[0m][[32mX[0m][[32mX[0m][[32mX[0m][[32mX[0m][[32mX[0m][8♠]
cmd: ( 2♠) ( - ) ( - ) ( [31mA[31m♦[0m[0m)   <[31m4[31m♦[0m[0m>  |Score: 45|

[[32mX[0m][4♣,[31m3[31m♦[0m[0m]
[[32mX[0m][[31m2[31m♥[0m[0m]
[[32mX[0m][[32mX[0m][[32mX[0m][[31mJ[31m♦[0m[0m]
[[32mX[0m][[32mX[0m][[32mX[0m][[32mX[0m][[31m10[31m♥[0m[0m,9♠,[31m8[31m♦[0m[0m]
[[32mX[0m][[32mX[0m][[32mX[0m][[32mX[0m][[32mX[0m][[31mQ[31m♥[0m[0m]
[[32mX[0m][[32mX[0m][[32mX[0m][[32mX[0m][[32mX[0m][[32mX[0m][8♠]
cmd: ( 2♠) ( - ) ( - ) ( [31mA[31m♦[0m[0m)   <K♣>  |Score: 45|

[[32mX[0m][4♣,[31m3[31m♦[0m[0m]
[[32mX[0m][[31m2[31m♥[0m[0m]
[[32mX[0m][[32mX[0m][[32mX[0m][[31mJ[31m♦[0m[0m]
[[32mX[0m][[32mX[0m][[32mX[0m][[32mX[0m][[31m10[31m♥[0m[0m,9♠,[31m8[31m♦[0m[0m]
[[32mX[0m][[32mX[0m][[32mX[0m][[32mX[0m][[32mX[0m][[31mQ[31m♥[0m[0m]
[[32mX[0m][[32mX[0m][[32mX[0m][[32mX[0m][[32mX[0m][[32mX[0m][8♠]
cmd: ( 2♠) ( - ) ( - ) ( [31mA[31m♦[0m[0m)   <3♣>  |Score: 45|

[[32mX[0m][4♣,[31m3[31m♦[0m[0m]
[[32mX[0m][[31m2[31m♥[0m[0m]
[[32mX[0m][[32mX[0m][[32mX[0m][[31mJ[31m♦[0m[0m]
[[32mX[0m][[32mX[0m][[32mX[0m][[32mX[0m][[31m10[31m♥[0m[0m,9♠,[31m8[31m♦[0m[0m]
[[32mX[0m][[32mX[0m][[32mX[0m][[32mX[0m][[32mX[0m][[31mQ[31m♥[0m[0m]
[[32mX[0m][[32mX[0m][[32mX[0m][[32mX[0m][[32mX[0m][[32mX[0m][8♠]
cmd: ( 2♠) ( - ) ( - ) ( [31mA[31m♦[0m[0m)   <10♠>  |Score: 45|

[[32mX[0m][4♣,[31m3[31m♦[0m[0m]
[[32mX[0m][[31m2[31m♥[0m[0m]
[[32mX[0m][[32mX[0m][[32mX[0m][[31mJ[31m♦[0m[0m]
[[32mX[0m][[32mX[0m][[32mX[0m][[32mX[0m][[31m10[31m♥[0m[0m,9♠,[31m8[31m♦[0m[0m]
[[32mX[0m][[32mX[0m][[32mX[0m][[32mX[0m][[32mX[0m][[31mQ[31m♥[0m[0m]
[[32mX[0m][[32mX[0m][[32mX[0m][[32mX[0m][[32mX[0m][[32mX[0m][8♠]
cmd: ( 2♠) ( - ) ( - ) ( [31mA[31m♦[0m[0m)   <3♣>  |Score: 50|

[[32mX[0m][4♣,[31m3[31m♦[0m[0m]
[[32mX[0m][[31m2[31m♥[0m[0m]
[[32mX[0m][[32mX[0m][[32mX[0m][[31mJ[31m♦[0m[0m,10♠]
[[32mX[0m][[32mX[0m][[32mX[0m][[32mX[0m][[31m10[31m♥[0m[0m,9♠,[31m8[31m♦[0m[0m]
[[32mX[0m][[32mX[0m][[32mX[0m][[32mX[0m][[32mX[0m][[31mQ[31m♥[0m[0m]
[[32mX[0m][[32mX[0m][[32mX[0m][[32mX[0m][[32mX[0m][[32mX[0m][8♠]
cmd: ( 2♠) ( - ) ( - ) ( [31mA[31m♦[0m[0m)   <[31m9[31m♦[0m[0m>  |Score: 50|

[[32mX[0m][4♣,[31m3[31m♦[0m[0m]
[[32mX[0m][[31m2[31m♥[0m[0m]
[[32mX[0m][[32mX[0m][[32mX[0m][[31mJ[31m♦[0m[0m,10♠]
[[32mX[0m][[32mX[0m][[32mX[0m][[32mX[0m][[31m10[31m♥[0m[0m,9♠,[31m8[31m♦[0m[0m]
[[32mX[0m][[32mX[0m][[32mX[0m][[32mX[0m][[32mX[0m][[31mQ[31m♥[0m[0m]
[[32mX[0m][[32mX[0m][[32mX[0m][[32mX[0m][[32mX[0m][[32mX[0m][8♠]
cmd: ( 2♠) ( - ) ( - ) ( [31mA[31m♦[0m[0m)   <3♣>  |Score: 55|

[[32mX[0m][4♣,[31m3[31m♦[0m[0m]
[[32mX[0m][[31m2[31m♥[0m[0m]
[[32mX[0m][[32mX[0m][[32mX[0m][[31mJ[31m♦[0m[0m,10♠,[31m9[31m♦[0m[0m]
[[32mX[0m][[32mX[0m][[32mX[0m][[32mX[0m][[31m10[31m♥[0m[0m,9♠,[31m8[31m♦[0m[0m]
[[32mX[0m][[32mX[0m][[32mX[0m][[32mX[0m][[32mX[0m][[31mQ[31m♥[0m[0m]
[[32mX[0m][[32mX[0m][[32mX[0m][[32mX[0m][[32mX[0m][[32mX[0m][8♠]
cmd: ( 2♠) ( - ) ( - ) ( [31mA[31m♦[0m[0m)   <3♣>  |Score: 60|

[[32mX[0m][4♣,[31m3[31m♦[0m[0m]
[[32mX[0m][[31m2[31m♥[0m[0m]
[[32mX[0m][[32mX[0m][[32mX[0m][[31mJ[31m♦[0m[0m,10♠,[31m9[31m♦[0m[0m,8♠]
[[32mX[0m][[32mX[0m][[32mX[0m][[32mX[0m][[31m10[31m♥[0m[0m,9♠,[31m8[31m♦[0m[0m]
[[32mX[0m][[32mX[0m][[32mX[0m][[32mX[0m][[32mX[0m][[31mQ[31m♥[0m[0m]
[[32mX[0m][[32mX[0m][[32mX[0m][[32mX[0m][[32mX[0m][[31m7[31m♦[0m[0m]
cmd: ( 2♠) ( - ) ( - ) ( [31mA[31m♦[0m[0m)   <3♣>  |Score: 65|

[[32mX[0m][4♣,[31m3[31m♦[0m[0m]
[[32mX[0m][[31m2[31m♥[0m[0m]
[[32mX[0m][[32mX[0m][[32mX[0m][[31mJ[31m♦[0m[0m,10♠,[31m9[31m♦[0m[0m,8♠,[31m7[31m♦[0m[0m]
[[32mX[0m][[32mX[0m][[32mX[0m][[32mX[0m][[31m10[31m♥[0m[0m,9♠,[31m8[31m♦[0m[0m]
[[32mX[0m][[32mX[0m][[32mX[0m][[32mX[0m][[32mX[0m][[31mQ[31m♥[0m[0m]
[[32mX[0m][[32mX[0m][[32mX[0m][[32mX[0m][[31m8[31m♥[0m[0m]
cmd: ( 2♠) ( - ) ( - ) ( [31mA[31m♦[0m[0m)   <[31m9[31m♥[0m[0m>  |Score: 65|

[[32mX[0m][4♣,[31m3[31m♦[0m[0m]
[[32mX[0m][[31m2[31m♥[0m[0m]
[[32mX[0m][[32mX[0m][[32mX[0m][[31mJ[31m♦[0m[0m,10♠,[31m9[31m♦[0m[0m,8♠,[31m7[31m♦[0m[0m]
[[32mX[0m][[32mX[0m][[32mX[0m][[32mX[0m][[31m10[31m♥[0m[0m,9♠,[31m8[31m♦[0m[0m]
[[32mX[0m][[32mX[0m][[32mX[0m][[32mX[0m][[32mX[0m][[31mQ[31m♥[0m[0m]
[[32mX[0m][[32mX[0m][[32mX[0m][[32mX[0m][[31m8[31m♥[0m[0m]
cmd: ( 2♠) ( - ) ( - ) ( [31mA[31m♦[0m[0m)   <[31mQ[31m♦[0m[0m>  |Score: 65|

[[32mX[0m][4♣,[31m3[31m♦[0m[0m]
[[32mX[0m][[31m2[31m♥[0m[0m]
[[32mX[0m][[32mX[0m][[32mX[0m][[31mJ[31m♦[0m[0m,10♠,[31m9[31m♦[0m[0m,8♠,[31m7[31m♦[0m[0m]
[[32mX[0m][[32mX[0m][[32mX[0m][[32mX[0m][[31m10[31m♥[0m[0m,9♠,[31m8[31m♦[0m[0m]
[[32mX[0m][[32mX[0m][[32mX[0m][[32mX[0m][[32mX[0m][[31mQ[31m♥[0m[0m]
[[32mX[0m][[32mX[0m][[32mX[0m][[32mX[0m][[31m8[31m♥[0m[0m]
cmd: ( 2♠) ( - ) ( - ) ( [31mA[31m♦[0m[0m)   <[31m3[31m♥[0m[0m>  |Score: 65|

[[32mX[0m][4♣,[31m3[31m♦[0m[0m]
[[32mX[0m][[31m2[31m♥[0m[0m]
[[32mX[0m][[32mX[0m][[32mX[0m][[31mJ[31m♦[0m[0m,10♠,[31m9[31m♦[0m[0m,8♠,[31m7[31m♦[0m[0m]
[[32mX[0m][[32mX[0m][[32mX[0m][[32mX[0m][[31m10[31m♥[0m[0m,9♠,[31m8[31m♦[0m[0m]
[[32mX[0m][[32mX[0m][[32mX[0m][[32mX[0m][[32mX[0m][[31mQ[31m♥[0m[0m]
[[32mX[0m][[32mX[0m][[32mX[0m][[32mX[0m][[31m8[31m♥[0m[0m]
cmd: ( 2♠) ( - ) ( - ) ( [31mA[31m♦[0m[0m)   <[31m7[31m♥[0m[0m>  |Score: 65|

[[32mX[0m][4♣,[31m3[31m♦[0m[0m]
[[32mX[0m][[31m2[31m♥[0m[0m]
[[32mX[0m][[32mX[0m][[32mX[0m][[31mJ[31m♦[0m[0m,10♠,[31m9[31m♦[0m[0m,8♠,[31m7[31m♦[0m[0m]
[[32mX[0m][[32mX[0m][[32mX[0m][[32mX[0m][[31m10[31m♥[0m[0m,9♠,[31m8[31m♦[0m[0m]
[[32mX[0m][[32mX[0m][[32mX[0m][[32mX[0m][[32mX[0m][[31mQ[31m♥[0m[0m]
[[32mX[0m][[32mX[0m][[32mX[0m][[32mX[0m][[31m8[31m♥[0m[0m]
cmd: ( 2♠) ( - ) ( - ) ( [31mA[31m♦[0m[0m)   <[31mA[31m♥[0m[0m>  |Score: 65|

[[32mX[0m][4♣,[31m3[31m♦[0m[0m]
[[32mX[0m][[31m2[31m♥[0m[0m]
[[32mX[0m][[32mX[0m][[32mX[0m][[31mJ[31m♦[0m[0m,10♠,[31m9[31m♦[0m[0m,8♠,[31m7[31m♦[0m[0m]
[[32mX[0m][[32mX[0m][[32mX[0m][[32mX[0m][[31m10[31m♥[0m[0m,9♠,[31m8[31m♦[0m[0m]
[[32mX[0m][[32mX[0m][[32mX[0m][[32mX[0m][[32mX[0m][[31mQ[31m♥[0m[0m]
[[32mX[0m][[32mX[0m][[32mX[0m][[32mX[0m][[31m8[31m♥[0m[0m]
cmd: ( 2♠) ( [31mA[31m♥[0m[0m) ( - ) ( [31mA[31m♦[0m[0m)   <[31m7[31m♥[0m[0m>  |Score: 75|

[[32mX[0m][4♣,[31m3[31m♦[0m[0m]
[[32mX[0m][[31m2[31m♥[0m[0m]
[[32mX[0m][[32mX[0m][[32mX[0m][[31mJ[31m♦[0m[0m,10♠,[31m9[31m♦[0m[0m,8♠,[31m7[31m♦[0m[0m]
[[32mX[0m][[32mX[0m][[32mX[0m][[32mX[0m][[31m10[31m♥[0m[0m,9♠,[31m8[31m♦[0m[0m]
[[32mX[0m][[32mX[0m][[32mX[0m][[32mX[0m][[32mX[0m][[31mQ[31m♥[0m[0m]
[[32mX[0m][[32mX[0m][[32mX[0m][[32mX[0m][[31m8[31m♥[0m[0m]
cmd: ( 2♠) ( [31m2[31m♥[0m[0m) ( - ) ( [31mA[31m♦[0m[0m)   <[31m7[31m♥[0m[0m>  |Score: 90|

[[32mX[0m][4♣,[31m3[31m♦[0m[0m]
[[31m5[31m♦[0m[0m]
[[32mX[0m][[32mX[0m][[32mX[0m][[31mJ[31m♦[0m[0m,10♠,[31m9[31m♦[0m[0m,8♠,[31m7[31m♦[0m[0m]
[[32mX[0m][[32mX[0m][[32mX[0m][[32mX[0m][[31m10[31m♥[0m[0m,9♠,[31m8[31m♦[0m[0m]
[[32mX[0m][[32mX[0m][[32mX[0m][[32mX[0m][[32mX[0m][[31mQ[31m♥[0m[0m]
[[32mX[0m][[32mX[0m][[32mX[0m][[32mX[0m][[31m8[31m♥[0m[0m]
cmd: ( 2♠) ( [31m2[31m♥[0m[0m) ( - ) ( [31mA[31m♦[0m[0m)   <[31m7[31m♥[0m[0m>  |Score: 95|

[7♣]
[[31m5[31m♦[0m[0m,4♣,[31m3[31m♦[0m[0m]
[[32mX[0m][[32mX[0m][[32mX[0m][[31mJ[31m♦[0m[0m,10♠,[31m9[31m♦[0m[0m,8♠,[31m7[31m♦[0m[0m]
[[32mX[0m][[32mX[0m][[32mX[0m][[32mX[0m][[31m10[31m♥[0m[0m,9♠,[31m8[31m♦[0m[0m]
[[32mX[0m][[32mX[0m][[32mX[0m][[32mX[0m][[32mX[0m][[31mQ[31m♥[0m[0m]
[[32mX[0m][[32mX[0m][[32mX[0m][[32mX[0m][[31m8[31m♥[0m[0m]
cmd: ( 2♠) ( [31m2[31m♥[0m[0m) ( - ) ( [31mA[31m♦[0m[0m)   <[31m7[31m♥[0m[0m>  |Score: 95|


[[31m5[31m♦[0m[0m,4♣,[31m3[31m♦[0m[0m]
[[32mX[0m][[32mX[0m][[32mX[0m][[31mJ[31m♦[0m[0m,10♠,[31m9[31m♦[0m[0m,8♠,[31m7[31m♦[0m[0m]
[[32mX[0m][[32mX[0m][[32mX[0m][[32mX[0m][[31m10[31m♥[0m[0m,9♠,[31m8[31m♦[0m[0m,7♣]
[[32mX[0m][[32mX[0m][[32mX[0m][[32mX[0m][[32mX[0m][[31mQ[31m♥[0m[0m]
[[32mX[0m][[32mX[0m][[32mX[0m][[32mX[0m][[31m8[31m♥[0m[0m]
cmd: ( 2♠) ( [31m2[31m♥[0m[0m) ( - ) ( [31mA[31m♦[0m[0m)   <[31m6[31m♥[0m[0m>  |Score: 95|


[[31m5[31m♦[0m[0m,4♣,[31m3[31m♦[0m[0m]
[[32mX[0m][[32mX[0m][[32mX[0m][[31mJ[31m♦[0m[0m,10♠,[31m9[31m♦[0m[0m,8♠,[31m7[31m♦[0m[0m]
[[32mX[0m][[32mX[0m][[32mX[0m][[32mX[0m][[31m10[31m♥[0m[0m,9♠,[31m8[31m♦[0m[0m,7♣]
[[32mX[0m][[32mX[0m][[32mX[0m][[32mX[0m][[32mX[0m][[31mQ[31m♥[0m[0m]
[[32mX[0m][[32mX[0m][[32mX[0m][[32mX[0m][[31m8[31m♥[0m[0m]
cmd: ( 2♠) ( [31m2[31m♥[0m[0m) ( - ) ( [31mA[31m♦[0m[0m)   <[31m5[31m♥[0m[0m>  |Score: 0|


[[31m5[31m♦[0m[0m,4♣,[31m3[31m♦[0m[0m]
[[32mX[0m][[32mX[0m][[32mX[0m][[31mJ[31m♦[0m[0m,10♠,[31m9[31m♦[0m[0m,8♠,[31m7[31m♦[0m[0m]
[[32mX[0m][[32mX[0m][[32mX[0m][[32mX[0m][[31m10[31m♥[0m[0m,9♠,[31m8[31m♦[0m[0m,7♣]
[[32mX[0m][[32mX[0m][[32mX[0m][[32mX[0m][[32mX[0m][[31mQ[31m♥[0m[0m]
[[32mX[0m][[32mX[0m][[32mX[0m][[32mX[0m][[31m8[31m♥[0m[0m]
cmd: ( 2♠) ( [31m2[31m♥[0m[0m) ( - ) ( [31mA[31m♦[0m[0m)   <[31m4[31m♥[0m[0m>  |Score: 0|


[[31m5[31m♦[0m[0m,4♣,[31m3[31m♦[0m[0m]
[[32mX[0m][[32mX[0m][[32mX[0m][[31mJ[31m♦[0m[0m,10♠,[31m9[31m♦[0m[0m,8♠,[31m7[31m♦[0m[0m]
[[32mX[0m][[32mX[0m][[32mX[0m][[32mX[0m][[31m10[31m♥[0m[0m,9♠,[31m8[31m♦[0m[0m,7♣]
[[32mX[0m][[32mX[0m][[32mX[0m][[32mX[0m][[32mX[0m][[31mQ[31m♥[0m[0m]
[[32mX[0m][[32mX[0m][[32mX[0m][[32mX[0m][[31m8[31m♥[0m[0m]
cmd: ( 2♠) ( [31m2[31m♥[0m[0m) ( - ) ( [31mA[31m♦[0m[0m)   <[31m6[31m♦[0m[0m>  |Score: 0|


[[31m5[31m♦[0m[0m,4♣,[31m3[31m♦[0m[0m]
[[32mX[0m][[32mX[0m][[32mX[0m][[31mJ[31m♦[0m[0m,10♠,[31m9[31m♦[0m[0m,8♠,[31m7[31m♦[0m[0m]
[[32mX[0m][[32mX[0m][[32mX[0m][[32mX[0m][[31m10[31m♥[0m[0m,9♠,[31m8[31m♦[0m[0m,7♣]
[[32mX[0m][[32mX[0m][[32mX[0m][[32mX[0m][[32mX[0m][[31mQ[31m♥[0m[0m]
[[32mX[0m][[32mX[0m][[32mX[0m][[32mX[0m][[31m8[31m♥[0m[0m]
cmd: ( 2♠) ( [31m2[31m♥[0m[0m) ( - ) ( [31mA[31m♦[0m[0m)   <[31mK[31m♦[0m[0m>  |Score: 0|


[[31m5[31m♦[0m[0m,4♣,[31m3[31m♦[0m[0m]
[[32mX[0m][[32mX[0m][[32mX[0m][[31mJ[31m♦[0m[0m,10♠,[31m9[31m♦[0m[0m,8♠,[31m7[31m♦[0m[0m]
[[32mX[0m][[32mX[0m][[32mX[0m][[32mX[0m][[31m10[31m♥[0m[0m,9♠,[31m8[31m♦[0m[0m,7♣]
[[32mX[0m][[32mX[0m][[32mX[0m][[32mX[0m][[32mX[0m][[31mQ[31m♥[0m[0m]
[[32mX[0m][[32mX[0m][[32mX[0m][[32mX[0m][[31m8[31m♥[0m[0m]
cmd: ( 2♠) ( [31m2[31m♥[0m[0m) ( - ) ( [31mA[31m♦[0m[0m)   <Q♣>  |Score: 0|


[[31m5[31m♦[0m[0m,4♣,[31m3[31m♦[0m[0m]
[[32mX[0m][[32mX[0m][[32mX[0m][[31mJ[31m♦[0m[0m,10♠,[31m9[31m♦[0m[0m,8♠,[31m7[31m♦[0m[0m]
[[32mX[0m][[32mX[0m][[32mX[0m][[32mX[0m][[31m10[31m♥[0m[0m,9♠,[31m8[31m♦[0m[0m,7♣]
[[32mX[0m][[32mX[0m][[32mX[0m][[32mX[0m][[32mX[0m][[31mQ[31m♥[0m[0m]
[[32mX[0m][[32mX[0m][[32mX[0m][[32mX[0m][[31m8[31m♥[0m[0m]
cmd: ( 2♠) ( [31m2[31m♥[0m[0m) ( - ) ( [31mA[31m♦[0m[0m)   <5♠>  |Score: 0|


[[31m5[31m♦[0m[0m,4♣,[31m3[31m♦[0m[0m]
[[32mX[0m][[32mX[0m][[32mX[0m][[31mJ[31m♦[0m[0m,10♠,[31m9[31m♦[0m[0m,8♠,[31m7[31m♦[0m[0m]
[[32mX[0m][[32mX[0m][[32mX[0m][[32mX[0m][[31m10[31m♥[0m[0m,9♠,[31m8[31m♦[0m[0m,7♣]
[[32mX[0m][[32mX[0m][[32mX[0m][[32mX[0m][[32mX[0m][[31mQ[31m♥[0m[0m]
[[32mX[0m][[32mX[0m][[32mX[0m][[32mX[0m][[31m8[31m♥[0m[0m]
cmd: ( 2♠) ( [31m2[31m♥[0m[0m) ( - ) ( [31mA[31m♦[0m[0m)   <4♠>  |Score: 0|


[[31m5[31m♦[0m[0m,4♣,[31m3[31m♦[0m[0m]
[[32mX[0m][[32mX[0m][[32mX[0m][[31mJ[31m♦[0m[0m,10♠,[31m9[31m♦[0m[0m,8♠,[31m7[31m♦[0m[0m]
[[32mX[0m][[32mX[0m][[32mX[0m][[32mX[0m][[31m10[31m♥[0m[0m,9♠,[31m8[31m♦[0m[0m,7♣]
[[32mX[0m][[32mX[0m][[32mX[0m][[32mX[0m][[32mX[0m][[31mQ[31m♥[0m[0m]
[[32mX[0m][[32mX[0m][[32mX[0m][[32mX[0m][[31m8[31m♥[0m[0m]
cmd: ( 2♠) ( [31m2[31m♥[0m[0m) ( - ) ( [31mA[31m♦[0m[0m)   <[31m2[31m♦[0m[0m>  |Score: 0|


[[31m5[31m♦[0m[0m,4♣,[31m3[31m♦[0m[0m]
[[32mX[0m][[32mX[0m][[32mX[0m][[31mJ[31m♦[0m[0m,10♠,[31m9[31m♦[0m[0m,8♠,[31m7[31m♦[0m[0m]
[[32mX[0m][[32mX[0m][[32mX[0m][[32mX[0m][[31m10[31m♥[0m[0m,9♠,[31m8[31m♦[0m[0m,7♣]
[[32mX[0m][[32mX[0m][[32mX[0m][[32mX[0m][[32mX[0m][[31mQ[31m♥[0m[0m]
[[32mX[0m][[32mX[0m][[32mX[0m][[32mX[0m][[31m8[31m♥[0m[0m]
cmd: ( 2♠) ( [31m2[31m♥[0m[0m) ( - ) ( [31m2[31m♦[0m[0m)   <4♠>  |Score: 10|


[[31m5[31m♦[0m[0m,4♣,[31m3[31m♦[0m[0m]
[[32mX[0m][[32mX[0m][[32mX[0m][[31mJ[31m♦[0m[0m,10♠,[31m9[31m♦[0m[0m,8♠,[31m7[31m♦[0m[0m]
[[32mX[0m][[32mX[0m][[32mX[0m][[32mX[0m][[31m10[31m♥[0m[0m,9♠,[31m8[31m♦[0m[0m,7♣]
[[32mX[0m][[32mX[0m][[32mX[0m][[32mX[0m][[32mX[0m][[31mQ[31m♥[0m[0m]
[[32mX[0m][[32mX[0m][[32mX[0m][[32mX[0m][[31m8[31m♥[0m[0m]
cmd: ( 2♠) ( [31m2[31m♥[0m[0m) ( - ) ( [31m2[31m♦[0m[0m)   <9♣>  |Score: 10|


[[31m5[31m♦[0m[0m,4♣,[31m3[31m♦[0m[0m]
[[32mX[0m][[32mX[0m][[32mX[0m][[31mJ[31m♦[0m[0m,10♠,[31m9[31m♦[0m[0m,8♠,[31m7[31m♦[0m[0m]
[[32mX[0m][[32mX[0m][[32mX[0m][[32mX[0m][[31m10[31m♥[0m[0m,9♠,[31m8[31m♦[0m[0m,7♣]
[[32mX[0m][[32mX[0m][[32mX[0m][[32mX[0m][[32mX[0m][[31mQ[31m♥[0m[0m]
[[32mX[0m][[32mX[0m][[32mX[0m][[32mX[0m][[31m8[31m♥[0m[0m]
cmd: ( 2♠) ( [31m2[31m♥[0m[0m) ( - ) ( [31m2[31m♦[0m[0m)   <[31m4[31m♦[0m[0m>  |Score: 10|


[[31m5[31m♦[0m[0m,4♣,[31m3[31m♦[0m[0m]
[[32mX[0m][[32mX[0m][[32mX[0m][[31mJ[31m♦[0m[0m,10♠,[31m9[31m♦[0m[0m,8♠,[31m7[31m♦[0m[0m]
[[32mX[0m][[32mX[0m][[32mX[0m][[32mX[0m][[31m10[31m♥[0m[0m,9♠,[31m8[31m♦[0m[0m,7♣]
[[32mX[0m][[32mX[0m][[32mX[0m][[32mX[0m][[32mX[0m][[31mQ[31m♥[0m[0m]
[[32mX[0m][[32mX[0m][[32mX[0m][[32mX[0m][[31m8[31m♥[0m[0m]
cmd: ( 2♠) ( [31m2[31m♥[0m[0m) ( - ) ( [31m2[31m♦[0m[0m)   <K♣>  |Score: 10|


[[31m5[31m♦[0m[0m,4♣,[31m3[31m♦[0m[0m]
[[32mX[0m][[32mX[0m][[32mX[0m][[31mJ[31m♦[0m[0m,10♠,[31m9[31m♦[0m[0m,8♠,[31m7[31m♦[0m[0m]
[[32mX[0m][[32mX[0m][[32mX[0m][[32mX[0m][[31m10[31m♥[0m[0m,9♠,[31m8[31m♦[0m[0m,7♣]
[[32mX[0m][[32mX[0m][[32mX[0m][[32mX[0m][[32mX[0m][[31mQ[31m♥[0m[0m]
[[32mX[0m][[32mX[0m][[32mX[0m][[32mX[0m][[31m8[31m♥[0m[0m]
cmd: ( 2♠) ( [31m2[31m♥[0m[0m) ( - ) ( [31m2[31m♦[0m[0m)   <[31m4[31m♦[0m[0m>  |Score: 15|
[K♣]

[[31m5[31m♦[0m[0m,4♣,[31m3[31m♦[0m[0m]
[[32mX[0m][[32mX[0m][[32mX[0m][[31mJ[31m♦[0m[0m,10♠,[31m9[31m♦[0m[0m,8♠,[31m7[31m♦[0m[0m]
[[32mX[0m][[32mX[0m][[32mX[0m][[32mX[0m][[31m10[31m♥[0m[0m,9♠,[31m8[31m♦[0m[0m,7♣]
[[32mX[0m][[32mX[0m][[32mX[0m][[32mX[0m][[32mX[0m][[31mQ[31m♥[0m[0m]
[[32mX[0m][[32mX[0m][[32mX[0m][[32mX[0m][[31m8[31m♥[0m[0m]
cmd: ( 2♠) ( [31m2[31m♥[0m[0m) ( - ) ( [31m2[31m♦[0m[0m)   <[31m4[31m♦[0m[0m>  |Score: 20|
[K♣,[31mQ[31m♥[0m[0m]

[[31m5[31m♦[0m[0m,4♣,[31m3[31m♦[0m[0m]
[[32mX[0m][[32mX[0m][[32mX[0m][[31mJ[31m♦[0m[0m,10♠,[31m9[31m♦[0m[0m,8♠,[31m7[31m♦[0m[0m]
[[32mX[0m][[32mX[0m][[32mX[0m][[32mX[0m][[31m10[31m♥[0m[0m,9♠,[31m8[31m♦[0m[0m,7♣]
[[32mX[0m][[32mX[0m][[32mX[0m][[32mX[0m][5♣]
[[32mX[0m][[32mX[0m][[32mX[0m][[32mX[0m][[31m8[31m♥[0m[0m]
cmd: ( 2♠) ( [31m2[31m♥[0m[0m) ( - ) ( [31m2[31m♦[0m[0m)   <9♣>  |Score: 25|
[K♣,[31mQ[31m♥[0m[0m]

[[31m5[31m♦[0m[0m,4♣,[31m3[31m♦[0m[0m]
[[32mX[0m][[32mX[0m][[32mX[0m][[31mJ[31m♦[0m[0m,10♠,[31m9[31m♦[0m[0m,8♠,[31m7[31m♦[0m[0m]
[[32mX[0m][[32mX[0m][[32mX[0m][[32mX[0m][[31m10[31m♥[0m[0m,9♠,[31m8[31m♦[0m[0m,7♣]
[[32mX[0m][[32mX[0m][[32mX[0m][[32mX[0m][5♣,[31m4[31m♦[0m[0m]
[[32mX[0m][[32mX[0m][[32mX[0m][[32mX[0m][[31m8[31m♥[0m[0m]
cmd: ( 2♠) ( [31m2[31m♥[0m[0m) ( - ) ( [31m2[31m♦[0m[0m)   <3♣>  |Score: 25|
[K♣,[31mQ[31m♥[0m[0m]

[[31m5[31m♦[0m[0m,4♣,[31m3[31m♦[0m[0m]
[[32mX[0m][[32mX[0m][[32mX[0m][[31mJ[31m♦[0m[0m,10♠,[31m9[31m♦[0m[0m,8♠,[31m7[31m♦[0m[0m]
[[32mX[0m][[32mX[0m][[32mX[0m][[32mX[0m][[31m10[31m♥[0m[0m,9♠,[31m8[31m♦[0m[0m,7♣]
[[32mX[0m][[32mX[0m][[32mX[0m][[32mX[0m][5♣,[31m4[31m♦[0m[0m]
[[32mX[0m][[32mX[0m][[32mX[0m][[32mX[0m][[31m8[31m♥[0m[0m]
cmd: ( 2♠) ( [31m2[31m♥[0m[0m) ( - ) ( [31m3[31m♦[0m[0m)   <3♣>  |Score: 35|
[K♣,[31mQ[31m♥[0m[0m]

[[31m5[31m♦[0m[0m,4♣]
[[32mX[0m][[32mX[0m][[32mX[0m][[31mJ[31m♦[0m[0m,10♠,[31m9[31m♦[0m[0m,8♠,[31m7[31m♦[0m[0m]
[[32mX[0m][[32mX[0m][[32mX[0m][[32mX[0m][[31m10[31m♥[0m[0m,9♠,[31m8[31m♦[0m[0m,7♣]
[[32mX[0m][[32mX[0m][[32mX[0m][[32mX[0m][5♣,[31m4[31m♦[0m[0m]
[[32mX[0m][[32mX[0m][[32mX[0m][[32mX[0m][[31m8[31m♥[0m[0m]
cmd: ( 2♠) ( [31m2[31m♥[0m[0m) ( - ) ( [31m3[31m♦[0m[0m)   <[31m9[31m♥[0m[0m>  |Score: 35|
[K♣,[31mQ[31m♥[0m[0m]

[[31m5[31m♦[0m[0m,4♣]
[[32mX[0m][[32mX[0m][[32mX[0m][[31mJ[31m♦[0m[0m,10♠,[31m9[31m♦[0m[0m,8♠,[31m7[31m♦[0m[0m]
[[32mX[0m][[32mX[0m][[32mX[0m][[32mX[0m][[31m10[31m♥[0m[0m,9♠,[31m8[31m♦[0m[0m,7♣]
[[32mX[0m][[32mX[0m][[32mX[0m][[32mX[0m][5♣,[31m4[31m♦[0m[0m]
[[32mX[0m][[32mX[0m][[32mX[0m][[32mX[0m][[31m8[31m♥[0m[0m]
cmd: ( 2♠) ( [31m2[31m♥[0m[0m) ( - ) ( [31m3[31m♦[0m[0m)   <[31mQ[31m♦[0m[0m>  |Score: 35|
[K♣,[31mQ[31m♥[0m[0m]

[[31m5[31m♦[0m[0m,4♣]
[[32mX[0m][[32mX[0m][[32mX[0m][[31mJ[31m♦[0m[0m,10♠,[31m9[31m♦[0m[0m,8♠,[31m7[31m♦[0m[0m]
[[32mX[0m][[32mX[0m][[32mX[0m][[32mX[0m][[31m10[31m♥[0m[0m,9♠,[31m8[31m♦[0m[0m,7♣]
[[32mX[0m][[32mX[0m][[32mX[0m][[32mX[0m][5♣,[31m4[31m♦[0m[0m]
[[32mX[0m][[32mX[0m][[32mX[0m][[32mX[0m][[31m8[31m♥[0m[0m]
cmd: ( 2♠) ( [31m2[31m♥[0m[0m) ( - ) ( [31m3[31m♦[0m[0m)   <[31m3[31m♥[0m[0m>  |Score: 35|
[K♣,[31mQ[31m♥[0m[0m]

[[31m5[31m♦[0m[0m,4♣]
[[32mX[0m][[32mX[0m][[32mX[0m][[31mJ[31m♦[0m[0m,10♠,[31m9[31m♦[0m[0m,8♠,[31m7[31m♦[0m[0m]
[[32mX[0m][[32mX[0m][[32mX[0m][[32mX[0m][[31m10[31m♥[0m[0m,9♠,[31m8[31m♦[0m[0m,7♣]
[[32mX[0m][[32mX[0m][[32mX[0m][[32mX[0m][5♣,[31m4[31m♦[0m[0m]
[[32mX[0m][[32mX[0m][[32mX[0m][[32mX[0m][[31m8[31m♥[0m[0m]
cmd: ( 2♠) ( [31m3[31m♥[0m[0m) ( - ) ( [31m3[31m♦[0m[0m)   <[31mQ[31m♦[0m[0m>  |Score: 45|
[K♣,[31mQ[31m♥[0m[0m]

[[31m5[31m♦[0m[0m,4♣]
[[32mX[0m][[32mX[0m][[32mX[0m][[31mJ[31m♦[0m[0m,10♠,[31m9[31m♦[0m[0m,8♠,[31m7[31m♦[0m[0m]
[[32mX[0m][[32mX[0m][[32mX[0m][[32mX[0m][[31m10[31m♥[0m[0m,9♠,[31m8[31m♦[0m[0m,7♣]
[[32mX[0m][[32mX[0m][[32mX[0m][[32mX[0m][5♣,[31m4[31m♦[0m[0m]
[[32mX[0m][[32mX[0m][[32mX[0m][[32mX[0m][[31m8[31m♥[0m[0m]
cmd: ( 2♠) ( [31m3[31m♥[0m[0m) ( - ) ( [31m3[31m♦[0m[0m)   <[31m7[31m♥[0m[0m>  |Score: 45|
[K♣,[31mQ[31m♥[0m[0m]

[[31m5[31m♦[0m[0m,4♣]
[[32mX[0m][[32mX[0m][[32mX[0m][[31mJ[31m♦[0m[0m,10♠,[31m9[31m♦[0m[0m,8♠,[31m7[31m♦[0m[0m]
[[32mX[0m][[32mX[0m][[32mX[0m][[32mX[0m][[31m10[31m♥[0m[0m,9♠,[31m8[31m♦[0m[0m,7♣]
[[32mX[0m][[32mX[0m][[32mX[0m][[32mX[0m][5♣,[31m4[31m♦[0m[0m]
[[32mX[0m][[32mX[0m][[32mX[0m][[32mX[0m][[31m8[31m♥[0m[0m]
cmd: ( 2♠) ( [31m3[31m♥[0m[0m) ( - ) ( [31m3[31m♦[0m[0m)   <[31m6[31m♥[0m[0m>  |Score: 45|
[K♣,[31mQ[31m♥[0m[0m]

[[31m5[31m♦[0m[0m,4♣]
[[32mX[0m][[32mX[0m][[32mX[0m][[31mJ[31m♦[0m[0m,10♠,[31m9[31m♦[0m[0m,8♠,[31m7[31m♦[0m[0m]
[[32mX[0m][[32mX[0m][[32mX[0m][[32mX[0m][[31m10[31m♥[0m[0m,9♠,[31m8[31m♦[0m[0m,7♣]
[[32mX[0m][[32mX[0m][[32mX[0m][[32mX[0m][5♣,[31m4[31m♦[0m[0m]
[[32mX[0m][[32mX[0m][[32mX[0m][[32mX[0m][[31m8[31m♥[0m[0m]
cmd: ( 2♠) ( [31m3[31m♥[0m[0m) ( - ) ( [31m3[31m♦[0m[0m)   <[31m7[31m♥[0m[0m>  |Score: 50|
[K♣,[31mQ[31m♥[0m[0m]

[[31m5[31m♦[0m[0m,4♣]
[[32mX[0m][[32mX[0m][[32mX[0m][[31mJ[31m♦[0m[0m,10♠,[31m9[31m♦[0m[0m,8♠,[31m7[31m♦[0m[0m]
[[32mX[0m][[32mX[0m][[32mX[0m][[32mX[0m][[31m10[31m♥[0m[0m,9♠,[31m8[31m♦[0m[0m,7♣,[31m6[31m♥[0m[0m]
[[32mX[0m][[32mX[0m][[32mX[0m][[32mX[0m][5♣,[31m4[31m♦[0m[0m]
[[32mX[0m][[32mX[0m][[32mX[0m][[32mX[0m][[31m8[31m♥[0m[0m]
cmd: ( 2♠) ( [31m3[31m♥[0m[0m) ( - ) ( [31m3[31m♦[0m[0m)   <[31m7[31m♥[0m[0m>  |Score: 55|
[K♣,[31mQ[31m♥[0m[0m]

[[31m5[31m♦[0m[0m,4♣]
[[32mX[0m][[32mX[0m][[32mX[0m][[31mJ[31m♦[0m[0m,10♠,[31m9[31m♦[0m[0m,8♠,[31m7[31m♦[0m[0m]
[[32mX[0m][[32mX[0m][[32mX[0m][[32mX[0m][[31m10[31m♥[0m[0m,9♠,[31m8[31m♦[0m[0m,7♣,[31m6[31m♥[0m[0m,5♣,[31m4[31m♦[0m[0m]
[[32mX[0m][[32mX[0m][[32mX[0m][[31m10[31m♦[0m[0m]
[[32mX[0m][[32mX[0m][[32mX[0m][[32mX[0m][[31m8[31m♥[0m[0m]
cmd: ( 2♠) ( [31m3[31m♥[0m[0m) ( - ) ( [31m3[31m♦[0m[0m)   <[31m5[31m♥[0m[0m>  |Score: 0|
[K♣,[31mQ[31m♥[0m[0m]

[[31m5[31m♦[0m[0m,4♣]
[[32mX[0m][[32mX[0m][[32mX[0m][[31mJ[31m♦[0m[0m,10♠,[31m9[31m♦[0m[0m,8♠,[31m7[31m♦[0m[0m]
[[32mX[0m][[32mX[0m][[32mX[0m][[32mX[0m][[31m10[31m♥[0m[0m,9♠,[31m8[31m♦[0m[0m,7♣,[31m6[31m♥[0m[0m,5♣,[31m4[31m♦[0m[0m]
[[32mX[0m][[32mX[0m][[32mX[0m][[31m10[31m♦[0m[0m]
[[32mX[0m][[32mX[0m][[32mX[0m][[32mX[0m][[31m8[31m♥[0m[0m]
cmd: ( 2♠) ( [31m3[31m♥[0m[0m) ( - ) ( [31m3[31m♦[0m[0m)   <[31m4[31m♥[0m[0m>  |Score: 0|
[K♣,[31mQ[31m♥[0m[0m]

[[31m5[31m♦[0m[0m,4♣]
[[32mX[0m][[32mX[0m][[32mX[0m][[31mJ[31m♦[0m[0m,10♠,[31m9[31m♦[0m[0m,8♠,[31m7[31m♦[0m[0m]
[[32mX[0m][[32mX[0m][[32mX[0m][[32mX[0m][[31m10[31m♥[0m[0m,9♠,[31m8[31m♦[0m[0m,7♣,[31m6[31m♥[0m[0m,5♣,[31m4[31m♦[0m[0m]
[[32mX[0m][[32mX[0m][[32mX[0m][[31m10[31m♦[0m[0m]
[[32mX[0m][[32mX[0m][[32mX[0m][[32mX[0m][[31m8[31m♥[0m[0m]
cmd: ( 2♠) ( [31m4[31m♥[0m[0m) ( - ) ( [31m3[31m♦[0m[0m)   <[31m5[31m♥[0m[0m>  |Score: 10|
[K♣,[31mQ[31m♥[0m[0m]

[[31m5[31m♦[0m[0m,4♣]
[[32mX[0m][[32mX[0m][[32mX[0m][[31mJ[31m♦[0m[0m,10♠,[31m9[31m♦[0m[0m,8♠,[31m7[31m♦[0m[0m]
[[32mX[0m][[32mX[0m][[32mX[0m][[32mX[0m][[31m10[31m♥[0m[0m,9♠,[31m8[31m♦[0m[0m,7♣,[31m6[31m♥[0m[0m,5♣,[31m4[31m♦[0m[0m]
[[32mX[0m][[32mX[0m][[32mX[0m][[31m10[31m♦[0m[0m]
[[32mX[0m][[32mX[0m][[32mX[0m][[32mX[0m][[31m8[31m♥[0m[0m]
cmd: ( 2♠) ( [31m5[31m♥[0m[0m) ( - ) ( [31m3[31m♦[0m[0m)   <[31m6[31m♦[0m[0m>  |Score: 20|
[K♣,[31mQ[31m♥[0m[0m]

[[31m5[31m♦[0m[0m,4♣]
[[32mX[0m][[32mX[0m][[32mX[0m][[31mJ[31m♦[0m[0m,10♠,[31m9[31m♦[0m[0m,8♠,[31m7[31m♦[0m[0m]
[[32mX[0m][[32mX[0m][[32mX[0m][[32mX[0m][[31m10[31m♥[0m[0m,9♠,[31m8[31m♦[0m[0m,7♣,[31m6[31m♥[0m[0m,5♣,[31m4[31m♦[0m[0m]
[[32mX[0m][[32mX[0m][[32mX[0m][[31m10[31m♦[0m[0m]
[[32mX[0m][[32mX[0m][[32mX[0m][[32mX[0m][[31m8[31m♥[0m[0m]
cmd: ( 2♠) ( [31m5[31m♥[0m[0m) ( - ) ( [31m3[31m♦[0m[0m)   <[31mK[31m♦[0m[0m>  |Score: 20|
[K♣,[31mQ[31m♥[0m[0m]

[[31m5[31m♦[0m[0m,4♣]
[[32mX[0m][[32mX[0m][[32mX[0m][[31mJ[31m♦[0m[0m,10♠,[31m9[31m♦[0m[0m,8♠,[31m7[31m♦[0m[0m]
[[32mX[0m][[32mX[0m][[32mX[0m][[32mX[0m][[31m10[31m♥[0m[0m,9♠,[31m8[31m♦[0m[0m,7♣,[31m6[31m♥[0m[0m,5♣,[31m4[31m♦[0m[0m]
[[32mX[0m][[32mX[0m][[32mX[0m][[31m10[31m♦[0m[0m]
[[32mX[0m][[32mX[0m][[32mX[0m][[32mX[0m][[31m8[31m♥[0m[0m]
cmd: ( 2♠) ( [31m5[31m♥[0m[0m) ( - ) ( [31m3[31m♦[0m[0m)   <[31m6[31m♦[0m[0m>  |Score: 25|
[K♣,[31mQ[31m♥[0m[0m]
[[31mK[31m♦[0m[0m]
[[31m5[31m♦[0m[0m,4♣]
[[32mX[0m][[32mX[0m][[32mX[0m][[31mJ[31m♦[0m[0m,10♠,[31m9[31m♦[0m[0m,8♠,[31m7[31m♦[0m[0m]
[[32mX[0m][[32mX[0m][[32mX[0m][[32mX[0m][[31m10[31m♥[0m[0m,9♠,[31m8[31m♦[0m[0m,7♣,[31m6[31m♥[0m[0m,5♣,[31m4[31m♦[0m[0m]
[[32mX[0m][[32mX[0m][[32mX[0m][[31m10[31m♦[0m[0m]
[[32mX[0m][[32mX[0m][[32mX[0m][[32mX[0m][[31m8[31m♥[0m[0m]
cmd: ( 2♠) ( [31m5[31m♥[0m[0m) ( - ) ( [31m3[31m♦[0m[0m)   <Q♣>  |Score: 25|
[K♣,[31mQ[31m♥[0m[0m]
[[31mK[31m♦[0m[0m]
[[31m5[31m♦[0m[0m,4♣]
[[32mX[0m][[32mX[0m][[32mX[0m][[31mJ[31m♦[0m[0m,10♠,[31m9[31m♦[0m[0m,8♠,[31m7[31m♦[0m[0m]
[[32mX[0m][[32mX[0m][[32mX[0m][[32mX[0m][[31m10[31m♥[0m[0m,9♠,[31m8[31m♦[0m[0m,7♣,[31m6[31m♥[0m[0m,5♣,[31m4[31m♦[0m[0m]
[[32mX[0m][[32mX[0m][[32mX[0m][[31m10[31m♦[0m[0m]
[[32mX[0m][[32mX[0m][[32mX[0m][[32mX[0m][[31m8[31m♥[0m[0m]
cmd: ( 2♠) ( [31m5[31m♥[0m[0m) ( - ) ( [31m3[31m♦[0m[0m)   <[31m6[31m♦[0m[0m>  |Score: 30|
[K♣,[31mQ[31m♥[0m[0m]
[[31mK[31m♦[0m[0m,Q♣]
[[31m5[31m♦[0m[0m,4♣]
[[32mX[0m][[32mX[0m][[32mX[0m][[31mJ[31m♦[0m[0m,10♠,[31m9[31m♦[0m[0m,8♠,[31m7[31m♦[0m[0m]
[[32mX[0m][[32mX[0m][[32mX[0m][[32mX[0m][[31m10[31m♥[0m[0m,9♠,[31m8[31m♦[0m[0m,7♣,[31m6[31m♥[0m[0m,5♣,[31m4[31m♦[0m[0m]
[[32mX[0m][[32mX[0m][[32mX[0m][[31m10[31m♦[0m[0m]
[[32mX[0m][[32mX[0m][[32mX[0m][[32mX[0m][[31m8[31m♥[0m[0m]
cmd: ( 2♠) ( [31m5[31m♥[0m[0m) ( - ) ( [31m3[31m♦[0m[0m)   <[31m6[31m♦[0m[0m>  |Score: 35|
[K♣,[31mQ[31m♥[0m[0m]
[[31mK[31m♦[0m[0m,Q♣,[31mJ[31m♦[0m[0m,10♠,[31m9[31m♦[0m[0m,8♠,[31m7[31m♦[0m[0m]
[[31m5[31m♦[0m[0m,4♣]
[[32mX[0m][[32mX[0m][[31mK[31m♥[0m[0m]
[[32mX[0m][[32mX[0m][[32mX[0m][[32mX[0m][[31m10[31m♥[0m[0m,9♠,[31m8[31m♦[0m[0m,7♣,[31m6[31m♥[0m[0m,5♣,[31m4[31m♦[0m[0m]
[[32mX[0m][[32mX[0m][[32mX[0m][[31m10[31m♦[0m[0m]
[[32mX[0m][[32mX[0m][[32mX[0m][[32mX[0m][[31m8[31m♥[0m[0m]
cmd: ( 2♠) ( [31m5[31m♥[0m[0m) ( - ) ( [31m3[31m♦[0m[0m)   <5♠>  |Score: 35|
[K♣,[31mQ[31m♥[0m[0m]
[[31mK[31m♦[0m[0m,Q♣,[31mJ[31m♦[0m[0m,10♠,[31m9[31m♦[0m[0m,8♠,[31m7[31m♦[0m[0m]
[[31m5[31m♦[0m[0m,4♣]
[[32mX[0m][[32mX[0m][[31mK[31m♥[0m[0m]
[[32mX[0m][[32mX[0m][[32mX[0m][[32mX[0m][[31m10[31m♥[0m[0m,9♠,[31m8[31m♦[0m[0m,7♣,[31m6[31m♥[0m[0m,5♣,[31m4[31m♦[0m[0m]
[[32mX[0m][[32mX[0m][[32mX[0m][[31m10[31m♦[0m[0m]
[[32mX[0m][[32mX[0m][[32mX[0m][[32mX[0m][[31m8[31m♥[0m[0m]
cmd: ( 2♠) ( [31m5[31m♥[0m[0m) ( - ) ( [31m3[31m♦[0m[0m)   <4♠>  |Score: 35|
[K♣,[31mQ[31m♥[0m[0m]
[[31mK[31m♦[0m[0m,Q♣,[31mJ[31m♦[0m[0m,10♠,[31m9[31m♦[0m[0m,8♠,[31m7[31m♦[0m[0m]
[[31m5[31m♦[0m[0m,4♣]
[[32mX[0m][[32mX[0m][[31mK[31m♥[0m[0m]
[[32mX[0m][[32mX[0m][[32mX[0m][[32mX[0m][[31m10[31m♥[0m[0m,9♠,[31m8[31m♦[0m[0m,7♣,[31m6[31m♥[0m[0m,5♣,[31m4[31m♦[0m[0m]
[[32mX[0m][[32mX[0m][[32mX[0m][[31m10[31m♦[0m[0m]
[[32mX[0m][[32mX[0m][[32mX[0m][[32mX[0m][[31m8[31m♥[0m[0m]
cmd: ( 2♠) ( [31m5[31m♥[0m[0m) ( - ) ( [31m3[31m♦[0m[0m)   <9♣>  |Score: 35|
[K♣,[31mQ[31m♥[0m[0m]
[[31mK[31m♦[0m[0m,Q♣,[31mJ[31m♦[0m[0m,10♠,[31m9[31m♦[0m[0m,8♠,[31m7[31m♦[0m[0m]
[[31m5[31m♦[0m[0m,4♣]
[[32mX[0m][[32mX[0m][[31mK[31m♥[0m[0m]
[[32mX[0m][[32mX[0m][[32mX[0m][[32mX[0m][[31m10[31m♥[0m[0m,9♠,[31m8[31m♦[0m[0m,7♣,[31m6[31m♥[0m[0m,5♣,[31m4[31m♦[0m[0m]
[[32mX[0m][[32mX[0m][[32mX[0m][[31m10[31m♦[0m[0m]
[[32mX[0m][[32mX[0m][[32mX[0m][[32mX[0m][[31m8[31m♥[0m[0m]
cmd: ( 2♠) ( [31m5[31m♥[0m[0m) ( - ) ( [31m3[31m♦[0m[0m)   <4♠>  |Score: 40|
[K♣,[31mQ[31m♥[0m[0m]
[[31mK[31m♦[0m[0m,Q♣,[31mJ[31m♦[0m[0m,10♠,[31m9[31m♦[0m[0m,8♠,[31m7[31m♦[0m[0m]
[[31m5[31m♦[0m[0m,4♣]
[[32mX[0m][[32mX[0m][[31mK[31m♥[0m[0m]
[[32mX[0m][[32mX[0m][[32mX[0m][[32mX[0m][[31m10[31m♥[0m[0m,9♠,[31m8[31m♦[0m[0m,7♣,[31m6[31m♥[0m[0m,5♣,[31m4[31m♦[0m[0m]
[[32mX[0m][[32mX[0m][[32mX[0m][[31m10[31m♦[0m[0m,9♣]
[[32mX[0m][[32mX[0m][[32mX[0m][[32mX[0m][[31m8[31m♥[0m[0m]
cmd: ( 2♠) ( [31m5[31m♥[0m[0m) ( - ) ( [31m3[31m♦[0m[0m)   <4♠>  |Score: 40|
[K♣,[31mQ[31m♥[0m[0m]
[[31mK[31m♦[0m[0m,Q♣,[31mJ[31m♦[0m[0m,10♠,[31m9[31m♦[0m[0m,8♠,[31m7[31m♦[0m[0m]
[[31m5[31m♦[0m[0m,4♣]
[[32mX[0m][[32mX[0m][[31mK[31m♥[0m[0m]
[[32mX[0m][[32mX[0m][[32mX[0m][[32mX[0m][[31m10[31m♥[0m[0m,9♠,[31m8[31m♦[0m[0m,7♣,[31m6[31m♥[0m[0m,5♣,[31m4[31m♦[0m[0m]
[[32mX[0m][[32mX[0m][[32mX[0m][[31m10[31m♦[0m[0m,9♣]
[[32mX[0m][[32mX[0m][[32mX[0m][[32mX[0m][[31m8[31m♥[0m[0m]
cmd: ( 2♠) ( [31m5[31m♥[0m[0m) ( - ) ( [31m3[31m♦[0m[0m)   <4♠>  |Score: 45|
[K♣,[31mQ[31m♥[0m[0m]
[[31mK[31m♦[0m[0m,Q♣,[31mJ[31m♦[0m[0m,10♠,[31m9[31m♦[0m[0m,8♠,[31m7[31m♦[0m[0m]
[[31m5[31m♦[0m[0m,4♣]
[[32mX[0m][[32mX[0m][[31mK[31m♥[0m[0m]
[[32mX[0m][[32mX[0m][[32mX[0m][[32mX[0m][[31m10[31m♥[0m[0m,9♠,[31m8[31m♦[0m[0m,7♣,[31m6[31m♥[0m[0m,5♣,[31m4[31m♦[0m[0m]
[[32mX[0m][[32mX[0m][[32mX[0m][[31m10[31m♦[0m[0m,9♣,[31m8[31m♥[0m[0m]
[[32mX[0m][[32mX[0m][[32mX[0m][Q♠]
cmd: ( 2♠) ( [31m5[31m♥[0m[0m) ( - ) ( [31m3[31m♦[0m[0m)   <4♠>  |Score: 50|
[K♣,[31mQ[31m♥[0m[0m]
[[31mK[31m♦[0m[0m,Q♣,[31mJ[31m♦[0m[0m,10♠,[31m9[31m♦[0m[0m,8♠,[31m7[31m♦[0m[0m]
[[31m5[31m♦[0m[0m,4♣]
[[32mX[0m][[32mX[0m][[31mK[31m♥[0m[0m,Q♠]
[[32mX[0m][[32mX[0m][[32mX[0m][[32mX[0m][[31m10[31m♥[0m[0m,9♠,[31m8[31m♦[0m[0m,7♣,[31m6[31m♥[0m[0m,5♣,[31m4[31m♦[0m[0m]
[[32mX[0m][[32mX[0m][[32mX[0m][[31m10[31m♦[0m[0m,9♣,[31m8[31m♥[0m[0m]
[[32mX[0m][[32mX[0m][J♣]
cmd: ( 2♠) ( [31m5[31m♥[0m[0m) ( - ) ( [31m3[31m♦[0m[0m)   <4♠>  |Score: 55|
[K♣,[31mQ[31m♥[0m[0m]
[[31mK[31m♦[0m[0m,Q♣,[31mJ[31m♦[0m[0m,10♠,[31m9[31m♦[0m[0m,8♠,[31m7[31m♦[0m[0m]
[[31m5[31m♦[0m[0m,4♣]
[[32mX[0m][[32mX[0m][[31mK[31m♥[0m[0m,Q♠]
[[32mX[0m][[32mX[0m][[32mX[0m][[32mX[0m][[31m10[31m♥[0m[0m,9♠,[31m8[31m♦[0m[0m,7♣,[31m6[31m♥[0m[0m,5♣,[31m4[31m♦[0m[0m]
[[32mX[0m][[32mX[0m][7♠]
[[32mX[0m][[32mX[0m][J♣,[31m10[31m♦[0m[0m,9♣,[31m8[31m♥[0m[0m]
cmd: ( 2♠) ( [31m5[31m♥[0m[0m) ( - ) ( [31m3[31m♦[0m[0m)   <4♠>  |Score: 60|
[K♣,[31mQ[31m♥[0m[0m]
[[31mK[31m♦[0m[0m,Q♣,[31mJ[31m♦[0m[0m,10♠,[31m9[31m♦[0m[0m,8♠,[31m7[31m♦[0m[0m]
[[31m5[31m♦[0m[0m,4♣]
[[32mX[0m][[32mX[0m][[31mK[31m♥[0m[0m,Q♠]
[[32mX[0m][[32mX[0m][[32mX[0m][[32mX[0m][[31m10[31m♥[0m[0m,9♠,[31m8[31m♦[0m[0m,7♣,[31m6[31m♥[0m[0m,5♣,[31m4[31m♦[0m[0m]
[[32mX[0m][K♠]
[[32mX[0m][[32mX[0m][J♣,[31m10[31m♦[0m[0m,9♣,[31m8[31m♥[0m[0m,7♠]
cmd: ( 2♠) ( [31m5[31m♥[0m[0m) ( - ) ( [31m3[31m♦[0m[0m)   <4♠>  |Score: 65|
[K♣,[31mQ[31m♥[0m[0m,J♣,[31m10[31m♦[0m[0m,9♣,[31m8[31m♥[0m[0m,7♠]
[[31mK[31m♦[0m[0m,Q♣,[31mJ[31m♦[0m[0m,10♠,[31m9[31m♦[0m[0m,8♠,[31m7[31m♦[0m[0m]
[[31m5[31m♦[0m[0m,4♣]
[[32mX[0m][[32mX[0m][[31mK[31m♥[0m[0m,Q♠]
[[32mX[0m][[32mX[0m][[32mX[0m][[32mX[0m][[31m10[31m♥[0m[0m,9♠,[31m8[31m♦[0m[0m,7♣,[31m6[31m♥[0m[0m,5♣,[31m4[31m♦[0m[0m]
[[32mX[0m][K♠]
[[32mX[0m][6♠]
cmd: ( 2♠) ( [31m5[31m♥[0m[0m) ( - ) ( [31m3[31m♦[0m[0m)   <4♠>  |Score: 70|
[K♣,[31mQ[31m♥[0m[0m,J♣,[31m10[31m♦[0m[0m,9♣,[31m8[31m♥[0m[0m,7♠]
[[31mK[31m♦[0m[0m,Q♣,[31mJ[31m♦[0m[0m,10♠,[31m9[31m♦[0m[0m,8♠,[31m7[31m♦[0m[0m,6♠]
[[31m5[31m♦[0m[0m,4♣]
[[32mX[0m][[32mX[0m][[31mK[31m♥[0m[0m,Q♠]
[[32mX[0m][[32mX[0m][[32mX[0m][[32mX[0m][[31m10[31m♥[0m[0m,9♠,[31m8[31m♦[0m[0m,7♣,[31m6[31m♥[0m[0m,5♣,[31m4[31m♦[0m[0m]
[[32mX[0m][K♠]
[J♠]
cmd: ( 2♠) ( [31m5[31m♥[0m[0m) ( - ) ( [31m3[31m♦[0m[0m)   <4♠>  |Score: 70|
[K♣,[31mQ[31m♥[0m[0m,J♣,[31m10[31m♦[0m[0m,9♣,[31m8[31m♥[0m[0m,7♠]
[[31mK[31m♦[0m[0m,Q♣,[31mJ[31m♦[0m[0m,10♠,[31m9[31m♦[0m[0m,8♠,[31m7[31m♦[0m[0m,6♠,[31m5[31m♦[0m[0m,4♣]

[[32mX[0m][[32mX[0m][[31mK[31m♥[0m[0m,Q♠]
[[32mX[0m][[32mX[0m][[32mX[0m][[32mX[0m][[31m10[31m♥[0m[0m,9♠,[31m8[31m♦[0m[0m,7♣,[31m6[31m♥[0m[0m,5♣,[31m4[31m♦[0m[0m]
[[32mX[0m][K♠]
[J♠]
cmd: ( 2♠) ( [31m5[31m♥[0m[0m) ( - ) ( [31m3[31m♦[0m[0m)   <4♠>  |Score: 75|
[K♣,[31mQ[31m♥[0m[0m,J♣,[31m10[31m♦[0m[0m,9♣,[31m8[31m♥[0m[0m,7♠]
[[31mK[31m♦[0m[0m,Q♣,[31mJ[31m♦[0m[0m,10♠,[31m9[31m♦[0m[0m,8♠,[31m7[31m♦[0m[0m,6♠,[31m5[31m♦[0m[0m,4♣]
[[31mK[31m♥[0m[0m,Q♠]
[[32mX[0m][A♣]
[[32mX[0m][[32mX[0m][[32mX[0m][[32mX[0m][[31m10[31m♥[0m[0m,9♠,[31m8[31m♦[0m[0m,7♣,[31m6[31m♥[0m[0m,5♣,[31m4[31m♦[0m[0m]
[[32mX[0m][K♠]
[J♠]
cmd: ( 2♠) ( [31m5[31m♥[0m[0m) ( A♣) ( [31m3[31m♦[0m[0m)   <4♠>  |Score: 90|
[K♣,[31mQ[31m♥[0m[0m,J♣,[31m10[31m♦[0m[0m,9♣,[31m8[31m♥[0m[0m,7♠]
[[31mK[31m♦[0m[0m,Q♣,[31mJ[31m♦[0m[0m,10♠,[31m9[31m♦[0m[0m,8♠,[31m7[31m♦[0m[0m,6♠,[31m5[31m♦[0m[0m,4♣]
[[31mK[31m♥[0m[0m,Q♠]
[3♠]
[[32mX[0m][[32mX[0m][[32mX[0m][[32mX[0m][[31m10[31m♥[0m[0m,9♠,[31m8[31m♦[0m[0m,7♣,[31m6[31m♥[0m[0m,5♣,[31m4[31m♦[0m[0m]
[[32mX[0m][K♠]
[J♠]
cmd: ( 2♠) ( [31m5[31m♥[0m[0m) ( A♣) ( [31m3[31m♦[0m[0m)   <4♠>  |Score: 95|
[K♣,[31mQ[31m♥[0m[0m,J♣,[31m10[31m♦[0m[0m,9♣,[31m8[31m♥[0m[0m,7♠]
[[31mK[31m♦[0m[0m,Q♣,[31mJ[31m♦[0m[0m,10♠,[31m9[31m♦[0m[0m,8♠,[31m7[31m♦[0m[0m,6♠,[31m5[31m♦[0m[0m,4♣]
[[31mK[31m♥[0m[0m,Q♠]
[3♠]
[[32mX[0m][[32mX[0m][[32mX[0m][6♣]
[[32mX[0m][K♠]
[J♠,[31m10[31m♥[0m[0m,9♠,[31m8[31m♦[0m[0m,7♣,[31m6[31m♥[0m[0m,5♣,[31m4[31m♦[0m[0m]
cmd: ( 3♠) ( [31m5[31m♥[0m[0m) ( A♣) ( [31m3[31m♦[0m[0m)   <4♠>  |Score: 105|
[K♣,[31mQ[31m♥[0m[0m,J♣,[31m10[31m♦[0m[0m,9♣,[31m8[31m♥[0m[0m,7♠]
[[31mK[31m♦[0m[0m,Q♣,[31mJ[31m♦[0m[0m,10♠,[31m9[31m♦[0m[0m,8♠,[31m7[31m♦[0m[0m,6♠,[31m5[31m♦[0m[0m,4♣]
[[31mK[31m♥[0m[0m,Q♠]

[[32mX[0m][[32mX[0m][[32mX[0m][6♣]
[[32mX[0m][K♠]
[J♠,[31m10[31m♥[0m[0m,9♠,[31m8[31m♦[0m[0m,7♣,[31m6[31m♥[0m[0m,5♣,[31m4[31m♦[0m[0m]
cmd: ( 3♠) ( [31m5[31m♥[0m[0m) ( A♣) ( [31m3[31m♦[0m[0m)   <4♠>  |Score: 110|
[K♣,[31mQ[31m♥[0m[0m,J♣,[31m10[31m♦[0m[0m,9♣,[31m8[31m♥[0m[0m,7♠]
[[31mK[31m♦[0m[0m,Q♣,[31mJ[31m♦[0m[0m,10♠,[31m9[31m♦[0m[0m,8♠,[31m7[31m♦[0m[0m,6♠,[31m5[31m♦[0m[0m,4♣]
[[31mK[31m♥[0m[0m,Q♠]
[K♠]
[[32mX[0m][[32mX[0m][[32mX[0m][6♣]
[[31mJ[31m♥[0m[0m]
[J♠,[31m10[31m♥[0m[0m,9♠,[31m8[31m♦[0m[0m,7♣,[31m6[31m♥[0m[0m,5♣,[31m4[31m♦[0m[0m]
cmd: ( 4♠) ( [31m5[31m♥[0m[0m) ( A♣) ( [31m3[31m♦[0m[0m)   <5♠>  |Score: 120|
[K♣,[31mQ[31m♥[0m[0m,J♣,[31m10[31m♦[0m[0m,9♣,[31m8[31m♥[0m[0m,7♠]
[[31mK[31m♦[0m[0m,Q♣,[31mJ[31m♦[0m[0m,10♠,[31m9[31m♦[0m[0m,8♠,[31m7[31m♦[0m[0m,6♠,[31m5[31m♦[0m[0m,4♣]
[[31mK[31m♥[0m[0m,Q♠]
[K♠]
[[32mX[0m][[32mX[0m][[32mX[0m][6♣]
[[31mJ[31m♥[0m[0m]
[J♠,[31m10[31m♥[0m[0m,9♠,[31m8[31m♦[0m[0m,7♣,[31m6[31m♥[0m[0m,5♣,[31m4[31m♦[0m[0m]
cmd: ( 5♠) ( [31m5[31m♥[0m[0m) ( A♣) ( [31m3[31m♦[0m[0m)   <[31m6[31m♦[0m[0m>  |Score: 130|
[K♣,[31mQ[31m♥[0m[0m,J♣,[31m10[31m♦[0m[0m,9♣,[31m8[31m♥[0m[0m,7♠]
[[31mK[31m♦[0m[0m,Q♣,[31mJ[31m♦[0m[0m,10♠,[31m9[31m♦[0m[0m,8♠,[31m7[31m♦[0m[0m,6♠,[31m5[31m♦[0m[0m,4♣]
[[31mK[31m♥[0m[0m,Q♠]
[K♠]
[[32mX[0m][[32mX[0m][[32mX[0m][6♣]
[[31mJ[31m♥[0m[0m]
[J♠,[31m10[31m♥[0m[0m,9♠,[31m8[31m♦[0m[0m,7♣,[31m6[31m♥[0m[0m,5♣,[31m4[31m♦[0m[0m]
cmd: ( 5♠) ( [31m5[31m♥[0m[0m) ( A♣) ( [31m3[31m♦[0m[0m)   <3♣>  |Score: 130|
[K♣,[31mQ[31m♥[0m[0m,J♣,[31m10[31m♦[0m[0m,9♣,[31m8[31m♥[0m[0m,7♠]
[[31mK[31m♦[0m[0m,Q♣,[31mJ[31m♦[0m[0m,10♠,[31m9[31m♦[0m[0m,8♠,[31m7[31m♦[0m[0m,6♠,[31m5[31m♦[0m[0m,4♣]
[[31mK[31m♥[0m[0m,Q♠]
[K♠]
[[32mX[0m][[32mX[0m][[32mX[0m][6♣]
[[31mJ[31m♥[0m[0m]
[J♠,[31m10[31m♥[0m[0m,9♠,[31m8[31m♦[0m[0m,7♣,[31m6[31m♥[0m[0m,5♣,[31m4[31m♦[0m[0m]
cmd: ( 5♠) ( [31m5[31m♥[0m[0m) ( A♣) ( [31m3[31m♦[0m[0m)   <[31m6[31m♦[0m[0m>  |Score: 135|
[K♣,[31mQ[31m♥[0m[0m,J♣,[31m10[31m♦[0m[0m,9♣,[31m8[31m♥[0m[0m,7♠]
[[31mK[31m♦[0m[0m,Q♣,[31mJ[31m♦[0m[0m,10♠,[31m9[31m♦[0m[0m,8♠,[31m7[31m♦[0m[0m,6♠,[31m5[31m♦[0m[0m,4♣]
[[31mK[31m♥[0m[0m,Q♠]
[K♠]
[[32mX[0m][[32mX[0m][[32mX[0m][6♣]
[[31mJ[31m♥[0m[0m]
[J♠,[31m10[31m♥[0m[0m,9♠,[31m8[31m♦[0m[0m,7♣,[31m6[31m♥[0m[0m,5♣,[31m4[31m♦[0m[0m,3♣]
cmd: ( 5♠) ( [31m5[31m♥[0m[0m) ( A♣) ( [31m3[31m♦[0m[0m)   <[31m9[31m♥[0m[0m>  |Score: 140|
[K♣,[31mQ[31m♥[0m[0m,J♣,[31m10[31m♦[0m[0m,9♣,[31m8[31m♥[0m[0m,7♠,[31m6[31m♦[0m[0m]
[[31mK[31m♦[0m[0m,Q♣,[31mJ[31m♦[0m[0m,10♠,[31m9[31m♦[0m[0m,8♠,[31m7[31m♦[0m[0m,6♠,[31m5[31m♦[0m[0m,4♣]
[[31mK[31m♥[0m[0m,Q♠]
[K♠]
[[32mX[0m][[32mX[0m][[32mX[0m][6♣]
[[31mJ[31m♥[0m[0m]
[J♠,[31m10[31m♥[0m[0m,9♠,[31m8[31m♦[0m[0m,7♣,[31m6[31m♥[0m[0m,5♣,[31m4[31m♦[0m[0m,3♣]
cmd: ( 5♠) ( [31m5[31m♥[0m[0m) ( A♣) ( [31m3[31m♦[0m[0m)   <[31mQ[31m♦[0m[0m>  |Score: 140|
[K♣,[31mQ[31m♥[0m[0m,J♣,[31m10[31m♦[0m[0m,9♣,[31m8[31m♥[0m[0m,7♠,[31m6[31m♦[0m[0m]
[[31mK[31m♦[0m[0m,Q♣,[31mJ[31m♦[0m[0m,10♠,[31m9[31m♦[0m[0m,8♠,[31m7[31m♦[0m[0m,6♠,[31m5[31m♦[0m[0m,4♣]
[[31mK[31m♥[0m[0m,Q♠]
[K♠]
[[32mX[0m][[32mX[0m][[32mX[0m][6♣]
[[31mJ[31m♥[0m[0m]
[J♠,[31m10[31m♥[0m[0m,9♠,[31m8[31m♦[0m[0m,7♣,[31m6[31m♥[0m[0m,5♣,[31m4[31m♦[0m[0m,3♣]
cmd: ( 5♠) ( [31m5[31m♥[0m[0m) ( A♣) ( [31m3[31m♦[0m[0m)   <[31m9[31m♥[0m[0m>  |Score: 145|
[K♣,[31mQ[31m♥[0m[0m,J♣,[31m10[31m♦[0m[0m,9♣,[31m8[31m♥[0m[0m,7♠,[31m6[31m♦[0m[0m]
[[31mK[31m♦[0m[0m,Q♣,[31mJ[31m♦[0m[0m,10♠,[31m9[31m♦[0m[0m,8♠,[31m7[31m♦[0m[0m,6♠,[31m5[31m♦[0m[0m,4♣]
[[31mK[31m♥[0m[0m,Q♠]
[K♠,[31mQ[31m♦[0m[0m]
[[32mX[0m][[32mX[0m][[32mX[0m][6♣]
[[31mJ[31m♥[0m[0m]
[J♠,[31m10[31m♥[0m[0m,9♠,[31m8[31m♦[0m[0m,7♣,[31m6[31m♥[0m[0m,5♣,[31m4[31m♦[0m[0m,3♣]
cmd: ( 5♠) ( [31m5[31m♥[0m[0m) ( A♣) ( [31m3[31m♦[0m[0m)   <[31m9[31m♥[0m[0m>  |Score: 145|
[K♣,[31mQ[31m♥[0m[0m,J♣,[31m10[31m♦[0m[0m,9♣,[31m8[31m♥[0m[0m,7♠,[31m6[31m♦[0m[0m]
[[31mK[31m♦[0m[0m,Q♣,[31mJ[31m♦[0m[0m,10♠,[31m9[31m♦[0m[0m,8♠,[31m7[31m♦[0m[0m,6♠,[31m5[31m♦[0m[0m,4♣]
[[31mK[31m♥[0m[0m,Q♠]
[K♠,[31mQ[31m♦[0m[0m,J♠,[31m10[31m♥[0m[0m,9♠,[31m8[31m♦[0m[0m,7♣,[31m6[31m♥[0m[0m,5♣,[31m4[31m♦[0m[0m,3♣]
[[32mX[0m][[32mX[0m][[32mX[0m][6♣]
[[31mJ[31m♥[0m[0m]

cmd: ( 5♠) ( [31m5[31m♥[0m[0m) ( A♣) ( [31m3[31m♦[0m[0m)   <[31m9[31m♥[0m[0m>  |Score: 145|
[K♣,[31mQ[31m♥[0m[0m,J♣,[31m10[31m♦[0m[0m,9♣,[31m8[31m♥[0m[0m,7♠,[31m6[31m♦[0m[0m]
[[31mK[31m♦[0m[0m,Q♣,[31mJ[31m♦[0m[0m,10♠,[31m9[31m♦[0m[0m,8♠,[31m7[31m♦[0m[0m,6♠,[31m5[31m♦[0m[0m,4♣]
[[31mK[31m♥[0m[0m,Q♠,[31mJ[31m♥[0m[0m]
[K♠,[31mQ[31m♦[0m[0m,J♠,[31m10[31m♥[0m[0m,9♠,[31m8[31m♦[0m[0m,7♣,[31m6[31m♥[0m[0m,5♣,[31m4[31m♦[0m[0m,3♣]
[[32mX[0m][[32mX[0m][[32mX[0m][6♣]


cmd: ( 5♠) ( [31m5[31m♥[0m[0m) ( A♣) ( [31m3[31m♦[0m[0m)   <[31m7[31m♥[0m[0m>  |Score: 145|
[K♣,[31mQ[31m♥[0m[0m,J♣,[31m10[31m♦[0m[0m,9♣,[31m8[31m♥[0m[0m,7♠,[31m6[31m♦[0m[0m]
[[31mK[31m♦[0m[0m,Q♣,[31mJ[31m♦[0m[0m,10♠,[31m9[31m♦[0m[0m,8♠,[31m7[31m♦[0m[0m,6♠,[31m5[31m♦[0m[0m,4♣]
[[31mK[31m♥[0m[0m,Q♠,[31mJ[31m♥[0m[0m]
[K♠,[31mQ[31m♦[0m[0m,J♠,[31m10[31m♥[0m[0m,9♠,[31m8[31m♦[0m[0m,7♣,[31m6[31m♥[0m[0m,5♣,[31m4[31m♦[0m[0m,3♣]
[[32mX[0m][[32mX[0m][[32mX[0m][6♣]


cmd: ( 5♠) ( [31m5[31m♥[0m[0m) ( A♣) ( [31m3[31m♦[0m[0m)   <[31m9[31m♥[0m[0m>  |Score: 45|
[K♣,[31mQ[31m♥[0m[0m,J♣,[31m10[31m♦[0m[0m,9♣,[31m8[31m♥[0m[0m,7♠,[31m6[31m♦[0m[0m]
[[31mK[31m♦[0m[0m,Q♣,[31mJ[31m♦[0m[0m,10♠,[31m9[31m♦[0m[0m,8♠,[31m7[31m♦[0m[0m,6♠,[31m5[31m♦[0m[0m,4♣]
[[31mK[31m♥[0m[0m,Q♠,[31mJ[31m♥[0m[0m]
[K♠,[31mQ[31m♦[0m[0m,J♠,[31m10[31m♥[0m[0m,9♠,[31m8[31m♦[0m[0m,7♣,[31m6[31m♥[0m[0m,5♣,[31m4[31m♦[0m[0m,3♣]
[[32mX[0m][[32mX[0m][[32mX[0m][6♣]


cmd: ( 5♠) ( [31m5[31m♥[0m[0m) ( A♣) ( [31m3[31m♦[0m[0m)   <[31m9[31m♥[0m[0m>  |Score: 45|
[K♣,[31mQ[31m♥[0m[0m,J♣,[31m10[31m♦[0m[0m,9♣,[31m8[31m♥[0m[0m,7♠,[31m6[31m♦[0m[0m,5♣,[31m4[31m♦[0m[0m,3♣]
[[31mK[31m♦[0m[0m,Q♣,[31mJ[31m♦[0m[0m,10♠,[31m9[31m♦[0m[0m,8♠,[31m7[31m♦[0m[0m,6♠,[31m5[31m♦[0m[0m,4♣]
[[31mK[31m♥[0m[0m,Q♠,[31mJ[31m♥[0m[0m]
[K♠,[31mQ[31m♦[0m[0m,J♠,[31m10[31m♥[0m[0m,9♠,[31m8[31m♦[0m[0m,7♣,[31m6[31m♥[0m[0m]
[[32mX[0m][[32mX[0m][[32mX[0m][6♣]


cmd: ( 5♠) ( [31m5[31m♥[0m[0m) ( A♣) ( [31m3[31m♦[0m[0m)   <[31m7[31m♥[0m[0m>  |Score: 45|
[K♣,[31mQ[31m♥[0m[0m,J♣,[31m10[31m♦[0m[0m,9♣,[31m8[31m♥[0m[0m,7♠,[31m6[31m♦[0m[0m,5♣,[31m4[31m♦[0m[0m,3♣]
[[31mK[31m♦[0m[0m,Q♣,[31mJ[31m♦[0m[0m,10♠,[31m9[31m♦[0m[0m,8♠,[31m7[31m♦[0m[0m,6♠,[31m5[31m♦[0m[0m,4♣]
[[31mK[31m♥[0m[0m,Q♠,[31mJ[31m♥[0m[0m]
[K♠,[31mQ[31m♦[0m[0m,J♠,[31m10[31m♥[0m[0m,9♠,[31m8[31m♦[0m[0m,7♣,[31m6[31m♥[0m[0m]
[[32mX[0m][[32mX[0m][[32mX[0m][6♣]


cmd: ( 5♠) ( [31m5[31m♥[0m[0m) ( A♣) ( [31m3[31m♦[0m[0m)   <[31m9[31m♥[0m[0m>  |Score: 0|
[K♣,[31mQ[31m♥[0m[0m,J♣,[31m10[31m♦[0m[0m,9♣,[31m8[31m♥[0m[0m,7♠,[31m6[31m♦[0m[0m,5♣,[31m4[31m♦[0m[0m,3♣]
[[31mK[31m♦[0m[0m,Q♣,[31mJ[31m♦[0m[0m,10♠,[31m9[31m♦[0m[0m,8♠,[31m7[31m♦[0m[0m,6♠,[31m5[31m♦[0m[0m,4♣]
[[31mK[31m♥[0m[0m,Q♠,[31mJ[31m♥[0m[0m]
[K♠,[31mQ[31m♦[0m[0m,J♠,[31m10[31m♥[0m[0m,9♠,[31m8[31m♦[0m[0m,7♣,[31m6[31m♥[0m[0m]
[[32mX[0m][[32mX[0m][[32mX[0m][6♣]


cmd: ( 5♠) ( [31m5[31m♥[0m[0m) ( A♣) ( [31m3[31m♦[0m[0m)   <[31m7[31m♥[0m[0m>  |Score: 0|
[K♣,[31mQ[31m♥[0m[0m,J♣,[31m10[31m♦[0m[0m,9♣,[31m8[31m♥[0m[0m,7♠,[31m6[31m♦[0m[0m,5♣,[31m4[31m♦[0m[0m,3♣]
[[31mK[31m♦[0m[0m,Q♣,[31mJ[31m♦[0m[0m,10♠,[31m9[31m♦[0m[0m,8♠,[31m7[31m♦[0m[0m,6♠,[31m5[31m♦[0m[0m,4♣]
[[31mK[31m♥[0m[0m,Q♠,[31mJ[31m♥[0m[0m]
[K♠,[31mQ[31m♦[0m[0m,J♠,[31m10[31m♥[0m[0m,9♠,[31m8[31m♦[0m[0m,7♣,[31m6[31m♥[0m[0m]
[[32mX[0m][[32mX[0m][[32mX[0m][6♣]


cmd: ( 5♠) ( [31m5[31m♥[0m[0m) ( A♣) ( [31m3[31m♦[0m[0m)   <[31m7[31m♥[0m[0m>  |Score: 0|
[K♣,[31mQ[31m♥[0m[0m,J♣,[31m10[31m♦[0m[0m,9♣,[31m8[31m♥[0m[0m,7♠,[31m6[31m♦[0m[0m,5♣,[31m4[31m♦[0m[0m,3♣]
[[31mK[31m♦[0m[0m,Q♣,[31mJ[31m♦[0m[0m,10♠,[31m9[31m♦[0m[0m,8♠,[31m7[31m♦[0m[0m,6♠]
[[31mK[31m♥[0m[0m,Q♠,[31mJ[31m♥[0m[0m]
[K♠,[31mQ[31m♦[0m[0m,J♠,[31m10[31m♥[0m[0m,9♠,[31m8[31m♦[0m[0m,7♣,[31m6[31m♥[0m[0m]
[[32mX[0m][[32mX[0m][[32mX[0m][6♣,[31m5[31m♦[0m[0m,4♣]


cmd: ( 6♠) ( [31m5[31m♥[0m[0m) ( A♣) ( [31m3[31m♦[0m[0m)   <[31m7[31m♥[0m[0m>  |Score: 10|
[K♣,[31mQ[31m♥[0m[0m,J♣,[31m10[31m♦[0m[0m,9♣,[31m8[31m♥[0m[0m,7♠,[31m6[31m♦[0m[0m,5♣,[31m4[31m♦[0m[0m,3♣]
[[31mK[31m♦[0m[0m,Q♣,[31mJ[31m♦[0m[0m,10♠,[31m9[31m♦[0m[0m,8♠,[31m7[31m♦[0m[0m]
[[31mK[31m♥[0m[0m,Q♠,[31mJ[31m♥[0m[0m]
[K♠,[31mQ[31m♦[0m[0m,J♠,[31m10[31m♥[0m[0m,9♠,[31m8[31m♦[0m[0m,7♣,[31m6[31m♥[0m[0m]
[[32mX[0m][[32mX[0m][[32mX[0m][6♣,[31m5[31m♦[0m[0m,4♣]


cmd: ( 6♠) ( [31m5[31m♥[0m[0m) ( A♣) ( [31m3[31m♦[0m[0m)   <[31m7[31m♥[0m[0m>  |Score: 15|
[K♣,[31mQ[31m♥[0m[0m,J♣,[31m10[31m♦[0m[0m,9♣,[31m8[31m♥[0m[0m,7♠,[31m6[31m♦[0m[0m,5♣,[31m4[31m♦[0m[0m,3♣]
[[31mK[31m♦[0m[0m,Q♣,[31mJ[31m♦[0m[0m,10♠,[31m9[31m♦[0m[0m,8♠,[31m7[31m♦[0m[0m,6♣,[31m5[31m♦[0m[0m,4♣]
[[31mK[31m♥[0m[0m,Q♠,[31mJ[31m♥[0m[0m]
[K♠,[31mQ[31m♦[0m[0m,J♠,[31m10[31m♥[0m[0m,9♠,[31m8[31m♦[0m[0m,7♣,[31m6[31m♥[0m[0m]
[[32mX[0m][[32mX[0m][2♣]


cmd: ( 6♠) ( [31m5[31m♥[0m[0m) ( 2♣) ( [31m3[31m♦[0m[0m)   <[31m7[31m♥[0m[0m>  |Score: 30|
[K♣,[31mQ[31m♥[0m[0m,J♣,[31m10[31m♦[0m[0m,9♣,[31m8[31m♥[0m[0m,7♠,[31m6[31m♦[0m[0m,5♣,[31m4[31m♦[0m[0m,3♣]
[[31mK[31m♦[0m[0m,Q♣,[31mJ[31m♦[0m[0m,10♠,[31m9[31m♦[0m[0m,8♠,[31m7[31m♦[0m[0m,6♣,[31m5[31m♦[0m[0m,4♣]
[[31mK[31m♥[0m[0m,Q♠,[31mJ[31m♥[0m[0m]
[K♠,[31mQ[31m♦[0m[0m,J♠,[31m10[31m♥[0m[0m,9♠,[31m8[31m♦[0m[0m,7♣,[31m6[31m♥[0m[0m]
[[32mX[0m][10♣]


cmd: ( 6♠) ( [31m5[31m♥[0m[0m) ( 2♣) ( [31m3[31m♦[0m[0m)   <[31m7[31m♥[0m[0m>  |Score: 35|
[K♣,[31mQ[31m♥[0m[0m,J♣,[31m10[31m♦[0m[0m,9♣,[31m8[31m♥[0m[0m,7♠,[31m6[31m♦[0m[0m,5♣,[31m4[31m♦[0m[0m,3♣]
[[31mK[31m♦[0m[0m,Q♣,[31mJ[31m♦[0m[0m,10♠,[31m9[31m♦[0m[0m,8♠,[31m7[31m♦[0m[0m,6♣,[31m5[31m♦[0m[0m,4♣]
[[31mK[31m♥[0m[0m,Q♠,[31mJ[31m♥[0m[0m,10♣]
[K♠,[31mQ[31m♦[0m[0m,J♠,[31m10[31m♥[0m[0m,9♠,[31m8[31m♦[0m[0m,7♣,[31m6[31m♥[0m[0m]
[8♣]


cmd: ( 6♠) ( [31m5[31m♥[0m[0m) ( 2♣) ( [31m3[31m♦[0m[0m)   <[31m9[31m♥[0m[0m>  |Score: 40|
[K♣,[31mQ[31m♥[0m[0m,J♣,[31m10[31m♦[0m[0m,9♣,[31m8[31m♥[0m[0m,7♠,[31m6[31m♦[0m[0m,5♣,[31m4[31m♦[0m[0m,3♣]
[[31mK[31m♦[0m[0m,Q♣,[31mJ[31m♦[0m[0m,10♠,[31m9[31m♦[0m[0m,8♠,[31m7[31m♦[0m[0m,6♣,[31m5[31m♦[0m[0m,4♣]
[[31mK[31m♥[0m[0m,Q♠,[31mJ[31m♥[0m[0m,10♣]
[K♠,[31mQ[31m♦[0m[0m,J♠,[31m10[31m♥[0m[0m,9♠,[31m8[31m♦[0m[0m,7♣,[31m6[31m♥[0m[0m]
[8♣,[31m7[31m♥[0m[0m]


cmd: ( K♠) ( [31mK[31m♥[0m[0m) ( K♣) ( [31mK[31m♦[0m[0m)   < >  |Score: 405|







cmd: 
